ARM GAS  C:\Users\kroko\AppData\Local\Temp\ccbSvB3i.s 			page 1


   1              		.cpu cortex-m3
   2              		.arch armv7-m
   3              		.fpu softvfp
   4              		.eabi_attribute 20, 1
   5              		.eabi_attribute 21, 1
   6              		.eabi_attribute 23, 3
   7              		.eabi_attribute 24, 1
   8              		.eabi_attribute 25, 1
   9              		.eabi_attribute 26, 1
  10              		.eabi_attribute 30, 1
  11              		.eabi_attribute 34, 1
  12              		.eabi_attribute 18, 4
  13              		.file	"motor.c"
  14              		.text
  15              	.Ltext0:
  16              		.cfi_sections	.debug_frame
  17              		.file 1 "Core/Src/motor.c"
  18              		.section	.text.M_Init,"ax",%progbits
  19              		.align	1
  20              		.global	M_Init
  21              		.syntax unified
  22              		.thumb
  23              		.thumb_func
  25              	M_Init:
  26              	.LFB65:
   1:Core/Src/motor.c **** #include "motor.h"
   2:Core/Src/motor.c **** #include "main.h"
   3:Core/Src/motor.c **** 
   4:Core/Src/motor.c **** extern TIM_HandleTypeDef htim1;
   5:Core/Src/motor.c **** extern TIM_HandleTypeDef htim2;
   6:Core/Src/motor.c **** 
   7:Core/Src/motor.c **** void M_Init(void){
  27              		.loc 1 7 18 view -0
  28              		.cfi_startproc
  29              		@ args = 0, pretend = 0, frame = 0
  30              		@ frame_needed = 0, uses_anonymous_args = 0
  31 0000 10B5     		push	{r4, lr}
  32              		.cfi_def_cfa_offset 8
  33              		.cfi_offset 4, -8
  34              		.cfi_offset 14, -4
   8:Core/Src/motor.c ****     HAL_GPIO_WritePin(nSleep_GPIO_Port, nSleep_Pin, GPIO_PIN_SET);
  35              		.loc 1 8 5 view .LVU1
  36 0002 184C     		ldr	r4, .L3
  37 0004 0122     		movs	r2, #1
  38 0006 1021     		movs	r1, #16
  39 0008 2046     		mov	r0, r4
  40 000a FFF7FEFF 		bl	HAL_GPIO_WritePin
  41              	.LVL0:
   9:Core/Src/motor.c ****     HAL_Delay(1);
  42              		.loc 1 9 5 view .LVU2
  43 000e 0120     		movs	r0, #1
  44 0010 FFF7FEFF 		bl	HAL_Delay
  45              	.LVL1:
  10:Core/Src/motor.c ****     HAL_GPIO_WritePin(nSleep_GPIO_Port, nSleep_Pin, GPIO_PIN_RESET);
  46              		.loc 1 10 5 view .LVU3
  47 0014 0022     		movs	r2, #0
  48 0016 1021     		movs	r1, #16
ARM GAS  C:\Users\kroko\AppData\Local\Temp\ccbSvB3i.s 			page 2


  49 0018 2046     		mov	r0, r4
  50 001a FFF7FEFF 		bl	HAL_GPIO_WritePin
  51              	.LVL2:
  11:Core/Src/motor.c ****     HAL_Delay(1);
  52              		.loc 1 11 5 view .LVU4
  53 001e 0120     		movs	r0, #1
  54 0020 FFF7FEFF 		bl	HAL_Delay
  55              	.LVL3:
  12:Core/Src/motor.c ****     HAL_GPIO_WritePin(nSleep_GPIO_Port, nSleep_Pin, GPIO_PIN_SET);
  56              		.loc 1 12 5 view .LVU5
  57 0024 0122     		movs	r2, #1
  58 0026 1021     		movs	r1, #16
  59 0028 2046     		mov	r0, r4
  60 002a FFF7FEFF 		bl	HAL_GPIO_WritePin
  61              	.LVL4:
  13:Core/Src/motor.c ****     HAL_TIM_PWM_Start(&htim1, TIM_CHANNEL_1);
  62              		.loc 1 13 5 view .LVU6
  63 002e 0E4C     		ldr	r4, .L3+4
  64 0030 0021     		movs	r1, #0
  65 0032 2046     		mov	r0, r4
  66 0034 FFF7FEFF 		bl	HAL_TIM_PWM_Start
  67              	.LVL5:
  14:Core/Src/motor.c ****     HAL_TIM_PWM_Start(&htim1, TIM_CHANNEL_2);
  68              		.loc 1 14 5 view .LVU7
  69 0038 0421     		movs	r1, #4
  70 003a 2046     		mov	r0, r4
  71 003c FFF7FEFF 		bl	HAL_TIM_PWM_Start
  72              	.LVL6:
  15:Core/Src/motor.c ****     HAL_TIM_PWM_Start(&htim2, TIM_CHANNEL_1);
  73              		.loc 1 15 5 view .LVU8
  74 0040 0A4C     		ldr	r4, .L3+8
  75 0042 0021     		movs	r1, #0
  76 0044 2046     		mov	r0, r4
  77 0046 FFF7FEFF 		bl	HAL_TIM_PWM_Start
  78              	.LVL7:
  16:Core/Src/motor.c ****     HAL_TIM_PWM_Start(&htim2, TIM_CHANNEL_2);
  79              		.loc 1 16 5 view .LVU9
  80 004a 0421     		movs	r1, #4
  81 004c 2046     		mov	r0, r4
  82 004e FFF7FEFF 		bl	HAL_TIM_PWM_Start
  83              	.LVL8:
  17:Core/Src/motor.c **** 
  18:Core/Src/motor.c ****     TIM1->CCR1 = 0;
  84              		.loc 1 18 5 view .LVU10
  85              		.loc 1 18 16 is_stmt 0 view .LVU11
  86 0052 074A     		ldr	r2, .L3+12
  87 0054 0023     		movs	r3, #0
  88 0056 5363     		str	r3, [r2, #52]
  19:Core/Src/motor.c ****     TIM1->CCR2 = 0;
  89              		.loc 1 19 5 is_stmt 1 view .LVU12
  90              		.loc 1 19 16 is_stmt 0 view .LVU13
  91 0058 9363     		str	r3, [r2, #56]
  20:Core/Src/motor.c ****     TIM2->CCR1 = 0;
  92              		.loc 1 20 5 is_stmt 1 view .LVU14
  93              		.loc 1 20 16 is_stmt 0 view .LVU15
  94 005a 4FF08042 		mov	r2, #1073741824
  95 005e 5363     		str	r3, [r2, #52]
ARM GAS  C:\Users\kroko\AppData\Local\Temp\ccbSvB3i.s 			page 3


  21:Core/Src/motor.c ****     TIM2->CCR2 = 0;
  96              		.loc 1 21 5 is_stmt 1 view .LVU16
  97              		.loc 1 21 16 is_stmt 0 view .LVU17
  98 0060 9363     		str	r3, [r2, #56]
  22:Core/Src/motor.c **** }
  99              		.loc 1 22 1 view .LVU18
 100 0062 10BD     		pop	{r4, pc}
 101              	.L4:
 102              		.align	2
 103              	.L3:
 104 0064 000C0140 		.word	1073810432
 105 0068 00000000 		.word	htim1
 106 006c 00000000 		.word	htim2
 107 0070 002C0140 		.word	1073818624
 108              		.cfi_endproc
 109              	.LFE65:
 111              		.section	.text.M_Disable,"ax",%progbits
 112              		.align	1
 113              		.global	M_Disable
 114              		.syntax unified
 115              		.thumb
 116              		.thumb_func
 118              	M_Disable:
 119              	.LFB66:
  23:Core/Src/motor.c **** 
  24:Core/Src/motor.c **** void M_Disable(void){
 120              		.loc 1 24 21 is_stmt 1 view -0
 121              		.cfi_startproc
 122              		@ args = 0, pretend = 0, frame = 0
 123              		@ frame_needed = 0, uses_anonymous_args = 0
 124 0000 08B5     		push	{r3, lr}
 125              		.cfi_def_cfa_offset 8
 126              		.cfi_offset 3, -8
 127              		.cfi_offset 14, -4
  25:Core/Src/motor.c ****     HAL_GPIO_WritePin(nSleep_GPIO_Port, nSleep_Pin, GPIO_PIN_RESET);
 128              		.loc 1 25 5 view .LVU20
 129 0002 0022     		movs	r2, #0
 130 0004 1021     		movs	r1, #16
 131 0006 0248     		ldr	r0, .L7
 132 0008 FFF7FEFF 		bl	HAL_GPIO_WritePin
 133              	.LVL9:
  26:Core/Src/motor.c **** }
 134              		.loc 1 26 1 is_stmt 0 view .LVU21
 135 000c 08BD     		pop	{r3, pc}
 136              	.L8:
 137 000e 00BF     		.align	2
 138              	.L7:
 139 0010 000C0140 		.word	1073810432
 140              		.cfi_endproc
 141              	.LFE66:
 143              		.section	.text.M_Enable,"ax",%progbits
 144              		.align	1
 145              		.global	M_Enable
 146              		.syntax unified
 147              		.thumb
 148              		.thumb_func
 150              	M_Enable:
ARM GAS  C:\Users\kroko\AppData\Local\Temp\ccbSvB3i.s 			page 4


 151              	.LFB67:
  27:Core/Src/motor.c **** 
  28:Core/Src/motor.c **** void M_Enable(void){
 152              		.loc 1 28 20 is_stmt 1 view -0
 153              		.cfi_startproc
 154              		@ args = 0, pretend = 0, frame = 0
 155              		@ frame_needed = 0, uses_anonymous_args = 0
 156 0000 08B5     		push	{r3, lr}
 157              		.cfi_def_cfa_offset 8
 158              		.cfi_offset 3, -8
 159              		.cfi_offset 14, -4
  29:Core/Src/motor.c ****     HAL_GPIO_WritePin(nSleep_GPIO_Port, nSleep_Pin, GPIO_PIN_SET);
 160              		.loc 1 29 5 view .LVU23
 161 0002 0122     		movs	r2, #1
 162 0004 1021     		movs	r1, #16
 163 0006 0248     		ldr	r0, .L11
 164 0008 FFF7FEFF 		bl	HAL_GPIO_WritePin
 165              	.LVL10:
  30:Core/Src/motor.c **** }
 166              		.loc 1 30 1 is_stmt 0 view .LVU24
 167 000c 08BD     		pop	{r3, pc}
 168              	.L12:
 169 000e 00BF     		.align	2
 170              	.L11:
 171 0010 000C0140 		.word	1073810432
 172              		.cfi_endproc
 173              	.LFE67:
 175              		.section	.text.M_SetSpeed,"ax",%progbits
 176              		.align	1
 177              		.global	M_SetSpeed
 178              		.syntax unified
 179              		.thumb
 180              		.thumb_func
 182              	M_SetSpeed:
 183              	.LVL11:
 184              	.LFB68:
  31:Core/Src/motor.c **** 
  32:Core/Src/motor.c **** void M_SetSpeed(uint16_t spd_a, uint16_t spd_b, bool dir_a, bool dir_b){
 185              		.loc 1 32 72 is_stmt 1 view -0
 186              		.cfi_startproc
 187              		@ args = 0, pretend = 0, frame = 0
 188              		@ frame_needed = 0, uses_anonymous_args = 0
 189              		@ link register save eliminated.
 190              		.loc 1 32 72 is_stmt 0 view .LVU26
 191 0000 10B4     		push	{r4}
 192              		.cfi_def_cfa_offset 4
 193              		.cfi_offset 4, -4
  33:Core/Src/motor.c ****     TIM1->CCR1 = spd_a;
 194              		.loc 1 33 5 is_stmt 1 view .LVU27
 195              		.loc 1 33 16 is_stmt 0 view .LVU28
 196 0002 0F4C     		ldr	r4, .L19
 197 0004 6063     		str	r0, [r4, #52]
  34:Core/Src/motor.c ****     TIM1->CCR2 = spd_a;
 198              		.loc 1 34 5 is_stmt 1 view .LVU29
 199              		.loc 1 34 16 is_stmt 0 view .LVU30
 200 0006 A063     		str	r0, [r4, #56]
  35:Core/Src/motor.c ****     TIM2->CCR1 = spd_b;
ARM GAS  C:\Users\kroko\AppData\Local\Temp\ccbSvB3i.s 			page 5


 201              		.loc 1 35 5 is_stmt 1 view .LVU31
 202              		.loc 1 35 16 is_stmt 0 view .LVU32
 203 0008 4FF08040 		mov	r0, #1073741824
 204              	.LVL12:
 205              		.loc 1 35 16 view .LVU33
 206 000c 4163     		str	r1, [r0, #52]
 207              	.LVL13:
  36:Core/Src/motor.c ****     TIM2->CCR2 = spd_b;
 208              		.loc 1 36 5 is_stmt 1 view .LVU34
 209              		.loc 1 36 16 is_stmt 0 view .LVU35
 210 000e 8163     		str	r1, [r0, #56]
  37:Core/Src/motor.c **** 
  38:Core/Src/motor.c ****     if(dir_a == BACKWARD){
 211              		.loc 1 38 5 is_stmt 1 view .LVU36
 212              		.loc 1 38 7 is_stmt 0 view .LVU37
 213 0010 52B9     		cbnz	r2, .L14
  39:Core/Src/motor.c ****         TIM1->CCR1 = 799;
 214              		.loc 1 39 9 is_stmt 1 view .LVU38
 215              		.loc 1 39 20 is_stmt 0 view .LVU39
 216 0012 40F21F31 		movw	r1, #799
 217              	.LVL14:
 218              		.loc 1 39 20 view .LVU40
 219 0016 6163     		str	r1, [r4, #52]
 220              	.LVL15:
 221              	.L15:
  40:Core/Src/motor.c ****     }else{
  41:Core/Src/motor.c ****         TIM1->CCR2 = 799;
  42:Core/Src/motor.c ****     }
  43:Core/Src/motor.c ****     
  44:Core/Src/motor.c ****     if(dir_b == BACKWARD){
 222              		.loc 1 44 5 is_stmt 1 view .LVU41
 223              		.loc 1 44 7 is_stmt 0 view .LVU42
 224 0018 5BB9     		cbnz	r3, .L16
  45:Core/Src/motor.c ****         TIM2->CCR1 = 799;
 225              		.loc 1 45 9 is_stmt 1 view .LVU43
 226              		.loc 1 45 20 is_stmt 0 view .LVU44
 227 001a 4FF08043 		mov	r3, #1073741824
 228              	.LVL16:
 229              		.loc 1 45 20 view .LVU45
 230 001e 40F21F32 		movw	r2, #799
 231 0022 5A63     		str	r2, [r3, #52]
 232              	.L13:
  46:Core/Src/motor.c ****     }else{
  47:Core/Src/motor.c ****         TIM2->CCR2 = 799;
  48:Core/Src/motor.c ****     }
  49:Core/Src/motor.c **** }...
 233              		.loc 1 49 1 view .LVU46
 234 0024 10BC     		pop	{r4}
 235              		.cfi_remember_state
 236              		.cfi_restore 4
 237              		.cfi_def_cfa_offset 0
 238 0026 7047     		bx	lr
 239              	.LVL17:
 240              	.L14:
 241              		.cfi_restore_state
  41:Core/Src/motor.c ****         TIM1->CCR2 = 799;
 242              		.loc 1 41 9 is_stmt 1 view .LVU47
ARM GAS  C:\Users\kroko\AppData\Local\Temp\ccbSvB3i.s 			page 6


  41:Core/Src/motor.c ****         TIM1->CCR2 = 799;
 243              		.loc 1 41 20 is_stmt 0 view .LVU48
 244 0028 054A     		ldr	r2, .L19
 245              	.LVL18:
  41:Core/Src/motor.c ****         TIM1->CCR2 = 799;
 246              		.loc 1 41 20 view .LVU49
 247 002a 40F21F31 		movw	r1, #799
 248              	.LVL19:
  41:Core/Src/motor.c ****         TIM1->CCR2 = 799;
 249              		.loc 1 41 20 view .LVU50
 250 002e 9163     		str	r1, [r2, #56]
 251              	.LVL20:
  41:Core/Src/motor.c ****         TIM1->CCR2 = 799;
 252              		.loc 1 41 20 view .LVU51
 253 0030 F2E7     		b	.L15
 254              	.L16:
  47:Core/Src/motor.c ****         TIM2->CCR2 = 799;
 255              		.loc 1 47 9 is_stmt 1 view .LVU52
  47:Core/Src/motor.c ****         TIM2->CCR2 = 799;
 256              		.loc 1 47 20 is_stmt 0 view .LVU53
 257 0032 4FF08043 		mov	r3, #1073741824
 258              	.LVL21:
  47:Core/Src/motor.c ****         TIM2->CCR2 = 799;
 259              		.loc 1 47 20 view .LVU54
 260 0036 40F21F32 		movw	r2, #799
 261 003a 9A63     		str	r2, [r3, #56]
 262              		.loc 1 49 1 view .LVU55
 263 003c F2E7     		b	.L13
 264              	.L20:
 265 003e 00BF     		.align	2
 266              	.L19:
 267 0040 002C0140 		.word	1073818624
 268              		.cfi_endproc
 269              	.LFE68:
 271              		.text
 272              	.Letext0:
 273              		.file 2 "C:/Program Files (x86)/Arm GNU Toolchain arm-none-eabi/14.2 rel1/arm-none-eabi/include/ma
 274              		.file 3 "C:/Program Files (x86)/Arm GNU Toolchain arm-none-eabi/14.2 rel1/arm-none-eabi/include/sy
 275              		.file 4 "Drivers/CMSIS/Device/ST/STM32F1xx/Include/stm32f100xb.h"
 276              		.file 5 "Drivers/STM32F1xx_HAL_Driver/Inc/stm32f1xx_hal_def.h"
 277              		.file 6 "Drivers/STM32F1xx_HAL_Driver/Inc/stm32f1xx_hal_gpio.h"
 278              		.file 7 "Drivers/STM32F1xx_HAL_Driver/Inc/stm32f1xx_hal_dma.h"
 279              		.file 8 "Drivers/STM32F1xx_HAL_Driver/Inc/stm32f1xx_hal_tim.h"
 280              		.file 9 "Drivers/STM32F1xx_HAL_Driver/Inc/stm32f1xx_hal.h"
ARM GAS  C:\Users\kroko\AppData\Local\Temp\ccbSvB3i.s 			page 7


DEFINED SYMBOLS
                            *ABS*:00000000 motor.c
C:\Users\kroko\AppData\Local\Temp\ccbSvB3i.s:19     .text.M_Init:00000000 $t
C:\Users\kroko\AppData\Local\Temp\ccbSvB3i.s:25     .text.M_Init:00000000 M_Init
C:\Users\kroko\AppData\Local\Temp\ccbSvB3i.s:104    .text.M_Init:00000064 $d
C:\Users\kroko\AppData\Local\Temp\ccbSvB3i.s:112    .text.M_Disable:00000000 $t
C:\Users\kroko\AppData\Local\Temp\ccbSvB3i.s:118    .text.M_Disable:00000000 M_Disable
C:\Users\kroko\AppData\Local\Temp\ccbSvB3i.s:139    .text.M_Disable:00000010 $d
C:\Users\kroko\AppData\Local\Temp\ccbSvB3i.s:144    .text.M_Enable:00000000 $t
C:\Users\kroko\AppData\Local\Temp\ccbSvB3i.s:150    .text.M_Enable:00000000 M_Enable
C:\Users\kroko\AppData\Local\Temp\ccbSvB3i.s:171    .text.M_Enable:00000010 $d
C:\Users\kroko\AppData\Local\Temp\ccbSvB3i.s:176    .text.M_SetSpeed:00000000 $t
C:\Users\kroko\AppData\Local\Temp\ccbSvB3i.s:182    .text.M_SetSpeed:00000000 M_SetSpeed
C:\Users\kroko\AppData\Local\Temp\ccbSvB3i.s:267    .text.M_SetSpeed:00000040 $d

UNDEFINED SYMBOLS
HAL_GPIO_WritePin
HAL_Delay
HAL_TIM_PWM_Start
htim1
htim2
