ARM GAS  /var/folders/t4/6192qx0n3zgdnvcwt906k_mw0000gn/T//ccTFrHDO.s 			page 1


   1              		.cpu cortex-m3
   2              		.arch armv7-m
   3              		.fpu softvfp
   4              		.eabi_attribute 20, 1
   5              		.eabi_attribute 21, 1
   6              		.eabi_attribute 23, 3
   7              		.eabi_attribute 24, 1
   8              		.eabi_attribute 25, 1
   9              		.eabi_attribute 26, 1
  10              		.eabi_attribute 30, 1
  11              		.eabi_attribute 34, 1
  12              		.eabi_attribute 18, 4
  13              		.file	"stm32f1xx_hal_rcc_ex.c"
  14              		.text
  15              	.Ltext0:
  16              		.cfi_sections	.debug_frame
  17              		.file 1 "Drivers/STM32F1xx_HAL_Driver/Src/stm32f1xx_hal_rcc_ex.c"
  18              		.section	.text.HAL_RCCEx_PeriphCLKConfig,"ax",%progbits
  19              		.align	1
  20              		.global	HAL_RCCEx_PeriphCLKConfig
  21              		.syntax unified
  22              		.thumb
  23              		.thumb_func
  25              	HAL_RCCEx_PeriphCLKConfig:
  26              	.LVL0:
  27              	.LFB65:
   1:Drivers/STM32F1xx_HAL_Driver/Src/stm32f1xx_hal_rcc_ex.c **** /**
   2:Drivers/STM32F1xx_HAL_Driver/Src/stm32f1xx_hal_rcc_ex.c ****   ******************************************************************************
   3:Drivers/STM32F1xx_HAL_Driver/Src/stm32f1xx_hal_rcc_ex.c ****   * @file    stm32f1xx_hal_rcc_ex.c
   4:Drivers/STM32F1xx_HAL_Driver/Src/stm32f1xx_hal_rcc_ex.c ****   * @author  MCD Application Team
   5:Drivers/STM32F1xx_HAL_Driver/Src/stm32f1xx_hal_rcc_ex.c ****   * @brief   Extended RCC HAL module driver.
   6:Drivers/STM32F1xx_HAL_Driver/Src/stm32f1xx_hal_rcc_ex.c ****   *          This file provides firmware functions to manage the following
   7:Drivers/STM32F1xx_HAL_Driver/Src/stm32f1xx_hal_rcc_ex.c ****   *          functionalities RCC extension peripheral:
   8:Drivers/STM32F1xx_HAL_Driver/Src/stm32f1xx_hal_rcc_ex.c ****   *           + Extended Peripheral Control functions
   9:Drivers/STM32F1xx_HAL_Driver/Src/stm32f1xx_hal_rcc_ex.c ****   *
  10:Drivers/STM32F1xx_HAL_Driver/Src/stm32f1xx_hal_rcc_ex.c ****   ******************************************************************************
  11:Drivers/STM32F1xx_HAL_Driver/Src/stm32f1xx_hal_rcc_ex.c ****   * @attention
  12:Drivers/STM32F1xx_HAL_Driver/Src/stm32f1xx_hal_rcc_ex.c ****   *
  13:Drivers/STM32F1xx_HAL_Driver/Src/stm32f1xx_hal_rcc_ex.c ****   * Copyright (c) 2016 STMicroelectronics.
  14:Drivers/STM32F1xx_HAL_Driver/Src/stm32f1xx_hal_rcc_ex.c ****   * All rights reserved.
  15:Drivers/STM32F1xx_HAL_Driver/Src/stm32f1xx_hal_rcc_ex.c ****   *
  16:Drivers/STM32F1xx_HAL_Driver/Src/stm32f1xx_hal_rcc_ex.c ****   * This software is licensed under terms that can be found in the LICENSE file in
  17:Drivers/STM32F1xx_HAL_Driver/Src/stm32f1xx_hal_rcc_ex.c ****   * the root directory of this software component.
  18:Drivers/STM32F1xx_HAL_Driver/Src/stm32f1xx_hal_rcc_ex.c ****   * If no LICENSE file comes with this software, it is provided AS-IS.
  19:Drivers/STM32F1xx_HAL_Driver/Src/stm32f1xx_hal_rcc_ex.c ****   ******************************************************************************
  20:Drivers/STM32F1xx_HAL_Driver/Src/stm32f1xx_hal_rcc_ex.c ****   */
  21:Drivers/STM32F1xx_HAL_Driver/Src/stm32f1xx_hal_rcc_ex.c **** 
  22:Drivers/STM32F1xx_HAL_Driver/Src/stm32f1xx_hal_rcc_ex.c **** /* Includes ------------------------------------------------------------------*/
  23:Drivers/STM32F1xx_HAL_Driver/Src/stm32f1xx_hal_rcc_ex.c **** #include "stm32f1xx_hal.h"
  24:Drivers/STM32F1xx_HAL_Driver/Src/stm32f1xx_hal_rcc_ex.c **** 
  25:Drivers/STM32F1xx_HAL_Driver/Src/stm32f1xx_hal_rcc_ex.c **** /** @addtogroup STM32F1xx_HAL_Driver
  26:Drivers/STM32F1xx_HAL_Driver/Src/stm32f1xx_hal_rcc_ex.c ****   * @{
  27:Drivers/STM32F1xx_HAL_Driver/Src/stm32f1xx_hal_rcc_ex.c ****   */
  28:Drivers/STM32F1xx_HAL_Driver/Src/stm32f1xx_hal_rcc_ex.c **** 
  29:Drivers/STM32F1xx_HAL_Driver/Src/stm32f1xx_hal_rcc_ex.c **** #ifdef HAL_RCC_MODULE_ENABLED
  30:Drivers/STM32F1xx_HAL_Driver/Src/stm32f1xx_hal_rcc_ex.c **** 
  31:Drivers/STM32F1xx_HAL_Driver/Src/stm32f1xx_hal_rcc_ex.c **** /** @defgroup RCCEx RCCEx
ARM GAS  /var/folders/t4/6192qx0n3zgdnvcwt906k_mw0000gn/T//ccTFrHDO.s 			page 2


  32:Drivers/STM32F1xx_HAL_Driver/Src/stm32f1xx_hal_rcc_ex.c ****   * @brief RCC Extension HAL module driver.
  33:Drivers/STM32F1xx_HAL_Driver/Src/stm32f1xx_hal_rcc_ex.c ****   * @{
  34:Drivers/STM32F1xx_HAL_Driver/Src/stm32f1xx_hal_rcc_ex.c ****   */
  35:Drivers/STM32F1xx_HAL_Driver/Src/stm32f1xx_hal_rcc_ex.c **** 
  36:Drivers/STM32F1xx_HAL_Driver/Src/stm32f1xx_hal_rcc_ex.c **** /* Private typedef -----------------------------------------------------------*/
  37:Drivers/STM32F1xx_HAL_Driver/Src/stm32f1xx_hal_rcc_ex.c **** /* Private define ------------------------------------------------------------*/
  38:Drivers/STM32F1xx_HAL_Driver/Src/stm32f1xx_hal_rcc_ex.c **** /** @defgroup RCCEx_Private_Constants RCCEx Private Constants
  39:Drivers/STM32F1xx_HAL_Driver/Src/stm32f1xx_hal_rcc_ex.c ****   * @{
  40:Drivers/STM32F1xx_HAL_Driver/Src/stm32f1xx_hal_rcc_ex.c ****   */
  41:Drivers/STM32F1xx_HAL_Driver/Src/stm32f1xx_hal_rcc_ex.c **** /**
  42:Drivers/STM32F1xx_HAL_Driver/Src/stm32f1xx_hal_rcc_ex.c ****   * @}
  43:Drivers/STM32F1xx_HAL_Driver/Src/stm32f1xx_hal_rcc_ex.c ****   */
  44:Drivers/STM32F1xx_HAL_Driver/Src/stm32f1xx_hal_rcc_ex.c **** 
  45:Drivers/STM32F1xx_HAL_Driver/Src/stm32f1xx_hal_rcc_ex.c **** /* Private macro -------------------------------------------------------------*/
  46:Drivers/STM32F1xx_HAL_Driver/Src/stm32f1xx_hal_rcc_ex.c **** /** @defgroup RCCEx_Private_Macros RCCEx Private Macros
  47:Drivers/STM32F1xx_HAL_Driver/Src/stm32f1xx_hal_rcc_ex.c ****   * @{
  48:Drivers/STM32F1xx_HAL_Driver/Src/stm32f1xx_hal_rcc_ex.c ****   */
  49:Drivers/STM32F1xx_HAL_Driver/Src/stm32f1xx_hal_rcc_ex.c **** /**
  50:Drivers/STM32F1xx_HAL_Driver/Src/stm32f1xx_hal_rcc_ex.c ****   * @}
  51:Drivers/STM32F1xx_HAL_Driver/Src/stm32f1xx_hal_rcc_ex.c ****   */
  52:Drivers/STM32F1xx_HAL_Driver/Src/stm32f1xx_hal_rcc_ex.c **** 
  53:Drivers/STM32F1xx_HAL_Driver/Src/stm32f1xx_hal_rcc_ex.c **** /* Private variables ---------------------------------------------------------*/
  54:Drivers/STM32F1xx_HAL_Driver/Src/stm32f1xx_hal_rcc_ex.c **** /* Private function prototypes -----------------------------------------------*/
  55:Drivers/STM32F1xx_HAL_Driver/Src/stm32f1xx_hal_rcc_ex.c **** /* Private functions ---------------------------------------------------------*/
  56:Drivers/STM32F1xx_HAL_Driver/Src/stm32f1xx_hal_rcc_ex.c **** 
  57:Drivers/STM32F1xx_HAL_Driver/Src/stm32f1xx_hal_rcc_ex.c **** /** @defgroup RCCEx_Exported_Functions RCCEx Exported Functions
  58:Drivers/STM32F1xx_HAL_Driver/Src/stm32f1xx_hal_rcc_ex.c ****   * @{
  59:Drivers/STM32F1xx_HAL_Driver/Src/stm32f1xx_hal_rcc_ex.c ****   */
  60:Drivers/STM32F1xx_HAL_Driver/Src/stm32f1xx_hal_rcc_ex.c **** 
  61:Drivers/STM32F1xx_HAL_Driver/Src/stm32f1xx_hal_rcc_ex.c **** /** @defgroup RCCEx_Exported_Functions_Group1 Peripheral Control functions
  62:Drivers/STM32F1xx_HAL_Driver/Src/stm32f1xx_hal_rcc_ex.c ****   *  @brief  Extended Peripheral Control functions
  63:Drivers/STM32F1xx_HAL_Driver/Src/stm32f1xx_hal_rcc_ex.c ****   *
  64:Drivers/STM32F1xx_HAL_Driver/Src/stm32f1xx_hal_rcc_ex.c **** @verbatim
  65:Drivers/STM32F1xx_HAL_Driver/Src/stm32f1xx_hal_rcc_ex.c ****  ===============================================================================
  66:Drivers/STM32F1xx_HAL_Driver/Src/stm32f1xx_hal_rcc_ex.c ****                 ##### Extended Peripheral Control functions  #####
  67:Drivers/STM32F1xx_HAL_Driver/Src/stm32f1xx_hal_rcc_ex.c ****  ===============================================================================
  68:Drivers/STM32F1xx_HAL_Driver/Src/stm32f1xx_hal_rcc_ex.c ****     [..]
  69:Drivers/STM32F1xx_HAL_Driver/Src/stm32f1xx_hal_rcc_ex.c ****     This subsection provides a set of functions allowing to control the RCC Clocks
  70:Drivers/STM32F1xx_HAL_Driver/Src/stm32f1xx_hal_rcc_ex.c ****     frequencies.
  71:Drivers/STM32F1xx_HAL_Driver/Src/stm32f1xx_hal_rcc_ex.c ****     [..]
  72:Drivers/STM32F1xx_HAL_Driver/Src/stm32f1xx_hal_rcc_ex.c ****     (@) Important note: Care must be taken when HAL_RCCEx_PeriphCLKConfig() is used to
  73:Drivers/STM32F1xx_HAL_Driver/Src/stm32f1xx_hal_rcc_ex.c ****         select the RTC clock source; in this case the Backup domain will be reset in
  74:Drivers/STM32F1xx_HAL_Driver/Src/stm32f1xx_hal_rcc_ex.c ****         order to modify the RTC Clock source, as consequence RTC registers (including
  75:Drivers/STM32F1xx_HAL_Driver/Src/stm32f1xx_hal_rcc_ex.c ****         the backup registers) are set to their reset values.
  76:Drivers/STM32F1xx_HAL_Driver/Src/stm32f1xx_hal_rcc_ex.c **** 
  77:Drivers/STM32F1xx_HAL_Driver/Src/stm32f1xx_hal_rcc_ex.c **** @endverbatim
  78:Drivers/STM32F1xx_HAL_Driver/Src/stm32f1xx_hal_rcc_ex.c ****   * @{
  79:Drivers/STM32F1xx_HAL_Driver/Src/stm32f1xx_hal_rcc_ex.c ****   */
  80:Drivers/STM32F1xx_HAL_Driver/Src/stm32f1xx_hal_rcc_ex.c **** 
  81:Drivers/STM32F1xx_HAL_Driver/Src/stm32f1xx_hal_rcc_ex.c **** /**
  82:Drivers/STM32F1xx_HAL_Driver/Src/stm32f1xx_hal_rcc_ex.c ****   * @brief  Initializes the RCC extended peripherals clocks according to the specified parameters i
  83:Drivers/STM32F1xx_HAL_Driver/Src/stm32f1xx_hal_rcc_ex.c ****   *         RCC_PeriphCLKInitTypeDef.
  84:Drivers/STM32F1xx_HAL_Driver/Src/stm32f1xx_hal_rcc_ex.c ****   * @param  PeriphClkInit pointer to an RCC_PeriphCLKInitTypeDef structure that
  85:Drivers/STM32F1xx_HAL_Driver/Src/stm32f1xx_hal_rcc_ex.c ****   *         contains the configuration information for the Extended Peripherals clocks(RTC clock).
  86:Drivers/STM32F1xx_HAL_Driver/Src/stm32f1xx_hal_rcc_ex.c ****   *
  87:Drivers/STM32F1xx_HAL_Driver/Src/stm32f1xx_hal_rcc_ex.c ****   * @note   Care must be taken when HAL_RCCEx_PeriphCLKConfig() is used to select
  88:Drivers/STM32F1xx_HAL_Driver/Src/stm32f1xx_hal_rcc_ex.c ****   *         the RTC clock source; in this case the Backup domain will be reset in
ARM GAS  /var/folders/t4/6192qx0n3zgdnvcwt906k_mw0000gn/T//ccTFrHDO.s 			page 3


  89:Drivers/STM32F1xx_HAL_Driver/Src/stm32f1xx_hal_rcc_ex.c ****   *         order to modify the RTC Clock source, as consequence RTC registers (including
  90:Drivers/STM32F1xx_HAL_Driver/Src/stm32f1xx_hal_rcc_ex.c ****   *         the backup registers) are set to their reset values.
  91:Drivers/STM32F1xx_HAL_Driver/Src/stm32f1xx_hal_rcc_ex.c ****   *
  92:Drivers/STM32F1xx_HAL_Driver/Src/stm32f1xx_hal_rcc_ex.c ****   * @note   In case of STM32F105xC or STM32F107xC devices, PLLI2S will be enabled if requested on
  93:Drivers/STM32F1xx_HAL_Driver/Src/stm32f1xx_hal_rcc_ex.c ****   *         one of 2 I2S interfaces. When PLLI2S is enabled, you need to call HAL_RCCEx_DisablePLLI
  94:Drivers/STM32F1xx_HAL_Driver/Src/stm32f1xx_hal_rcc_ex.c ****   *         manually disable it.
  95:Drivers/STM32F1xx_HAL_Driver/Src/stm32f1xx_hal_rcc_ex.c ****   *
  96:Drivers/STM32F1xx_HAL_Driver/Src/stm32f1xx_hal_rcc_ex.c ****   * @retval HAL status
  97:Drivers/STM32F1xx_HAL_Driver/Src/stm32f1xx_hal_rcc_ex.c ****   */
  98:Drivers/STM32F1xx_HAL_Driver/Src/stm32f1xx_hal_rcc_ex.c **** HAL_StatusTypeDef HAL_RCCEx_PeriphCLKConfig(RCC_PeriphCLKInitTypeDef  *PeriphClkInit)
  99:Drivers/STM32F1xx_HAL_Driver/Src/stm32f1xx_hal_rcc_ex.c **** {
  28              		.loc 1 99 1 view -0
  29              		.cfi_startproc
  30              		@ args = 0, pretend = 0, frame = 8
  31              		@ frame_needed = 0, uses_anonymous_args = 0
  32              		.loc 1 99 1 is_stmt 0 view .LVU1
  33 0000 70B5     		push	{r4, r5, r6, lr}
  34              		.cfi_def_cfa_offset 16
  35              		.cfi_offset 4, -16
  36              		.cfi_offset 5, -12
  37              		.cfi_offset 6, -8
  38              		.cfi_offset 14, -4
  39 0002 82B0     		sub	sp, sp, #8
  40              		.cfi_def_cfa_offset 24
  41 0004 0446     		mov	r4, r0
 100:Drivers/STM32F1xx_HAL_Driver/Src/stm32f1xx_hal_rcc_ex.c ****   uint32_t tickstart = 0U, temp_reg = 0U;
  42              		.loc 1 100 3 is_stmt 1 view .LVU2
  43              	.LVL1:
 101:Drivers/STM32F1xx_HAL_Driver/Src/stm32f1xx_hal_rcc_ex.c **** #if defined(STM32F105xC) || defined(STM32F107xC)
 102:Drivers/STM32F1xx_HAL_Driver/Src/stm32f1xx_hal_rcc_ex.c ****   uint32_t  pllactive = 0U;
 103:Drivers/STM32F1xx_HAL_Driver/Src/stm32f1xx_hal_rcc_ex.c **** #endif /* STM32F105xC || STM32F107xC */
 104:Drivers/STM32F1xx_HAL_Driver/Src/stm32f1xx_hal_rcc_ex.c **** 
 105:Drivers/STM32F1xx_HAL_Driver/Src/stm32f1xx_hal_rcc_ex.c ****   /* Check the parameters */
 106:Drivers/STM32F1xx_HAL_Driver/Src/stm32f1xx_hal_rcc_ex.c ****   assert_param(IS_RCC_PERIPHCLOCK(PeriphClkInit->PeriphClockSelection));
  44              		.loc 1 106 3 view .LVU3
 107:Drivers/STM32F1xx_HAL_Driver/Src/stm32f1xx_hal_rcc_ex.c **** 
 108:Drivers/STM32F1xx_HAL_Driver/Src/stm32f1xx_hal_rcc_ex.c ****   /*------------------------------- RTC/LCD Configuration ------------------------*/
 109:Drivers/STM32F1xx_HAL_Driver/Src/stm32f1xx_hal_rcc_ex.c ****   if ((((PeriphClkInit->PeriphClockSelection) & RCC_PERIPHCLK_RTC) == RCC_PERIPHCLK_RTC))
  45              		.loc 1 109 3 view .LVU4
  46              		.loc 1 109 23 is_stmt 0 view .LVU5
  47 0006 0368     		ldr	r3, [r0]
  48              		.loc 1 109 6 view .LVU6
  49 0008 13F0010F 		tst	r3, #1
  50 000c 35D0     		beq	.L2
  51              	.LBB2:
 110:Drivers/STM32F1xx_HAL_Driver/Src/stm32f1xx_hal_rcc_ex.c ****   {
 111:Drivers/STM32F1xx_HAL_Driver/Src/stm32f1xx_hal_rcc_ex.c ****     FlagStatus pwrclkchanged = RESET;
  52              		.loc 1 111 5 is_stmt 1 view .LVU7
  53              	.LVL2:
 112:Drivers/STM32F1xx_HAL_Driver/Src/stm32f1xx_hal_rcc_ex.c **** 
 113:Drivers/STM32F1xx_HAL_Driver/Src/stm32f1xx_hal_rcc_ex.c ****     /* check for RTC Parameters used to output RTCCLK */
 114:Drivers/STM32F1xx_HAL_Driver/Src/stm32f1xx_hal_rcc_ex.c ****     assert_param(IS_RCC_RTCCLKSOURCE(PeriphClkInit->RTCClockSelection));
  54              		.loc 1 114 5 view .LVU8
 115:Drivers/STM32F1xx_HAL_Driver/Src/stm32f1xx_hal_rcc_ex.c **** 
 116:Drivers/STM32F1xx_HAL_Driver/Src/stm32f1xx_hal_rcc_ex.c ****     /* As soon as function is called to change RTC clock source, activation of the
 117:Drivers/STM32F1xx_HAL_Driver/Src/stm32f1xx_hal_rcc_ex.c ****        power domain is done. */
 118:Drivers/STM32F1xx_HAL_Driver/Src/stm32f1xx_hal_rcc_ex.c ****     /* Requires to enable write access to Backup Domain of necessary */
ARM GAS  /var/folders/t4/6192qx0n3zgdnvcwt906k_mw0000gn/T//ccTFrHDO.s 			page 4


 119:Drivers/STM32F1xx_HAL_Driver/Src/stm32f1xx_hal_rcc_ex.c ****     if (__HAL_RCC_PWR_IS_CLK_DISABLED())
  55              		.loc 1 119 5 view .LVU9
  56              		.loc 1 119 9 is_stmt 0 view .LVU10
  57 000e 394B     		ldr	r3, .L19
  58 0010 DB69     		ldr	r3, [r3, #28]
  59              		.loc 1 119 8 view .LVU11
  60 0012 13F0805F 		tst	r3, #268435456
  61 0016 3DD1     		bne	.L11
 120:Drivers/STM32F1xx_HAL_Driver/Src/stm32f1xx_hal_rcc_ex.c ****     {
 121:Drivers/STM32F1xx_HAL_Driver/Src/stm32f1xx_hal_rcc_ex.c ****       __HAL_RCC_PWR_CLK_ENABLE();
  62              		.loc 1 121 7 is_stmt 1 view .LVU12
  63              	.LBB3:
  64              		.loc 1 121 7 view .LVU13
  65              		.loc 1 121 7 view .LVU14
  66 0018 364B     		ldr	r3, .L19
  67 001a DA69     		ldr	r2, [r3, #28]
  68 001c 42F08052 		orr	r2, r2, #268435456
  69 0020 DA61     		str	r2, [r3, #28]
  70              		.loc 1 121 7 view .LVU15
  71 0022 DB69     		ldr	r3, [r3, #28]
  72 0024 03F08053 		and	r3, r3, #268435456
  73 0028 0193     		str	r3, [sp, #4]
  74              		.loc 1 121 7 view .LVU16
  75 002a 019B     		ldr	r3, [sp, #4]
  76              	.LBE3:
  77              		.loc 1 121 7 view .LVU17
 122:Drivers/STM32F1xx_HAL_Driver/Src/stm32f1xx_hal_rcc_ex.c ****       pwrclkchanged = SET;
  78              		.loc 1 122 7 view .LVU18
  79              	.LVL3:
  80              		.loc 1 122 21 is_stmt 0 view .LVU19
  81 002c 0125     		movs	r5, #1
  82              	.LVL4:
  83              	.L3:
 123:Drivers/STM32F1xx_HAL_Driver/Src/stm32f1xx_hal_rcc_ex.c ****     }
 124:Drivers/STM32F1xx_HAL_Driver/Src/stm32f1xx_hal_rcc_ex.c **** 
 125:Drivers/STM32F1xx_HAL_Driver/Src/stm32f1xx_hal_rcc_ex.c ****     if (HAL_IS_BIT_CLR(PWR->CR, PWR_CR_DBP))
  84              		.loc 1 125 5 is_stmt 1 view .LVU20
  85              		.loc 1 125 9 is_stmt 0 view .LVU21
  86 002e 324B     		ldr	r3, .L19+4
  87 0030 1B68     		ldr	r3, [r3]
  88              		.loc 1 125 8 view .LVU22
  89 0032 13F4807F 		tst	r3, #256
  90 0036 2FD0     		beq	.L16
  91              	.LVL5:
  92              	.L4:
 126:Drivers/STM32F1xx_HAL_Driver/Src/stm32f1xx_hal_rcc_ex.c ****     {
 127:Drivers/STM32F1xx_HAL_Driver/Src/stm32f1xx_hal_rcc_ex.c ****       /* Enable write access to Backup domain */
 128:Drivers/STM32F1xx_HAL_Driver/Src/stm32f1xx_hal_rcc_ex.c ****       SET_BIT(PWR->CR, PWR_CR_DBP);
 129:Drivers/STM32F1xx_HAL_Driver/Src/stm32f1xx_hal_rcc_ex.c **** 
 130:Drivers/STM32F1xx_HAL_Driver/Src/stm32f1xx_hal_rcc_ex.c ****       /* Wait for Backup domain Write protection disable */
 131:Drivers/STM32F1xx_HAL_Driver/Src/stm32f1xx_hal_rcc_ex.c ****       tickstart = HAL_GetTick();
 132:Drivers/STM32F1xx_HAL_Driver/Src/stm32f1xx_hal_rcc_ex.c **** 
 133:Drivers/STM32F1xx_HAL_Driver/Src/stm32f1xx_hal_rcc_ex.c ****       while (HAL_IS_BIT_CLR(PWR->CR, PWR_CR_DBP))
 134:Drivers/STM32F1xx_HAL_Driver/Src/stm32f1xx_hal_rcc_ex.c ****       {
 135:Drivers/STM32F1xx_HAL_Driver/Src/stm32f1xx_hal_rcc_ex.c ****         if ((HAL_GetTick() - tickstart) > RCC_DBP_TIMEOUT_VALUE)
 136:Drivers/STM32F1xx_HAL_Driver/Src/stm32f1xx_hal_rcc_ex.c ****         {
 137:Drivers/STM32F1xx_HAL_Driver/Src/stm32f1xx_hal_rcc_ex.c ****           return HAL_TIMEOUT;
ARM GAS  /var/folders/t4/6192qx0n3zgdnvcwt906k_mw0000gn/T//ccTFrHDO.s 			page 5


 138:Drivers/STM32F1xx_HAL_Driver/Src/stm32f1xx_hal_rcc_ex.c ****         }
 139:Drivers/STM32F1xx_HAL_Driver/Src/stm32f1xx_hal_rcc_ex.c ****       }
 140:Drivers/STM32F1xx_HAL_Driver/Src/stm32f1xx_hal_rcc_ex.c ****     }
 141:Drivers/STM32F1xx_HAL_Driver/Src/stm32f1xx_hal_rcc_ex.c **** 
 142:Drivers/STM32F1xx_HAL_Driver/Src/stm32f1xx_hal_rcc_ex.c ****     /* Reset the Backup domain only if the RTC Clock source selection is modified from reset value 
 143:Drivers/STM32F1xx_HAL_Driver/Src/stm32f1xx_hal_rcc_ex.c ****     temp_reg = (RCC->BDCR & RCC_BDCR_RTCSEL);
  93              		.loc 1 143 5 is_stmt 1 view .LVU23
  94              		.loc 1 143 20 is_stmt 0 view .LVU24
  95 0038 2E4B     		ldr	r3, .L19
  96 003a 1B6A     		ldr	r3, [r3, #32]
  97              	.LVL6:
 144:Drivers/STM32F1xx_HAL_Driver/Src/stm32f1xx_hal_rcc_ex.c ****     if ((temp_reg != 0x00000000U) && (temp_reg != (PeriphClkInit->RTCClockSelection & RCC_BDCR_RTCS
  98              		.loc 1 144 5 is_stmt 1 view .LVU25
  99              		.loc 1 144 8 is_stmt 0 view .LVU26
 100 003c 13F44073 		ands	r3, r3, #768
 101              	.LVL7:
 102              		.loc 1 144 8 view .LVU27
 103 0040 13D0     		beq	.L8
 104              		.loc 1 144 65 discriminator 1 view .LVU28
 105 0042 6268     		ldr	r2, [r4, #4]
 106              		.loc 1 144 85 discriminator 1 view .LVU29
 107 0044 02F44072 		and	r2, r2, #768
 108              		.loc 1 144 35 discriminator 1 view .LVU30
 109 0048 9A42     		cmp	r2, r3
 110 004a 0ED0     		beq	.L8
 145:Drivers/STM32F1xx_HAL_Driver/Src/stm32f1xx_hal_rcc_ex.c ****     {
 146:Drivers/STM32F1xx_HAL_Driver/Src/stm32f1xx_hal_rcc_ex.c ****       /* Store the content of BDCR register before the reset of Backup Domain */
 147:Drivers/STM32F1xx_HAL_Driver/Src/stm32f1xx_hal_rcc_ex.c ****       temp_reg = (RCC->BDCR & ~(RCC_BDCR_RTCSEL));
 111              		.loc 1 147 7 is_stmt 1 view .LVU31
 112              		.loc 1 147 22 is_stmt 0 view .LVU32
 113 004c 294A     		ldr	r2, .L19
 114 004e 136A     		ldr	r3, [r2, #32]
 115              	.LVL8:
 116              		.loc 1 147 16 view .LVU33
 117 0050 23F44070 		bic	r0, r3, #768
 118              	.LVL9:
 148:Drivers/STM32F1xx_HAL_Driver/Src/stm32f1xx_hal_rcc_ex.c ****       /* RTC Clock selection can be changed only if the Backup Domain is reset */
 149:Drivers/STM32F1xx_HAL_Driver/Src/stm32f1xx_hal_rcc_ex.c ****       __HAL_RCC_BACKUPRESET_FORCE();
 119              		.loc 1 149 7 is_stmt 1 view .LVU34
 120 0054 2949     		ldr	r1, .L19+8
 121 0056 0126     		movs	r6, #1
 122 0058 C1F84064 		str	r6, [r1, #1088]
 150:Drivers/STM32F1xx_HAL_Driver/Src/stm32f1xx_hal_rcc_ex.c ****       __HAL_RCC_BACKUPRESET_RELEASE();
 123              		.loc 1 150 7 view .LVU35
 124 005c 0026     		movs	r6, #0
 125 005e C1F84064 		str	r6, [r1, #1088]
 151:Drivers/STM32F1xx_HAL_Driver/Src/stm32f1xx_hal_rcc_ex.c ****       /* Restore the Content of BDCR register */
 152:Drivers/STM32F1xx_HAL_Driver/Src/stm32f1xx_hal_rcc_ex.c ****       RCC->BDCR = temp_reg;
 126              		.loc 1 152 7 view .LVU36
 127              		.loc 1 152 17 is_stmt 0 view .LVU37
 128 0062 1062     		str	r0, [r2, #32]
 153:Drivers/STM32F1xx_HAL_Driver/Src/stm32f1xx_hal_rcc_ex.c **** 
 154:Drivers/STM32F1xx_HAL_Driver/Src/stm32f1xx_hal_rcc_ex.c ****       /* Wait for LSERDY if LSE was enabled */
 155:Drivers/STM32F1xx_HAL_Driver/Src/stm32f1xx_hal_rcc_ex.c ****       if (HAL_IS_BIT_SET(temp_reg, RCC_BDCR_LSEON))
 129              		.loc 1 155 7 is_stmt 1 view .LVU38
 130              		.loc 1 155 10 is_stmt 0 view .LVU39
 131 0064 13F0010F 		tst	r3, #1
ARM GAS  /var/folders/t4/6192qx0n3zgdnvcwt906k_mw0000gn/T//ccTFrHDO.s 			page 6


 132 0068 2AD1     		bne	.L17
 133              	.LVL10:
 134              	.L8:
 156:Drivers/STM32F1xx_HAL_Driver/Src/stm32f1xx_hal_rcc_ex.c ****       {
 157:Drivers/STM32F1xx_HAL_Driver/Src/stm32f1xx_hal_rcc_ex.c ****         /* Get Start Tick */
 158:Drivers/STM32F1xx_HAL_Driver/Src/stm32f1xx_hal_rcc_ex.c ****         tickstart = HAL_GetTick();
 159:Drivers/STM32F1xx_HAL_Driver/Src/stm32f1xx_hal_rcc_ex.c **** 
 160:Drivers/STM32F1xx_HAL_Driver/Src/stm32f1xx_hal_rcc_ex.c ****         /* Wait till LSE is ready */
 161:Drivers/STM32F1xx_HAL_Driver/Src/stm32f1xx_hal_rcc_ex.c ****         while (__HAL_RCC_GET_FLAG(RCC_FLAG_LSERDY) == RESET)
 162:Drivers/STM32F1xx_HAL_Driver/Src/stm32f1xx_hal_rcc_ex.c ****         {
 163:Drivers/STM32F1xx_HAL_Driver/Src/stm32f1xx_hal_rcc_ex.c ****           if ((HAL_GetTick() - tickstart) > RCC_LSE_TIMEOUT_VALUE)
 164:Drivers/STM32F1xx_HAL_Driver/Src/stm32f1xx_hal_rcc_ex.c ****           {
 165:Drivers/STM32F1xx_HAL_Driver/Src/stm32f1xx_hal_rcc_ex.c ****             return HAL_TIMEOUT;
 166:Drivers/STM32F1xx_HAL_Driver/Src/stm32f1xx_hal_rcc_ex.c ****           }
 167:Drivers/STM32F1xx_HAL_Driver/Src/stm32f1xx_hal_rcc_ex.c ****         }
 168:Drivers/STM32F1xx_HAL_Driver/Src/stm32f1xx_hal_rcc_ex.c ****       }
 169:Drivers/STM32F1xx_HAL_Driver/Src/stm32f1xx_hal_rcc_ex.c ****     }
 170:Drivers/STM32F1xx_HAL_Driver/Src/stm32f1xx_hal_rcc_ex.c ****     __HAL_RCC_RTC_CONFIG(PeriphClkInit->RTCClockSelection);
 135              		.loc 1 170 5 is_stmt 1 view .LVU40
 136 006a 224A     		ldr	r2, .L19
 137 006c 136A     		ldr	r3, [r2, #32]
 138 006e 23F44073 		bic	r3, r3, #768
 139 0072 6168     		ldr	r1, [r4, #4]
 140 0074 0B43     		orrs	r3, r3, r1
 141 0076 1362     		str	r3, [r2, #32]
 171:Drivers/STM32F1xx_HAL_Driver/Src/stm32f1xx_hal_rcc_ex.c **** 
 172:Drivers/STM32F1xx_HAL_Driver/Src/stm32f1xx_hal_rcc_ex.c ****     /* Require to disable power clock if necessary */
 173:Drivers/STM32F1xx_HAL_Driver/Src/stm32f1xx_hal_rcc_ex.c ****     if (pwrclkchanged == SET)
 142              		.loc 1 173 5 view .LVU41
 143              		.loc 1 173 8 is_stmt 0 view .LVU42
 144 0078 9DBB     		cbnz	r5, .L18
 145              	.LVL11:
 146              	.L2:
 147              		.loc 1 173 8 view .LVU43
 148              	.LBE2:
 174:Drivers/STM32F1xx_HAL_Driver/Src/stm32f1xx_hal_rcc_ex.c ****     {
 175:Drivers/STM32F1xx_HAL_Driver/Src/stm32f1xx_hal_rcc_ex.c ****       __HAL_RCC_PWR_CLK_DISABLE();
 176:Drivers/STM32F1xx_HAL_Driver/Src/stm32f1xx_hal_rcc_ex.c ****     }
 177:Drivers/STM32F1xx_HAL_Driver/Src/stm32f1xx_hal_rcc_ex.c ****   }
 178:Drivers/STM32F1xx_HAL_Driver/Src/stm32f1xx_hal_rcc_ex.c **** 
 179:Drivers/STM32F1xx_HAL_Driver/Src/stm32f1xx_hal_rcc_ex.c ****   /*------------------------------ ADC clock Configuration ------------------*/
 180:Drivers/STM32F1xx_HAL_Driver/Src/stm32f1xx_hal_rcc_ex.c ****   if (((PeriphClkInit->PeriphClockSelection) & RCC_PERIPHCLK_ADC) == RCC_PERIPHCLK_ADC)
 149              		.loc 1 180 3 is_stmt 1 view .LVU44
 150              		.loc 1 180 22 is_stmt 0 view .LVU45
 151 007a 2368     		ldr	r3, [r4]
 152              		.loc 1 180 6 view .LVU46
 153 007c 13F0020F 		tst	r3, #2
 154 0080 34D0     		beq	.L14
 181:Drivers/STM32F1xx_HAL_Driver/Src/stm32f1xx_hal_rcc_ex.c ****   {
 182:Drivers/STM32F1xx_HAL_Driver/Src/stm32f1xx_hal_rcc_ex.c ****     /* Check the parameters */
 183:Drivers/STM32F1xx_HAL_Driver/Src/stm32f1xx_hal_rcc_ex.c ****     assert_param(IS_RCC_ADCPLLCLK_DIV(PeriphClkInit->AdcClockSelection));
 155              		.loc 1 183 5 is_stmt 1 view .LVU47
 184:Drivers/STM32F1xx_HAL_Driver/Src/stm32f1xx_hal_rcc_ex.c **** 
 185:Drivers/STM32F1xx_HAL_Driver/Src/stm32f1xx_hal_rcc_ex.c ****     /* Configure the ADC clock source */
 186:Drivers/STM32F1xx_HAL_Driver/Src/stm32f1xx_hal_rcc_ex.c ****     __HAL_RCC_ADC_CONFIG(PeriphClkInit->AdcClockSelection);
 156              		.loc 1 186 5 view .LVU48
 157 0082 1C4A     		ldr	r2, .L19
ARM GAS  /var/folders/t4/6192qx0n3zgdnvcwt906k_mw0000gn/T//ccTFrHDO.s 			page 7


 158 0084 5368     		ldr	r3, [r2, #4]
 159 0086 23F44043 		bic	r3, r3, #49152
 160 008a A168     		ldr	r1, [r4, #8]
 161 008c 0B43     		orrs	r3, r3, r1
 162 008e 5360     		str	r3, [r2, #4]
 187:Drivers/STM32F1xx_HAL_Driver/Src/stm32f1xx_hal_rcc_ex.c ****   }
 188:Drivers/STM32F1xx_HAL_Driver/Src/stm32f1xx_hal_rcc_ex.c **** 
 189:Drivers/STM32F1xx_HAL_Driver/Src/stm32f1xx_hal_rcc_ex.c **** #if defined(STM32F105xC) || defined(STM32F107xC)
 190:Drivers/STM32F1xx_HAL_Driver/Src/stm32f1xx_hal_rcc_ex.c ****   /*------------------------------ I2S2 Configuration ------------------------*/
 191:Drivers/STM32F1xx_HAL_Driver/Src/stm32f1xx_hal_rcc_ex.c ****   if (((PeriphClkInit->PeriphClockSelection) & RCC_PERIPHCLK_I2S2) == RCC_PERIPHCLK_I2S2)
 192:Drivers/STM32F1xx_HAL_Driver/Src/stm32f1xx_hal_rcc_ex.c ****   {
 193:Drivers/STM32F1xx_HAL_Driver/Src/stm32f1xx_hal_rcc_ex.c ****     /* Check the parameters */
 194:Drivers/STM32F1xx_HAL_Driver/Src/stm32f1xx_hal_rcc_ex.c ****     assert_param(IS_RCC_I2S2CLKSOURCE(PeriphClkInit->I2s2ClockSelection));
 195:Drivers/STM32F1xx_HAL_Driver/Src/stm32f1xx_hal_rcc_ex.c **** 
 196:Drivers/STM32F1xx_HAL_Driver/Src/stm32f1xx_hal_rcc_ex.c ****     /* Configure the I2S2 clock source */
 197:Drivers/STM32F1xx_HAL_Driver/Src/stm32f1xx_hal_rcc_ex.c ****     __HAL_RCC_I2S2_CONFIG(PeriphClkInit->I2s2ClockSelection);
 198:Drivers/STM32F1xx_HAL_Driver/Src/stm32f1xx_hal_rcc_ex.c ****   }
 199:Drivers/STM32F1xx_HAL_Driver/Src/stm32f1xx_hal_rcc_ex.c **** 
 200:Drivers/STM32F1xx_HAL_Driver/Src/stm32f1xx_hal_rcc_ex.c ****   /*------------------------------ I2S3 Configuration ------------------------*/
 201:Drivers/STM32F1xx_HAL_Driver/Src/stm32f1xx_hal_rcc_ex.c ****   if (((PeriphClkInit->PeriphClockSelection) & RCC_PERIPHCLK_I2S3) == RCC_PERIPHCLK_I2S3)
 202:Drivers/STM32F1xx_HAL_Driver/Src/stm32f1xx_hal_rcc_ex.c ****   {
 203:Drivers/STM32F1xx_HAL_Driver/Src/stm32f1xx_hal_rcc_ex.c ****     /* Check the parameters */
 204:Drivers/STM32F1xx_HAL_Driver/Src/stm32f1xx_hal_rcc_ex.c ****     assert_param(IS_RCC_I2S3CLKSOURCE(PeriphClkInit->I2s3ClockSelection));
 205:Drivers/STM32F1xx_HAL_Driver/Src/stm32f1xx_hal_rcc_ex.c **** 
 206:Drivers/STM32F1xx_HAL_Driver/Src/stm32f1xx_hal_rcc_ex.c ****     /* Configure the I2S3 clock source */
 207:Drivers/STM32F1xx_HAL_Driver/Src/stm32f1xx_hal_rcc_ex.c ****     __HAL_RCC_I2S3_CONFIG(PeriphClkInit->I2s3ClockSelection);
 208:Drivers/STM32F1xx_HAL_Driver/Src/stm32f1xx_hal_rcc_ex.c ****   }
 209:Drivers/STM32F1xx_HAL_Driver/Src/stm32f1xx_hal_rcc_ex.c **** 
 210:Drivers/STM32F1xx_HAL_Driver/Src/stm32f1xx_hal_rcc_ex.c ****   /*------------------------------ PLL I2S Configuration ----------------------*/
 211:Drivers/STM32F1xx_HAL_Driver/Src/stm32f1xx_hal_rcc_ex.c ****   /* Check that PLLI2S need to be enabled */
 212:Drivers/STM32F1xx_HAL_Driver/Src/stm32f1xx_hal_rcc_ex.c ****   if (HAL_IS_BIT_SET(RCC->CFGR2, RCC_CFGR2_I2S2SRC) || HAL_IS_BIT_SET(RCC->CFGR2, RCC_CFGR2_I2S3SRC
 213:Drivers/STM32F1xx_HAL_Driver/Src/stm32f1xx_hal_rcc_ex.c ****   {
 214:Drivers/STM32F1xx_HAL_Driver/Src/stm32f1xx_hal_rcc_ex.c ****     /* Update flag to indicate that PLL I2S should be active */
 215:Drivers/STM32F1xx_HAL_Driver/Src/stm32f1xx_hal_rcc_ex.c ****     pllactive = 1;
 216:Drivers/STM32F1xx_HAL_Driver/Src/stm32f1xx_hal_rcc_ex.c ****   }
 217:Drivers/STM32F1xx_HAL_Driver/Src/stm32f1xx_hal_rcc_ex.c **** 
 218:Drivers/STM32F1xx_HAL_Driver/Src/stm32f1xx_hal_rcc_ex.c ****   /* Check if PLL I2S need to be enabled */
 219:Drivers/STM32F1xx_HAL_Driver/Src/stm32f1xx_hal_rcc_ex.c ****   if (pllactive == 1)
 220:Drivers/STM32F1xx_HAL_Driver/Src/stm32f1xx_hal_rcc_ex.c ****   {
 221:Drivers/STM32F1xx_HAL_Driver/Src/stm32f1xx_hal_rcc_ex.c ****     /* Enable PLL I2S only if not active */
 222:Drivers/STM32F1xx_HAL_Driver/Src/stm32f1xx_hal_rcc_ex.c ****     if (HAL_IS_BIT_CLR(RCC->CR, RCC_CR_PLL3ON))
 223:Drivers/STM32F1xx_HAL_Driver/Src/stm32f1xx_hal_rcc_ex.c ****     {
 224:Drivers/STM32F1xx_HAL_Driver/Src/stm32f1xx_hal_rcc_ex.c ****       /* Check the parameters */
 225:Drivers/STM32F1xx_HAL_Driver/Src/stm32f1xx_hal_rcc_ex.c ****       assert_param(IS_RCC_PLLI2S_MUL(PeriphClkInit->PLLI2S.PLLI2SMUL));
 226:Drivers/STM32F1xx_HAL_Driver/Src/stm32f1xx_hal_rcc_ex.c ****       assert_param(IS_RCC_HSE_PREDIV2(PeriphClkInit->PLLI2S.HSEPrediv2Value));
 227:Drivers/STM32F1xx_HAL_Driver/Src/stm32f1xx_hal_rcc_ex.c **** 
 228:Drivers/STM32F1xx_HAL_Driver/Src/stm32f1xx_hal_rcc_ex.c ****       /* Prediv2 can be written only when the PLL2 is disabled. */
 229:Drivers/STM32F1xx_HAL_Driver/Src/stm32f1xx_hal_rcc_ex.c ****       /* Return an error only if new value is different from the programmed value */
 230:Drivers/STM32F1xx_HAL_Driver/Src/stm32f1xx_hal_rcc_ex.c ****       if (HAL_IS_BIT_SET(RCC->CR, RCC_CR_PLL2ON) && \
 231:Drivers/STM32F1xx_HAL_Driver/Src/stm32f1xx_hal_rcc_ex.c ****           (__HAL_RCC_HSE_GET_PREDIV2() != PeriphClkInit->PLLI2S.HSEPrediv2Value))
 232:Drivers/STM32F1xx_HAL_Driver/Src/stm32f1xx_hal_rcc_ex.c ****       {
 233:Drivers/STM32F1xx_HAL_Driver/Src/stm32f1xx_hal_rcc_ex.c ****         return HAL_ERROR;
 234:Drivers/STM32F1xx_HAL_Driver/Src/stm32f1xx_hal_rcc_ex.c ****       }
 235:Drivers/STM32F1xx_HAL_Driver/Src/stm32f1xx_hal_rcc_ex.c **** 
 236:Drivers/STM32F1xx_HAL_Driver/Src/stm32f1xx_hal_rcc_ex.c ****       /* Configure the HSE prediv2 factor --------------------------------*/
 237:Drivers/STM32F1xx_HAL_Driver/Src/stm32f1xx_hal_rcc_ex.c ****       __HAL_RCC_HSE_PREDIV2_CONFIG(PeriphClkInit->PLLI2S.HSEPrediv2Value);
 238:Drivers/STM32F1xx_HAL_Driver/Src/stm32f1xx_hal_rcc_ex.c **** 
ARM GAS  /var/folders/t4/6192qx0n3zgdnvcwt906k_mw0000gn/T//ccTFrHDO.s 			page 8


 239:Drivers/STM32F1xx_HAL_Driver/Src/stm32f1xx_hal_rcc_ex.c ****       /* Configure the main PLLI2S multiplication factors. */
 240:Drivers/STM32F1xx_HAL_Driver/Src/stm32f1xx_hal_rcc_ex.c ****       __HAL_RCC_PLLI2S_CONFIG(PeriphClkInit->PLLI2S.PLLI2SMUL);
 241:Drivers/STM32F1xx_HAL_Driver/Src/stm32f1xx_hal_rcc_ex.c **** 
 242:Drivers/STM32F1xx_HAL_Driver/Src/stm32f1xx_hal_rcc_ex.c ****       /* Enable the main PLLI2S. */
 243:Drivers/STM32F1xx_HAL_Driver/Src/stm32f1xx_hal_rcc_ex.c ****       __HAL_RCC_PLLI2S_ENABLE();
 244:Drivers/STM32F1xx_HAL_Driver/Src/stm32f1xx_hal_rcc_ex.c **** 
 245:Drivers/STM32F1xx_HAL_Driver/Src/stm32f1xx_hal_rcc_ex.c ****       /* Get Start Tick*/
 246:Drivers/STM32F1xx_HAL_Driver/Src/stm32f1xx_hal_rcc_ex.c ****       tickstart = HAL_GetTick();
 247:Drivers/STM32F1xx_HAL_Driver/Src/stm32f1xx_hal_rcc_ex.c **** 
 248:Drivers/STM32F1xx_HAL_Driver/Src/stm32f1xx_hal_rcc_ex.c ****       /* Wait till PLLI2S is ready */
 249:Drivers/STM32F1xx_HAL_Driver/Src/stm32f1xx_hal_rcc_ex.c ****       while (__HAL_RCC_GET_FLAG(RCC_FLAG_PLLI2SRDY)  == RESET)
 250:Drivers/STM32F1xx_HAL_Driver/Src/stm32f1xx_hal_rcc_ex.c ****       {
 251:Drivers/STM32F1xx_HAL_Driver/Src/stm32f1xx_hal_rcc_ex.c ****         if ((HAL_GetTick() - tickstart) > PLLI2S_TIMEOUT_VALUE)
 252:Drivers/STM32F1xx_HAL_Driver/Src/stm32f1xx_hal_rcc_ex.c ****         {
 253:Drivers/STM32F1xx_HAL_Driver/Src/stm32f1xx_hal_rcc_ex.c ****           return HAL_TIMEOUT;
 254:Drivers/STM32F1xx_HAL_Driver/Src/stm32f1xx_hal_rcc_ex.c ****         }
 255:Drivers/STM32F1xx_HAL_Driver/Src/stm32f1xx_hal_rcc_ex.c ****       }
 256:Drivers/STM32F1xx_HAL_Driver/Src/stm32f1xx_hal_rcc_ex.c ****     }
 257:Drivers/STM32F1xx_HAL_Driver/Src/stm32f1xx_hal_rcc_ex.c ****     else
 258:Drivers/STM32F1xx_HAL_Driver/Src/stm32f1xx_hal_rcc_ex.c ****     {
 259:Drivers/STM32F1xx_HAL_Driver/Src/stm32f1xx_hal_rcc_ex.c ****       /* Return an error only if user wants to change the PLLI2SMUL whereas PLLI2S is active */
 260:Drivers/STM32F1xx_HAL_Driver/Src/stm32f1xx_hal_rcc_ex.c ****       if (READ_BIT(RCC->CFGR2, RCC_CFGR2_PLL3MUL) != PeriphClkInit->PLLI2S.PLLI2SMUL)
 261:Drivers/STM32F1xx_HAL_Driver/Src/stm32f1xx_hal_rcc_ex.c ****       {
 262:Drivers/STM32F1xx_HAL_Driver/Src/stm32f1xx_hal_rcc_ex.c ****         return HAL_ERROR;
 263:Drivers/STM32F1xx_HAL_Driver/Src/stm32f1xx_hal_rcc_ex.c ****       }
 264:Drivers/STM32F1xx_HAL_Driver/Src/stm32f1xx_hal_rcc_ex.c ****     }
 265:Drivers/STM32F1xx_HAL_Driver/Src/stm32f1xx_hal_rcc_ex.c ****   }
 266:Drivers/STM32F1xx_HAL_Driver/Src/stm32f1xx_hal_rcc_ex.c **** #endif /* STM32F105xC || STM32F107xC */
 267:Drivers/STM32F1xx_HAL_Driver/Src/stm32f1xx_hal_rcc_ex.c **** 
 268:Drivers/STM32F1xx_HAL_Driver/Src/stm32f1xx_hal_rcc_ex.c **** #if defined(STM32F102x6) || defined(STM32F102xB) || defined(STM32F103x6)\
 269:Drivers/STM32F1xx_HAL_Driver/Src/stm32f1xx_hal_rcc_ex.c ****  || defined(STM32F103xB) || defined(STM32F103xE) || defined(STM32F103xG)\
 270:Drivers/STM32F1xx_HAL_Driver/Src/stm32f1xx_hal_rcc_ex.c ****  || defined(STM32F105xC) || defined(STM32F107xC)
 271:Drivers/STM32F1xx_HAL_Driver/Src/stm32f1xx_hal_rcc_ex.c ****   /*------------------------------ USB clock Configuration ------------------*/
 272:Drivers/STM32F1xx_HAL_Driver/Src/stm32f1xx_hal_rcc_ex.c ****   if (((PeriphClkInit->PeriphClockSelection) & RCC_PERIPHCLK_USB) == RCC_PERIPHCLK_USB)
 273:Drivers/STM32F1xx_HAL_Driver/Src/stm32f1xx_hal_rcc_ex.c ****   {
 274:Drivers/STM32F1xx_HAL_Driver/Src/stm32f1xx_hal_rcc_ex.c ****     /* Check the parameters */
 275:Drivers/STM32F1xx_HAL_Driver/Src/stm32f1xx_hal_rcc_ex.c ****     assert_param(IS_RCC_USBPLLCLK_DIV(PeriphClkInit->UsbClockSelection));
 276:Drivers/STM32F1xx_HAL_Driver/Src/stm32f1xx_hal_rcc_ex.c **** 
 277:Drivers/STM32F1xx_HAL_Driver/Src/stm32f1xx_hal_rcc_ex.c ****     /* Configure the USB clock source */
 278:Drivers/STM32F1xx_HAL_Driver/Src/stm32f1xx_hal_rcc_ex.c ****     __HAL_RCC_USB_CONFIG(PeriphClkInit->UsbClockSelection);
 279:Drivers/STM32F1xx_HAL_Driver/Src/stm32f1xx_hal_rcc_ex.c ****   }
 280:Drivers/STM32F1xx_HAL_Driver/Src/stm32f1xx_hal_rcc_ex.c **** #endif /* STM32F102x6 || STM32F102xB || STM32F103x6 || STM32F103xB || STM32F103xE || STM32F103xG ||
 281:Drivers/STM32F1xx_HAL_Driver/Src/stm32f1xx_hal_rcc_ex.c **** 
 282:Drivers/STM32F1xx_HAL_Driver/Src/stm32f1xx_hal_rcc_ex.c ****   return HAL_OK;
 163              		.loc 1 282 10 is_stmt 0 view .LVU49
 164 0090 0020     		movs	r0, #0
 165 0092 2CE0     		b	.L6
 166              	.LVL12:
 167              	.L11:
 168              	.LBB4:
 111:Drivers/STM32F1xx_HAL_Driver/Src/stm32f1xx_hal_rcc_ex.c **** 
 169              		.loc 1 111 16 view .LVU50
 170 0094 0025     		movs	r5, #0
 171 0096 CAE7     		b	.L3
 172              	.LVL13:
 173              	.L16:
 128:Drivers/STM32F1xx_HAL_Driver/Src/stm32f1xx_hal_rcc_ex.c **** 
ARM GAS  /var/folders/t4/6192qx0n3zgdnvcwt906k_mw0000gn/T//ccTFrHDO.s 			page 9


 174              		.loc 1 128 7 is_stmt 1 view .LVU51
 175 0098 174A     		ldr	r2, .L19+4
 176 009a 1368     		ldr	r3, [r2]
 177 009c 43F48073 		orr	r3, r3, #256
 178 00a0 1360     		str	r3, [r2]
 131:Drivers/STM32F1xx_HAL_Driver/Src/stm32f1xx_hal_rcc_ex.c **** 
 179              		.loc 1 131 7 view .LVU52
 131:Drivers/STM32F1xx_HAL_Driver/Src/stm32f1xx_hal_rcc_ex.c **** 
 180              		.loc 1 131 19 is_stmt 0 view .LVU53
 181 00a2 FFF7FEFF 		bl	HAL_GetTick
 182              	.LVL14:
 131:Drivers/STM32F1xx_HAL_Driver/Src/stm32f1xx_hal_rcc_ex.c **** 
 183              		.loc 1 131 19 view .LVU54
 184 00a6 0646     		mov	r6, r0
 185              	.LVL15:
 133:Drivers/STM32F1xx_HAL_Driver/Src/stm32f1xx_hal_rcc_ex.c ****       {
 186              		.loc 1 133 7 is_stmt 1 view .LVU55
 187              	.L5:
 133:Drivers/STM32F1xx_HAL_Driver/Src/stm32f1xx_hal_rcc_ex.c ****       {
 188              		.loc 1 133 14 view .LVU56
 189 00a8 134B     		ldr	r3, .L19+4
 190 00aa 1B68     		ldr	r3, [r3]
 191 00ac 13F4807F 		tst	r3, #256
 192 00b0 C2D1     		bne	.L4
 135:Drivers/STM32F1xx_HAL_Driver/Src/stm32f1xx_hal_rcc_ex.c ****         {
 193              		.loc 1 135 9 view .LVU57
 135:Drivers/STM32F1xx_HAL_Driver/Src/stm32f1xx_hal_rcc_ex.c ****         {
 194              		.loc 1 135 14 is_stmt 0 view .LVU58
 195 00b2 FFF7FEFF 		bl	HAL_GetTick
 196              	.LVL16:
 135:Drivers/STM32F1xx_HAL_Driver/Src/stm32f1xx_hal_rcc_ex.c ****         {
 197              		.loc 1 135 28 discriminator 1 view .LVU59
 198 00b6 801B     		subs	r0, r0, r6
 135:Drivers/STM32F1xx_HAL_Driver/Src/stm32f1xx_hal_rcc_ex.c ****         {
 199              		.loc 1 135 12 discriminator 1 view .LVU60
 200 00b8 6428     		cmp	r0, #100
 201 00ba F5D9     		bls	.L5
 137:Drivers/STM32F1xx_HAL_Driver/Src/stm32f1xx_hal_rcc_ex.c ****         }
 202              		.loc 1 137 18 view .LVU61
 203 00bc 0320     		movs	r0, #3
 204 00be 16E0     		b	.L6
 205              	.LVL17:
 206              	.L17:
 158:Drivers/STM32F1xx_HAL_Driver/Src/stm32f1xx_hal_rcc_ex.c **** 
 207              		.loc 1 158 9 is_stmt 1 view .LVU62
 158:Drivers/STM32F1xx_HAL_Driver/Src/stm32f1xx_hal_rcc_ex.c **** 
 208              		.loc 1 158 21 is_stmt 0 view .LVU63
 209 00c0 FFF7FEFF 		bl	HAL_GetTick
 210              	.LVL18:
 158:Drivers/STM32F1xx_HAL_Driver/Src/stm32f1xx_hal_rcc_ex.c **** 
 211              		.loc 1 158 21 view .LVU64
 212 00c4 0646     		mov	r6, r0
 213              	.LVL19:
 161:Drivers/STM32F1xx_HAL_Driver/Src/stm32f1xx_hal_rcc_ex.c ****         {
 214              		.loc 1 161 9 is_stmt 1 view .LVU65
 215              	.L9:
 161:Drivers/STM32F1xx_HAL_Driver/Src/stm32f1xx_hal_rcc_ex.c ****         {
ARM GAS  /var/folders/t4/6192qx0n3zgdnvcwt906k_mw0000gn/T//ccTFrHDO.s 			page 10


 216              		.loc 1 161 52 view .LVU66
 161:Drivers/STM32F1xx_HAL_Driver/Src/stm32f1xx_hal_rcc_ex.c ****         {
 217              		.loc 1 161 16 is_stmt 0 view .LVU67
 218 00c6 0B4B     		ldr	r3, .L19
 219 00c8 1B6A     		ldr	r3, [r3, #32]
 161:Drivers/STM32F1xx_HAL_Driver/Src/stm32f1xx_hal_rcc_ex.c ****         {
 220              		.loc 1 161 52 view .LVU68
 221 00ca 13F0020F 		tst	r3, #2
 222 00ce CCD1     		bne	.L8
 163:Drivers/STM32F1xx_HAL_Driver/Src/stm32f1xx_hal_rcc_ex.c ****           {
 223              		.loc 1 163 11 is_stmt 1 view .LVU69
 163:Drivers/STM32F1xx_HAL_Driver/Src/stm32f1xx_hal_rcc_ex.c ****           {
 224              		.loc 1 163 16 is_stmt 0 view .LVU70
 225 00d0 FFF7FEFF 		bl	HAL_GetTick
 226              	.LVL20:
 163:Drivers/STM32F1xx_HAL_Driver/Src/stm32f1xx_hal_rcc_ex.c ****           {
 227              		.loc 1 163 30 discriminator 1 view .LVU71
 228 00d4 801B     		subs	r0, r0, r6
 163:Drivers/STM32F1xx_HAL_Driver/Src/stm32f1xx_hal_rcc_ex.c ****           {
 229              		.loc 1 163 14 discriminator 1 view .LVU72
 230 00d6 41F28833 		movw	r3, #5000
 231 00da 9842     		cmp	r0, r3
 232 00dc F3D9     		bls	.L9
 165:Drivers/STM32F1xx_HAL_Driver/Src/stm32f1xx_hal_rcc_ex.c ****           }
 233              		.loc 1 165 20 view .LVU73
 234 00de 0320     		movs	r0, #3
 235 00e0 05E0     		b	.L6
 236              	.LVL21:
 237              	.L18:
 175:Drivers/STM32F1xx_HAL_Driver/Src/stm32f1xx_hal_rcc_ex.c ****     }
 238              		.loc 1 175 7 is_stmt 1 view .LVU74
 239 00e2 D369     		ldr	r3, [r2, #28]
 240 00e4 23F08053 		bic	r3, r3, #268435456
 241 00e8 D361     		str	r3, [r2, #28]
 242 00ea C6E7     		b	.L2
 243              	.LVL22:
 244              	.L14:
 175:Drivers/STM32F1xx_HAL_Driver/Src/stm32f1xx_hal_rcc_ex.c ****     }
 245              		.loc 1 175 7 is_stmt 0 view .LVU75
 246              	.LBE4:
 247              		.loc 1 282 10 view .LVU76
 248 00ec 0020     		movs	r0, #0
 249              	.L6:
 283:Drivers/STM32F1xx_HAL_Driver/Src/stm32f1xx_hal_rcc_ex.c **** }
 250              		.loc 1 283 1 view .LVU77
 251 00ee 02B0     		add	sp, sp, #8
 252              		.cfi_def_cfa_offset 16
 253              		@ sp needed
 254 00f0 70BD     		pop	{r4, r5, r6, pc}
 255              	.LVL23:
 256              	.L20:
 257              		.loc 1 283 1 view .LVU78
 258 00f2 00BF     		.align	2
 259              	.L19:
 260 00f4 00100240 		.word	1073876992
 261 00f8 00700040 		.word	1073770496
 262 00fc 00004242 		.word	1111621632
ARM GAS  /var/folders/t4/6192qx0n3zgdnvcwt906k_mw0000gn/T//ccTFrHDO.s 			page 11


 263              		.cfi_endproc
 264              	.LFE65:
 266              		.section	.text.HAL_RCCEx_GetPeriphCLKConfig,"ax",%progbits
 267              		.align	1
 268              		.global	HAL_RCCEx_GetPeriphCLKConfig
 269              		.syntax unified
 270              		.thumb
 271              		.thumb_func
 273              	HAL_RCCEx_GetPeriphCLKConfig:
 274              	.LVL24:
 275              	.LFB66:
 284:Drivers/STM32F1xx_HAL_Driver/Src/stm32f1xx_hal_rcc_ex.c **** 
 285:Drivers/STM32F1xx_HAL_Driver/Src/stm32f1xx_hal_rcc_ex.c **** /**
 286:Drivers/STM32F1xx_HAL_Driver/Src/stm32f1xx_hal_rcc_ex.c ****   * @brief  Get the PeriphClkInit according to the internal
 287:Drivers/STM32F1xx_HAL_Driver/Src/stm32f1xx_hal_rcc_ex.c ****   * RCC configuration registers.
 288:Drivers/STM32F1xx_HAL_Driver/Src/stm32f1xx_hal_rcc_ex.c ****   * @param  PeriphClkInit pointer to an RCC_PeriphCLKInitTypeDef structure that
 289:Drivers/STM32F1xx_HAL_Driver/Src/stm32f1xx_hal_rcc_ex.c ****   *         returns the configuration information for the Extended Peripherals clocks(RTC, I2S, ADC
 290:Drivers/STM32F1xx_HAL_Driver/Src/stm32f1xx_hal_rcc_ex.c ****   * @retval None
 291:Drivers/STM32F1xx_HAL_Driver/Src/stm32f1xx_hal_rcc_ex.c ****   */
 292:Drivers/STM32F1xx_HAL_Driver/Src/stm32f1xx_hal_rcc_ex.c **** void HAL_RCCEx_GetPeriphCLKConfig(RCC_PeriphCLKInitTypeDef  *PeriphClkInit)
 293:Drivers/STM32F1xx_HAL_Driver/Src/stm32f1xx_hal_rcc_ex.c **** {
 276              		.loc 1 293 1 is_stmt 1 view -0
 277              		.cfi_startproc
 278              		@ args = 0, pretend = 0, frame = 0
 279              		@ frame_needed = 0, uses_anonymous_args = 0
 280              		@ link register save eliminated.
 294:Drivers/STM32F1xx_HAL_Driver/Src/stm32f1xx_hal_rcc_ex.c ****   uint32_t srcclk = 0U;
 281              		.loc 1 294 3 view .LVU80
 295:Drivers/STM32F1xx_HAL_Driver/Src/stm32f1xx_hal_rcc_ex.c **** 
 296:Drivers/STM32F1xx_HAL_Driver/Src/stm32f1xx_hal_rcc_ex.c ****   /* Set all possible values for the extended clock type parameter------------*/
 297:Drivers/STM32F1xx_HAL_Driver/Src/stm32f1xx_hal_rcc_ex.c ****   PeriphClkInit->PeriphClockSelection = RCC_PERIPHCLK_RTC;
 282              		.loc 1 297 3 view .LVU81
 283              		.loc 1 297 39 is_stmt 0 view .LVU82
 284 0000 0123     		movs	r3, #1
 285 0002 0360     		str	r3, [r0]
 298:Drivers/STM32F1xx_HAL_Driver/Src/stm32f1xx_hal_rcc_ex.c **** 
 299:Drivers/STM32F1xx_HAL_Driver/Src/stm32f1xx_hal_rcc_ex.c ****   /* Get the RTC configuration -----------------------------------------------*/
 300:Drivers/STM32F1xx_HAL_Driver/Src/stm32f1xx_hal_rcc_ex.c ****   srcclk = __HAL_RCC_GET_RTC_SOURCE();
 286              		.loc 1 300 3 is_stmt 1 view .LVU83
 287              		.loc 1 300 12 is_stmt 0 view .LVU84
 288 0004 054A     		ldr	r2, .L22
 289 0006 136A     		ldr	r3, [r2, #32]
 290              		.loc 1 300 10 view .LVU85
 291 0008 03F44073 		and	r3, r3, #768
 292              	.LVL25:
 301:Drivers/STM32F1xx_HAL_Driver/Src/stm32f1xx_hal_rcc_ex.c ****   /* Source clock is LSE or LSI*/
 302:Drivers/STM32F1xx_HAL_Driver/Src/stm32f1xx_hal_rcc_ex.c ****   PeriphClkInit->RTCClockSelection = srcclk;
 293              		.loc 1 302 3 is_stmt 1 view .LVU86
 294              		.loc 1 302 36 is_stmt 0 view .LVU87
 295 000c 4360     		str	r3, [r0, #4]
 303:Drivers/STM32F1xx_HAL_Driver/Src/stm32f1xx_hal_rcc_ex.c **** 
 304:Drivers/STM32F1xx_HAL_Driver/Src/stm32f1xx_hal_rcc_ex.c ****   /* Get the ADC clock configuration -----------------------------------------*/
 305:Drivers/STM32F1xx_HAL_Driver/Src/stm32f1xx_hal_rcc_ex.c ****   PeriphClkInit->PeriphClockSelection |= RCC_PERIPHCLK_ADC;
 296              		.loc 1 305 3 is_stmt 1 view .LVU88
 297              		.loc 1 305 39 is_stmt 0 view .LVU89
 298 000e 0323     		movs	r3, #3
 299              	.LVL26:
ARM GAS  /var/folders/t4/6192qx0n3zgdnvcwt906k_mw0000gn/T//ccTFrHDO.s 			page 12


 300              		.loc 1 305 39 view .LVU90
 301 0010 0360     		str	r3, [r0]
 306:Drivers/STM32F1xx_HAL_Driver/Src/stm32f1xx_hal_rcc_ex.c ****   PeriphClkInit->AdcClockSelection = __HAL_RCC_GET_ADC_SOURCE();
 302              		.loc 1 306 3 is_stmt 1 view .LVU91
 303              		.loc 1 306 38 is_stmt 0 view .LVU92
 304 0012 5368     		ldr	r3, [r2, #4]
 305 0014 03F44043 		and	r3, r3, #49152
 306              		.loc 1 306 36 view .LVU93
 307 0018 8360     		str	r3, [r0, #8]
 307:Drivers/STM32F1xx_HAL_Driver/Src/stm32f1xx_hal_rcc_ex.c **** 
 308:Drivers/STM32F1xx_HAL_Driver/Src/stm32f1xx_hal_rcc_ex.c **** #if defined(STM32F105xC) || defined(STM32F107xC)
 309:Drivers/STM32F1xx_HAL_Driver/Src/stm32f1xx_hal_rcc_ex.c ****   /* Get the I2S2 clock configuration -----------------------------------------*/
 310:Drivers/STM32F1xx_HAL_Driver/Src/stm32f1xx_hal_rcc_ex.c ****   PeriphClkInit->PeriphClockSelection |= RCC_PERIPHCLK_I2S2;
 311:Drivers/STM32F1xx_HAL_Driver/Src/stm32f1xx_hal_rcc_ex.c ****   PeriphClkInit->I2s2ClockSelection = __HAL_RCC_GET_I2S2_SOURCE();
 312:Drivers/STM32F1xx_HAL_Driver/Src/stm32f1xx_hal_rcc_ex.c **** 
 313:Drivers/STM32F1xx_HAL_Driver/Src/stm32f1xx_hal_rcc_ex.c ****   /* Get the I2S3 clock configuration -----------------------------------------*/
 314:Drivers/STM32F1xx_HAL_Driver/Src/stm32f1xx_hal_rcc_ex.c ****   PeriphClkInit->PeriphClockSelection |= RCC_PERIPHCLK_I2S3;
 315:Drivers/STM32F1xx_HAL_Driver/Src/stm32f1xx_hal_rcc_ex.c ****   PeriphClkInit->I2s3ClockSelection = __HAL_RCC_GET_I2S3_SOURCE();
 316:Drivers/STM32F1xx_HAL_Driver/Src/stm32f1xx_hal_rcc_ex.c **** 
 317:Drivers/STM32F1xx_HAL_Driver/Src/stm32f1xx_hal_rcc_ex.c **** #endif /* STM32F105xC || STM32F107xC */
 318:Drivers/STM32F1xx_HAL_Driver/Src/stm32f1xx_hal_rcc_ex.c **** 
 319:Drivers/STM32F1xx_HAL_Driver/Src/stm32f1xx_hal_rcc_ex.c **** #if defined(STM32F103xE) || defined(STM32F103xG)
 320:Drivers/STM32F1xx_HAL_Driver/Src/stm32f1xx_hal_rcc_ex.c ****   /* Get the I2S2 clock configuration -----------------------------------------*/
 321:Drivers/STM32F1xx_HAL_Driver/Src/stm32f1xx_hal_rcc_ex.c ****   PeriphClkInit->PeriphClockSelection |= RCC_PERIPHCLK_I2S2;
 322:Drivers/STM32F1xx_HAL_Driver/Src/stm32f1xx_hal_rcc_ex.c ****   PeriphClkInit->I2s2ClockSelection = RCC_I2S2CLKSOURCE_SYSCLK;
 323:Drivers/STM32F1xx_HAL_Driver/Src/stm32f1xx_hal_rcc_ex.c **** 
 324:Drivers/STM32F1xx_HAL_Driver/Src/stm32f1xx_hal_rcc_ex.c ****   /* Get the I2S3 clock configuration -----------------------------------------*/
 325:Drivers/STM32F1xx_HAL_Driver/Src/stm32f1xx_hal_rcc_ex.c ****   PeriphClkInit->PeriphClockSelection |= RCC_PERIPHCLK_I2S3;
 326:Drivers/STM32F1xx_HAL_Driver/Src/stm32f1xx_hal_rcc_ex.c ****   PeriphClkInit->I2s3ClockSelection = RCC_I2S3CLKSOURCE_SYSCLK;
 327:Drivers/STM32F1xx_HAL_Driver/Src/stm32f1xx_hal_rcc_ex.c **** 
 328:Drivers/STM32F1xx_HAL_Driver/Src/stm32f1xx_hal_rcc_ex.c **** #endif /* STM32F103xE || STM32F103xG */
 329:Drivers/STM32F1xx_HAL_Driver/Src/stm32f1xx_hal_rcc_ex.c **** 
 330:Drivers/STM32F1xx_HAL_Driver/Src/stm32f1xx_hal_rcc_ex.c **** #if defined(STM32F102x6) || defined(STM32F102xB) || defined(STM32F103x6)\
 331:Drivers/STM32F1xx_HAL_Driver/Src/stm32f1xx_hal_rcc_ex.c ****  || defined(STM32F103xB) || defined(STM32F103xE) || defined(STM32F103xG)\
 332:Drivers/STM32F1xx_HAL_Driver/Src/stm32f1xx_hal_rcc_ex.c ****  || defined(STM32F105xC) || defined(STM32F107xC)
 333:Drivers/STM32F1xx_HAL_Driver/Src/stm32f1xx_hal_rcc_ex.c ****   /* Get the USB clock configuration -----------------------------------------*/
 334:Drivers/STM32F1xx_HAL_Driver/Src/stm32f1xx_hal_rcc_ex.c ****   PeriphClkInit->PeriphClockSelection |= RCC_PERIPHCLK_USB;
 335:Drivers/STM32F1xx_HAL_Driver/Src/stm32f1xx_hal_rcc_ex.c ****   PeriphClkInit->UsbClockSelection = __HAL_RCC_GET_USB_SOURCE();
 336:Drivers/STM32F1xx_HAL_Driver/Src/stm32f1xx_hal_rcc_ex.c **** #endif /* STM32F102x6 || STM32F102xB || STM32F103x6 || STM32F103xB || STM32F103xE || STM32F103xG ||
 337:Drivers/STM32F1xx_HAL_Driver/Src/stm32f1xx_hal_rcc_ex.c **** }
 308              		.loc 1 337 1 view .LVU94
 309 001a 7047     		bx	lr
 310              	.L23:
 311              		.align	2
 312              	.L22:
 313 001c 00100240 		.word	1073876992
 314              		.cfi_endproc
 315              	.LFE66:
 317              		.section	.text.HAL_RCCEx_GetPeriphCLKFreq,"ax",%progbits
 318              		.align	1
 319              		.global	HAL_RCCEx_GetPeriphCLKFreq
 320              		.syntax unified
 321              		.thumb
 322              		.thumb_func
 324              	HAL_RCCEx_GetPeriphCLKFreq:
 325              	.LVL27:
 326              	.LFB67:
ARM GAS  /var/folders/t4/6192qx0n3zgdnvcwt906k_mw0000gn/T//ccTFrHDO.s 			page 13


 338:Drivers/STM32F1xx_HAL_Driver/Src/stm32f1xx_hal_rcc_ex.c **** 
 339:Drivers/STM32F1xx_HAL_Driver/Src/stm32f1xx_hal_rcc_ex.c **** /**
 340:Drivers/STM32F1xx_HAL_Driver/Src/stm32f1xx_hal_rcc_ex.c ****   * @brief  Returns the peripheral clock frequency
 341:Drivers/STM32F1xx_HAL_Driver/Src/stm32f1xx_hal_rcc_ex.c ****   * @note   Returns 0 if peripheral clock is unknown
 342:Drivers/STM32F1xx_HAL_Driver/Src/stm32f1xx_hal_rcc_ex.c ****   * @param  PeriphClk Peripheral clock identifier
 343:Drivers/STM32F1xx_HAL_Driver/Src/stm32f1xx_hal_rcc_ex.c ****   *         This parameter can be one of the following values:
 344:Drivers/STM32F1xx_HAL_Driver/Src/stm32f1xx_hal_rcc_ex.c ****   *            @arg @ref RCC_PERIPHCLK_RTC  RTC peripheral clock
 345:Drivers/STM32F1xx_HAL_Driver/Src/stm32f1xx_hal_rcc_ex.c ****   *            @arg @ref RCC_PERIPHCLK_ADC  ADC peripheral clock
 346:Drivers/STM32F1xx_HAL_Driver/Src/stm32f1xx_hal_rcc_ex.c ****   @if STM32F103xE
 347:Drivers/STM32F1xx_HAL_Driver/Src/stm32f1xx_hal_rcc_ex.c ****   *            @arg @ref RCC_PERIPHCLK_I2S2 I2S2 peripheral clock
 348:Drivers/STM32F1xx_HAL_Driver/Src/stm32f1xx_hal_rcc_ex.c ****   *            @arg @ref RCC_PERIPHCLK_I2S3 I2S3 peripheral clock
 349:Drivers/STM32F1xx_HAL_Driver/Src/stm32f1xx_hal_rcc_ex.c ****   *            @arg @ref RCC_PERIPHCLK_I2S3 I2S3 peripheral clock
 350:Drivers/STM32F1xx_HAL_Driver/Src/stm32f1xx_hal_rcc_ex.c ****   @endif
 351:Drivers/STM32F1xx_HAL_Driver/Src/stm32f1xx_hal_rcc_ex.c ****   @if STM32F103xG
 352:Drivers/STM32F1xx_HAL_Driver/Src/stm32f1xx_hal_rcc_ex.c ****   *            @arg @ref RCC_PERIPHCLK_I2S2 I2S2 peripheral clock
 353:Drivers/STM32F1xx_HAL_Driver/Src/stm32f1xx_hal_rcc_ex.c ****   *            @arg @ref RCC_PERIPHCLK_I2S3 I2S3 peripheral clock
 354:Drivers/STM32F1xx_HAL_Driver/Src/stm32f1xx_hal_rcc_ex.c ****   *            @arg @ref RCC_PERIPHCLK_I2S3 I2S3 peripheral clock
 355:Drivers/STM32F1xx_HAL_Driver/Src/stm32f1xx_hal_rcc_ex.c ****   *            @arg @ref RCC_PERIPHCLK_I2S2 I2S2 peripheral clock
 356:Drivers/STM32F1xx_HAL_Driver/Src/stm32f1xx_hal_rcc_ex.c ****   @endif
 357:Drivers/STM32F1xx_HAL_Driver/Src/stm32f1xx_hal_rcc_ex.c ****   @if STM32F105xC
 358:Drivers/STM32F1xx_HAL_Driver/Src/stm32f1xx_hal_rcc_ex.c ****   *            @arg @ref RCC_PERIPHCLK_I2S2 I2S2 peripheral clock
 359:Drivers/STM32F1xx_HAL_Driver/Src/stm32f1xx_hal_rcc_ex.c ****   *            @arg @ref RCC_PERIPHCLK_I2S3 I2S3 peripheral clock
 360:Drivers/STM32F1xx_HAL_Driver/Src/stm32f1xx_hal_rcc_ex.c ****   *            @arg @ref RCC_PERIPHCLK_I2S3 I2S3 peripheral clock
 361:Drivers/STM32F1xx_HAL_Driver/Src/stm32f1xx_hal_rcc_ex.c ****   *            @arg @ref RCC_PERIPHCLK_I2S2 I2S2 peripheral clock
 362:Drivers/STM32F1xx_HAL_Driver/Src/stm32f1xx_hal_rcc_ex.c ****   *            @arg @ref RCC_PERIPHCLK_I2S3 I2S3 peripheral clock
 363:Drivers/STM32F1xx_HAL_Driver/Src/stm32f1xx_hal_rcc_ex.c ****   *            @arg @ref RCC_PERIPHCLK_I2S3 I2S3 peripheral clock
 364:Drivers/STM32F1xx_HAL_Driver/Src/stm32f1xx_hal_rcc_ex.c ****   *            @arg @ref RCC_PERIPHCLK_I2S2 I2S2 peripheral clock
 365:Drivers/STM32F1xx_HAL_Driver/Src/stm32f1xx_hal_rcc_ex.c ****   *            @arg @ref RCC_PERIPHCLK_USB  USB peripheral clock
 366:Drivers/STM32F1xx_HAL_Driver/Src/stm32f1xx_hal_rcc_ex.c ****   @endif
 367:Drivers/STM32F1xx_HAL_Driver/Src/stm32f1xx_hal_rcc_ex.c ****   @if STM32F107xC
 368:Drivers/STM32F1xx_HAL_Driver/Src/stm32f1xx_hal_rcc_ex.c ****   *            @arg @ref RCC_PERIPHCLK_I2S2 I2S2 peripheral clock
 369:Drivers/STM32F1xx_HAL_Driver/Src/stm32f1xx_hal_rcc_ex.c ****   *            @arg @ref RCC_PERIPHCLK_I2S3 I2S3 peripheral clock
 370:Drivers/STM32F1xx_HAL_Driver/Src/stm32f1xx_hal_rcc_ex.c ****   *            @arg @ref RCC_PERIPHCLK_I2S3 I2S3 peripheral clock
 371:Drivers/STM32F1xx_HAL_Driver/Src/stm32f1xx_hal_rcc_ex.c ****   *            @arg @ref RCC_PERIPHCLK_I2S2 I2S2 peripheral clock
 372:Drivers/STM32F1xx_HAL_Driver/Src/stm32f1xx_hal_rcc_ex.c ****   *            @arg @ref RCC_PERIPHCLK_I2S3 I2S3 peripheral clock
 373:Drivers/STM32F1xx_HAL_Driver/Src/stm32f1xx_hal_rcc_ex.c ****   *            @arg @ref RCC_PERIPHCLK_I2S3 I2S3 peripheral clock
 374:Drivers/STM32F1xx_HAL_Driver/Src/stm32f1xx_hal_rcc_ex.c ****   *            @arg @ref RCC_PERIPHCLK_I2S2 I2S2 peripheral clock
 375:Drivers/STM32F1xx_HAL_Driver/Src/stm32f1xx_hal_rcc_ex.c ****   *            @arg @ref RCC_PERIPHCLK_USB  USB peripheral clock
 376:Drivers/STM32F1xx_HAL_Driver/Src/stm32f1xx_hal_rcc_ex.c ****   @endif
 377:Drivers/STM32F1xx_HAL_Driver/Src/stm32f1xx_hal_rcc_ex.c ****   @if STM32F102xx
 378:Drivers/STM32F1xx_HAL_Driver/Src/stm32f1xx_hal_rcc_ex.c ****   *            @arg @ref RCC_PERIPHCLK_USB  USB peripheral clock
 379:Drivers/STM32F1xx_HAL_Driver/Src/stm32f1xx_hal_rcc_ex.c ****   @endif
 380:Drivers/STM32F1xx_HAL_Driver/Src/stm32f1xx_hal_rcc_ex.c ****   @if STM32F103xx
 381:Drivers/STM32F1xx_HAL_Driver/Src/stm32f1xx_hal_rcc_ex.c ****   *            @arg @ref RCC_PERIPHCLK_USB  USB peripheral clock
 382:Drivers/STM32F1xx_HAL_Driver/Src/stm32f1xx_hal_rcc_ex.c ****   @endif
 383:Drivers/STM32F1xx_HAL_Driver/Src/stm32f1xx_hal_rcc_ex.c ****   * @retval Frequency in Hz (0: means that no available frequency for the peripheral)
 384:Drivers/STM32F1xx_HAL_Driver/Src/stm32f1xx_hal_rcc_ex.c ****   */
 385:Drivers/STM32F1xx_HAL_Driver/Src/stm32f1xx_hal_rcc_ex.c **** uint32_t HAL_RCCEx_GetPeriphCLKFreq(uint32_t PeriphClk)
 386:Drivers/STM32F1xx_HAL_Driver/Src/stm32f1xx_hal_rcc_ex.c **** {
 327              		.loc 1 386 1 is_stmt 1 view -0
 328              		.cfi_startproc
 329              		@ args = 0, pretend = 0, frame = 0
 330              		@ frame_needed = 0, uses_anonymous_args = 0
 331              		.loc 1 386 1 is_stmt 0 view .LVU96
 332 0000 08B5     		push	{r3, lr}
 333              		.cfi_def_cfa_offset 8
 334              		.cfi_offset 3, -8
ARM GAS  /var/folders/t4/6192qx0n3zgdnvcwt906k_mw0000gn/T//ccTFrHDO.s 			page 14


 335              		.cfi_offset 14, -4
 387:Drivers/STM32F1xx_HAL_Driver/Src/stm32f1xx_hal_rcc_ex.c **** #if defined(STM32F105xC) || defined(STM32F107xC)
 388:Drivers/STM32F1xx_HAL_Driver/Src/stm32f1xx_hal_rcc_ex.c ****   static const uint8_t aPLLMULFactorTable[14U] = {0, 0, 4, 5, 6, 7, 8, 9, 0, 0, 0, 0, 0, 13};
 389:Drivers/STM32F1xx_HAL_Driver/Src/stm32f1xx_hal_rcc_ex.c ****   static const uint8_t aPredivFactorTable[16U] = {1, 2, 3, 4, 5, 6, 7, 8, 9, 10, 11, 12, 13, 14, 15
 390:Drivers/STM32F1xx_HAL_Driver/Src/stm32f1xx_hal_rcc_ex.c **** 
 391:Drivers/STM32F1xx_HAL_Driver/Src/stm32f1xx_hal_rcc_ex.c ****   uint32_t prediv1 = 0U, pllclk = 0U, pllmul = 0U;
 392:Drivers/STM32F1xx_HAL_Driver/Src/stm32f1xx_hal_rcc_ex.c ****   uint32_t pll2mul = 0U, pll3mul = 0U, prediv2 = 0U;
 393:Drivers/STM32F1xx_HAL_Driver/Src/stm32f1xx_hal_rcc_ex.c **** #endif /* STM32F105xC || STM32F107xC */
 394:Drivers/STM32F1xx_HAL_Driver/Src/stm32f1xx_hal_rcc_ex.c **** #if defined(STM32F102x6) || defined(STM32F102xB) || defined(STM32F103x6) || \
 395:Drivers/STM32F1xx_HAL_Driver/Src/stm32f1xx_hal_rcc_ex.c ****     defined(STM32F103xB) || defined(STM32F103xE) || defined(STM32F103xG)
 396:Drivers/STM32F1xx_HAL_Driver/Src/stm32f1xx_hal_rcc_ex.c ****   static const uint8_t aPLLMULFactorTable[16U] = {2, 3, 4, 5, 6, 7, 8, 9, 10, 11, 12, 13, 14, 15, 1
 397:Drivers/STM32F1xx_HAL_Driver/Src/stm32f1xx_hal_rcc_ex.c ****   static const uint8_t aPredivFactorTable[2U] = {1, 2};
 398:Drivers/STM32F1xx_HAL_Driver/Src/stm32f1xx_hal_rcc_ex.c **** 
 399:Drivers/STM32F1xx_HAL_Driver/Src/stm32f1xx_hal_rcc_ex.c ****   uint32_t prediv1 = 0U, pllclk = 0U, pllmul = 0U;
 400:Drivers/STM32F1xx_HAL_Driver/Src/stm32f1xx_hal_rcc_ex.c **** #endif /* STM32F102x6 || STM32F102xB || STM32F103x6 || STM32F103xB || STM32F103xE || STM32F103xG */
 401:Drivers/STM32F1xx_HAL_Driver/Src/stm32f1xx_hal_rcc_ex.c ****   uint32_t temp_reg = 0U, frequency = 0U;
 336              		.loc 1 401 3 is_stmt 1 view .LVU97
 337              	.LVL28:
 402:Drivers/STM32F1xx_HAL_Driver/Src/stm32f1xx_hal_rcc_ex.c **** 
 403:Drivers/STM32F1xx_HAL_Driver/Src/stm32f1xx_hal_rcc_ex.c ****   /* Check the parameters */
 404:Drivers/STM32F1xx_HAL_Driver/Src/stm32f1xx_hal_rcc_ex.c ****   assert_param(IS_RCC_PERIPHCLOCK(PeriphClk));
 338              		.loc 1 404 3 view .LVU98
 405:Drivers/STM32F1xx_HAL_Driver/Src/stm32f1xx_hal_rcc_ex.c **** 
 406:Drivers/STM32F1xx_HAL_Driver/Src/stm32f1xx_hal_rcc_ex.c ****   switch (PeriphClk)
 339              		.loc 1 406 3 view .LVU99
 340 0002 0128     		cmp	r0, #1
 341 0004 03D0     		beq	.L25
 342 0006 0228     		cmp	r0, #2
 343 0008 23D0     		beq	.L26
 344 000a 0020     		movs	r0, #0
 345              	.LVL29:
 346              		.loc 1 406 3 is_stmt 0 view .LVU100
 347 000c 2BE0     		b	.L24
 348              	.LVL30:
 349              	.L25:
 407:Drivers/STM32F1xx_HAL_Driver/Src/stm32f1xx_hal_rcc_ex.c ****   {
 408:Drivers/STM32F1xx_HAL_Driver/Src/stm32f1xx_hal_rcc_ex.c **** #if defined(STM32F102x6) || defined(STM32F102xB) || defined(STM32F103x6)\
 409:Drivers/STM32F1xx_HAL_Driver/Src/stm32f1xx_hal_rcc_ex.c ****  || defined(STM32F103xB) || defined(STM32F103xE) || defined(STM32F103xG)\
 410:Drivers/STM32F1xx_HAL_Driver/Src/stm32f1xx_hal_rcc_ex.c ****  || defined(STM32F105xC) || defined(STM32F107xC)
 411:Drivers/STM32F1xx_HAL_Driver/Src/stm32f1xx_hal_rcc_ex.c ****     case RCC_PERIPHCLK_USB:
 412:Drivers/STM32F1xx_HAL_Driver/Src/stm32f1xx_hal_rcc_ex.c ****     {
 413:Drivers/STM32F1xx_HAL_Driver/Src/stm32f1xx_hal_rcc_ex.c ****       /* Get RCC configuration ------------------------------------------------------*/
 414:Drivers/STM32F1xx_HAL_Driver/Src/stm32f1xx_hal_rcc_ex.c ****       temp_reg = RCC->CFGR;
 415:Drivers/STM32F1xx_HAL_Driver/Src/stm32f1xx_hal_rcc_ex.c **** 
 416:Drivers/STM32F1xx_HAL_Driver/Src/stm32f1xx_hal_rcc_ex.c ****       /* Check if PLL is enabled */
 417:Drivers/STM32F1xx_HAL_Driver/Src/stm32f1xx_hal_rcc_ex.c ****       if (HAL_IS_BIT_SET(RCC->CR, RCC_CR_PLLON))
 418:Drivers/STM32F1xx_HAL_Driver/Src/stm32f1xx_hal_rcc_ex.c ****       {
 419:Drivers/STM32F1xx_HAL_Driver/Src/stm32f1xx_hal_rcc_ex.c ****         pllmul = aPLLMULFactorTable[(uint32_t)(temp_reg & RCC_CFGR_PLLMULL) >> RCC_CFGR_PLLMULL_Pos
 420:Drivers/STM32F1xx_HAL_Driver/Src/stm32f1xx_hal_rcc_ex.c ****         if ((temp_reg & RCC_CFGR_PLLSRC) != RCC_PLLSOURCE_HSI_DIV2)
 421:Drivers/STM32F1xx_HAL_Driver/Src/stm32f1xx_hal_rcc_ex.c ****         {
 422:Drivers/STM32F1xx_HAL_Driver/Src/stm32f1xx_hal_rcc_ex.c **** #if defined(STM32F105xC) || defined(STM32F107xC) || defined(STM32F100xB)\
 423:Drivers/STM32F1xx_HAL_Driver/Src/stm32f1xx_hal_rcc_ex.c ****  || defined(STM32F100xE)
 424:Drivers/STM32F1xx_HAL_Driver/Src/stm32f1xx_hal_rcc_ex.c ****           prediv1 = aPredivFactorTable[(uint32_t)(RCC->CFGR2 & RCC_CFGR2_PREDIV1) >> RCC_CFGR2_PRED
 425:Drivers/STM32F1xx_HAL_Driver/Src/stm32f1xx_hal_rcc_ex.c **** #else
 426:Drivers/STM32F1xx_HAL_Driver/Src/stm32f1xx_hal_rcc_ex.c ****           prediv1 = aPredivFactorTable[(uint32_t)(RCC->CFGR & RCC_CFGR_PLLXTPRE) >> RCC_CFGR_PLLXTP
 427:Drivers/STM32F1xx_HAL_Driver/Src/stm32f1xx_hal_rcc_ex.c **** #endif /* STM32F105xC || STM32F107xC || STM32F100xB || STM32F100xE */
 428:Drivers/STM32F1xx_HAL_Driver/Src/stm32f1xx_hal_rcc_ex.c **** 
ARM GAS  /var/folders/t4/6192qx0n3zgdnvcwt906k_mw0000gn/T//ccTFrHDO.s 			page 15


 429:Drivers/STM32F1xx_HAL_Driver/Src/stm32f1xx_hal_rcc_ex.c **** #if defined(STM32F105xC) || defined(STM32F107xC)
 430:Drivers/STM32F1xx_HAL_Driver/Src/stm32f1xx_hal_rcc_ex.c ****           if (HAL_IS_BIT_SET(RCC->CFGR2, RCC_CFGR2_PREDIV1SRC))
 431:Drivers/STM32F1xx_HAL_Driver/Src/stm32f1xx_hal_rcc_ex.c ****           {
 432:Drivers/STM32F1xx_HAL_Driver/Src/stm32f1xx_hal_rcc_ex.c ****             /* PLL2 selected as Prediv1 source */
 433:Drivers/STM32F1xx_HAL_Driver/Src/stm32f1xx_hal_rcc_ex.c ****             /* PLLCLK = PLL2CLK / PREDIV1 * PLLMUL with PLL2CLK = HSE/PREDIV2 * PLL2MUL */
 434:Drivers/STM32F1xx_HAL_Driver/Src/stm32f1xx_hal_rcc_ex.c ****             prediv2 = ((RCC->CFGR2 & RCC_CFGR2_PREDIV2) >> RCC_CFGR2_PREDIV2_Pos) + 1;
 435:Drivers/STM32F1xx_HAL_Driver/Src/stm32f1xx_hal_rcc_ex.c ****             pll2mul = ((RCC->CFGR2 & RCC_CFGR2_PLL2MUL) >> RCC_CFGR2_PLL2MUL_Pos) + 2;
 436:Drivers/STM32F1xx_HAL_Driver/Src/stm32f1xx_hal_rcc_ex.c ****             pllclk = (uint32_t)((((HSE_VALUE / prediv2) * pll2mul) / prediv1) * pllmul);
 437:Drivers/STM32F1xx_HAL_Driver/Src/stm32f1xx_hal_rcc_ex.c ****           }
 438:Drivers/STM32F1xx_HAL_Driver/Src/stm32f1xx_hal_rcc_ex.c ****           else
 439:Drivers/STM32F1xx_HAL_Driver/Src/stm32f1xx_hal_rcc_ex.c ****           {
 440:Drivers/STM32F1xx_HAL_Driver/Src/stm32f1xx_hal_rcc_ex.c ****             /* HSE used as PLL clock source : PLLCLK = HSE/PREDIV1 * PLLMUL */
 441:Drivers/STM32F1xx_HAL_Driver/Src/stm32f1xx_hal_rcc_ex.c ****             pllclk = (uint32_t)((HSE_VALUE / prediv1) * pllmul);
 442:Drivers/STM32F1xx_HAL_Driver/Src/stm32f1xx_hal_rcc_ex.c ****           }
 443:Drivers/STM32F1xx_HAL_Driver/Src/stm32f1xx_hal_rcc_ex.c **** 
 444:Drivers/STM32F1xx_HAL_Driver/Src/stm32f1xx_hal_rcc_ex.c ****           /* If PLLMUL was set to 13 means that it was to cover the case PLLMUL 6.5 (avoid using fl
 445:Drivers/STM32F1xx_HAL_Driver/Src/stm32f1xx_hal_rcc_ex.c ****           /* In this case need to divide pllclk by 2 */
 446:Drivers/STM32F1xx_HAL_Driver/Src/stm32f1xx_hal_rcc_ex.c ****           if (pllmul == aPLLMULFactorTable[(uint32_t)(RCC_CFGR_PLLMULL6_5) >> RCC_CFGR_PLLMULL_Pos]
 447:Drivers/STM32F1xx_HAL_Driver/Src/stm32f1xx_hal_rcc_ex.c ****           {
 448:Drivers/STM32F1xx_HAL_Driver/Src/stm32f1xx_hal_rcc_ex.c ****             pllclk = pllclk / 2;
 449:Drivers/STM32F1xx_HAL_Driver/Src/stm32f1xx_hal_rcc_ex.c ****           }
 450:Drivers/STM32F1xx_HAL_Driver/Src/stm32f1xx_hal_rcc_ex.c **** #else
 451:Drivers/STM32F1xx_HAL_Driver/Src/stm32f1xx_hal_rcc_ex.c ****           if ((temp_reg & RCC_CFGR_PLLSRC) != RCC_PLLSOURCE_HSI_DIV2)
 452:Drivers/STM32F1xx_HAL_Driver/Src/stm32f1xx_hal_rcc_ex.c ****           {
 453:Drivers/STM32F1xx_HAL_Driver/Src/stm32f1xx_hal_rcc_ex.c ****             /* HSE used as PLL clock source : PLLCLK = HSE/PREDIV1 * PLLMUL */
 454:Drivers/STM32F1xx_HAL_Driver/Src/stm32f1xx_hal_rcc_ex.c ****             pllclk = (uint32_t)((HSE_VALUE / prediv1) * pllmul);
 455:Drivers/STM32F1xx_HAL_Driver/Src/stm32f1xx_hal_rcc_ex.c ****           }
 456:Drivers/STM32F1xx_HAL_Driver/Src/stm32f1xx_hal_rcc_ex.c **** #endif /* STM32F105xC || STM32F107xC */
 457:Drivers/STM32F1xx_HAL_Driver/Src/stm32f1xx_hal_rcc_ex.c ****         }
 458:Drivers/STM32F1xx_HAL_Driver/Src/stm32f1xx_hal_rcc_ex.c ****         else
 459:Drivers/STM32F1xx_HAL_Driver/Src/stm32f1xx_hal_rcc_ex.c ****         {
 460:Drivers/STM32F1xx_HAL_Driver/Src/stm32f1xx_hal_rcc_ex.c ****           /* HSI used as PLL clock source : PLLCLK = HSI/2 * PLLMUL */
 461:Drivers/STM32F1xx_HAL_Driver/Src/stm32f1xx_hal_rcc_ex.c ****           pllclk = (uint32_t)((HSI_VALUE >> 1) * pllmul);
 462:Drivers/STM32F1xx_HAL_Driver/Src/stm32f1xx_hal_rcc_ex.c ****         }
 463:Drivers/STM32F1xx_HAL_Driver/Src/stm32f1xx_hal_rcc_ex.c **** 
 464:Drivers/STM32F1xx_HAL_Driver/Src/stm32f1xx_hal_rcc_ex.c ****         /* Calcul of the USB frequency*/
 465:Drivers/STM32F1xx_HAL_Driver/Src/stm32f1xx_hal_rcc_ex.c **** #if defined(STM32F105xC) || defined(STM32F107xC)
 466:Drivers/STM32F1xx_HAL_Driver/Src/stm32f1xx_hal_rcc_ex.c ****         /* USBCLK = PLLVCO = (2 x PLLCLK) / USB prescaler */
 467:Drivers/STM32F1xx_HAL_Driver/Src/stm32f1xx_hal_rcc_ex.c ****         if (__HAL_RCC_GET_USB_SOURCE() == RCC_USBCLKSOURCE_PLL_DIV2)
 468:Drivers/STM32F1xx_HAL_Driver/Src/stm32f1xx_hal_rcc_ex.c ****         {
 469:Drivers/STM32F1xx_HAL_Driver/Src/stm32f1xx_hal_rcc_ex.c ****           /* Prescaler of 2 selected for USB */
 470:Drivers/STM32F1xx_HAL_Driver/Src/stm32f1xx_hal_rcc_ex.c ****           frequency = pllclk;
 471:Drivers/STM32F1xx_HAL_Driver/Src/stm32f1xx_hal_rcc_ex.c ****         }
 472:Drivers/STM32F1xx_HAL_Driver/Src/stm32f1xx_hal_rcc_ex.c ****         else
 473:Drivers/STM32F1xx_HAL_Driver/Src/stm32f1xx_hal_rcc_ex.c ****         {
 474:Drivers/STM32F1xx_HAL_Driver/Src/stm32f1xx_hal_rcc_ex.c ****           /* Prescaler of 3 selected for USB */
 475:Drivers/STM32F1xx_HAL_Driver/Src/stm32f1xx_hal_rcc_ex.c ****           frequency = (2 * pllclk) / 3;
 476:Drivers/STM32F1xx_HAL_Driver/Src/stm32f1xx_hal_rcc_ex.c ****         }
 477:Drivers/STM32F1xx_HAL_Driver/Src/stm32f1xx_hal_rcc_ex.c **** #else
 478:Drivers/STM32F1xx_HAL_Driver/Src/stm32f1xx_hal_rcc_ex.c ****         /* USBCLK = PLLCLK / USB prescaler */
 479:Drivers/STM32F1xx_HAL_Driver/Src/stm32f1xx_hal_rcc_ex.c ****         if (__HAL_RCC_GET_USB_SOURCE() == RCC_USBCLKSOURCE_PLL)
 480:Drivers/STM32F1xx_HAL_Driver/Src/stm32f1xx_hal_rcc_ex.c ****         {
 481:Drivers/STM32F1xx_HAL_Driver/Src/stm32f1xx_hal_rcc_ex.c ****           /* No prescaler selected for USB */
 482:Drivers/STM32F1xx_HAL_Driver/Src/stm32f1xx_hal_rcc_ex.c ****           frequency = pllclk;
 483:Drivers/STM32F1xx_HAL_Driver/Src/stm32f1xx_hal_rcc_ex.c ****         }
 484:Drivers/STM32F1xx_HAL_Driver/Src/stm32f1xx_hal_rcc_ex.c ****         else
 485:Drivers/STM32F1xx_HAL_Driver/Src/stm32f1xx_hal_rcc_ex.c ****         {
ARM GAS  /var/folders/t4/6192qx0n3zgdnvcwt906k_mw0000gn/T//ccTFrHDO.s 			page 16


 486:Drivers/STM32F1xx_HAL_Driver/Src/stm32f1xx_hal_rcc_ex.c ****           /* Prescaler of 1.5 selected for USB */
 487:Drivers/STM32F1xx_HAL_Driver/Src/stm32f1xx_hal_rcc_ex.c ****           frequency = (pllclk * 2) / 3;
 488:Drivers/STM32F1xx_HAL_Driver/Src/stm32f1xx_hal_rcc_ex.c ****         }
 489:Drivers/STM32F1xx_HAL_Driver/Src/stm32f1xx_hal_rcc_ex.c **** #endif
 490:Drivers/STM32F1xx_HAL_Driver/Src/stm32f1xx_hal_rcc_ex.c ****       }
 491:Drivers/STM32F1xx_HAL_Driver/Src/stm32f1xx_hal_rcc_ex.c ****       break;
 492:Drivers/STM32F1xx_HAL_Driver/Src/stm32f1xx_hal_rcc_ex.c ****     }
 493:Drivers/STM32F1xx_HAL_Driver/Src/stm32f1xx_hal_rcc_ex.c **** #endif /* STM32F102x6 || STM32F102xB || STM32F103x6 || STM32F103xB || STM32F103xE || STM32F103xG ||
 494:Drivers/STM32F1xx_HAL_Driver/Src/stm32f1xx_hal_rcc_ex.c **** #if defined(STM32F103xE) || defined(STM32F103xG) || defined(STM32F105xC) || defined(STM32F107xC)
 495:Drivers/STM32F1xx_HAL_Driver/Src/stm32f1xx_hal_rcc_ex.c ****     case RCC_PERIPHCLK_I2S2:
 496:Drivers/STM32F1xx_HAL_Driver/Src/stm32f1xx_hal_rcc_ex.c ****     {
 497:Drivers/STM32F1xx_HAL_Driver/Src/stm32f1xx_hal_rcc_ex.c **** #if defined(STM32F103xE) || defined(STM32F103xG)
 498:Drivers/STM32F1xx_HAL_Driver/Src/stm32f1xx_hal_rcc_ex.c ****       /* SYSCLK used as source clock for I2S2 */
 499:Drivers/STM32F1xx_HAL_Driver/Src/stm32f1xx_hal_rcc_ex.c ****       frequency = HAL_RCC_GetSysClockFreq();
 500:Drivers/STM32F1xx_HAL_Driver/Src/stm32f1xx_hal_rcc_ex.c **** #else
 501:Drivers/STM32F1xx_HAL_Driver/Src/stm32f1xx_hal_rcc_ex.c ****       if (__HAL_RCC_GET_I2S2_SOURCE() == RCC_I2S2CLKSOURCE_SYSCLK)
 502:Drivers/STM32F1xx_HAL_Driver/Src/stm32f1xx_hal_rcc_ex.c ****       {
 503:Drivers/STM32F1xx_HAL_Driver/Src/stm32f1xx_hal_rcc_ex.c ****         /* SYSCLK used as source clock for I2S2 */
 504:Drivers/STM32F1xx_HAL_Driver/Src/stm32f1xx_hal_rcc_ex.c ****         frequency = HAL_RCC_GetSysClockFreq();
 505:Drivers/STM32F1xx_HAL_Driver/Src/stm32f1xx_hal_rcc_ex.c ****       }
 506:Drivers/STM32F1xx_HAL_Driver/Src/stm32f1xx_hal_rcc_ex.c ****       else
 507:Drivers/STM32F1xx_HAL_Driver/Src/stm32f1xx_hal_rcc_ex.c ****       {
 508:Drivers/STM32F1xx_HAL_Driver/Src/stm32f1xx_hal_rcc_ex.c ****         /* Check if PLLI2S is enabled */
 509:Drivers/STM32F1xx_HAL_Driver/Src/stm32f1xx_hal_rcc_ex.c ****         if (HAL_IS_BIT_SET(RCC->CR, RCC_CR_PLL3ON))
 510:Drivers/STM32F1xx_HAL_Driver/Src/stm32f1xx_hal_rcc_ex.c ****         {
 511:Drivers/STM32F1xx_HAL_Driver/Src/stm32f1xx_hal_rcc_ex.c ****           /* PLLI2SVCO = 2 * PLLI2SCLK = 2 * (HSE/PREDIV2 * PLL3MUL) */
 512:Drivers/STM32F1xx_HAL_Driver/Src/stm32f1xx_hal_rcc_ex.c ****           prediv2 = ((RCC->CFGR2 & RCC_CFGR2_PREDIV2) >> RCC_CFGR2_PREDIV2_Pos) + 1;
 513:Drivers/STM32F1xx_HAL_Driver/Src/stm32f1xx_hal_rcc_ex.c ****           pll3mul = ((RCC->CFGR2 & RCC_CFGR2_PLL3MUL) >> RCC_CFGR2_PLL3MUL_Pos) + 2;
 514:Drivers/STM32F1xx_HAL_Driver/Src/stm32f1xx_hal_rcc_ex.c ****           frequency = (uint32_t)(2 * ((HSE_VALUE / prediv2) * pll3mul));
 515:Drivers/STM32F1xx_HAL_Driver/Src/stm32f1xx_hal_rcc_ex.c ****         }
 516:Drivers/STM32F1xx_HAL_Driver/Src/stm32f1xx_hal_rcc_ex.c ****       }
 517:Drivers/STM32F1xx_HAL_Driver/Src/stm32f1xx_hal_rcc_ex.c **** #endif /* STM32F103xE || STM32F103xG */
 518:Drivers/STM32F1xx_HAL_Driver/Src/stm32f1xx_hal_rcc_ex.c ****       break;
 519:Drivers/STM32F1xx_HAL_Driver/Src/stm32f1xx_hal_rcc_ex.c ****     }
 520:Drivers/STM32F1xx_HAL_Driver/Src/stm32f1xx_hal_rcc_ex.c ****     case RCC_PERIPHCLK_I2S3:
 521:Drivers/STM32F1xx_HAL_Driver/Src/stm32f1xx_hal_rcc_ex.c ****     {
 522:Drivers/STM32F1xx_HAL_Driver/Src/stm32f1xx_hal_rcc_ex.c **** #if defined(STM32F103xE) || defined(STM32F103xG)
 523:Drivers/STM32F1xx_HAL_Driver/Src/stm32f1xx_hal_rcc_ex.c ****       /* SYSCLK used as source clock for I2S3 */
 524:Drivers/STM32F1xx_HAL_Driver/Src/stm32f1xx_hal_rcc_ex.c ****       frequency = HAL_RCC_GetSysClockFreq();
 525:Drivers/STM32F1xx_HAL_Driver/Src/stm32f1xx_hal_rcc_ex.c **** #else
 526:Drivers/STM32F1xx_HAL_Driver/Src/stm32f1xx_hal_rcc_ex.c ****       if (__HAL_RCC_GET_I2S3_SOURCE() == RCC_I2S3CLKSOURCE_SYSCLK)
 527:Drivers/STM32F1xx_HAL_Driver/Src/stm32f1xx_hal_rcc_ex.c ****       {
 528:Drivers/STM32F1xx_HAL_Driver/Src/stm32f1xx_hal_rcc_ex.c ****         /* SYSCLK used as source clock for I2S3 */
 529:Drivers/STM32F1xx_HAL_Driver/Src/stm32f1xx_hal_rcc_ex.c ****         frequency = HAL_RCC_GetSysClockFreq();
 530:Drivers/STM32F1xx_HAL_Driver/Src/stm32f1xx_hal_rcc_ex.c ****       }
 531:Drivers/STM32F1xx_HAL_Driver/Src/stm32f1xx_hal_rcc_ex.c ****       else
 532:Drivers/STM32F1xx_HAL_Driver/Src/stm32f1xx_hal_rcc_ex.c ****       {
 533:Drivers/STM32F1xx_HAL_Driver/Src/stm32f1xx_hal_rcc_ex.c ****         /* Check if PLLI2S is enabled */
 534:Drivers/STM32F1xx_HAL_Driver/Src/stm32f1xx_hal_rcc_ex.c ****         if (HAL_IS_BIT_SET(RCC->CR, RCC_CR_PLL3ON))
 535:Drivers/STM32F1xx_HAL_Driver/Src/stm32f1xx_hal_rcc_ex.c ****         {
 536:Drivers/STM32F1xx_HAL_Driver/Src/stm32f1xx_hal_rcc_ex.c ****           /* PLLI2SVCO = 2 * PLLI2SCLK = 2 * (HSE/PREDIV2 * PLL3MUL) */
 537:Drivers/STM32F1xx_HAL_Driver/Src/stm32f1xx_hal_rcc_ex.c ****           prediv2 = ((RCC->CFGR2 & RCC_CFGR2_PREDIV2) >> RCC_CFGR2_PREDIV2_Pos) + 1;
 538:Drivers/STM32F1xx_HAL_Driver/Src/stm32f1xx_hal_rcc_ex.c ****           pll3mul = ((RCC->CFGR2 & RCC_CFGR2_PLL3MUL) >> RCC_CFGR2_PLL3MUL_Pos) + 2;
 539:Drivers/STM32F1xx_HAL_Driver/Src/stm32f1xx_hal_rcc_ex.c ****           frequency = (uint32_t)(2 * ((HSE_VALUE / prediv2) * pll3mul));
 540:Drivers/STM32F1xx_HAL_Driver/Src/stm32f1xx_hal_rcc_ex.c ****         }
 541:Drivers/STM32F1xx_HAL_Driver/Src/stm32f1xx_hal_rcc_ex.c ****       }
 542:Drivers/STM32F1xx_HAL_Driver/Src/stm32f1xx_hal_rcc_ex.c **** #endif /* STM32F103xE || STM32F103xG */
ARM GAS  /var/folders/t4/6192qx0n3zgdnvcwt906k_mw0000gn/T//ccTFrHDO.s 			page 17


 543:Drivers/STM32F1xx_HAL_Driver/Src/stm32f1xx_hal_rcc_ex.c ****       break;
 544:Drivers/STM32F1xx_HAL_Driver/Src/stm32f1xx_hal_rcc_ex.c ****     }
 545:Drivers/STM32F1xx_HAL_Driver/Src/stm32f1xx_hal_rcc_ex.c **** #endif /* STM32F103xE || STM32F103xG || STM32F105xC || STM32F107xC */
 546:Drivers/STM32F1xx_HAL_Driver/Src/stm32f1xx_hal_rcc_ex.c ****     case RCC_PERIPHCLK_RTC:
 547:Drivers/STM32F1xx_HAL_Driver/Src/stm32f1xx_hal_rcc_ex.c ****     {
 548:Drivers/STM32F1xx_HAL_Driver/Src/stm32f1xx_hal_rcc_ex.c ****       /* Get RCC BDCR configuration ------------------------------------------------------*/
 549:Drivers/STM32F1xx_HAL_Driver/Src/stm32f1xx_hal_rcc_ex.c ****       temp_reg = RCC->BDCR;
 350              		.loc 1 549 7 is_stmt 1 view .LVU101
 351              		.loc 1 549 16 is_stmt 0 view .LVU102
 352 000e 184B     		ldr	r3, .L36
 353 0010 1B6A     		ldr	r3, [r3, #32]
 354              	.LVL31:
 550:Drivers/STM32F1xx_HAL_Driver/Src/stm32f1xx_hal_rcc_ex.c **** 
 551:Drivers/STM32F1xx_HAL_Driver/Src/stm32f1xx_hal_rcc_ex.c ****       /* Check if LSE is ready if RTC clock selection is LSE */
 552:Drivers/STM32F1xx_HAL_Driver/Src/stm32f1xx_hal_rcc_ex.c ****       if (((temp_reg & RCC_BDCR_RTCSEL) == RCC_RTCCLKSOURCE_LSE) && (HAL_IS_BIT_SET(temp_reg, RCC_B
 355              		.loc 1 552 7 is_stmt 1 view .LVU103
 356              		.loc 1 552 66 is_stmt 0 view .LVU104
 357 0012 40F20232 		movw	r2, #770
 358 0016 1A40     		ands	r2, r2, r3
 359              		.loc 1 552 10 view .LVU105
 360 0018 B2F5817F 		cmp	r2, #258
 361 001c 24D0     		beq	.L29
 553:Drivers/STM32F1xx_HAL_Driver/Src/stm32f1xx_hal_rcc_ex.c ****       {
 554:Drivers/STM32F1xx_HAL_Driver/Src/stm32f1xx_hal_rcc_ex.c ****         frequency = LSE_VALUE;
 555:Drivers/STM32F1xx_HAL_Driver/Src/stm32f1xx_hal_rcc_ex.c ****       }
 556:Drivers/STM32F1xx_HAL_Driver/Src/stm32f1xx_hal_rcc_ex.c ****       /* Check if LSI is ready if RTC clock selection is LSI */
 557:Drivers/STM32F1xx_HAL_Driver/Src/stm32f1xx_hal_rcc_ex.c ****       else if (((temp_reg & RCC_BDCR_RTCSEL) == RCC_RTCCLKSOURCE_LSI) && (HAL_IS_BIT_SET(RCC->CSR, 
 362              		.loc 1 557 12 is_stmt 1 view .LVU106
 363              		.loc 1 557 27 is_stmt 0 view .LVU107
 364 001e 03F44073 		and	r3, r3, #768
 365              	.LVL32:
 366              		.loc 1 557 15 view .LVU108
 367 0022 B3F5007F 		cmp	r3, #512
 368 0026 04D0     		beq	.L34
 369              	.L28:
 558:Drivers/STM32F1xx_HAL_Driver/Src/stm32f1xx_hal_rcc_ex.c ****       {
 559:Drivers/STM32F1xx_HAL_Driver/Src/stm32f1xx_hal_rcc_ex.c ****         frequency = LSI_VALUE;
 560:Drivers/STM32F1xx_HAL_Driver/Src/stm32f1xx_hal_rcc_ex.c ****       }
 561:Drivers/STM32F1xx_HAL_Driver/Src/stm32f1xx_hal_rcc_ex.c ****       else if (((temp_reg & RCC_BDCR_RTCSEL) == RCC_RTCCLKSOURCE_HSE_DIV128) && (HAL_IS_BIT_SET(RCC
 370              		.loc 1 561 12 is_stmt 1 view .LVU109
 371              		.loc 1 561 15 is_stmt 0 view .LVU110
 372 0028 B3F5407F 		cmp	r3, #768
 373 002c 09D0     		beq	.L35
 401:Drivers/STM32F1xx_HAL_Driver/Src/stm32f1xx_hal_rcc_ex.c **** 
 374              		.loc 1 401 27 view .LVU111
 375 002e 0020     		movs	r0, #0
 376              	.LVL33:
 401:Drivers/STM32F1xx_HAL_Driver/Src/stm32f1xx_hal_rcc_ex.c **** 
 377              		.loc 1 401 27 view .LVU112
 378 0030 19E0     		b	.L24
 379              	.LVL34:
 380              	.L34:
 557:Drivers/STM32F1xx_HAL_Driver/Src/stm32f1xx_hal_rcc_ex.c ****       {
 381              		.loc 1 557 75 discriminator 1 view .LVU113
 382 0032 0F4A     		ldr	r2, .L36
 383 0034 526A     		ldr	r2, [r2, #36]
 557:Drivers/STM32F1xx_HAL_Driver/Src/stm32f1xx_hal_rcc_ex.c ****       {
ARM GAS  /var/folders/t4/6192qx0n3zgdnvcwt906k_mw0000gn/T//ccTFrHDO.s 			page 18


 384              		.loc 1 557 71 discriminator 1 view .LVU114
 385 0036 12F0020F 		tst	r2, #2
 386 003a F5D0     		beq	.L28
 559:Drivers/STM32F1xx_HAL_Driver/Src/stm32f1xx_hal_rcc_ex.c ****       }
 387              		.loc 1 559 19 view .LVU115
 388 003c 49F64040 		movw	r0, #40000
 389              	.LVL35:
 559:Drivers/STM32F1xx_HAL_Driver/Src/stm32f1xx_hal_rcc_ex.c ****       }
 390              		.loc 1 559 19 view .LVU116
 391 0040 11E0     		b	.L24
 392              	.LVL36:
 393              	.L35:
 394              		.loc 1 561 82 discriminator 1 view .LVU117
 395 0042 0B4B     		ldr	r3, .L36
 396 0044 1868     		ldr	r0, [r3]
 397              	.LVL37:
 398              		.loc 1 561 78 discriminator 1 view .LVU118
 399 0046 10F40030 		ands	r0, r0, #131072
 400 004a 0CD0     		beq	.L24
 562:Drivers/STM32F1xx_HAL_Driver/Src/stm32f1xx_hal_rcc_ex.c ****       {
 563:Drivers/STM32F1xx_HAL_Driver/Src/stm32f1xx_hal_rcc_ex.c ****         frequency = HSE_VALUE / 128U;
 401              		.loc 1 563 19 view .LVU119
 402 004c 4FF22440 		movw	r0, #62500
 403              	.LVL38:
 564:Drivers/STM32F1xx_HAL_Driver/Src/stm32f1xx_hal_rcc_ex.c ****       }
 565:Drivers/STM32F1xx_HAL_Driver/Src/stm32f1xx_hal_rcc_ex.c ****       /* Clock not enabled for RTC*/
 566:Drivers/STM32F1xx_HAL_Driver/Src/stm32f1xx_hal_rcc_ex.c ****       else
 567:Drivers/STM32F1xx_HAL_Driver/Src/stm32f1xx_hal_rcc_ex.c ****       {
 568:Drivers/STM32F1xx_HAL_Driver/Src/stm32f1xx_hal_rcc_ex.c ****         /* nothing to do: frequency already initialized to 0U */
 569:Drivers/STM32F1xx_HAL_Driver/Src/stm32f1xx_hal_rcc_ex.c ****       }
 570:Drivers/STM32F1xx_HAL_Driver/Src/stm32f1xx_hal_rcc_ex.c ****       break;
 571:Drivers/STM32F1xx_HAL_Driver/Src/stm32f1xx_hal_rcc_ex.c ****     }
 572:Drivers/STM32F1xx_HAL_Driver/Src/stm32f1xx_hal_rcc_ex.c ****     case RCC_PERIPHCLK_ADC:
 573:Drivers/STM32F1xx_HAL_Driver/Src/stm32f1xx_hal_rcc_ex.c ****     {
 574:Drivers/STM32F1xx_HAL_Driver/Src/stm32f1xx_hal_rcc_ex.c ****       frequency = HAL_RCC_GetPCLK2Freq() / (((__HAL_RCC_GET_ADC_SOURCE() >> RCC_CFGR_ADCPRE_Pos) + 
 575:Drivers/STM32F1xx_HAL_Driver/Src/stm32f1xx_hal_rcc_ex.c ****       break;
 576:Drivers/STM32F1xx_HAL_Driver/Src/stm32f1xx_hal_rcc_ex.c ****     }
 577:Drivers/STM32F1xx_HAL_Driver/Src/stm32f1xx_hal_rcc_ex.c ****     default:
 578:Drivers/STM32F1xx_HAL_Driver/Src/stm32f1xx_hal_rcc_ex.c ****     {
 579:Drivers/STM32F1xx_HAL_Driver/Src/stm32f1xx_hal_rcc_ex.c ****       break;
 580:Drivers/STM32F1xx_HAL_Driver/Src/stm32f1xx_hal_rcc_ex.c ****     }
 581:Drivers/STM32F1xx_HAL_Driver/Src/stm32f1xx_hal_rcc_ex.c ****   }
 582:Drivers/STM32F1xx_HAL_Driver/Src/stm32f1xx_hal_rcc_ex.c ****   return (frequency);
 404              		.loc 1 582 3 is_stmt 1 view .LVU120
 405              		.loc 1 582 10 is_stmt 0 view .LVU121
 406 0050 09E0     		b	.L24
 407              	.LVL39:
 408              	.L26:
 574:Drivers/STM32F1xx_HAL_Driver/Src/stm32f1xx_hal_rcc_ex.c ****       break;
 409              		.loc 1 574 7 is_stmt 1 view .LVU122
 574:Drivers/STM32F1xx_HAL_Driver/Src/stm32f1xx_hal_rcc_ex.c ****       break;
 410              		.loc 1 574 19 is_stmt 0 view .LVU123
 411 0052 FFF7FEFF 		bl	HAL_RCC_GetPCLK2Freq
 412              	.LVL40:
 574:Drivers/STM32F1xx_HAL_Driver/Src/stm32f1xx_hal_rcc_ex.c ****       break;
 413              		.loc 1 574 47 discriminator 1 view .LVU124
 414 0056 064B     		ldr	r3, .L36
ARM GAS  /var/folders/t4/6192qx0n3zgdnvcwt906k_mw0000gn/T//ccTFrHDO.s 			page 19


 415 0058 5B68     		ldr	r3, [r3, #4]
 574:Drivers/STM32F1xx_HAL_Driver/Src/stm32f1xx_hal_rcc_ex.c ****       break;
 416              		.loc 1 574 74 discriminator 1 view .LVU125
 417 005a C3F38133 		ubfx	r3, r3, #14, #2
 574:Drivers/STM32F1xx_HAL_Driver/Src/stm32f1xx_hal_rcc_ex.c ****       break;
 418              		.loc 1 574 98 discriminator 1 view .LVU126
 419 005e 0133     		adds	r3, r3, #1
 574:Drivers/STM32F1xx_HAL_Driver/Src/stm32f1xx_hal_rcc_ex.c ****       break;
 420              		.loc 1 574 103 discriminator 1 view .LVU127
 421 0060 5B00     		lsls	r3, r3, #1
 574:Drivers/STM32F1xx_HAL_Driver/Src/stm32f1xx_hal_rcc_ex.c ****       break;
 422              		.loc 1 574 17 discriminator 1 view .LVU128
 423 0062 B0FBF3F0 		udiv	r0, r0, r3
 424              	.LVL41:
 575:Drivers/STM32F1xx_HAL_Driver/Src/stm32f1xx_hal_rcc_ex.c ****     }
 425              		.loc 1 575 7 is_stmt 1 view .LVU129
 426              	.L24:
 583:Drivers/STM32F1xx_HAL_Driver/Src/stm32f1xx_hal_rcc_ex.c **** }
 427              		.loc 1 583 1 is_stmt 0 view .LVU130
 428 0066 08BD     		pop	{r3, pc}
 429              	.LVL42:
 430              	.L29:
 554:Drivers/STM32F1xx_HAL_Driver/Src/stm32f1xx_hal_rcc_ex.c ****       }
 431              		.loc 1 554 19 view .LVU131
 432 0068 4FF40040 		mov	r0, #32768
 433              	.LVL43:
 554:Drivers/STM32F1xx_HAL_Driver/Src/stm32f1xx_hal_rcc_ex.c ****       }
 434              		.loc 1 554 19 view .LVU132
 435 006c FBE7     		b	.L24
 436              	.L37:
 437 006e 00BF     		.align	2
 438              	.L36:
 439 0070 00100240 		.word	1073876992
 440              		.cfi_endproc
 441              	.LFE67:
 443              		.text
 444              	.Letext0:
 445              		.file 2 "/Users/kroko/Library/Application Support/Code/User/globalStorage/bmd.stm32-for-vscode/@xp
 446              		.file 3 "/Users/kroko/Library/Application Support/Code/User/globalStorage/bmd.stm32-for-vscode/@xp
 447              		.file 4 "Drivers/CMSIS/Device/ST/STM32F1xx/Include/stm32f100xb.h"
 448              		.file 5 "Drivers/CMSIS/Device/ST/STM32F1xx/Include/stm32f1xx.h"
 449              		.file 6 "Drivers/STM32F1xx_HAL_Driver/Inc/stm32f1xx_hal_def.h"
 450              		.file 7 "Drivers/STM32F1xx_HAL_Driver/Inc/stm32f1xx_hal_rcc_ex.h"
 451              		.file 8 "Drivers/STM32F1xx_HAL_Driver/Inc/stm32f1xx_hal_rcc.h"
 452              		.file 9 "Drivers/STM32F1xx_HAL_Driver/Inc/stm32f1xx_hal.h"
ARM GAS  /var/folders/t4/6192qx0n3zgdnvcwt906k_mw0000gn/T//ccTFrHDO.s 			page 20


DEFINED SYMBOLS
                            *ABS*:00000000 stm32f1xx_hal_rcc_ex.c
/var/folders/t4/6192qx0n3zgdnvcwt906k_mw0000gn/T//ccTFrHDO.s:19     .text.HAL_RCCEx_PeriphCLKConfig:00000000 $t
/var/folders/t4/6192qx0n3zgdnvcwt906k_mw0000gn/T//ccTFrHDO.s:25     .text.HAL_RCCEx_PeriphCLKConfig:00000000 HAL_RCCEx_PeriphCLKConfig
/var/folders/t4/6192qx0n3zgdnvcwt906k_mw0000gn/T//ccTFrHDO.s:260    .text.HAL_RCCEx_PeriphCLKConfig:000000f4 $d
/var/folders/t4/6192qx0n3zgdnvcwt906k_mw0000gn/T//ccTFrHDO.s:267    .text.HAL_RCCEx_GetPeriphCLKConfig:00000000 $t
/var/folders/t4/6192qx0n3zgdnvcwt906k_mw0000gn/T//ccTFrHDO.s:273    .text.HAL_RCCEx_GetPeriphCLKConfig:00000000 HAL_RCCEx_GetPeriphCLKConfig
/var/folders/t4/6192qx0n3zgdnvcwt906k_mw0000gn/T//ccTFrHDO.s:313    .text.HAL_RCCEx_GetPeriphCLKConfig:0000001c $d
/var/folders/t4/6192qx0n3zgdnvcwt906k_mw0000gn/T//ccTFrHDO.s:318    .text.HAL_RCCEx_GetPeriphCLKFreq:00000000 $t
/var/folders/t4/6192qx0n3zgdnvcwt906k_mw0000gn/T//ccTFrHDO.s:324    .text.HAL_RCCEx_GetPeriphCLKFreq:00000000 HAL_RCCEx_GetPeriphCLKFreq
/var/folders/t4/6192qx0n3zgdnvcwt906k_mw0000gn/T//ccTFrHDO.s:439    .text.HAL_RCCEx_GetPeriphCLKFreq:00000070 $d

UNDEFINED SYMBOLS
HAL_GetTick
HAL_RCC_GetPCLK2Freq
