ARM GAS  /var/folders/t4/6192qx0n3zgdnvcwt906k_mw0000gn/T//cc0HzaG7.s 			page 1


   1              		.cpu cortex-m3
   2              		.arch armv7-m
   3              		.fpu softvfp
   4              		.eabi_attribute 20, 1
   5              		.eabi_attribute 21, 1
   6              		.eabi_attribute 23, 3
   7              		.eabi_attribute 24, 1
   8              		.eabi_attribute 25, 1
   9              		.eabi_attribute 26, 1
  10              		.eabi_attribute 30, 1
  11              		.eabi_attribute 34, 1
  12              		.eabi_attribute 18, 4
  13              		.file	"stm32f1xx_hal.c"
  14              		.text
  15              	.Ltext0:
  16              		.cfi_sections	.debug_frame
  17              		.file 1 "Drivers/STM32F1xx_HAL_Driver/Src/stm32f1xx_hal.c"
  18              		.section	.text.HAL_MspInit,"ax",%progbits
  19              		.align	1
  20              		.weak	HAL_MspInit
  21              		.syntax unified
  22              		.thumb
  23              		.thumb_func
  25              	HAL_MspInit:
  26              	.LFB67:
   1:Drivers/STM32F1xx_HAL_Driver/Src/stm32f1xx_hal.c **** /**
   2:Drivers/STM32F1xx_HAL_Driver/Src/stm32f1xx_hal.c ****   ******************************************************************************
   3:Drivers/STM32F1xx_HAL_Driver/Src/stm32f1xx_hal.c ****   * @file    stm32f1xx_hal.c
   4:Drivers/STM32F1xx_HAL_Driver/Src/stm32f1xx_hal.c ****   * @author  MCD Application Team
   5:Drivers/STM32F1xx_HAL_Driver/Src/stm32f1xx_hal.c ****   * @brief   HAL module driver.
   6:Drivers/STM32F1xx_HAL_Driver/Src/stm32f1xx_hal.c ****   *          This is the common part of the HAL initialization
   7:Drivers/STM32F1xx_HAL_Driver/Src/stm32f1xx_hal.c ****   *
   8:Drivers/STM32F1xx_HAL_Driver/Src/stm32f1xx_hal.c ****   ******************************************************************************
   9:Drivers/STM32F1xx_HAL_Driver/Src/stm32f1xx_hal.c ****   * @attention
  10:Drivers/STM32F1xx_HAL_Driver/Src/stm32f1xx_hal.c ****   *
  11:Drivers/STM32F1xx_HAL_Driver/Src/stm32f1xx_hal.c ****   * Copyright (c) 2016 STMicroelectronics.
  12:Drivers/STM32F1xx_HAL_Driver/Src/stm32f1xx_hal.c ****   * All rights reserved.
  13:Drivers/STM32F1xx_HAL_Driver/Src/stm32f1xx_hal.c ****   *
  14:Drivers/STM32F1xx_HAL_Driver/Src/stm32f1xx_hal.c ****   * This software is licensed under terms that can be found in the LICENSE file
  15:Drivers/STM32F1xx_HAL_Driver/Src/stm32f1xx_hal.c ****   * in the root directory of this software component.
  16:Drivers/STM32F1xx_HAL_Driver/Src/stm32f1xx_hal.c ****   * If no LICENSE file comes with this software, it is provided AS-IS.
  17:Drivers/STM32F1xx_HAL_Driver/Src/stm32f1xx_hal.c ****   *
  18:Drivers/STM32F1xx_HAL_Driver/Src/stm32f1xx_hal.c ****   ******************************************************************************
  19:Drivers/STM32F1xx_HAL_Driver/Src/stm32f1xx_hal.c ****   @verbatim
  20:Drivers/STM32F1xx_HAL_Driver/Src/stm32f1xx_hal.c ****   ==============================================================================
  21:Drivers/STM32F1xx_HAL_Driver/Src/stm32f1xx_hal.c ****                      ##### How to use this driver #####
  22:Drivers/STM32F1xx_HAL_Driver/Src/stm32f1xx_hal.c ****   ==============================================================================
  23:Drivers/STM32F1xx_HAL_Driver/Src/stm32f1xx_hal.c ****     [..]
  24:Drivers/STM32F1xx_HAL_Driver/Src/stm32f1xx_hal.c ****     The common HAL driver contains a set of generic and common APIs that can be
  25:Drivers/STM32F1xx_HAL_Driver/Src/stm32f1xx_hal.c ****     used by the PPP peripheral drivers and the user to start using the HAL.
  26:Drivers/STM32F1xx_HAL_Driver/Src/stm32f1xx_hal.c ****     [..]
  27:Drivers/STM32F1xx_HAL_Driver/Src/stm32f1xx_hal.c ****     The HAL contains two APIs' categories:
  28:Drivers/STM32F1xx_HAL_Driver/Src/stm32f1xx_hal.c ****          (+) Common HAL APIs
  29:Drivers/STM32F1xx_HAL_Driver/Src/stm32f1xx_hal.c ****          (+) Services HAL APIs
  30:Drivers/STM32F1xx_HAL_Driver/Src/stm32f1xx_hal.c **** 
  31:Drivers/STM32F1xx_HAL_Driver/Src/stm32f1xx_hal.c ****   @endverbatim
  32:Drivers/STM32F1xx_HAL_Driver/Src/stm32f1xx_hal.c ****   ******************************************************************************
ARM GAS  /var/folders/t4/6192qx0n3zgdnvcwt906k_mw0000gn/T//cc0HzaG7.s 			page 2


  33:Drivers/STM32F1xx_HAL_Driver/Src/stm32f1xx_hal.c ****   */
  34:Drivers/STM32F1xx_HAL_Driver/Src/stm32f1xx_hal.c **** 
  35:Drivers/STM32F1xx_HAL_Driver/Src/stm32f1xx_hal.c **** /* Includes ------------------------------------------------------------------*/
  36:Drivers/STM32F1xx_HAL_Driver/Src/stm32f1xx_hal.c **** #include "stm32f1xx_hal.h"
  37:Drivers/STM32F1xx_HAL_Driver/Src/stm32f1xx_hal.c **** 
  38:Drivers/STM32F1xx_HAL_Driver/Src/stm32f1xx_hal.c **** /** @addtogroup STM32F1xx_HAL_Driver
  39:Drivers/STM32F1xx_HAL_Driver/Src/stm32f1xx_hal.c ****   * @{
  40:Drivers/STM32F1xx_HAL_Driver/Src/stm32f1xx_hal.c ****   */
  41:Drivers/STM32F1xx_HAL_Driver/Src/stm32f1xx_hal.c **** 
  42:Drivers/STM32F1xx_HAL_Driver/Src/stm32f1xx_hal.c **** /** @defgroup HAL HAL
  43:Drivers/STM32F1xx_HAL_Driver/Src/stm32f1xx_hal.c ****   * @brief HAL module driver.
  44:Drivers/STM32F1xx_HAL_Driver/Src/stm32f1xx_hal.c ****   * @{
  45:Drivers/STM32F1xx_HAL_Driver/Src/stm32f1xx_hal.c ****   */
  46:Drivers/STM32F1xx_HAL_Driver/Src/stm32f1xx_hal.c **** 
  47:Drivers/STM32F1xx_HAL_Driver/Src/stm32f1xx_hal.c **** #ifdef HAL_MODULE_ENABLED
  48:Drivers/STM32F1xx_HAL_Driver/Src/stm32f1xx_hal.c **** 
  49:Drivers/STM32F1xx_HAL_Driver/Src/stm32f1xx_hal.c **** /* Private typedef -----------------------------------------------------------*/
  50:Drivers/STM32F1xx_HAL_Driver/Src/stm32f1xx_hal.c **** /* Private define ------------------------------------------------------------*/
  51:Drivers/STM32F1xx_HAL_Driver/Src/stm32f1xx_hal.c **** 
  52:Drivers/STM32F1xx_HAL_Driver/Src/stm32f1xx_hal.c **** /** @defgroup HAL_Private_Constants HAL Private Constants
  53:Drivers/STM32F1xx_HAL_Driver/Src/stm32f1xx_hal.c ****   * @{
  54:Drivers/STM32F1xx_HAL_Driver/Src/stm32f1xx_hal.c ****   */
  55:Drivers/STM32F1xx_HAL_Driver/Src/stm32f1xx_hal.c **** /**
  56:Drivers/STM32F1xx_HAL_Driver/Src/stm32f1xx_hal.c ****  * @brief STM32F1xx HAL Driver version number
  57:Drivers/STM32F1xx_HAL_Driver/Src/stm32f1xx_hal.c ****    */
  58:Drivers/STM32F1xx_HAL_Driver/Src/stm32f1xx_hal.c **** #define __STM32F1xx_HAL_VERSION_MAIN   (0x01U) /*!< [31:24] main version */
  59:Drivers/STM32F1xx_HAL_Driver/Src/stm32f1xx_hal.c **** #define __STM32F1xx_HAL_VERSION_SUB1   (0x01U) /*!< [23:16] sub1 version */
  60:Drivers/STM32F1xx_HAL_Driver/Src/stm32f1xx_hal.c **** #define __STM32F1xx_HAL_VERSION_SUB2   (0x0AU) /*!< [15:8]  sub2 version */
  61:Drivers/STM32F1xx_HAL_Driver/Src/stm32f1xx_hal.c **** #define __STM32F1xx_HAL_VERSION_RC     (0x00U) /*!< [7:0]  release candidate */
  62:Drivers/STM32F1xx_HAL_Driver/Src/stm32f1xx_hal.c **** #define __STM32F1xx_HAL_VERSION         ((__STM32F1xx_HAL_VERSION_MAIN << 24)\
  63:Drivers/STM32F1xx_HAL_Driver/Src/stm32f1xx_hal.c ****                                         |(__STM32F1xx_HAL_VERSION_SUB1 << 16)\
  64:Drivers/STM32F1xx_HAL_Driver/Src/stm32f1xx_hal.c ****                                         |(__STM32F1xx_HAL_VERSION_SUB2 << 8 )\
  65:Drivers/STM32F1xx_HAL_Driver/Src/stm32f1xx_hal.c ****                                         |(__STM32F1xx_HAL_VERSION_RC))
  66:Drivers/STM32F1xx_HAL_Driver/Src/stm32f1xx_hal.c **** 
  67:Drivers/STM32F1xx_HAL_Driver/Src/stm32f1xx_hal.c **** #define IDCODE_DEVID_MASK    0x00000FFFU
  68:Drivers/STM32F1xx_HAL_Driver/Src/stm32f1xx_hal.c **** 
  69:Drivers/STM32F1xx_HAL_Driver/Src/stm32f1xx_hal.c **** /**
  70:Drivers/STM32F1xx_HAL_Driver/Src/stm32f1xx_hal.c ****   * @}
  71:Drivers/STM32F1xx_HAL_Driver/Src/stm32f1xx_hal.c ****   */
  72:Drivers/STM32F1xx_HAL_Driver/Src/stm32f1xx_hal.c **** 
  73:Drivers/STM32F1xx_HAL_Driver/Src/stm32f1xx_hal.c **** /* Private macro -------------------------------------------------------------*/
  74:Drivers/STM32F1xx_HAL_Driver/Src/stm32f1xx_hal.c **** /* Private variables ---------------------------------------------------------*/
  75:Drivers/STM32F1xx_HAL_Driver/Src/stm32f1xx_hal.c **** 
  76:Drivers/STM32F1xx_HAL_Driver/Src/stm32f1xx_hal.c **** /** @defgroup HAL_Private_Variables HAL Private Variables
  77:Drivers/STM32F1xx_HAL_Driver/Src/stm32f1xx_hal.c ****   * @{
  78:Drivers/STM32F1xx_HAL_Driver/Src/stm32f1xx_hal.c ****   */
  79:Drivers/STM32F1xx_HAL_Driver/Src/stm32f1xx_hal.c **** __IO uint32_t uwTick;
  80:Drivers/STM32F1xx_HAL_Driver/Src/stm32f1xx_hal.c **** uint32_t uwTickPrio   = (1UL << __NVIC_PRIO_BITS); /* Invalid PRIO */
  81:Drivers/STM32F1xx_HAL_Driver/Src/stm32f1xx_hal.c **** HAL_TickFreqTypeDef uwTickFreq = HAL_TICK_FREQ_DEFAULT;  /* 1KHz */
  82:Drivers/STM32F1xx_HAL_Driver/Src/stm32f1xx_hal.c **** /**
  83:Drivers/STM32F1xx_HAL_Driver/Src/stm32f1xx_hal.c ****   * @}
  84:Drivers/STM32F1xx_HAL_Driver/Src/stm32f1xx_hal.c ****   */
  85:Drivers/STM32F1xx_HAL_Driver/Src/stm32f1xx_hal.c **** /* Private function prototypes -----------------------------------------------*/
  86:Drivers/STM32F1xx_HAL_Driver/Src/stm32f1xx_hal.c **** /* Exported functions ---------------------------------------------------------*/
  87:Drivers/STM32F1xx_HAL_Driver/Src/stm32f1xx_hal.c **** 
  88:Drivers/STM32F1xx_HAL_Driver/Src/stm32f1xx_hal.c **** /** @defgroup HAL_Exported_Functions HAL Exported Functions
  89:Drivers/STM32F1xx_HAL_Driver/Src/stm32f1xx_hal.c ****   * @{
ARM GAS  /var/folders/t4/6192qx0n3zgdnvcwt906k_mw0000gn/T//cc0HzaG7.s 			page 3


  90:Drivers/STM32F1xx_HAL_Driver/Src/stm32f1xx_hal.c ****   */
  91:Drivers/STM32F1xx_HAL_Driver/Src/stm32f1xx_hal.c **** 
  92:Drivers/STM32F1xx_HAL_Driver/Src/stm32f1xx_hal.c **** /** @defgroup HAL_Exported_Functions_Group1 Initialization and de-initialization Functions
  93:Drivers/STM32F1xx_HAL_Driver/Src/stm32f1xx_hal.c ****  *  @brief    Initialization and de-initialization functions
  94:Drivers/STM32F1xx_HAL_Driver/Src/stm32f1xx_hal.c ****  *
  95:Drivers/STM32F1xx_HAL_Driver/Src/stm32f1xx_hal.c **** @verbatim
  96:Drivers/STM32F1xx_HAL_Driver/Src/stm32f1xx_hal.c ****  ===============================================================================
  97:Drivers/STM32F1xx_HAL_Driver/Src/stm32f1xx_hal.c ****               ##### Initialization and de-initialization functions #####
  98:Drivers/STM32F1xx_HAL_Driver/Src/stm32f1xx_hal.c ****  ===============================================================================
  99:Drivers/STM32F1xx_HAL_Driver/Src/stm32f1xx_hal.c ****    [..]  This section provides functions allowing to:
 100:Drivers/STM32F1xx_HAL_Driver/Src/stm32f1xx_hal.c ****       (+) Initializes the Flash interface, the NVIC allocation and initial clock
 101:Drivers/STM32F1xx_HAL_Driver/Src/stm32f1xx_hal.c ****           configuration. It initializes the systick also when timeout is needed
 102:Drivers/STM32F1xx_HAL_Driver/Src/stm32f1xx_hal.c ****           and the backup domain when enabled.
 103:Drivers/STM32F1xx_HAL_Driver/Src/stm32f1xx_hal.c ****       (+) de-Initializes common part of the HAL.
 104:Drivers/STM32F1xx_HAL_Driver/Src/stm32f1xx_hal.c ****       (+) Configure The time base source to have 1ms time base with a dedicated
 105:Drivers/STM32F1xx_HAL_Driver/Src/stm32f1xx_hal.c ****           Tick interrupt priority.
 106:Drivers/STM32F1xx_HAL_Driver/Src/stm32f1xx_hal.c ****         (++) SysTick timer is used by default as source of time base, but user
 107:Drivers/STM32F1xx_HAL_Driver/Src/stm32f1xx_hal.c ****              can eventually implement his proper time base source (a general purpose
 108:Drivers/STM32F1xx_HAL_Driver/Src/stm32f1xx_hal.c ****              timer for example or other time source), keeping in mind that Time base
 109:Drivers/STM32F1xx_HAL_Driver/Src/stm32f1xx_hal.c ****              duration should be kept 1ms since PPP_TIMEOUT_VALUEs are defined and
 110:Drivers/STM32F1xx_HAL_Driver/Src/stm32f1xx_hal.c ****              handled in milliseconds basis.
 111:Drivers/STM32F1xx_HAL_Driver/Src/stm32f1xx_hal.c ****         (++) Time base configuration function (HAL_InitTick ()) is called automatically
 112:Drivers/STM32F1xx_HAL_Driver/Src/stm32f1xx_hal.c ****              at the beginning of the program after reset by HAL_Init() or at any time
 113:Drivers/STM32F1xx_HAL_Driver/Src/stm32f1xx_hal.c ****              when clock is configured, by HAL_RCC_ClockConfig().
 114:Drivers/STM32F1xx_HAL_Driver/Src/stm32f1xx_hal.c ****         (++) Source of time base is configured  to generate interrupts at regular
 115:Drivers/STM32F1xx_HAL_Driver/Src/stm32f1xx_hal.c ****              time intervals. Care must be taken if HAL_Delay() is called from a
 116:Drivers/STM32F1xx_HAL_Driver/Src/stm32f1xx_hal.c ****              peripheral ISR process, the Tick interrupt line must have higher priority
 117:Drivers/STM32F1xx_HAL_Driver/Src/stm32f1xx_hal.c ****             (numerically lower) than the peripheral interrupt. Otherwise the caller
 118:Drivers/STM32F1xx_HAL_Driver/Src/stm32f1xx_hal.c ****             ISR process will be blocked.
 119:Drivers/STM32F1xx_HAL_Driver/Src/stm32f1xx_hal.c ****        (++) functions affecting time base configurations are declared as __weak
 120:Drivers/STM32F1xx_HAL_Driver/Src/stm32f1xx_hal.c ****              to make  override possible  in case of other  implementations in user file.
 121:Drivers/STM32F1xx_HAL_Driver/Src/stm32f1xx_hal.c **** @endverbatim
 122:Drivers/STM32F1xx_HAL_Driver/Src/stm32f1xx_hal.c ****   * @{
 123:Drivers/STM32F1xx_HAL_Driver/Src/stm32f1xx_hal.c ****   */
 124:Drivers/STM32F1xx_HAL_Driver/Src/stm32f1xx_hal.c **** 
 125:Drivers/STM32F1xx_HAL_Driver/Src/stm32f1xx_hal.c **** /**
 126:Drivers/STM32F1xx_HAL_Driver/Src/stm32f1xx_hal.c ****   * @brief  This function is used to initialize the HAL Library; it must be the first
 127:Drivers/STM32F1xx_HAL_Driver/Src/stm32f1xx_hal.c ****   *         instruction to be executed in the main program (before to call any other
 128:Drivers/STM32F1xx_HAL_Driver/Src/stm32f1xx_hal.c ****   *         HAL function), it performs the following:
 129:Drivers/STM32F1xx_HAL_Driver/Src/stm32f1xx_hal.c ****   *           Configure the Flash prefetch.
 130:Drivers/STM32F1xx_HAL_Driver/Src/stm32f1xx_hal.c ****   *           Configures the SysTick to generate an interrupt each 1 millisecond,
 131:Drivers/STM32F1xx_HAL_Driver/Src/stm32f1xx_hal.c ****   *           which is clocked by the HSI (at this stage, the clock is not yet
 132:Drivers/STM32F1xx_HAL_Driver/Src/stm32f1xx_hal.c ****   *           configured and thus the system is running from the internal HSI at 16 MHz).
 133:Drivers/STM32F1xx_HAL_Driver/Src/stm32f1xx_hal.c ****   *           Set NVIC Group Priority to 4.
 134:Drivers/STM32F1xx_HAL_Driver/Src/stm32f1xx_hal.c ****   *           Calls the HAL_MspInit() callback function defined in user file
 135:Drivers/STM32F1xx_HAL_Driver/Src/stm32f1xx_hal.c ****   *           "stm32f1xx_hal_msp.c" to do the global low level hardware initialization
 136:Drivers/STM32F1xx_HAL_Driver/Src/stm32f1xx_hal.c ****   *
 137:Drivers/STM32F1xx_HAL_Driver/Src/stm32f1xx_hal.c ****   * @note   SysTick is used as time base for the HAL_Delay() function, the application
 138:Drivers/STM32F1xx_HAL_Driver/Src/stm32f1xx_hal.c ****   *         need to ensure that the SysTick time base is always set to 1 millisecond
 139:Drivers/STM32F1xx_HAL_Driver/Src/stm32f1xx_hal.c ****   *         to have correct HAL operation.
 140:Drivers/STM32F1xx_HAL_Driver/Src/stm32f1xx_hal.c ****   * @retval HAL status
 141:Drivers/STM32F1xx_HAL_Driver/Src/stm32f1xx_hal.c ****   */
 142:Drivers/STM32F1xx_HAL_Driver/Src/stm32f1xx_hal.c **** HAL_StatusTypeDef HAL_Init(void)
 143:Drivers/STM32F1xx_HAL_Driver/Src/stm32f1xx_hal.c **** {
 144:Drivers/STM32F1xx_HAL_Driver/Src/stm32f1xx_hal.c ****   /* Configure Flash prefetch */
 145:Drivers/STM32F1xx_HAL_Driver/Src/stm32f1xx_hal.c **** #if (PREFETCH_ENABLE != 0)
 146:Drivers/STM32F1xx_HAL_Driver/Src/stm32f1xx_hal.c **** #if defined(STM32F101x6) || defined(STM32F101xB) || defined(STM32F101xE) || defined(STM32F101xG) ||
ARM GAS  /var/folders/t4/6192qx0n3zgdnvcwt906k_mw0000gn/T//cc0HzaG7.s 			page 4


 147:Drivers/STM32F1xx_HAL_Driver/Src/stm32f1xx_hal.c ****     defined(STM32F102x6) || defined(STM32F102xB) || \
 148:Drivers/STM32F1xx_HAL_Driver/Src/stm32f1xx_hal.c ****     defined(STM32F103x6) || defined(STM32F103xB) || defined(STM32F103xE) || defined(STM32F103xG) ||
 149:Drivers/STM32F1xx_HAL_Driver/Src/stm32f1xx_hal.c ****     defined(STM32F105xC) || defined(STM32F107xC)
 150:Drivers/STM32F1xx_HAL_Driver/Src/stm32f1xx_hal.c **** 
 151:Drivers/STM32F1xx_HAL_Driver/Src/stm32f1xx_hal.c ****   /* Prefetch buffer is not available on value line devices */
 152:Drivers/STM32F1xx_HAL_Driver/Src/stm32f1xx_hal.c ****   __HAL_FLASH_PREFETCH_BUFFER_ENABLE();
 153:Drivers/STM32F1xx_HAL_Driver/Src/stm32f1xx_hal.c **** #endif
 154:Drivers/STM32F1xx_HAL_Driver/Src/stm32f1xx_hal.c **** #endif /* PREFETCH_ENABLE */
 155:Drivers/STM32F1xx_HAL_Driver/Src/stm32f1xx_hal.c **** 
 156:Drivers/STM32F1xx_HAL_Driver/Src/stm32f1xx_hal.c ****   /* Set Interrupt Group Priority */
 157:Drivers/STM32F1xx_HAL_Driver/Src/stm32f1xx_hal.c ****   HAL_NVIC_SetPriorityGrouping(NVIC_PRIORITYGROUP_4);
 158:Drivers/STM32F1xx_HAL_Driver/Src/stm32f1xx_hal.c **** 
 159:Drivers/STM32F1xx_HAL_Driver/Src/stm32f1xx_hal.c ****   /* Use systick as time base source and configure 1ms tick (default clock after Reset is HSI) */
 160:Drivers/STM32F1xx_HAL_Driver/Src/stm32f1xx_hal.c ****   HAL_InitTick(TICK_INT_PRIORITY);
 161:Drivers/STM32F1xx_HAL_Driver/Src/stm32f1xx_hal.c **** 
 162:Drivers/STM32F1xx_HAL_Driver/Src/stm32f1xx_hal.c ****   /* Init the low level hardware */
 163:Drivers/STM32F1xx_HAL_Driver/Src/stm32f1xx_hal.c ****   HAL_MspInit();
 164:Drivers/STM32F1xx_HAL_Driver/Src/stm32f1xx_hal.c **** 
 165:Drivers/STM32F1xx_HAL_Driver/Src/stm32f1xx_hal.c ****   /* Return function status */
 166:Drivers/STM32F1xx_HAL_Driver/Src/stm32f1xx_hal.c ****   return HAL_OK;
 167:Drivers/STM32F1xx_HAL_Driver/Src/stm32f1xx_hal.c **** }
 168:Drivers/STM32F1xx_HAL_Driver/Src/stm32f1xx_hal.c **** 
 169:Drivers/STM32F1xx_HAL_Driver/Src/stm32f1xx_hal.c **** /**
 170:Drivers/STM32F1xx_HAL_Driver/Src/stm32f1xx_hal.c ****   * @brief This function de-Initializes common part of the HAL and stops the systick.
 171:Drivers/STM32F1xx_HAL_Driver/Src/stm32f1xx_hal.c ****   *        of time base.
 172:Drivers/STM32F1xx_HAL_Driver/Src/stm32f1xx_hal.c ****   * @note This function is optional.
 173:Drivers/STM32F1xx_HAL_Driver/Src/stm32f1xx_hal.c ****   * @retval HAL status
 174:Drivers/STM32F1xx_HAL_Driver/Src/stm32f1xx_hal.c ****   */
 175:Drivers/STM32F1xx_HAL_Driver/Src/stm32f1xx_hal.c **** HAL_StatusTypeDef HAL_DeInit(void)
 176:Drivers/STM32F1xx_HAL_Driver/Src/stm32f1xx_hal.c **** {
 177:Drivers/STM32F1xx_HAL_Driver/Src/stm32f1xx_hal.c ****   /* Reset of all peripherals */
 178:Drivers/STM32F1xx_HAL_Driver/Src/stm32f1xx_hal.c ****   __HAL_RCC_APB1_FORCE_RESET();
 179:Drivers/STM32F1xx_HAL_Driver/Src/stm32f1xx_hal.c ****   __HAL_RCC_APB1_RELEASE_RESET();
 180:Drivers/STM32F1xx_HAL_Driver/Src/stm32f1xx_hal.c **** 
 181:Drivers/STM32F1xx_HAL_Driver/Src/stm32f1xx_hal.c ****   __HAL_RCC_APB2_FORCE_RESET();
 182:Drivers/STM32F1xx_HAL_Driver/Src/stm32f1xx_hal.c ****   __HAL_RCC_APB2_RELEASE_RESET();
 183:Drivers/STM32F1xx_HAL_Driver/Src/stm32f1xx_hal.c **** 
 184:Drivers/STM32F1xx_HAL_Driver/Src/stm32f1xx_hal.c **** #if defined(STM32F105xC) || defined(STM32F107xC)
 185:Drivers/STM32F1xx_HAL_Driver/Src/stm32f1xx_hal.c ****   __HAL_RCC_AHB_FORCE_RESET();
 186:Drivers/STM32F1xx_HAL_Driver/Src/stm32f1xx_hal.c ****   __HAL_RCC_AHB_RELEASE_RESET();
 187:Drivers/STM32F1xx_HAL_Driver/Src/stm32f1xx_hal.c **** #endif
 188:Drivers/STM32F1xx_HAL_Driver/Src/stm32f1xx_hal.c **** 
 189:Drivers/STM32F1xx_HAL_Driver/Src/stm32f1xx_hal.c ****   /* De-Init the low level hardware */
 190:Drivers/STM32F1xx_HAL_Driver/Src/stm32f1xx_hal.c ****   HAL_MspDeInit();
 191:Drivers/STM32F1xx_HAL_Driver/Src/stm32f1xx_hal.c **** 
 192:Drivers/STM32F1xx_HAL_Driver/Src/stm32f1xx_hal.c ****   /* Return function status */
 193:Drivers/STM32F1xx_HAL_Driver/Src/stm32f1xx_hal.c ****   return HAL_OK;
 194:Drivers/STM32F1xx_HAL_Driver/Src/stm32f1xx_hal.c **** }
 195:Drivers/STM32F1xx_HAL_Driver/Src/stm32f1xx_hal.c **** 
 196:Drivers/STM32F1xx_HAL_Driver/Src/stm32f1xx_hal.c **** /**
 197:Drivers/STM32F1xx_HAL_Driver/Src/stm32f1xx_hal.c ****   * @brief  Initialize the MSP.
 198:Drivers/STM32F1xx_HAL_Driver/Src/stm32f1xx_hal.c ****   * @retval None
 199:Drivers/STM32F1xx_HAL_Driver/Src/stm32f1xx_hal.c ****   */
 200:Drivers/STM32F1xx_HAL_Driver/Src/stm32f1xx_hal.c **** __weak void HAL_MspInit(void)
 201:Drivers/STM32F1xx_HAL_Driver/Src/stm32f1xx_hal.c **** {
  27              		.loc 1 201 1 view -0
  28              		.cfi_startproc
ARM GAS  /var/folders/t4/6192qx0n3zgdnvcwt906k_mw0000gn/T//cc0HzaG7.s 			page 5


  29              		@ args = 0, pretend = 0, frame = 0
  30              		@ frame_needed = 0, uses_anonymous_args = 0
  31              		@ link register save eliminated.
 202:Drivers/STM32F1xx_HAL_Driver/Src/stm32f1xx_hal.c ****   /* NOTE : This function should not be modified, when the callback is needed,
 203:Drivers/STM32F1xx_HAL_Driver/Src/stm32f1xx_hal.c ****             the HAL_MspInit could be implemented in the user file
 204:Drivers/STM32F1xx_HAL_Driver/Src/stm32f1xx_hal.c ****    */
 205:Drivers/STM32F1xx_HAL_Driver/Src/stm32f1xx_hal.c **** }
  32              		.loc 1 205 1 view .LVU1
  33 0000 7047     		bx	lr
  34              		.cfi_endproc
  35              	.LFE67:
  37              		.section	.text.HAL_MspDeInit,"ax",%progbits
  38              		.align	1
  39              		.weak	HAL_MspDeInit
  40              		.syntax unified
  41              		.thumb
  42              		.thumb_func
  44              	HAL_MspDeInit:
  45              	.LFB68:
 206:Drivers/STM32F1xx_HAL_Driver/Src/stm32f1xx_hal.c **** 
 207:Drivers/STM32F1xx_HAL_Driver/Src/stm32f1xx_hal.c **** /**
 208:Drivers/STM32F1xx_HAL_Driver/Src/stm32f1xx_hal.c ****   * @brief  DeInitializes the MSP.
 209:Drivers/STM32F1xx_HAL_Driver/Src/stm32f1xx_hal.c ****   * @retval None
 210:Drivers/STM32F1xx_HAL_Driver/Src/stm32f1xx_hal.c ****   */
 211:Drivers/STM32F1xx_HAL_Driver/Src/stm32f1xx_hal.c **** __weak void HAL_MspDeInit(void)
 212:Drivers/STM32F1xx_HAL_Driver/Src/stm32f1xx_hal.c **** {
  46              		.loc 1 212 1 view -0
  47              		.cfi_startproc
  48              		@ args = 0, pretend = 0, frame = 0
  49              		@ frame_needed = 0, uses_anonymous_args = 0
  50              		@ link register save eliminated.
 213:Drivers/STM32F1xx_HAL_Driver/Src/stm32f1xx_hal.c ****   /* NOTE : This function should not be modified, when the callback is needed,
 214:Drivers/STM32F1xx_HAL_Driver/Src/stm32f1xx_hal.c ****             the HAL_MspDeInit could be implemented in the user file
 215:Drivers/STM32F1xx_HAL_Driver/Src/stm32f1xx_hal.c ****    */
 216:Drivers/STM32F1xx_HAL_Driver/Src/stm32f1xx_hal.c **** }
  51              		.loc 1 216 1 view .LVU3
  52 0000 7047     		bx	lr
  53              		.cfi_endproc
  54              	.LFE68:
  56              		.section	.text.HAL_DeInit,"ax",%progbits
  57              		.align	1
  58              		.global	HAL_DeInit
  59              		.syntax unified
  60              		.thumb
  61              		.thumb_func
  63              	HAL_DeInit:
  64              	.LFB66:
 176:Drivers/STM32F1xx_HAL_Driver/Src/stm32f1xx_hal.c ****   /* Reset of all peripherals */
  65              		.loc 1 176 1 view -0
  66              		.cfi_startproc
  67              		@ args = 0, pretend = 0, frame = 0
  68              		@ frame_needed = 0, uses_anonymous_args = 0
  69 0000 10B5     		push	{r4, lr}
  70              		.cfi_def_cfa_offset 8
  71              		.cfi_offset 4, -8
  72              		.cfi_offset 14, -4
 178:Drivers/STM32F1xx_HAL_Driver/Src/stm32f1xx_hal.c ****   __HAL_RCC_APB1_RELEASE_RESET();
ARM GAS  /var/folders/t4/6192qx0n3zgdnvcwt906k_mw0000gn/T//cc0HzaG7.s 			page 6


  73              		.loc 1 178 3 view .LVU5
  74 0002 064B     		ldr	r3, .L5
  75 0004 4FF0FF32 		mov	r2, #-1
  76 0008 1A61     		str	r2, [r3, #16]
 179:Drivers/STM32F1xx_HAL_Driver/Src/stm32f1xx_hal.c **** 
  77              		.loc 1 179 3 view .LVU6
  78 000a 0024     		movs	r4, #0
  79 000c 1C61     		str	r4, [r3, #16]
 181:Drivers/STM32F1xx_HAL_Driver/Src/stm32f1xx_hal.c ****   __HAL_RCC_APB2_RELEASE_RESET();
  80              		.loc 1 181 3 view .LVU7
  81 000e DA60     		str	r2, [r3, #12]
 182:Drivers/STM32F1xx_HAL_Driver/Src/stm32f1xx_hal.c **** 
  82              		.loc 1 182 3 view .LVU8
  83 0010 DC60     		str	r4, [r3, #12]
 190:Drivers/STM32F1xx_HAL_Driver/Src/stm32f1xx_hal.c **** 
  84              		.loc 1 190 3 view .LVU9
  85 0012 FFF7FEFF 		bl	HAL_MspDeInit
  86              	.LVL0:
 193:Drivers/STM32F1xx_HAL_Driver/Src/stm32f1xx_hal.c **** }
  87              		.loc 1 193 3 view .LVU10
 194:Drivers/STM32F1xx_HAL_Driver/Src/stm32f1xx_hal.c **** 
  88              		.loc 1 194 1 is_stmt 0 view .LVU11
  89 0016 2046     		mov	r0, r4
  90 0018 10BD     		pop	{r4, pc}
  91              	.L6:
  92 001a 00BF     		.align	2
  93              	.L5:
  94 001c 00100240 		.word	1073876992
  95              		.cfi_endproc
  96              	.LFE66:
  98              		.section	.text.HAL_InitTick,"ax",%progbits
  99              		.align	1
 100              		.weak	HAL_InitTick
 101              		.syntax unified
 102              		.thumb
 103              		.thumb_func
 105              	HAL_InitTick:
 106              	.LVL1:
 107              	.LFB69:
 217:Drivers/STM32F1xx_HAL_Driver/Src/stm32f1xx_hal.c **** 
 218:Drivers/STM32F1xx_HAL_Driver/Src/stm32f1xx_hal.c **** /**
 219:Drivers/STM32F1xx_HAL_Driver/Src/stm32f1xx_hal.c ****   * @brief This function configures the source of the time base.
 220:Drivers/STM32F1xx_HAL_Driver/Src/stm32f1xx_hal.c ****   *        The time source is configured  to have 1ms time base with a dedicated
 221:Drivers/STM32F1xx_HAL_Driver/Src/stm32f1xx_hal.c ****   *        Tick interrupt priority.
 222:Drivers/STM32F1xx_HAL_Driver/Src/stm32f1xx_hal.c ****   * @note This function is called  automatically at the beginning of program after
 223:Drivers/STM32F1xx_HAL_Driver/Src/stm32f1xx_hal.c ****   *       reset by HAL_Init() or at any time when clock is reconfigured  by HAL_RCC_ClockConfig().
 224:Drivers/STM32F1xx_HAL_Driver/Src/stm32f1xx_hal.c ****   * @note In the default implementation, SysTick timer is the source of time base.
 225:Drivers/STM32F1xx_HAL_Driver/Src/stm32f1xx_hal.c ****   *       It is used to generate interrupts at regular time intervals.
 226:Drivers/STM32F1xx_HAL_Driver/Src/stm32f1xx_hal.c ****   *       Care must be taken if HAL_Delay() is called from a peripheral ISR process,
 227:Drivers/STM32F1xx_HAL_Driver/Src/stm32f1xx_hal.c ****   *       The SysTick interrupt must have higher priority (numerically lower)
 228:Drivers/STM32F1xx_HAL_Driver/Src/stm32f1xx_hal.c ****   *       than the peripheral interrupt. Otherwise the caller ISR process will be blocked.
 229:Drivers/STM32F1xx_HAL_Driver/Src/stm32f1xx_hal.c ****   *       The function is declared as __weak  to be overwritten  in case of other
 230:Drivers/STM32F1xx_HAL_Driver/Src/stm32f1xx_hal.c ****   *       implementation  in user file.
 231:Drivers/STM32F1xx_HAL_Driver/Src/stm32f1xx_hal.c ****   * @param TickPriority Tick interrupt priority.
 232:Drivers/STM32F1xx_HAL_Driver/Src/stm32f1xx_hal.c ****   * @retval HAL status
 233:Drivers/STM32F1xx_HAL_Driver/Src/stm32f1xx_hal.c ****   */
 234:Drivers/STM32F1xx_HAL_Driver/Src/stm32f1xx_hal.c **** __weak HAL_StatusTypeDef HAL_InitTick(uint32_t TickPriority)
ARM GAS  /var/folders/t4/6192qx0n3zgdnvcwt906k_mw0000gn/T//cc0HzaG7.s 			page 7


 235:Drivers/STM32F1xx_HAL_Driver/Src/stm32f1xx_hal.c **** {
 108              		.loc 1 235 1 is_stmt 1 view -0
 109              		.cfi_startproc
 110              		@ args = 0, pretend = 0, frame = 0
 111              		@ frame_needed = 0, uses_anonymous_args = 0
 112              		.loc 1 235 1 is_stmt 0 view .LVU13
 113 0000 10B5     		push	{r4, lr}
 114              		.cfi_def_cfa_offset 8
 115              		.cfi_offset 4, -8
 116              		.cfi_offset 14, -4
 117 0002 0446     		mov	r4, r0
 236:Drivers/STM32F1xx_HAL_Driver/Src/stm32f1xx_hal.c ****   /* Configure the SysTick to have interrupt in 1ms time basis*/
 237:Drivers/STM32F1xx_HAL_Driver/Src/stm32f1xx_hal.c ****   if (HAL_SYSTICK_Config(SystemCoreClock / (1000U / uwTickFreq)) > 0U)
 118              		.loc 1 237 3 is_stmt 1 view .LVU14
 119              		.loc 1 237 51 is_stmt 0 view .LVU15
 120 0004 0E4B     		ldr	r3, .L13
 121 0006 1A78     		ldrb	r2, [r3]	@ zero_extendqisi2
 122 0008 4FF47A73 		mov	r3, #1000
 123 000c B3FBF2F3 		udiv	r3, r3, r2
 124              		.loc 1 237 7 view .LVU16
 125 0010 0C4A     		ldr	r2, .L13+4
 126 0012 1068     		ldr	r0, [r2]
 127              	.LVL2:
 128              		.loc 1 237 7 view .LVU17
 129 0014 B0FBF3F0 		udiv	r0, r0, r3
 130 0018 FFF7FEFF 		bl	HAL_SYSTICK_Config
 131              	.LVL3:
 132              		.loc 1 237 6 discriminator 1 view .LVU18
 133 001c 68B9     		cbnz	r0, .L9
 238:Drivers/STM32F1xx_HAL_Driver/Src/stm32f1xx_hal.c ****   {
 239:Drivers/STM32F1xx_HAL_Driver/Src/stm32f1xx_hal.c ****     return HAL_ERROR;
 240:Drivers/STM32F1xx_HAL_Driver/Src/stm32f1xx_hal.c ****   }
 241:Drivers/STM32F1xx_HAL_Driver/Src/stm32f1xx_hal.c **** 
 242:Drivers/STM32F1xx_HAL_Driver/Src/stm32f1xx_hal.c ****   /* Configure the SysTick IRQ priority */
 243:Drivers/STM32F1xx_HAL_Driver/Src/stm32f1xx_hal.c ****   if (TickPriority < (1UL << __NVIC_PRIO_BITS))
 134              		.loc 1 243 3 is_stmt 1 view .LVU19
 135              		.loc 1 243 6 is_stmt 0 view .LVU20
 136 001e 0F2C     		cmp	r4, #15
 137 0020 01D9     		bls	.L12
 244:Drivers/STM32F1xx_HAL_Driver/Src/stm32f1xx_hal.c ****   {
 245:Drivers/STM32F1xx_HAL_Driver/Src/stm32f1xx_hal.c ****     HAL_NVIC_SetPriority(SysTick_IRQn, TickPriority, 0U);
 246:Drivers/STM32F1xx_HAL_Driver/Src/stm32f1xx_hal.c ****     uwTickPrio = TickPriority;
 247:Drivers/STM32F1xx_HAL_Driver/Src/stm32f1xx_hal.c ****   }
 248:Drivers/STM32F1xx_HAL_Driver/Src/stm32f1xx_hal.c ****   else
 249:Drivers/STM32F1xx_HAL_Driver/Src/stm32f1xx_hal.c ****   {
 250:Drivers/STM32F1xx_HAL_Driver/Src/stm32f1xx_hal.c ****     return HAL_ERROR;
 138              		.loc 1 250 12 view .LVU21
 139 0022 0120     		movs	r0, #1
 140 0024 0AE0     		b	.L8
 141              	.L12:
 245:Drivers/STM32F1xx_HAL_Driver/Src/stm32f1xx_hal.c ****     uwTickPrio = TickPriority;
 142              		.loc 1 245 5 is_stmt 1 view .LVU22
 143 0026 0022     		movs	r2, #0
 144 0028 2146     		mov	r1, r4
 145 002a 4FF0FF30 		mov	r0, #-1
 146 002e FFF7FEFF 		bl	HAL_NVIC_SetPriority
 147              	.LVL4:
ARM GAS  /var/folders/t4/6192qx0n3zgdnvcwt906k_mw0000gn/T//cc0HzaG7.s 			page 8


 246:Drivers/STM32F1xx_HAL_Driver/Src/stm32f1xx_hal.c ****   }
 148              		.loc 1 246 5 view .LVU23
 246:Drivers/STM32F1xx_HAL_Driver/Src/stm32f1xx_hal.c ****   }
 149              		.loc 1 246 16 is_stmt 0 view .LVU24
 150 0032 054B     		ldr	r3, .L13+8
 151 0034 1C60     		str	r4, [r3]
 251:Drivers/STM32F1xx_HAL_Driver/Src/stm32f1xx_hal.c ****   }
 252:Drivers/STM32F1xx_HAL_Driver/Src/stm32f1xx_hal.c **** 
 253:Drivers/STM32F1xx_HAL_Driver/Src/stm32f1xx_hal.c ****   /* Return function status */
 254:Drivers/STM32F1xx_HAL_Driver/Src/stm32f1xx_hal.c ****   return HAL_OK;
 152              		.loc 1 254 3 is_stmt 1 view .LVU25
 153              		.loc 1 254 10 is_stmt 0 view .LVU26
 154 0036 0020     		movs	r0, #0
 155 0038 00E0     		b	.L8
 156              	.L9:
 239:Drivers/STM32F1xx_HAL_Driver/Src/stm32f1xx_hal.c ****   }
 157              		.loc 1 239 12 view .LVU27
 158 003a 0120     		movs	r0, #1
 159              	.L8:
 255:Drivers/STM32F1xx_HAL_Driver/Src/stm32f1xx_hal.c **** }
 160              		.loc 1 255 1 view .LVU28
 161 003c 10BD     		pop	{r4, pc}
 162              	.LVL5:
 163              	.L14:
 164              		.loc 1 255 1 view .LVU29
 165 003e 00BF     		.align	2
 166              	.L13:
 167 0040 00000000 		.word	uwTickFreq
 168 0044 00000000 		.word	SystemCoreClock
 169 0048 00000000 		.word	uwTickPrio
 170              		.cfi_endproc
 171              	.LFE69:
 173              		.section	.text.HAL_Init,"ax",%progbits
 174              		.align	1
 175              		.global	HAL_Init
 176              		.syntax unified
 177              		.thumb
 178              		.thumb_func
 180              	HAL_Init:
 181              	.LFB65:
 143:Drivers/STM32F1xx_HAL_Driver/Src/stm32f1xx_hal.c ****   /* Configure Flash prefetch */
 182              		.loc 1 143 1 is_stmt 1 view -0
 183              		.cfi_startproc
 184              		@ args = 0, pretend = 0, frame = 0
 185              		@ frame_needed = 0, uses_anonymous_args = 0
 186 0000 08B5     		push	{r3, lr}
 187              		.cfi_def_cfa_offset 8
 188              		.cfi_offset 3, -8
 189              		.cfi_offset 14, -4
 157:Drivers/STM32F1xx_HAL_Driver/Src/stm32f1xx_hal.c **** 
 190              		.loc 1 157 3 view .LVU31
 191 0002 0320     		movs	r0, #3
 192 0004 FFF7FEFF 		bl	HAL_NVIC_SetPriorityGrouping
 193              	.LVL6:
 160:Drivers/STM32F1xx_HAL_Driver/Src/stm32f1xx_hal.c **** 
 194              		.loc 1 160 3 view .LVU32
 195 0008 0F20     		movs	r0, #15
ARM GAS  /var/folders/t4/6192qx0n3zgdnvcwt906k_mw0000gn/T//cc0HzaG7.s 			page 9


 196 000a FFF7FEFF 		bl	HAL_InitTick
 197              	.LVL7:
 163:Drivers/STM32F1xx_HAL_Driver/Src/stm32f1xx_hal.c **** 
 198              		.loc 1 163 3 view .LVU33
 199 000e FFF7FEFF 		bl	HAL_MspInit
 200              	.LVL8:
 166:Drivers/STM32F1xx_HAL_Driver/Src/stm32f1xx_hal.c **** }
 201              		.loc 1 166 3 view .LVU34
 167:Drivers/STM32F1xx_HAL_Driver/Src/stm32f1xx_hal.c **** 
 202              		.loc 1 167 1 is_stmt 0 view .LVU35
 203 0012 0020     		movs	r0, #0
 204 0014 08BD     		pop	{r3, pc}
 205              		.cfi_endproc
 206              	.LFE65:
 208              		.section	.text.HAL_IncTick,"ax",%progbits
 209              		.align	1
 210              		.weak	HAL_IncTick
 211              		.syntax unified
 212              		.thumb
 213              		.thumb_func
 215              	HAL_IncTick:
 216              	.LFB70:
 256:Drivers/STM32F1xx_HAL_Driver/Src/stm32f1xx_hal.c **** 
 257:Drivers/STM32F1xx_HAL_Driver/Src/stm32f1xx_hal.c **** /**
 258:Drivers/STM32F1xx_HAL_Driver/Src/stm32f1xx_hal.c ****   * @}
 259:Drivers/STM32F1xx_HAL_Driver/Src/stm32f1xx_hal.c ****   */
 260:Drivers/STM32F1xx_HAL_Driver/Src/stm32f1xx_hal.c **** 
 261:Drivers/STM32F1xx_HAL_Driver/Src/stm32f1xx_hal.c **** /** @defgroup HAL_Exported_Functions_Group2 HAL Control functions
 262:Drivers/STM32F1xx_HAL_Driver/Src/stm32f1xx_hal.c ****   *  @brief    HAL Control functions
 263:Drivers/STM32F1xx_HAL_Driver/Src/stm32f1xx_hal.c ****   *
 264:Drivers/STM32F1xx_HAL_Driver/Src/stm32f1xx_hal.c **** @verbatim
 265:Drivers/STM32F1xx_HAL_Driver/Src/stm32f1xx_hal.c ****  ===============================================================================
 266:Drivers/STM32F1xx_HAL_Driver/Src/stm32f1xx_hal.c ****                       ##### HAL Control functions #####
 267:Drivers/STM32F1xx_HAL_Driver/Src/stm32f1xx_hal.c ****  ===============================================================================
 268:Drivers/STM32F1xx_HAL_Driver/Src/stm32f1xx_hal.c ****     [..]  This section provides functions allowing to:
 269:Drivers/STM32F1xx_HAL_Driver/Src/stm32f1xx_hal.c ****       (+) Provide a tick value in millisecond
 270:Drivers/STM32F1xx_HAL_Driver/Src/stm32f1xx_hal.c ****       (+) Provide a blocking delay in millisecond
 271:Drivers/STM32F1xx_HAL_Driver/Src/stm32f1xx_hal.c ****       (+) Suspend the time base source interrupt
 272:Drivers/STM32F1xx_HAL_Driver/Src/stm32f1xx_hal.c ****       (+) Resume the time base source interrupt
 273:Drivers/STM32F1xx_HAL_Driver/Src/stm32f1xx_hal.c ****       (+) Get the HAL API driver version
 274:Drivers/STM32F1xx_HAL_Driver/Src/stm32f1xx_hal.c ****       (+) Get the device identifier
 275:Drivers/STM32F1xx_HAL_Driver/Src/stm32f1xx_hal.c ****       (+) Get the device revision identifier
 276:Drivers/STM32F1xx_HAL_Driver/Src/stm32f1xx_hal.c ****       (+) Enable/Disable Debug module during SLEEP mode
 277:Drivers/STM32F1xx_HAL_Driver/Src/stm32f1xx_hal.c ****       (+) Enable/Disable Debug module during STOP mode
 278:Drivers/STM32F1xx_HAL_Driver/Src/stm32f1xx_hal.c ****       (+) Enable/Disable Debug module during STANDBY mode
 279:Drivers/STM32F1xx_HAL_Driver/Src/stm32f1xx_hal.c **** 
 280:Drivers/STM32F1xx_HAL_Driver/Src/stm32f1xx_hal.c **** @endverbatim
 281:Drivers/STM32F1xx_HAL_Driver/Src/stm32f1xx_hal.c ****   * @{
 282:Drivers/STM32F1xx_HAL_Driver/Src/stm32f1xx_hal.c ****   */
 283:Drivers/STM32F1xx_HAL_Driver/Src/stm32f1xx_hal.c **** 
 284:Drivers/STM32F1xx_HAL_Driver/Src/stm32f1xx_hal.c **** /**
 285:Drivers/STM32F1xx_HAL_Driver/Src/stm32f1xx_hal.c ****   * @brief This function is called to increment  a global variable "uwTick"
 286:Drivers/STM32F1xx_HAL_Driver/Src/stm32f1xx_hal.c ****   *        used as application time base.
 287:Drivers/STM32F1xx_HAL_Driver/Src/stm32f1xx_hal.c ****   * @note In the default implementation, this variable is incremented each 1ms
 288:Drivers/STM32F1xx_HAL_Driver/Src/stm32f1xx_hal.c ****   *       in SysTick ISR.
 289:Drivers/STM32F1xx_HAL_Driver/Src/stm32f1xx_hal.c ****   * @note This function is declared as __weak to be overwritten in case of other
 290:Drivers/STM32F1xx_HAL_Driver/Src/stm32f1xx_hal.c ****   *      implementations in user file.
ARM GAS  /var/folders/t4/6192qx0n3zgdnvcwt906k_mw0000gn/T//cc0HzaG7.s 			page 10


 291:Drivers/STM32F1xx_HAL_Driver/Src/stm32f1xx_hal.c ****   * @retval None
 292:Drivers/STM32F1xx_HAL_Driver/Src/stm32f1xx_hal.c ****   */
 293:Drivers/STM32F1xx_HAL_Driver/Src/stm32f1xx_hal.c **** __weak void HAL_IncTick(void)
 294:Drivers/STM32F1xx_HAL_Driver/Src/stm32f1xx_hal.c **** {
 217              		.loc 1 294 1 is_stmt 1 view -0
 218              		.cfi_startproc
 219              		@ args = 0, pretend = 0, frame = 0
 220              		@ frame_needed = 0, uses_anonymous_args = 0
 221              		@ link register save eliminated.
 295:Drivers/STM32F1xx_HAL_Driver/Src/stm32f1xx_hal.c ****   uwTick += uwTickFreq;
 222              		.loc 1 295 3 view .LVU37
 223              		.loc 1 295 10 is_stmt 0 view .LVU38
 224 0000 034A     		ldr	r2, .L18
 225 0002 1168     		ldr	r1, [r2]
 226 0004 034B     		ldr	r3, .L18+4
 227 0006 1B78     		ldrb	r3, [r3]	@ zero_extendqisi2
 228 0008 0B44     		add	r3, r3, r1
 229 000a 1360     		str	r3, [r2]
 296:Drivers/STM32F1xx_HAL_Driver/Src/stm32f1xx_hal.c **** }
 230              		.loc 1 296 1 view .LVU39
 231 000c 7047     		bx	lr
 232              	.L19:
 233 000e 00BF     		.align	2
 234              	.L18:
 235 0010 00000000 		.word	uwTick
 236 0014 00000000 		.word	uwTickFreq
 237              		.cfi_endproc
 238              	.LFE70:
 240              		.section	.text.HAL_GetTick,"ax",%progbits
 241              		.align	1
 242              		.weak	HAL_GetTick
 243              		.syntax unified
 244              		.thumb
 245              		.thumb_func
 247              	HAL_GetTick:
 248              	.LFB71:
 297:Drivers/STM32F1xx_HAL_Driver/Src/stm32f1xx_hal.c **** 
 298:Drivers/STM32F1xx_HAL_Driver/Src/stm32f1xx_hal.c **** /**
 299:Drivers/STM32F1xx_HAL_Driver/Src/stm32f1xx_hal.c ****   * @brief Provides a tick value in millisecond.
 300:Drivers/STM32F1xx_HAL_Driver/Src/stm32f1xx_hal.c ****   * @note  This function is declared as __weak to be overwritten in case of other
 301:Drivers/STM32F1xx_HAL_Driver/Src/stm32f1xx_hal.c ****   *       implementations in user file.
 302:Drivers/STM32F1xx_HAL_Driver/Src/stm32f1xx_hal.c ****   * @retval tick value
 303:Drivers/STM32F1xx_HAL_Driver/Src/stm32f1xx_hal.c ****   */
 304:Drivers/STM32F1xx_HAL_Driver/Src/stm32f1xx_hal.c **** __weak uint32_t HAL_GetTick(void)
 305:Drivers/STM32F1xx_HAL_Driver/Src/stm32f1xx_hal.c **** {
 249              		.loc 1 305 1 is_stmt 1 view -0
 250              		.cfi_startproc
 251              		@ args = 0, pretend = 0, frame = 0
 252              		@ frame_needed = 0, uses_anonymous_args = 0
 253              		@ link register save eliminated.
 306:Drivers/STM32F1xx_HAL_Driver/Src/stm32f1xx_hal.c ****   return uwTick;
 254              		.loc 1 306 3 view .LVU41
 255              		.loc 1 306 10 is_stmt 0 view .LVU42
 256 0000 014B     		ldr	r3, .L21
 257 0002 1868     		ldr	r0, [r3]
 307:Drivers/STM32F1xx_HAL_Driver/Src/stm32f1xx_hal.c **** }
 258              		.loc 1 307 1 view .LVU43
ARM GAS  /var/folders/t4/6192qx0n3zgdnvcwt906k_mw0000gn/T//cc0HzaG7.s 			page 11


 259 0004 7047     		bx	lr
 260              	.L22:
 261 0006 00BF     		.align	2
 262              	.L21:
 263 0008 00000000 		.word	uwTick
 264              		.cfi_endproc
 265              	.LFE71:
 267              		.section	.text.HAL_GetTickPrio,"ax",%progbits
 268              		.align	1
 269              		.global	HAL_GetTickPrio
 270              		.syntax unified
 271              		.thumb
 272              		.thumb_func
 274              	HAL_GetTickPrio:
 275              	.LFB72:
 308:Drivers/STM32F1xx_HAL_Driver/Src/stm32f1xx_hal.c **** 
 309:Drivers/STM32F1xx_HAL_Driver/Src/stm32f1xx_hal.c **** /**
 310:Drivers/STM32F1xx_HAL_Driver/Src/stm32f1xx_hal.c ****   * @brief This function returns a tick priority.
 311:Drivers/STM32F1xx_HAL_Driver/Src/stm32f1xx_hal.c ****   * @retval tick priority
 312:Drivers/STM32F1xx_HAL_Driver/Src/stm32f1xx_hal.c ****   */
 313:Drivers/STM32F1xx_HAL_Driver/Src/stm32f1xx_hal.c **** uint32_t HAL_GetTickPrio(void)
 314:Drivers/STM32F1xx_HAL_Driver/Src/stm32f1xx_hal.c **** {
 276              		.loc 1 314 1 is_stmt 1 view -0
 277              		.cfi_startproc
 278              		@ args = 0, pretend = 0, frame = 0
 279              		@ frame_needed = 0, uses_anonymous_args = 0
 280              		@ link register save eliminated.
 315:Drivers/STM32F1xx_HAL_Driver/Src/stm32f1xx_hal.c ****   return uwTickPrio;
 281              		.loc 1 315 3 view .LVU45
 316:Drivers/STM32F1xx_HAL_Driver/Src/stm32f1xx_hal.c **** }
 282              		.loc 1 316 1 is_stmt 0 view .LVU46
 283 0000 014B     		ldr	r3, .L24
 284 0002 1868     		ldr	r0, [r3]
 285 0004 7047     		bx	lr
 286              	.L25:
 287 0006 00BF     		.align	2
 288              	.L24:
 289 0008 00000000 		.word	uwTickPrio
 290              		.cfi_endproc
 291              	.LFE72:
 293              		.section	.text.HAL_SetTickFreq,"ax",%progbits
 294              		.align	1
 295              		.global	HAL_SetTickFreq
 296              		.syntax unified
 297              		.thumb
 298              		.thumb_func
 300              	HAL_SetTickFreq:
 301              	.LVL9:
 302              	.LFB73:
 317:Drivers/STM32F1xx_HAL_Driver/Src/stm32f1xx_hal.c **** 
 318:Drivers/STM32F1xx_HAL_Driver/Src/stm32f1xx_hal.c **** /**
 319:Drivers/STM32F1xx_HAL_Driver/Src/stm32f1xx_hal.c ****   * @brief Set new tick Freq.
 320:Drivers/STM32F1xx_HAL_Driver/Src/stm32f1xx_hal.c ****   * @retval status
 321:Drivers/STM32F1xx_HAL_Driver/Src/stm32f1xx_hal.c ****   */
 322:Drivers/STM32F1xx_HAL_Driver/Src/stm32f1xx_hal.c **** HAL_StatusTypeDef HAL_SetTickFreq(HAL_TickFreqTypeDef Freq)
 323:Drivers/STM32F1xx_HAL_Driver/Src/stm32f1xx_hal.c **** {
 303              		.loc 1 323 1 is_stmt 1 view -0
ARM GAS  /var/folders/t4/6192qx0n3zgdnvcwt906k_mw0000gn/T//cc0HzaG7.s 			page 12


 304              		.cfi_startproc
 305              		@ args = 0, pretend = 0, frame = 0
 306              		@ frame_needed = 0, uses_anonymous_args = 0
 307              		.loc 1 323 1 is_stmt 0 view .LVU48
 308 0000 10B5     		push	{r4, lr}
 309              		.cfi_def_cfa_offset 8
 310              		.cfi_offset 4, -8
 311              		.cfi_offset 14, -4
 324:Drivers/STM32F1xx_HAL_Driver/Src/stm32f1xx_hal.c ****   HAL_StatusTypeDef status  = HAL_OK;
 312              		.loc 1 324 3 is_stmt 1 view .LVU49
 313              	.LVL10:
 325:Drivers/STM32F1xx_HAL_Driver/Src/stm32f1xx_hal.c ****   HAL_TickFreqTypeDef prevTickFreq;
 314              		.loc 1 325 3 view .LVU50
 326:Drivers/STM32F1xx_HAL_Driver/Src/stm32f1xx_hal.c **** 
 327:Drivers/STM32F1xx_HAL_Driver/Src/stm32f1xx_hal.c ****   assert_param(IS_TICKFREQ(Freq));
 315              		.loc 1 327 3 view .LVU51
 328:Drivers/STM32F1xx_HAL_Driver/Src/stm32f1xx_hal.c **** 
 329:Drivers/STM32F1xx_HAL_Driver/Src/stm32f1xx_hal.c ****   if (uwTickFreq != Freq)
 316              		.loc 1 329 3 view .LVU52
 317              		.loc 1 329 18 is_stmt 0 view .LVU53
 318 0002 084B     		ldr	r3, .L31
 319 0004 1C78     		ldrb	r4, [r3]	@ zero_extendqisi2
 320              		.loc 1 329 6 view .LVU54
 321 0006 8442     		cmp	r4, r0
 322 0008 01D1     		bne	.L30
 324:Drivers/STM32F1xx_HAL_Driver/Src/stm32f1xx_hal.c ****   HAL_TickFreqTypeDef prevTickFreq;
 323              		.loc 1 324 21 view .LVU55
 324 000a 0020     		movs	r0, #0
 325              	.LVL11:
 326              	.L27:
 330:Drivers/STM32F1xx_HAL_Driver/Src/stm32f1xx_hal.c ****   {
 331:Drivers/STM32F1xx_HAL_Driver/Src/stm32f1xx_hal.c ****     /* Back up uwTickFreq frequency */
 332:Drivers/STM32F1xx_HAL_Driver/Src/stm32f1xx_hal.c ****     prevTickFreq = uwTickFreq;
 333:Drivers/STM32F1xx_HAL_Driver/Src/stm32f1xx_hal.c **** 
 334:Drivers/STM32F1xx_HAL_Driver/Src/stm32f1xx_hal.c ****     /* Update uwTickFreq global variable used by HAL_InitTick() */
 335:Drivers/STM32F1xx_HAL_Driver/Src/stm32f1xx_hal.c ****     uwTickFreq = Freq;
 336:Drivers/STM32F1xx_HAL_Driver/Src/stm32f1xx_hal.c **** 
 337:Drivers/STM32F1xx_HAL_Driver/Src/stm32f1xx_hal.c ****     /* Apply the new tick Freq  */
 338:Drivers/STM32F1xx_HAL_Driver/Src/stm32f1xx_hal.c ****     status = HAL_InitTick(uwTickPrio);
 339:Drivers/STM32F1xx_HAL_Driver/Src/stm32f1xx_hal.c **** 
 340:Drivers/STM32F1xx_HAL_Driver/Src/stm32f1xx_hal.c ****     if (status != HAL_OK)
 341:Drivers/STM32F1xx_HAL_Driver/Src/stm32f1xx_hal.c ****     {
 342:Drivers/STM32F1xx_HAL_Driver/Src/stm32f1xx_hal.c ****       /* Restore previous tick frequency */
 343:Drivers/STM32F1xx_HAL_Driver/Src/stm32f1xx_hal.c ****       uwTickFreq = prevTickFreq;
 344:Drivers/STM32F1xx_HAL_Driver/Src/stm32f1xx_hal.c ****     }
 345:Drivers/STM32F1xx_HAL_Driver/Src/stm32f1xx_hal.c ****   }
 346:Drivers/STM32F1xx_HAL_Driver/Src/stm32f1xx_hal.c **** 
 347:Drivers/STM32F1xx_HAL_Driver/Src/stm32f1xx_hal.c ****   return status;
 327              		.loc 1 347 3 is_stmt 1 view .LVU56
 348:Drivers/STM32F1xx_HAL_Driver/Src/stm32f1xx_hal.c **** }
 328              		.loc 1 348 1 is_stmt 0 view .LVU57
 329 000c 10BD     		pop	{r4, pc}
 330              	.LVL12:
 331              	.L30:
 332:Drivers/STM32F1xx_HAL_Driver/Src/stm32f1xx_hal.c **** 
 332              		.loc 1 332 5 is_stmt 1 view .LVU58
 335:Drivers/STM32F1xx_HAL_Driver/Src/stm32f1xx_hal.c **** 
ARM GAS  /var/folders/t4/6192qx0n3zgdnvcwt906k_mw0000gn/T//cc0HzaG7.s 			page 13


 333              		.loc 1 335 5 view .LVU59
 335:Drivers/STM32F1xx_HAL_Driver/Src/stm32f1xx_hal.c **** 
 334              		.loc 1 335 16 is_stmt 0 view .LVU60
 335 000e 1870     		strb	r0, [r3]
 338:Drivers/STM32F1xx_HAL_Driver/Src/stm32f1xx_hal.c **** 
 336              		.loc 1 338 5 is_stmt 1 view .LVU61
 338:Drivers/STM32F1xx_HAL_Driver/Src/stm32f1xx_hal.c **** 
 337              		.loc 1 338 14 is_stmt 0 view .LVU62
 338 0010 054B     		ldr	r3, .L31+4
 339 0012 1868     		ldr	r0, [r3]
 340              	.LVL13:
 338:Drivers/STM32F1xx_HAL_Driver/Src/stm32f1xx_hal.c **** 
 341              		.loc 1 338 14 view .LVU63
 342 0014 FFF7FEFF 		bl	HAL_InitTick
 343              	.LVL14:
 340:Drivers/STM32F1xx_HAL_Driver/Src/stm32f1xx_hal.c ****     {
 344              		.loc 1 340 5 is_stmt 1 view .LVU64
 340:Drivers/STM32F1xx_HAL_Driver/Src/stm32f1xx_hal.c ****     {
 345              		.loc 1 340 8 is_stmt 0 view .LVU65
 346 0018 0028     		cmp	r0, #0
 347 001a F7D0     		beq	.L27
 343:Drivers/STM32F1xx_HAL_Driver/Src/stm32f1xx_hal.c ****     }
 348              		.loc 1 343 7 is_stmt 1 view .LVU66
 343:Drivers/STM32F1xx_HAL_Driver/Src/stm32f1xx_hal.c ****     }
 349              		.loc 1 343 18 is_stmt 0 view .LVU67
 350 001c 014B     		ldr	r3, .L31
 351 001e 1C70     		strb	r4, [r3]
 352 0020 F4E7     		b	.L27
 353              	.L32:
 354 0022 00BF     		.align	2
 355              	.L31:
 356 0024 00000000 		.word	uwTickFreq
 357 0028 00000000 		.word	uwTickPrio
 358              		.cfi_endproc
 359              	.LFE73:
 361              		.section	.text.HAL_GetTickFreq,"ax",%progbits
 362              		.align	1
 363              		.global	HAL_GetTickFreq
 364              		.syntax unified
 365              		.thumb
 366              		.thumb_func
 368              	HAL_GetTickFreq:
 369              	.LFB74:
 349:Drivers/STM32F1xx_HAL_Driver/Src/stm32f1xx_hal.c **** 
 350:Drivers/STM32F1xx_HAL_Driver/Src/stm32f1xx_hal.c **** /**
 351:Drivers/STM32F1xx_HAL_Driver/Src/stm32f1xx_hal.c ****   * @brief Return tick frequency.
 352:Drivers/STM32F1xx_HAL_Driver/Src/stm32f1xx_hal.c ****   * @retval Tick frequency.
 353:Drivers/STM32F1xx_HAL_Driver/Src/stm32f1xx_hal.c ****   *         Value of @ref HAL_TickFreqTypeDef.
 354:Drivers/STM32F1xx_HAL_Driver/Src/stm32f1xx_hal.c ****   */
 355:Drivers/STM32F1xx_HAL_Driver/Src/stm32f1xx_hal.c **** HAL_TickFreqTypeDef HAL_GetTickFreq(void)
 356:Drivers/STM32F1xx_HAL_Driver/Src/stm32f1xx_hal.c **** {
 370              		.loc 1 356 1 is_stmt 1 view -0
 371              		.cfi_startproc
 372              		@ args = 0, pretend = 0, frame = 0
 373              		@ frame_needed = 0, uses_anonymous_args = 0
 374              		@ link register save eliminated.
 357:Drivers/STM32F1xx_HAL_Driver/Src/stm32f1xx_hal.c ****   return uwTickFreq;
ARM GAS  /var/folders/t4/6192qx0n3zgdnvcwt906k_mw0000gn/T//cc0HzaG7.s 			page 14


 375              		.loc 1 357 3 view .LVU69
 358:Drivers/STM32F1xx_HAL_Driver/Src/stm32f1xx_hal.c **** }
 376              		.loc 1 358 1 is_stmt 0 view .LVU70
 377 0000 014B     		ldr	r3, .L34
 378 0002 1878     		ldrb	r0, [r3]	@ zero_extendqisi2
 379 0004 7047     		bx	lr
 380              	.L35:
 381 0006 00BF     		.align	2
 382              	.L34:
 383 0008 00000000 		.word	uwTickFreq
 384              		.cfi_endproc
 385              	.LFE74:
 387              		.section	.text.HAL_Delay,"ax",%progbits
 388              		.align	1
 389              		.weak	HAL_Delay
 390              		.syntax unified
 391              		.thumb
 392              		.thumb_func
 394              	HAL_Delay:
 395              	.LVL15:
 396              	.LFB75:
 359:Drivers/STM32F1xx_HAL_Driver/Src/stm32f1xx_hal.c **** 
 360:Drivers/STM32F1xx_HAL_Driver/Src/stm32f1xx_hal.c **** /**
 361:Drivers/STM32F1xx_HAL_Driver/Src/stm32f1xx_hal.c ****   * @brief This function provides minimum delay (in milliseconds) based
 362:Drivers/STM32F1xx_HAL_Driver/Src/stm32f1xx_hal.c ****   *        on variable incremented.
 363:Drivers/STM32F1xx_HAL_Driver/Src/stm32f1xx_hal.c ****   * @note In the default implementation , SysTick timer is the source of time base.
 364:Drivers/STM32F1xx_HAL_Driver/Src/stm32f1xx_hal.c ****   *       It is used to generate interrupts at regular time intervals where uwTick
 365:Drivers/STM32F1xx_HAL_Driver/Src/stm32f1xx_hal.c ****   *       is incremented.
 366:Drivers/STM32F1xx_HAL_Driver/Src/stm32f1xx_hal.c ****   * @note This function is declared as __weak to be overwritten in case of other
 367:Drivers/STM32F1xx_HAL_Driver/Src/stm32f1xx_hal.c ****   *       implementations in user file.
 368:Drivers/STM32F1xx_HAL_Driver/Src/stm32f1xx_hal.c ****   * @param Delay specifies the delay time length, in milliseconds.
 369:Drivers/STM32F1xx_HAL_Driver/Src/stm32f1xx_hal.c ****   * @retval None
 370:Drivers/STM32F1xx_HAL_Driver/Src/stm32f1xx_hal.c ****   */
 371:Drivers/STM32F1xx_HAL_Driver/Src/stm32f1xx_hal.c **** __weak void HAL_Delay(uint32_t Delay)
 372:Drivers/STM32F1xx_HAL_Driver/Src/stm32f1xx_hal.c **** {
 397              		.loc 1 372 1 is_stmt 1 view -0
 398              		.cfi_startproc
 399              		@ args = 0, pretend = 0, frame = 0
 400              		@ frame_needed = 0, uses_anonymous_args = 0
 401              		.loc 1 372 1 is_stmt 0 view .LVU72
 402 0000 38B5     		push	{r3, r4, r5, lr}
 403              		.cfi_def_cfa_offset 16
 404              		.cfi_offset 3, -16
 405              		.cfi_offset 4, -12
 406              		.cfi_offset 5, -8
 407              		.cfi_offset 14, -4
 408 0002 0446     		mov	r4, r0
 373:Drivers/STM32F1xx_HAL_Driver/Src/stm32f1xx_hal.c ****   uint32_t tickstart = HAL_GetTick();
 409              		.loc 1 373 3 is_stmt 1 view .LVU73
 410              		.loc 1 373 24 is_stmt 0 view .LVU74
 411 0004 FFF7FEFF 		bl	HAL_GetTick
 412              	.LVL16:
 413              		.loc 1 373 24 view .LVU75
 414 0008 0546     		mov	r5, r0
 415              	.LVL17:
 374:Drivers/STM32F1xx_HAL_Driver/Src/stm32f1xx_hal.c ****   uint32_t wait = Delay;
 416              		.loc 1 374 3 is_stmt 1 view .LVU76
ARM GAS  /var/folders/t4/6192qx0n3zgdnvcwt906k_mw0000gn/T//cc0HzaG7.s 			page 15


 375:Drivers/STM32F1xx_HAL_Driver/Src/stm32f1xx_hal.c **** 
 376:Drivers/STM32F1xx_HAL_Driver/Src/stm32f1xx_hal.c ****   /* Add a freq to guarantee minimum wait */
 377:Drivers/STM32F1xx_HAL_Driver/Src/stm32f1xx_hal.c ****   if (wait < HAL_MAX_DELAY)
 417              		.loc 1 377 3 view .LVU77
 418              		.loc 1 377 6 is_stmt 0 view .LVU78
 419 000a B4F1FF3F 		cmp	r4, #-1
 420 000e 02D0     		beq	.L38
 378:Drivers/STM32F1xx_HAL_Driver/Src/stm32f1xx_hal.c ****   {
 379:Drivers/STM32F1xx_HAL_Driver/Src/stm32f1xx_hal.c ****     wait += (uint32_t)(uwTickFreq);
 421              		.loc 1 379 5 is_stmt 1 view .LVU79
 422              		.loc 1 379 13 is_stmt 0 view .LVU80
 423 0010 044B     		ldr	r3, .L40
 424 0012 1B78     		ldrb	r3, [r3]	@ zero_extendqisi2
 425              		.loc 1 379 10 view .LVU81
 426 0014 1C44     		add	r4, r4, r3
 427              	.LVL18:
 428              	.L38:
 380:Drivers/STM32F1xx_HAL_Driver/Src/stm32f1xx_hal.c ****   }
 381:Drivers/STM32F1xx_HAL_Driver/Src/stm32f1xx_hal.c **** 
 382:Drivers/STM32F1xx_HAL_Driver/Src/stm32f1xx_hal.c ****   while ((HAL_GetTick() - tickstart) < wait)
 383:Drivers/STM32F1xx_HAL_Driver/Src/stm32f1xx_hal.c ****   {
 384:Drivers/STM32F1xx_HAL_Driver/Src/stm32f1xx_hal.c ****   }
 429              		.loc 1 384 3 is_stmt 1 view .LVU82
 382:Drivers/STM32F1xx_HAL_Driver/Src/stm32f1xx_hal.c ****   {
 430              		.loc 1 382 38 discriminator 1 view .LVU83
 382:Drivers/STM32F1xx_HAL_Driver/Src/stm32f1xx_hal.c ****   {
 431              		.loc 1 382 11 is_stmt 0 discriminator 1 view .LVU84
 432 0016 FFF7FEFF 		bl	HAL_GetTick
 433              	.LVL19:
 382:Drivers/STM32F1xx_HAL_Driver/Src/stm32f1xx_hal.c ****   {
 434              		.loc 1 382 25 discriminator 1 view .LVU85
 435 001a 401B     		subs	r0, r0, r5
 382:Drivers/STM32F1xx_HAL_Driver/Src/stm32f1xx_hal.c ****   {
 436              		.loc 1 382 38 discriminator 1 view .LVU86
 437 001c A042     		cmp	r0, r4
 438 001e FAD3     		bcc	.L38
 385:Drivers/STM32F1xx_HAL_Driver/Src/stm32f1xx_hal.c **** }
 439              		.loc 1 385 1 view .LVU87
 440 0020 38BD     		pop	{r3, r4, r5, pc}
 441              	.LVL20:
 442              	.L41:
 443              		.loc 1 385 1 view .LVU88
 444 0022 00BF     		.align	2
 445              	.L40:
 446 0024 00000000 		.word	uwTickFreq
 447              		.cfi_endproc
 448              	.LFE75:
 450              		.section	.text.HAL_SuspendTick,"ax",%progbits
 451              		.align	1
 452              		.weak	HAL_SuspendTick
 453              		.syntax unified
 454              		.thumb
 455              		.thumb_func
 457              	HAL_SuspendTick:
 458              	.LFB76:
 386:Drivers/STM32F1xx_HAL_Driver/Src/stm32f1xx_hal.c **** 
 387:Drivers/STM32F1xx_HAL_Driver/Src/stm32f1xx_hal.c **** /**
ARM GAS  /var/folders/t4/6192qx0n3zgdnvcwt906k_mw0000gn/T//cc0HzaG7.s 			page 16


 388:Drivers/STM32F1xx_HAL_Driver/Src/stm32f1xx_hal.c ****   * @brief Suspend Tick increment.
 389:Drivers/STM32F1xx_HAL_Driver/Src/stm32f1xx_hal.c ****   * @note In the default implementation , SysTick timer is the source of time base. It is
 390:Drivers/STM32F1xx_HAL_Driver/Src/stm32f1xx_hal.c ****   *       used to generate interrupts at regular time intervals. Once HAL_SuspendTick()
 391:Drivers/STM32F1xx_HAL_Driver/Src/stm32f1xx_hal.c ****   *       is called, the SysTick interrupt will be disabled and so Tick increment
 392:Drivers/STM32F1xx_HAL_Driver/Src/stm32f1xx_hal.c ****   *       is suspended.
 393:Drivers/STM32F1xx_HAL_Driver/Src/stm32f1xx_hal.c ****   * @note This function is declared as __weak to be overwritten in case of other
 394:Drivers/STM32F1xx_HAL_Driver/Src/stm32f1xx_hal.c ****   *       implementations in user file.
 395:Drivers/STM32F1xx_HAL_Driver/Src/stm32f1xx_hal.c ****   * @retval None
 396:Drivers/STM32F1xx_HAL_Driver/Src/stm32f1xx_hal.c ****   */
 397:Drivers/STM32F1xx_HAL_Driver/Src/stm32f1xx_hal.c **** __weak void HAL_SuspendTick(void)
 398:Drivers/STM32F1xx_HAL_Driver/Src/stm32f1xx_hal.c **** {
 459              		.loc 1 398 1 is_stmt 1 view -0
 460              		.cfi_startproc
 461              		@ args = 0, pretend = 0, frame = 0
 462              		@ frame_needed = 0, uses_anonymous_args = 0
 463              		@ link register save eliminated.
 399:Drivers/STM32F1xx_HAL_Driver/Src/stm32f1xx_hal.c ****   /* Disable SysTick Interrupt */
 400:Drivers/STM32F1xx_HAL_Driver/Src/stm32f1xx_hal.c ****   CLEAR_BIT(SysTick->CTRL, SysTick_CTRL_TICKINT_Msk);
 464              		.loc 1 400 3 view .LVU90
 465 0000 4FF0E022 		mov	r2, #-536813568
 466 0004 1369     		ldr	r3, [r2, #16]
 467 0006 23F00203 		bic	r3, r3, #2
 468 000a 1361     		str	r3, [r2, #16]
 401:Drivers/STM32F1xx_HAL_Driver/Src/stm32f1xx_hal.c **** }
 469              		.loc 1 401 1 is_stmt 0 view .LVU91
 470 000c 7047     		bx	lr
 471              		.cfi_endproc
 472              	.LFE76:
 474              		.section	.text.HAL_ResumeTick,"ax",%progbits
 475              		.align	1
 476              		.weak	HAL_ResumeTick
 477              		.syntax unified
 478              		.thumb
 479              		.thumb_func
 481              	HAL_ResumeTick:
 482              	.LFB77:
 402:Drivers/STM32F1xx_HAL_Driver/Src/stm32f1xx_hal.c **** 
 403:Drivers/STM32F1xx_HAL_Driver/Src/stm32f1xx_hal.c **** /**
 404:Drivers/STM32F1xx_HAL_Driver/Src/stm32f1xx_hal.c ****   * @brief Resume Tick increment.
 405:Drivers/STM32F1xx_HAL_Driver/Src/stm32f1xx_hal.c ****   * @note In the default implementation , SysTick timer is the source of time base. It is
 406:Drivers/STM32F1xx_HAL_Driver/Src/stm32f1xx_hal.c ****   *       used to generate interrupts at regular time intervals. Once HAL_ResumeTick()
 407:Drivers/STM32F1xx_HAL_Driver/Src/stm32f1xx_hal.c ****   *       is called, the SysTick interrupt will be enabled and so Tick increment
 408:Drivers/STM32F1xx_HAL_Driver/Src/stm32f1xx_hal.c ****   *       is resumed.
 409:Drivers/STM32F1xx_HAL_Driver/Src/stm32f1xx_hal.c ****   * @note This function is declared as __weak to be overwritten in case of other
 410:Drivers/STM32F1xx_HAL_Driver/Src/stm32f1xx_hal.c ****   *       implementations in user file.
 411:Drivers/STM32F1xx_HAL_Driver/Src/stm32f1xx_hal.c ****   * @retval None
 412:Drivers/STM32F1xx_HAL_Driver/Src/stm32f1xx_hal.c ****   */
 413:Drivers/STM32F1xx_HAL_Driver/Src/stm32f1xx_hal.c **** __weak void HAL_ResumeTick(void)
 414:Drivers/STM32F1xx_HAL_Driver/Src/stm32f1xx_hal.c **** {
 483              		.loc 1 414 1 is_stmt 1 view -0
 484              		.cfi_startproc
 485              		@ args = 0, pretend = 0, frame = 0
 486              		@ frame_needed = 0, uses_anonymous_args = 0
 487              		@ link register save eliminated.
 415:Drivers/STM32F1xx_HAL_Driver/Src/stm32f1xx_hal.c ****   /* Enable SysTick Interrupt */
 416:Drivers/STM32F1xx_HAL_Driver/Src/stm32f1xx_hal.c ****   SET_BIT(SysTick->CTRL, SysTick_CTRL_TICKINT_Msk);
 488              		.loc 1 416 3 view .LVU93
ARM GAS  /var/folders/t4/6192qx0n3zgdnvcwt906k_mw0000gn/T//cc0HzaG7.s 			page 17


 489 0000 4FF0E022 		mov	r2, #-536813568
 490 0004 1369     		ldr	r3, [r2, #16]
 491 0006 43F00203 		orr	r3, r3, #2
 492 000a 1361     		str	r3, [r2, #16]
 417:Drivers/STM32F1xx_HAL_Driver/Src/stm32f1xx_hal.c **** }
 493              		.loc 1 417 1 is_stmt 0 view .LVU94
 494 000c 7047     		bx	lr
 495              		.cfi_endproc
 496              	.LFE77:
 498              		.section	.text.HAL_GetHalVersion,"ax",%progbits
 499              		.align	1
 500              		.global	HAL_GetHalVersion
 501              		.syntax unified
 502              		.thumb
 503              		.thumb_func
 505              	HAL_GetHalVersion:
 506              	.LFB78:
 418:Drivers/STM32F1xx_HAL_Driver/Src/stm32f1xx_hal.c **** 
 419:Drivers/STM32F1xx_HAL_Driver/Src/stm32f1xx_hal.c **** /**
 420:Drivers/STM32F1xx_HAL_Driver/Src/stm32f1xx_hal.c ****   * @brief  Returns the HAL revision
 421:Drivers/STM32F1xx_HAL_Driver/Src/stm32f1xx_hal.c ****   * @retval version 0xXYZR (8bits for each decimal, R for RC)
 422:Drivers/STM32F1xx_HAL_Driver/Src/stm32f1xx_hal.c ****   */
 423:Drivers/STM32F1xx_HAL_Driver/Src/stm32f1xx_hal.c **** uint32_t HAL_GetHalVersion(void)
 424:Drivers/STM32F1xx_HAL_Driver/Src/stm32f1xx_hal.c **** {
 507              		.loc 1 424 1 is_stmt 1 view -0
 508              		.cfi_startproc
 509              		@ args = 0, pretend = 0, frame = 0
 510              		@ frame_needed = 0, uses_anonymous_args = 0
 511              		@ link register save eliminated.
 425:Drivers/STM32F1xx_HAL_Driver/Src/stm32f1xx_hal.c ****   return __STM32F1xx_HAL_VERSION;
 512              		.loc 1 425 3 view .LVU96
 426:Drivers/STM32F1xx_HAL_Driver/Src/stm32f1xx_hal.c **** }
 513              		.loc 1 426 1 is_stmt 0 view .LVU97
 514 0000 0048     		ldr	r0, .L45
 515 0002 7047     		bx	lr
 516              	.L46:
 517              		.align	2
 518              	.L45:
 519 0004 000A0101 		.word	16845312
 520              		.cfi_endproc
 521              	.LFE78:
 523              		.section	.text.HAL_GetREVID,"ax",%progbits
 524              		.align	1
 525              		.global	HAL_GetREVID
 526              		.syntax unified
 527              		.thumb
 528              		.thumb_func
 530              	HAL_GetREVID:
 531              	.LFB79:
 427:Drivers/STM32F1xx_HAL_Driver/Src/stm32f1xx_hal.c **** 
 428:Drivers/STM32F1xx_HAL_Driver/Src/stm32f1xx_hal.c **** /**
 429:Drivers/STM32F1xx_HAL_Driver/Src/stm32f1xx_hal.c ****   * @brief Returns the device revision identifier.
 430:Drivers/STM32F1xx_HAL_Driver/Src/stm32f1xx_hal.c ****   * Note: On devices STM32F10xx8 and STM32F10xxB,
 431:Drivers/STM32F1xx_HAL_Driver/Src/stm32f1xx_hal.c ****   *                  STM32F101xC/D/E and STM32F103xC/D/E,
 432:Drivers/STM32F1xx_HAL_Driver/Src/stm32f1xx_hal.c ****   *                  STM32F101xF/G and STM32F103xF/G
 433:Drivers/STM32F1xx_HAL_Driver/Src/stm32f1xx_hal.c ****   *                  STM32F10xx4 and STM32F10xx6
 434:Drivers/STM32F1xx_HAL_Driver/Src/stm32f1xx_hal.c ****   *       Debug registers DBGMCU_IDCODE and DBGMCU_CR are accessible only in
ARM GAS  /var/folders/t4/6192qx0n3zgdnvcwt906k_mw0000gn/T//cc0HzaG7.s 			page 18


 435:Drivers/STM32F1xx_HAL_Driver/Src/stm32f1xx_hal.c ****   *       debug mode (not accessible by the user software in normal mode).
 436:Drivers/STM32F1xx_HAL_Driver/Src/stm32f1xx_hal.c ****   *       Refer to errata sheet of these devices for more details.
 437:Drivers/STM32F1xx_HAL_Driver/Src/stm32f1xx_hal.c ****   * @retval Device revision identifier
 438:Drivers/STM32F1xx_HAL_Driver/Src/stm32f1xx_hal.c ****   */
 439:Drivers/STM32F1xx_HAL_Driver/Src/stm32f1xx_hal.c **** uint32_t HAL_GetREVID(void)
 440:Drivers/STM32F1xx_HAL_Driver/Src/stm32f1xx_hal.c **** {
 532              		.loc 1 440 1 is_stmt 1 view -0
 533              		.cfi_startproc
 534              		@ args = 0, pretend = 0, frame = 0
 535              		@ frame_needed = 0, uses_anonymous_args = 0
 536              		@ link register save eliminated.
 441:Drivers/STM32F1xx_HAL_Driver/Src/stm32f1xx_hal.c ****   return ((DBGMCU->IDCODE) >> DBGMCU_IDCODE_REV_ID_Pos);
 537              		.loc 1 441 3 view .LVU99
 538              		.loc 1 441 18 is_stmt 0 view .LVU100
 539 0000 014B     		ldr	r3, .L48
 540 0002 1868     		ldr	r0, [r3]
 442:Drivers/STM32F1xx_HAL_Driver/Src/stm32f1xx_hal.c **** }
 541              		.loc 1 442 1 view .LVU101
 542 0004 000C     		lsrs	r0, r0, #16
 543 0006 7047     		bx	lr
 544              	.L49:
 545              		.align	2
 546              	.L48:
 547 0008 002004E0 		.word	-536600576
 548              		.cfi_endproc
 549              	.LFE79:
 551              		.section	.text.HAL_GetDEVID,"ax",%progbits
 552              		.align	1
 553              		.global	HAL_GetDEVID
 554              		.syntax unified
 555              		.thumb
 556              		.thumb_func
 558              	HAL_GetDEVID:
 559              	.LFB80:
 443:Drivers/STM32F1xx_HAL_Driver/Src/stm32f1xx_hal.c **** 
 444:Drivers/STM32F1xx_HAL_Driver/Src/stm32f1xx_hal.c **** /**
 445:Drivers/STM32F1xx_HAL_Driver/Src/stm32f1xx_hal.c ****   * @brief  Returns the device identifier.
 446:Drivers/STM32F1xx_HAL_Driver/Src/stm32f1xx_hal.c ****   * Note: On devices STM32F10xx8 and STM32F10xxB,
 447:Drivers/STM32F1xx_HAL_Driver/Src/stm32f1xx_hal.c ****   *                  STM32F101xC/D/E and STM32F103xC/D/E,
 448:Drivers/STM32F1xx_HAL_Driver/Src/stm32f1xx_hal.c ****   *                  STM32F101xF/G and STM32F103xF/G
 449:Drivers/STM32F1xx_HAL_Driver/Src/stm32f1xx_hal.c ****   *                  STM32F10xx4 and STM32F10xx6
 450:Drivers/STM32F1xx_HAL_Driver/Src/stm32f1xx_hal.c ****   *       Debug registers DBGMCU_IDCODE and DBGMCU_CR are accessible only in
 451:Drivers/STM32F1xx_HAL_Driver/Src/stm32f1xx_hal.c ****   *       debug mode (not accessible by the user software in normal mode).
 452:Drivers/STM32F1xx_HAL_Driver/Src/stm32f1xx_hal.c ****   *       Refer to errata sheet of these devices for more details.
 453:Drivers/STM32F1xx_HAL_Driver/Src/stm32f1xx_hal.c ****   * @retval Device identifier
 454:Drivers/STM32F1xx_HAL_Driver/Src/stm32f1xx_hal.c ****   */
 455:Drivers/STM32F1xx_HAL_Driver/Src/stm32f1xx_hal.c **** uint32_t HAL_GetDEVID(void)
 456:Drivers/STM32F1xx_HAL_Driver/Src/stm32f1xx_hal.c **** {
 560              		.loc 1 456 1 is_stmt 1 view -0
 561              		.cfi_startproc
 562              		@ args = 0, pretend = 0, frame = 0
 563              		@ frame_needed = 0, uses_anonymous_args = 0
 564              		@ link register save eliminated.
 457:Drivers/STM32F1xx_HAL_Driver/Src/stm32f1xx_hal.c ****   return ((DBGMCU->IDCODE) & IDCODE_DEVID_MASK);
 565              		.loc 1 457 3 view .LVU103
 566              		.loc 1 457 18 is_stmt 0 view .LVU104
 567 0000 024B     		ldr	r3, .L51
ARM GAS  /var/folders/t4/6192qx0n3zgdnvcwt906k_mw0000gn/T//cc0HzaG7.s 			page 19


 568 0002 1868     		ldr	r0, [r3]
 458:Drivers/STM32F1xx_HAL_Driver/Src/stm32f1xx_hal.c **** }
 569              		.loc 1 458 1 view .LVU105
 570 0004 C0F30B00 		ubfx	r0, r0, #0, #12
 571 0008 7047     		bx	lr
 572              	.L52:
 573 000a 00BF     		.align	2
 574              	.L51:
 575 000c 002004E0 		.word	-536600576
 576              		.cfi_endproc
 577              	.LFE80:
 579              		.section	.text.HAL_GetUIDw0,"ax",%progbits
 580              		.align	1
 581              		.global	HAL_GetUIDw0
 582              		.syntax unified
 583              		.thumb
 584              		.thumb_func
 586              	HAL_GetUIDw0:
 587              	.LFB81:
 459:Drivers/STM32F1xx_HAL_Driver/Src/stm32f1xx_hal.c **** 
 460:Drivers/STM32F1xx_HAL_Driver/Src/stm32f1xx_hal.c **** /**
 461:Drivers/STM32F1xx_HAL_Driver/Src/stm32f1xx_hal.c ****   * @brief  Returns first word of the unique device identifier (UID based on 96 bits)
 462:Drivers/STM32F1xx_HAL_Driver/Src/stm32f1xx_hal.c ****   * @retval Device identifier
 463:Drivers/STM32F1xx_HAL_Driver/Src/stm32f1xx_hal.c ****   */
 464:Drivers/STM32F1xx_HAL_Driver/Src/stm32f1xx_hal.c **** uint32_t HAL_GetUIDw0(void)
 465:Drivers/STM32F1xx_HAL_Driver/Src/stm32f1xx_hal.c **** {
 588              		.loc 1 465 1 is_stmt 1 view -0
 589              		.cfi_startproc
 590              		@ args = 0, pretend = 0, frame = 0
 591              		@ frame_needed = 0, uses_anonymous_args = 0
 592              		@ link register save eliminated.
 466:Drivers/STM32F1xx_HAL_Driver/Src/stm32f1xx_hal.c ****    return(READ_REG(*((uint32_t *)UID_BASE)));
 593              		.loc 1 466 4 view .LVU107
 467:Drivers/STM32F1xx_HAL_Driver/Src/stm32f1xx_hal.c **** }
 594              		.loc 1 467 1 is_stmt 0 view .LVU108
 595 0000 014B     		ldr	r3, .L54
 596 0002 D3F8E807 		ldr	r0, [r3, #2024]
 597 0006 7047     		bx	lr
 598              	.L55:
 599              		.align	2
 600              	.L54:
 601 0008 00F0FF1F 		.word	536866816
 602              		.cfi_endproc
 603              	.LFE81:
 605              		.section	.text.HAL_GetUIDw1,"ax",%progbits
 606              		.align	1
 607              		.global	HAL_GetUIDw1
 608              		.syntax unified
 609              		.thumb
 610              		.thumb_func
 612              	HAL_GetUIDw1:
 613              	.LFB82:
 468:Drivers/STM32F1xx_HAL_Driver/Src/stm32f1xx_hal.c **** 
 469:Drivers/STM32F1xx_HAL_Driver/Src/stm32f1xx_hal.c **** /**
 470:Drivers/STM32F1xx_HAL_Driver/Src/stm32f1xx_hal.c ****   * @brief  Returns second word of the unique device identifier (UID based on 96 bits)
 471:Drivers/STM32F1xx_HAL_Driver/Src/stm32f1xx_hal.c ****   * @retval Device identifier
 472:Drivers/STM32F1xx_HAL_Driver/Src/stm32f1xx_hal.c ****   */
ARM GAS  /var/folders/t4/6192qx0n3zgdnvcwt906k_mw0000gn/T//cc0HzaG7.s 			page 20


 473:Drivers/STM32F1xx_HAL_Driver/Src/stm32f1xx_hal.c **** uint32_t HAL_GetUIDw1(void)
 474:Drivers/STM32F1xx_HAL_Driver/Src/stm32f1xx_hal.c **** {
 614              		.loc 1 474 1 is_stmt 1 view -0
 615              		.cfi_startproc
 616              		@ args = 0, pretend = 0, frame = 0
 617              		@ frame_needed = 0, uses_anonymous_args = 0
 618              		@ link register save eliminated.
 475:Drivers/STM32F1xx_HAL_Driver/Src/stm32f1xx_hal.c ****    return(READ_REG(*((uint32_t *)(UID_BASE + 4U))));
 619              		.loc 1 475 4 view .LVU110
 476:Drivers/STM32F1xx_HAL_Driver/Src/stm32f1xx_hal.c **** }
 620              		.loc 1 476 1 is_stmt 0 view .LVU111
 621 0000 014B     		ldr	r3, .L57
 622 0002 D3F8EC07 		ldr	r0, [r3, #2028]
 623 0006 7047     		bx	lr
 624              	.L58:
 625              		.align	2
 626              	.L57:
 627 0008 00F0FF1F 		.word	536866816
 628              		.cfi_endproc
 629              	.LFE82:
 631              		.section	.text.HAL_GetUIDw2,"ax",%progbits
 632              		.align	1
 633              		.global	HAL_GetUIDw2
 634              		.syntax unified
 635              		.thumb
 636              		.thumb_func
 638              	HAL_GetUIDw2:
 639              	.LFB83:
 477:Drivers/STM32F1xx_HAL_Driver/Src/stm32f1xx_hal.c **** 
 478:Drivers/STM32F1xx_HAL_Driver/Src/stm32f1xx_hal.c **** /**
 479:Drivers/STM32F1xx_HAL_Driver/Src/stm32f1xx_hal.c ****   * @brief  Returns third word of the unique device identifier (UID based on 96 bits)
 480:Drivers/STM32F1xx_HAL_Driver/Src/stm32f1xx_hal.c ****   * @retval Device identifier
 481:Drivers/STM32F1xx_HAL_Driver/Src/stm32f1xx_hal.c ****   */
 482:Drivers/STM32F1xx_HAL_Driver/Src/stm32f1xx_hal.c **** uint32_t HAL_GetUIDw2(void)
 483:Drivers/STM32F1xx_HAL_Driver/Src/stm32f1xx_hal.c **** {
 640              		.loc 1 483 1 is_stmt 1 view -0
 641              		.cfi_startproc
 642              		@ args = 0, pretend = 0, frame = 0
 643              		@ frame_needed = 0, uses_anonymous_args = 0
 644              		@ link register save eliminated.
 484:Drivers/STM32F1xx_HAL_Driver/Src/stm32f1xx_hal.c ****    return(READ_REG(*((uint32_t *)(UID_BASE + 8U))));
 645              		.loc 1 484 4 view .LVU113
 485:Drivers/STM32F1xx_HAL_Driver/Src/stm32f1xx_hal.c **** }
 646              		.loc 1 485 1 is_stmt 0 view .LVU114
 647 0000 014B     		ldr	r3, .L60
 648 0002 D3F8F007 		ldr	r0, [r3, #2032]
 649 0006 7047     		bx	lr
 650              	.L61:
 651              		.align	2
 652              	.L60:
 653 0008 00F0FF1F 		.word	536866816
 654              		.cfi_endproc
 655              	.LFE83:
 657              		.section	.text.HAL_DBGMCU_EnableDBGSleepMode,"ax",%progbits
 658              		.align	1
 659              		.global	HAL_DBGMCU_EnableDBGSleepMode
 660              		.syntax unified
ARM GAS  /var/folders/t4/6192qx0n3zgdnvcwt906k_mw0000gn/T//cc0HzaG7.s 			page 21


 661              		.thumb
 662              		.thumb_func
 664              	HAL_DBGMCU_EnableDBGSleepMode:
 665              	.LFB84:
 486:Drivers/STM32F1xx_HAL_Driver/Src/stm32f1xx_hal.c **** 
 487:Drivers/STM32F1xx_HAL_Driver/Src/stm32f1xx_hal.c **** /**
 488:Drivers/STM32F1xx_HAL_Driver/Src/stm32f1xx_hal.c ****   * @brief  Enable the Debug Module during SLEEP mode
 489:Drivers/STM32F1xx_HAL_Driver/Src/stm32f1xx_hal.c ****   * @retval None
 490:Drivers/STM32F1xx_HAL_Driver/Src/stm32f1xx_hal.c ****   */
 491:Drivers/STM32F1xx_HAL_Driver/Src/stm32f1xx_hal.c **** void HAL_DBGMCU_EnableDBGSleepMode(void)
 492:Drivers/STM32F1xx_HAL_Driver/Src/stm32f1xx_hal.c **** {
 666              		.loc 1 492 1 is_stmt 1 view -0
 667              		.cfi_startproc
 668              		@ args = 0, pretend = 0, frame = 0
 669              		@ frame_needed = 0, uses_anonymous_args = 0
 670              		@ link register save eliminated.
 493:Drivers/STM32F1xx_HAL_Driver/Src/stm32f1xx_hal.c ****   SET_BIT(DBGMCU->CR, DBGMCU_CR_DBG_SLEEP);
 671              		.loc 1 493 3 view .LVU116
 672 0000 024A     		ldr	r2, .L63
 673 0002 5368     		ldr	r3, [r2, #4]
 674 0004 43F00103 		orr	r3, r3, #1
 675 0008 5360     		str	r3, [r2, #4]
 494:Drivers/STM32F1xx_HAL_Driver/Src/stm32f1xx_hal.c **** }
 676              		.loc 1 494 1 is_stmt 0 view .LVU117
 677 000a 7047     		bx	lr
 678              	.L64:
 679              		.align	2
 680              	.L63:
 681 000c 002004E0 		.word	-536600576
 682              		.cfi_endproc
 683              	.LFE84:
 685              		.section	.text.HAL_DBGMCU_DisableDBGSleepMode,"ax",%progbits
 686              		.align	1
 687              		.global	HAL_DBGMCU_DisableDBGSleepMode
 688              		.syntax unified
 689              		.thumb
 690              		.thumb_func
 692              	HAL_DBGMCU_DisableDBGSleepMode:
 693              	.LFB85:
 495:Drivers/STM32F1xx_HAL_Driver/Src/stm32f1xx_hal.c **** 
 496:Drivers/STM32F1xx_HAL_Driver/Src/stm32f1xx_hal.c **** /**
 497:Drivers/STM32F1xx_HAL_Driver/Src/stm32f1xx_hal.c ****   * @brief  Disable the Debug Module during SLEEP mode
 498:Drivers/STM32F1xx_HAL_Driver/Src/stm32f1xx_hal.c ****   * Note: On devices STM32F10xx8 and STM32F10xxB,
 499:Drivers/STM32F1xx_HAL_Driver/Src/stm32f1xx_hal.c ****   *                  STM32F101xC/D/E and STM32F103xC/D/E,
 500:Drivers/STM32F1xx_HAL_Driver/Src/stm32f1xx_hal.c ****   *                  STM32F101xF/G and STM32F103xF/G
 501:Drivers/STM32F1xx_HAL_Driver/Src/stm32f1xx_hal.c ****   *                  STM32F10xx4 and STM32F10xx6
 502:Drivers/STM32F1xx_HAL_Driver/Src/stm32f1xx_hal.c ****   *       Debug registers DBGMCU_IDCODE and DBGMCU_CR are accessible only in
 503:Drivers/STM32F1xx_HAL_Driver/Src/stm32f1xx_hal.c ****   *       debug mode (not accessible by the user software in normal mode).
 504:Drivers/STM32F1xx_HAL_Driver/Src/stm32f1xx_hal.c ****   *       Refer to errata sheet of these devices for more details.
 505:Drivers/STM32F1xx_HAL_Driver/Src/stm32f1xx_hal.c ****   * @retval None
 506:Drivers/STM32F1xx_HAL_Driver/Src/stm32f1xx_hal.c ****   */
 507:Drivers/STM32F1xx_HAL_Driver/Src/stm32f1xx_hal.c **** void HAL_DBGMCU_DisableDBGSleepMode(void)
 508:Drivers/STM32F1xx_HAL_Driver/Src/stm32f1xx_hal.c **** {
 694              		.loc 1 508 1 is_stmt 1 view -0
 695              		.cfi_startproc
 696              		@ args = 0, pretend = 0, frame = 0
 697              		@ frame_needed = 0, uses_anonymous_args = 0
ARM GAS  /var/folders/t4/6192qx0n3zgdnvcwt906k_mw0000gn/T//cc0HzaG7.s 			page 22


 698              		@ link register save eliminated.
 509:Drivers/STM32F1xx_HAL_Driver/Src/stm32f1xx_hal.c ****   CLEAR_BIT(DBGMCU->CR, DBGMCU_CR_DBG_SLEEP);
 699              		.loc 1 509 3 view .LVU119
 700 0000 024A     		ldr	r2, .L66
 701 0002 5368     		ldr	r3, [r2, #4]
 702 0004 23F00103 		bic	r3, r3, #1
 703 0008 5360     		str	r3, [r2, #4]
 510:Drivers/STM32F1xx_HAL_Driver/Src/stm32f1xx_hal.c **** }
 704              		.loc 1 510 1 is_stmt 0 view .LVU120
 705 000a 7047     		bx	lr
 706              	.L67:
 707              		.align	2
 708              	.L66:
 709 000c 002004E0 		.word	-536600576
 710              		.cfi_endproc
 711              	.LFE85:
 713              		.section	.text.HAL_DBGMCU_EnableDBGStopMode,"ax",%progbits
 714              		.align	1
 715              		.global	HAL_DBGMCU_EnableDBGStopMode
 716              		.syntax unified
 717              		.thumb
 718              		.thumb_func
 720              	HAL_DBGMCU_EnableDBGStopMode:
 721              	.LFB86:
 511:Drivers/STM32F1xx_HAL_Driver/Src/stm32f1xx_hal.c **** 
 512:Drivers/STM32F1xx_HAL_Driver/Src/stm32f1xx_hal.c **** /**
 513:Drivers/STM32F1xx_HAL_Driver/Src/stm32f1xx_hal.c ****   * @brief  Enable the Debug Module during STOP mode
 514:Drivers/STM32F1xx_HAL_Driver/Src/stm32f1xx_hal.c ****   * Note: On devices STM32F10xx8 and STM32F10xxB,
 515:Drivers/STM32F1xx_HAL_Driver/Src/stm32f1xx_hal.c ****   *                  STM32F101xC/D/E and STM32F103xC/D/E,
 516:Drivers/STM32F1xx_HAL_Driver/Src/stm32f1xx_hal.c ****   *                  STM32F101xF/G and STM32F103xF/G
 517:Drivers/STM32F1xx_HAL_Driver/Src/stm32f1xx_hal.c ****   *                  STM32F10xx4 and STM32F10xx6
 518:Drivers/STM32F1xx_HAL_Driver/Src/stm32f1xx_hal.c ****   *       Debug registers DBGMCU_IDCODE and DBGMCU_CR are accessible only in
 519:Drivers/STM32F1xx_HAL_Driver/Src/stm32f1xx_hal.c ****   *       debug mode (not accessible by the user software in normal mode).
 520:Drivers/STM32F1xx_HAL_Driver/Src/stm32f1xx_hal.c ****   *       Refer to errata sheet of these devices for more details.
 521:Drivers/STM32F1xx_HAL_Driver/Src/stm32f1xx_hal.c ****   * Note: On all STM32F1 devices:
 522:Drivers/STM32F1xx_HAL_Driver/Src/stm32f1xx_hal.c ****   *       If the system tick timer interrupt is enabled during the Stop mode
 523:Drivers/STM32F1xx_HAL_Driver/Src/stm32f1xx_hal.c ****   *       debug (DBG_STOP bit set in the DBGMCU_CR register ), it will wakeup
 524:Drivers/STM32F1xx_HAL_Driver/Src/stm32f1xx_hal.c ****   *       the system from Stop mode.
 525:Drivers/STM32F1xx_HAL_Driver/Src/stm32f1xx_hal.c ****   *       Workaround: To debug the Stop mode, disable the system tick timer
 526:Drivers/STM32F1xx_HAL_Driver/Src/stm32f1xx_hal.c ****   *       interrupt.
 527:Drivers/STM32F1xx_HAL_Driver/Src/stm32f1xx_hal.c ****   *       Refer to errata sheet of these devices for more details.
 528:Drivers/STM32F1xx_HAL_Driver/Src/stm32f1xx_hal.c ****   * Note: On all STM32F1 devices:
 529:Drivers/STM32F1xx_HAL_Driver/Src/stm32f1xx_hal.c ****   *       If the system tick timer interrupt is enabled during the Stop mode
 530:Drivers/STM32F1xx_HAL_Driver/Src/stm32f1xx_hal.c ****   *       debug (DBG_STOP bit set in the DBGMCU_CR register ), it will wakeup
 531:Drivers/STM32F1xx_HAL_Driver/Src/stm32f1xx_hal.c ****   *       the system from Stop mode.
 532:Drivers/STM32F1xx_HAL_Driver/Src/stm32f1xx_hal.c ****   *       Workaround: To debug the Stop mode, disable the system tick timer
 533:Drivers/STM32F1xx_HAL_Driver/Src/stm32f1xx_hal.c ****   *       interrupt.
 534:Drivers/STM32F1xx_HAL_Driver/Src/stm32f1xx_hal.c ****   *       Refer to errata sheet of these devices for more details.
 535:Drivers/STM32F1xx_HAL_Driver/Src/stm32f1xx_hal.c ****   * @retval None
 536:Drivers/STM32F1xx_HAL_Driver/Src/stm32f1xx_hal.c ****   */
 537:Drivers/STM32F1xx_HAL_Driver/Src/stm32f1xx_hal.c **** void HAL_DBGMCU_EnableDBGStopMode(void)
 538:Drivers/STM32F1xx_HAL_Driver/Src/stm32f1xx_hal.c **** {
 722              		.loc 1 538 1 is_stmt 1 view -0
 723              		.cfi_startproc
 724              		@ args = 0, pretend = 0, frame = 0
 725              		@ frame_needed = 0, uses_anonymous_args = 0
 726              		@ link register save eliminated.
ARM GAS  /var/folders/t4/6192qx0n3zgdnvcwt906k_mw0000gn/T//cc0HzaG7.s 			page 23


 539:Drivers/STM32F1xx_HAL_Driver/Src/stm32f1xx_hal.c ****   SET_BIT(DBGMCU->CR, DBGMCU_CR_DBG_STOP);
 727              		.loc 1 539 3 view .LVU122
 728 0000 024A     		ldr	r2, .L69
 729 0002 5368     		ldr	r3, [r2, #4]
 730 0004 43F00203 		orr	r3, r3, #2
 731 0008 5360     		str	r3, [r2, #4]
 540:Drivers/STM32F1xx_HAL_Driver/Src/stm32f1xx_hal.c **** }
 732              		.loc 1 540 1 is_stmt 0 view .LVU123
 733 000a 7047     		bx	lr
 734              	.L70:
 735              		.align	2
 736              	.L69:
 737 000c 002004E0 		.word	-536600576
 738              		.cfi_endproc
 739              	.LFE86:
 741              		.section	.text.HAL_DBGMCU_DisableDBGStopMode,"ax",%progbits
 742              		.align	1
 743              		.global	HAL_DBGMCU_DisableDBGStopMode
 744              		.syntax unified
 745              		.thumb
 746              		.thumb_func
 748              	HAL_DBGMCU_DisableDBGStopMode:
 749              	.LFB87:
 541:Drivers/STM32F1xx_HAL_Driver/Src/stm32f1xx_hal.c **** 
 542:Drivers/STM32F1xx_HAL_Driver/Src/stm32f1xx_hal.c **** /**
 543:Drivers/STM32F1xx_HAL_Driver/Src/stm32f1xx_hal.c ****   * @brief  Disable the Debug Module during STOP mode
 544:Drivers/STM32F1xx_HAL_Driver/Src/stm32f1xx_hal.c ****   * Note: On devices STM32F10xx8 and STM32F10xxB,
 545:Drivers/STM32F1xx_HAL_Driver/Src/stm32f1xx_hal.c ****   *                  STM32F101xC/D/E and STM32F103xC/D/E,
 546:Drivers/STM32F1xx_HAL_Driver/Src/stm32f1xx_hal.c ****   *                  STM32F101xF/G and STM32F103xF/G
 547:Drivers/STM32F1xx_HAL_Driver/Src/stm32f1xx_hal.c ****   *                  STM32F10xx4 and STM32F10xx6
 548:Drivers/STM32F1xx_HAL_Driver/Src/stm32f1xx_hal.c ****   *       Debug registers DBGMCU_IDCODE and DBGMCU_CR are accessible only in
 549:Drivers/STM32F1xx_HAL_Driver/Src/stm32f1xx_hal.c ****   *       debug mode (not accessible by the user software in normal mode).
 550:Drivers/STM32F1xx_HAL_Driver/Src/stm32f1xx_hal.c ****   *       Refer to errata sheet of these devices for more details.
 551:Drivers/STM32F1xx_HAL_Driver/Src/stm32f1xx_hal.c ****   * @retval None
 552:Drivers/STM32F1xx_HAL_Driver/Src/stm32f1xx_hal.c ****   */
 553:Drivers/STM32F1xx_HAL_Driver/Src/stm32f1xx_hal.c **** void HAL_DBGMCU_DisableDBGStopMode(void)
 554:Drivers/STM32F1xx_HAL_Driver/Src/stm32f1xx_hal.c **** {
 750              		.loc 1 554 1 is_stmt 1 view -0
 751              		.cfi_startproc
 752              		@ args = 0, pretend = 0, frame = 0
 753              		@ frame_needed = 0, uses_anonymous_args = 0
 754              		@ link register save eliminated.
 555:Drivers/STM32F1xx_HAL_Driver/Src/stm32f1xx_hal.c ****   CLEAR_BIT(DBGMCU->CR, DBGMCU_CR_DBG_STOP);
 755              		.loc 1 555 3 view .LVU125
 756 0000 024A     		ldr	r2, .L72
 757 0002 5368     		ldr	r3, [r2, #4]
 758 0004 23F00203 		bic	r3, r3, #2
 759 0008 5360     		str	r3, [r2, #4]
 556:Drivers/STM32F1xx_HAL_Driver/Src/stm32f1xx_hal.c **** }
 760              		.loc 1 556 1 is_stmt 0 view .LVU126
 761 000a 7047     		bx	lr
 762              	.L73:
 763              		.align	2
 764              	.L72:
 765 000c 002004E0 		.word	-536600576
 766              		.cfi_endproc
 767              	.LFE87:
ARM GAS  /var/folders/t4/6192qx0n3zgdnvcwt906k_mw0000gn/T//cc0HzaG7.s 			page 24


 769              		.section	.text.HAL_DBGMCU_EnableDBGStandbyMode,"ax",%progbits
 770              		.align	1
 771              		.global	HAL_DBGMCU_EnableDBGStandbyMode
 772              		.syntax unified
 773              		.thumb
 774              		.thumb_func
 776              	HAL_DBGMCU_EnableDBGStandbyMode:
 777              	.LFB88:
 557:Drivers/STM32F1xx_HAL_Driver/Src/stm32f1xx_hal.c **** 
 558:Drivers/STM32F1xx_HAL_Driver/Src/stm32f1xx_hal.c **** /**
 559:Drivers/STM32F1xx_HAL_Driver/Src/stm32f1xx_hal.c ****   * @brief  Enable the Debug Module during STANDBY mode
 560:Drivers/STM32F1xx_HAL_Driver/Src/stm32f1xx_hal.c ****   * Note: On devices STM32F10xx8 and STM32F10xxB,
 561:Drivers/STM32F1xx_HAL_Driver/Src/stm32f1xx_hal.c ****   *                  STM32F101xC/D/E and STM32F103xC/D/E,
 562:Drivers/STM32F1xx_HAL_Driver/Src/stm32f1xx_hal.c ****   *                  STM32F101xF/G and STM32F103xF/G
 563:Drivers/STM32F1xx_HAL_Driver/Src/stm32f1xx_hal.c ****   *                  STM32F10xx4 and STM32F10xx6
 564:Drivers/STM32F1xx_HAL_Driver/Src/stm32f1xx_hal.c ****   *       Debug registers DBGMCU_IDCODE and DBGMCU_CR are accessible only in
 565:Drivers/STM32F1xx_HAL_Driver/Src/stm32f1xx_hal.c ****   *       debug mode (not accessible by the user software in normal mode).
 566:Drivers/STM32F1xx_HAL_Driver/Src/stm32f1xx_hal.c ****   *       Refer to errata sheet of these devices for more details.
 567:Drivers/STM32F1xx_HAL_Driver/Src/stm32f1xx_hal.c ****   * @retval None
 568:Drivers/STM32F1xx_HAL_Driver/Src/stm32f1xx_hal.c ****   */
 569:Drivers/STM32F1xx_HAL_Driver/Src/stm32f1xx_hal.c **** void HAL_DBGMCU_EnableDBGStandbyMode(void)
 570:Drivers/STM32F1xx_HAL_Driver/Src/stm32f1xx_hal.c **** {
 778              		.loc 1 570 1 is_stmt 1 view -0
 779              		.cfi_startproc
 780              		@ args = 0, pretend = 0, frame = 0
 781              		@ frame_needed = 0, uses_anonymous_args = 0
 782              		@ link register save eliminated.
 571:Drivers/STM32F1xx_HAL_Driver/Src/stm32f1xx_hal.c ****   SET_BIT(DBGMCU->CR, DBGMCU_CR_DBG_STANDBY);
 783              		.loc 1 571 3 view .LVU128
 784 0000 024A     		ldr	r2, .L75
 785 0002 5368     		ldr	r3, [r2, #4]
 786 0004 43F00403 		orr	r3, r3, #4
 787 0008 5360     		str	r3, [r2, #4]
 572:Drivers/STM32F1xx_HAL_Driver/Src/stm32f1xx_hal.c **** }
 788              		.loc 1 572 1 is_stmt 0 view .LVU129
 789 000a 7047     		bx	lr
 790              	.L76:
 791              		.align	2
 792              	.L75:
 793 000c 002004E0 		.word	-536600576
 794              		.cfi_endproc
 795              	.LFE88:
 797              		.section	.text.HAL_DBGMCU_DisableDBGStandbyMode,"ax",%progbits
 798              		.align	1
 799              		.global	HAL_DBGMCU_DisableDBGStandbyMode
 800              		.syntax unified
 801              		.thumb
 802              		.thumb_func
 804              	HAL_DBGMCU_DisableDBGStandbyMode:
 805              	.LFB89:
 573:Drivers/STM32F1xx_HAL_Driver/Src/stm32f1xx_hal.c **** 
 574:Drivers/STM32F1xx_HAL_Driver/Src/stm32f1xx_hal.c **** /**
 575:Drivers/STM32F1xx_HAL_Driver/Src/stm32f1xx_hal.c ****   * @brief  Disable the Debug Module during STANDBY mode
 576:Drivers/STM32F1xx_HAL_Driver/Src/stm32f1xx_hal.c ****   * Note: On devices STM32F10xx8 and STM32F10xxB,
 577:Drivers/STM32F1xx_HAL_Driver/Src/stm32f1xx_hal.c ****   *                  STM32F101xC/D/E and STM32F103xC/D/E,
 578:Drivers/STM32F1xx_HAL_Driver/Src/stm32f1xx_hal.c ****   *                  STM32F101xF/G and STM32F103xF/G
 579:Drivers/STM32F1xx_HAL_Driver/Src/stm32f1xx_hal.c ****   *                  STM32F10xx4 and STM32F10xx6
ARM GAS  /var/folders/t4/6192qx0n3zgdnvcwt906k_mw0000gn/T//cc0HzaG7.s 			page 25


 580:Drivers/STM32F1xx_HAL_Driver/Src/stm32f1xx_hal.c ****   *       Debug registers DBGMCU_IDCODE and DBGMCU_CR are accessible only in
 581:Drivers/STM32F1xx_HAL_Driver/Src/stm32f1xx_hal.c ****   *       debug mode (not accessible by the user software in normal mode).
 582:Drivers/STM32F1xx_HAL_Driver/Src/stm32f1xx_hal.c ****   *       Refer to errata sheet of these devices for more details.
 583:Drivers/STM32F1xx_HAL_Driver/Src/stm32f1xx_hal.c ****   * @retval None
 584:Drivers/STM32F1xx_HAL_Driver/Src/stm32f1xx_hal.c ****   */
 585:Drivers/STM32F1xx_HAL_Driver/Src/stm32f1xx_hal.c **** void HAL_DBGMCU_DisableDBGStandbyMode(void)
 586:Drivers/STM32F1xx_HAL_Driver/Src/stm32f1xx_hal.c **** {
 806              		.loc 1 586 1 is_stmt 1 view -0
 807              		.cfi_startproc
 808              		@ args = 0, pretend = 0, frame = 0
 809              		@ frame_needed = 0, uses_anonymous_args = 0
 810              		@ link register save eliminated.
 587:Drivers/STM32F1xx_HAL_Driver/Src/stm32f1xx_hal.c ****   CLEAR_BIT(DBGMCU->CR, DBGMCU_CR_DBG_STANDBY);
 811              		.loc 1 587 3 view .LVU131
 812 0000 024A     		ldr	r2, .L78
 813 0002 5368     		ldr	r3, [r2, #4]
 814 0004 23F00403 		bic	r3, r3, #4
 815 0008 5360     		str	r3, [r2, #4]
 588:Drivers/STM32F1xx_HAL_Driver/Src/stm32f1xx_hal.c **** }
 816              		.loc 1 588 1 is_stmt 0 view .LVU132
 817 000a 7047     		bx	lr
 818              	.L79:
 819              		.align	2
 820              	.L78:
 821 000c 002004E0 		.word	-536600576
 822              		.cfi_endproc
 823              	.LFE89:
 825              		.global	uwTickFreq
 826              		.section	.data.uwTickFreq,"aw"
 829              	uwTickFreq:
 830 0000 01       		.byte	1
 831              		.global	uwTickPrio
 832              		.section	.data.uwTickPrio,"aw"
 833              		.align	2
 836              	uwTickPrio:
 837 0000 10000000 		.word	16
 838              		.global	uwTick
 839              		.section	.bss.uwTick,"aw",%nobits
 840              		.align	2
 843              	uwTick:
 844 0000 00000000 		.space	4
 845              		.text
 846              	.Letext0:
 847              		.file 2 "Drivers/CMSIS/Device/ST/STM32F1xx/Include/stm32f100xb.h"
 848              		.file 3 "/Users/kroko/Library/Application Support/Code/User/globalStorage/bmd.stm32-for-vscode/@xp
 849              		.file 4 "/Users/kroko/Library/Application Support/Code/User/globalStorage/bmd.stm32-for-vscode/@xp
 850              		.file 5 "Drivers/CMSIS/Include/core_cm3.h"
 851              		.file 6 "Drivers/STM32F1xx_HAL_Driver/Inc/stm32f1xx_hal_def.h"
 852              		.file 7 "Drivers/STM32F1xx_HAL_Driver/Inc/stm32f1xx_hal.h"
 853              		.file 8 "Drivers/CMSIS/Device/ST/STM32F1xx/Include/system_stm32f1xx.h"
 854              		.file 9 "Drivers/STM32F1xx_HAL_Driver/Inc/stm32f1xx_hal_cortex.h"
ARM GAS  /var/folders/t4/6192qx0n3zgdnvcwt906k_mw0000gn/T//cc0HzaG7.s 			page 26


DEFINED SYMBOLS
                            *ABS*:00000000 stm32f1xx_hal.c
/var/folders/t4/6192qx0n3zgdnvcwt906k_mw0000gn/T//cc0HzaG7.s:19     .text.HAL_MspInit:00000000 $t
/var/folders/t4/6192qx0n3zgdnvcwt906k_mw0000gn/T//cc0HzaG7.s:25     .text.HAL_MspInit:00000000 HAL_MspInit
/var/folders/t4/6192qx0n3zgdnvcwt906k_mw0000gn/T//cc0HzaG7.s:38     .text.HAL_MspDeInit:00000000 $t
/var/folders/t4/6192qx0n3zgdnvcwt906k_mw0000gn/T//cc0HzaG7.s:44     .text.HAL_MspDeInit:00000000 HAL_MspDeInit
/var/folders/t4/6192qx0n3zgdnvcwt906k_mw0000gn/T//cc0HzaG7.s:57     .text.HAL_DeInit:00000000 $t
/var/folders/t4/6192qx0n3zgdnvcwt906k_mw0000gn/T//cc0HzaG7.s:63     .text.HAL_DeInit:00000000 HAL_DeInit
/var/folders/t4/6192qx0n3zgdnvcwt906k_mw0000gn/T//cc0HzaG7.s:94     .text.HAL_DeInit:0000001c $d
/var/folders/t4/6192qx0n3zgdnvcwt906k_mw0000gn/T//cc0HzaG7.s:99     .text.HAL_InitTick:00000000 $t
/var/folders/t4/6192qx0n3zgdnvcwt906k_mw0000gn/T//cc0HzaG7.s:105    .text.HAL_InitTick:00000000 HAL_InitTick
/var/folders/t4/6192qx0n3zgdnvcwt906k_mw0000gn/T//cc0HzaG7.s:167    .text.HAL_InitTick:00000040 $d
/var/folders/t4/6192qx0n3zgdnvcwt906k_mw0000gn/T//cc0HzaG7.s:829    .data.uwTickFreq:00000000 uwTickFreq
/var/folders/t4/6192qx0n3zgdnvcwt906k_mw0000gn/T//cc0HzaG7.s:836    .data.uwTickPrio:00000000 uwTickPrio
/var/folders/t4/6192qx0n3zgdnvcwt906k_mw0000gn/T//cc0HzaG7.s:174    .text.HAL_Init:00000000 $t
/var/folders/t4/6192qx0n3zgdnvcwt906k_mw0000gn/T//cc0HzaG7.s:180    .text.HAL_Init:00000000 HAL_Init
/var/folders/t4/6192qx0n3zgdnvcwt906k_mw0000gn/T//cc0HzaG7.s:209    .text.HAL_IncTick:00000000 $t
/var/folders/t4/6192qx0n3zgdnvcwt906k_mw0000gn/T//cc0HzaG7.s:215    .text.HAL_IncTick:00000000 HAL_IncTick
/var/folders/t4/6192qx0n3zgdnvcwt906k_mw0000gn/T//cc0HzaG7.s:235    .text.HAL_IncTick:00000010 $d
/var/folders/t4/6192qx0n3zgdnvcwt906k_mw0000gn/T//cc0HzaG7.s:843    .bss.uwTick:00000000 uwTick
/var/folders/t4/6192qx0n3zgdnvcwt906k_mw0000gn/T//cc0HzaG7.s:241    .text.HAL_GetTick:00000000 $t
/var/folders/t4/6192qx0n3zgdnvcwt906k_mw0000gn/T//cc0HzaG7.s:247    .text.HAL_GetTick:00000000 HAL_GetTick
/var/folders/t4/6192qx0n3zgdnvcwt906k_mw0000gn/T//cc0HzaG7.s:263    .text.HAL_GetTick:00000008 $d
/var/folders/t4/6192qx0n3zgdnvcwt906k_mw0000gn/T//cc0HzaG7.s:268    .text.HAL_GetTickPrio:00000000 $t
/var/folders/t4/6192qx0n3zgdnvcwt906k_mw0000gn/T//cc0HzaG7.s:274    .text.HAL_GetTickPrio:00000000 HAL_GetTickPrio
/var/folders/t4/6192qx0n3zgdnvcwt906k_mw0000gn/T//cc0HzaG7.s:289    .text.HAL_GetTickPrio:00000008 $d
/var/folders/t4/6192qx0n3zgdnvcwt906k_mw0000gn/T//cc0HzaG7.s:294    .text.HAL_SetTickFreq:00000000 $t
/var/folders/t4/6192qx0n3zgdnvcwt906k_mw0000gn/T//cc0HzaG7.s:300    .text.HAL_SetTickFreq:00000000 HAL_SetTickFreq
/var/folders/t4/6192qx0n3zgdnvcwt906k_mw0000gn/T//cc0HzaG7.s:356    .text.HAL_SetTickFreq:00000024 $d
/var/folders/t4/6192qx0n3zgdnvcwt906k_mw0000gn/T//cc0HzaG7.s:362    .text.HAL_GetTickFreq:00000000 $t
/var/folders/t4/6192qx0n3zgdnvcwt906k_mw0000gn/T//cc0HzaG7.s:368    .text.HAL_GetTickFreq:00000000 HAL_GetTickFreq
/var/folders/t4/6192qx0n3zgdnvcwt906k_mw0000gn/T//cc0HzaG7.s:383    .text.HAL_GetTickFreq:00000008 $d
/var/folders/t4/6192qx0n3zgdnvcwt906k_mw0000gn/T//cc0HzaG7.s:388    .text.HAL_Delay:00000000 $t
/var/folders/t4/6192qx0n3zgdnvcwt906k_mw0000gn/T//cc0HzaG7.s:394    .text.HAL_Delay:00000000 HAL_Delay
/var/folders/t4/6192qx0n3zgdnvcwt906k_mw0000gn/T//cc0HzaG7.s:446    .text.HAL_Delay:00000024 $d
/var/folders/t4/6192qx0n3zgdnvcwt906k_mw0000gn/T//cc0HzaG7.s:451    .text.HAL_SuspendTick:00000000 $t
/var/folders/t4/6192qx0n3zgdnvcwt906k_mw0000gn/T//cc0HzaG7.s:457    .text.HAL_SuspendTick:00000000 HAL_SuspendTick
/var/folders/t4/6192qx0n3zgdnvcwt906k_mw0000gn/T//cc0HzaG7.s:475    .text.HAL_ResumeTick:00000000 $t
/var/folders/t4/6192qx0n3zgdnvcwt906k_mw0000gn/T//cc0HzaG7.s:481    .text.HAL_ResumeTick:00000000 HAL_ResumeTick
/var/folders/t4/6192qx0n3zgdnvcwt906k_mw0000gn/T//cc0HzaG7.s:499    .text.HAL_GetHalVersion:00000000 $t
/var/folders/t4/6192qx0n3zgdnvcwt906k_mw0000gn/T//cc0HzaG7.s:505    .text.HAL_GetHalVersion:00000000 HAL_GetHalVersion
/var/folders/t4/6192qx0n3zgdnvcwt906k_mw0000gn/T//cc0HzaG7.s:519    .text.HAL_GetHalVersion:00000004 $d
/var/folders/t4/6192qx0n3zgdnvcwt906k_mw0000gn/T//cc0HzaG7.s:524    .text.HAL_GetREVID:00000000 $t
/var/folders/t4/6192qx0n3zgdnvcwt906k_mw0000gn/T//cc0HzaG7.s:530    .text.HAL_GetREVID:00000000 HAL_GetREVID
/var/folders/t4/6192qx0n3zgdnvcwt906k_mw0000gn/T//cc0HzaG7.s:547    .text.HAL_GetREVID:00000008 $d
/var/folders/t4/6192qx0n3zgdnvcwt906k_mw0000gn/T//cc0HzaG7.s:552    .text.HAL_GetDEVID:00000000 $t
/var/folders/t4/6192qx0n3zgdnvcwt906k_mw0000gn/T//cc0HzaG7.s:558    .text.HAL_GetDEVID:00000000 HAL_GetDEVID
/var/folders/t4/6192qx0n3zgdnvcwt906k_mw0000gn/T//cc0HzaG7.s:575    .text.HAL_GetDEVID:0000000c $d
/var/folders/t4/6192qx0n3zgdnvcwt906k_mw0000gn/T//cc0HzaG7.s:580    .text.HAL_GetUIDw0:00000000 $t
/var/folders/t4/6192qx0n3zgdnvcwt906k_mw0000gn/T//cc0HzaG7.s:586    .text.HAL_GetUIDw0:00000000 HAL_GetUIDw0
/var/folders/t4/6192qx0n3zgdnvcwt906k_mw0000gn/T//cc0HzaG7.s:601    .text.HAL_GetUIDw0:00000008 $d
/var/folders/t4/6192qx0n3zgdnvcwt906k_mw0000gn/T//cc0HzaG7.s:606    .text.HAL_GetUIDw1:00000000 $t
/var/folders/t4/6192qx0n3zgdnvcwt906k_mw0000gn/T//cc0HzaG7.s:612    .text.HAL_GetUIDw1:00000000 HAL_GetUIDw1
/var/folders/t4/6192qx0n3zgdnvcwt906k_mw0000gn/T//cc0HzaG7.s:627    .text.HAL_GetUIDw1:00000008 $d
/var/folders/t4/6192qx0n3zgdnvcwt906k_mw0000gn/T//cc0HzaG7.s:632    .text.HAL_GetUIDw2:00000000 $t
/var/folders/t4/6192qx0n3zgdnvcwt906k_mw0000gn/T//cc0HzaG7.s:638    .text.HAL_GetUIDw2:00000000 HAL_GetUIDw2
/var/folders/t4/6192qx0n3zgdnvcwt906k_mw0000gn/T//cc0HzaG7.s:653    .text.HAL_GetUIDw2:00000008 $d
ARM GAS  /var/folders/t4/6192qx0n3zgdnvcwt906k_mw0000gn/T//cc0HzaG7.s 			page 27


/var/folders/t4/6192qx0n3zgdnvcwt906k_mw0000gn/T//cc0HzaG7.s:658    .text.HAL_DBGMCU_EnableDBGSleepMode:00000000 $t
/var/folders/t4/6192qx0n3zgdnvcwt906k_mw0000gn/T//cc0HzaG7.s:664    .text.HAL_DBGMCU_EnableDBGSleepMode:00000000 HAL_DBGMCU_EnableDBGSleepMode
/var/folders/t4/6192qx0n3zgdnvcwt906k_mw0000gn/T//cc0HzaG7.s:681    .text.HAL_DBGMCU_EnableDBGSleepMode:0000000c $d
/var/folders/t4/6192qx0n3zgdnvcwt906k_mw0000gn/T//cc0HzaG7.s:686    .text.HAL_DBGMCU_DisableDBGSleepMode:00000000 $t
/var/folders/t4/6192qx0n3zgdnvcwt906k_mw0000gn/T//cc0HzaG7.s:692    .text.HAL_DBGMCU_DisableDBGSleepMode:00000000 HAL_DBGMCU_DisableDBGSleepMode
/var/folders/t4/6192qx0n3zgdnvcwt906k_mw0000gn/T//cc0HzaG7.s:709    .text.HAL_DBGMCU_DisableDBGSleepMode:0000000c $d
/var/folders/t4/6192qx0n3zgdnvcwt906k_mw0000gn/T//cc0HzaG7.s:714    .text.HAL_DBGMCU_EnableDBGStopMode:00000000 $t
/var/folders/t4/6192qx0n3zgdnvcwt906k_mw0000gn/T//cc0HzaG7.s:720    .text.HAL_DBGMCU_EnableDBGStopMode:00000000 HAL_DBGMCU_EnableDBGStopMode
/var/folders/t4/6192qx0n3zgdnvcwt906k_mw0000gn/T//cc0HzaG7.s:737    .text.HAL_DBGMCU_EnableDBGStopMode:0000000c $d
/var/folders/t4/6192qx0n3zgdnvcwt906k_mw0000gn/T//cc0HzaG7.s:742    .text.HAL_DBGMCU_DisableDBGStopMode:00000000 $t
/var/folders/t4/6192qx0n3zgdnvcwt906k_mw0000gn/T//cc0HzaG7.s:748    .text.HAL_DBGMCU_DisableDBGStopMode:00000000 HAL_DBGMCU_DisableDBGStopMode
/var/folders/t4/6192qx0n3zgdnvcwt906k_mw0000gn/T//cc0HzaG7.s:765    .text.HAL_DBGMCU_DisableDBGStopMode:0000000c $d
/var/folders/t4/6192qx0n3zgdnvcwt906k_mw0000gn/T//cc0HzaG7.s:770    .text.HAL_DBGMCU_EnableDBGStandbyMode:00000000 $t
/var/folders/t4/6192qx0n3zgdnvcwt906k_mw0000gn/T//cc0HzaG7.s:776    .text.HAL_DBGMCU_EnableDBGStandbyMode:00000000 HAL_DBGMCU_EnableDBGStandbyMode
/var/folders/t4/6192qx0n3zgdnvcwt906k_mw0000gn/T//cc0HzaG7.s:793    .text.HAL_DBGMCU_EnableDBGStandbyMode:0000000c $d
/var/folders/t4/6192qx0n3zgdnvcwt906k_mw0000gn/T//cc0HzaG7.s:798    .text.HAL_DBGMCU_DisableDBGStandbyMode:00000000 $t
/var/folders/t4/6192qx0n3zgdnvcwt906k_mw0000gn/T//cc0HzaG7.s:804    .text.HAL_DBGMCU_DisableDBGStandbyMode:00000000 HAL_DBGMCU_DisableDBGStandbyMode
/var/folders/t4/6192qx0n3zgdnvcwt906k_mw0000gn/T//cc0HzaG7.s:821    .text.HAL_DBGMCU_DisableDBGStandbyMode:0000000c $d
/var/folders/t4/6192qx0n3zgdnvcwt906k_mw0000gn/T//cc0HzaG7.s:833    .data.uwTickPrio:00000000 $d
/var/folders/t4/6192qx0n3zgdnvcwt906k_mw0000gn/T//cc0HzaG7.s:840    .bss.uwTick:00000000 $d

UNDEFINED SYMBOLS
HAL_SYSTICK_Config
HAL_NVIC_SetPriority
SystemCoreClock
HAL_NVIC_SetPriorityGrouping
