ARM GAS  /var/folders/t4/6192qx0n3zgdnvcwt906k_mw0000gn/T//ccu4mbxT.s 			page 1


   1              		.cpu cortex-m3
   2              		.arch armv7-m
   3              		.fpu softvfp
   4              		.eabi_attribute 20, 1
   5              		.eabi_attribute 21, 1
   6              		.eabi_attribute 23, 3
   7              		.eabi_attribute 24, 1
   8              		.eabi_attribute 25, 1
   9              		.eabi_attribute 26, 1
  10              		.eabi_attribute 30, 1
  11              		.eabi_attribute 34, 1
  12              		.eabi_attribute 18, 4
  13              		.file	"main.c"
  14              		.text
  15              		.section	.text.MX_GPIO_Init,"ax",%progbits
  16              		.align	1
  17              		.syntax unified
  18              		.thumb
  19              		.thumb_func
  21              	MX_GPIO_Init:
  22              		@ args = 0, pretend = 0, frame = 24
  23              		@ frame_needed = 0, uses_anonymous_args = 0
  24 0000 70B5     		push	{r4, r5, r6, lr}
  25 0002 86B0     		sub	sp, sp, #24
  26 0004 0024     		movs	r4, #0
  27 0006 0294     		str	r4, [sp, #8]
  28 0008 0394     		str	r4, [sp, #12]
  29 000a 0494     		str	r4, [sp, #16]
  30 000c 0594     		str	r4, [sp, #20]
  31 000e 1C4B     		ldr	r3, .L3
  32 0010 9A69     		ldr	r2, [r3, #24]
  33 0012 42F00402 		orr	r2, r2, #4
  34 0016 9A61     		str	r2, [r3, #24]
  35 0018 9A69     		ldr	r2, [r3, #24]
  36 001a 02F00402 		and	r2, r2, #4
  37 001e 0092     		str	r2, [sp]
  38 0020 009A     		ldr	r2, [sp]
  39 0022 9A69     		ldr	r2, [r3, #24]
  40 0024 42F00802 		orr	r2, r2, #8
  41 0028 9A61     		str	r2, [r3, #24]
  42 002a 9B69     		ldr	r3, [r3, #24]
  43 002c 03F00803 		and	r3, r3, #8
  44 0030 0193     		str	r3, [sp, #4]
  45 0032 019B     		ldr	r3, [sp, #4]
  46 0034 134D     		ldr	r5, .L3+4
  47 0036 2246     		mov	r2, r4
  48 0038 4FF47361 		mov	r1, #3888
  49 003c 2846     		mov	r0, r5
  50 003e FFF7FEFF 		bl	HAL_GPIO_WritePin
  51 0042 0126     		movs	r6, #1
  52 0044 0296     		str	r6, [sp, #8]
  53 0046 0394     		str	r4, [sp, #12]
  54 0048 0494     		str	r4, [sp, #16]
  55 004a 02A9     		add	r1, sp, #8
  56 004c 0E48     		ldr	r0, .L3+8
  57 004e FFF7FEFF 		bl	HAL_GPIO_Init
  58 0052 0423     		movs	r3, #4
ARM GAS  /var/folders/t4/6192qx0n3zgdnvcwt906k_mw0000gn/T//ccu4mbxT.s 			page 2


  59 0054 0293     		str	r3, [sp, #8]
  60 0056 0D4B     		ldr	r3, .L3+12
  61 0058 0393     		str	r3, [sp, #12]
  62 005a 0494     		str	r4, [sp, #16]
  63 005c 02A9     		add	r1, sp, #8
  64 005e 2846     		mov	r0, r5
  65 0060 FFF7FEFF 		bl	HAL_GPIO_Init
  66 0064 4FF47363 		mov	r3, #3888
  67 0068 0293     		str	r3, [sp, #8]
  68 006a 0396     		str	r6, [sp, #12]
  69 006c 0494     		str	r4, [sp, #16]
  70 006e 0223     		movs	r3, #2
  71 0070 0593     		str	r3, [sp, #20]
  72 0072 02A9     		add	r1, sp, #8
  73 0074 2846     		mov	r0, r5
  74 0076 FFF7FEFF 		bl	HAL_GPIO_Init
  75 007a 06B0     		add	sp, sp, #24
  76              		@ sp needed
  77 007c 70BD     		pop	{r4, r5, r6, pc}
  78              	.L4:
  79 007e 00BF     		.align	2
  80              	.L3:
  81 0080 00100240 		.word	1073876992
  82 0084 000C0140 		.word	1073810432
  83 0088 00080140 		.word	1073809408
  84 008c 00001110 		.word	269549568
  86              		.section	.text.MX_DMA_Init,"ax",%progbits
  87              		.align	1
  88              		.syntax unified
  89              		.thumb
  90              		.thumb_func
  92              	MX_DMA_Init:
  93              		@ args = 0, pretend = 0, frame = 8
  94              		@ frame_needed = 0, uses_anonymous_args = 0
  95 0000 00B5     		push	{lr}
  96 0002 83B0     		sub	sp, sp, #12
  97 0004 0A4B     		ldr	r3, .L7
  98 0006 5A69     		ldr	r2, [r3, #20]
  99 0008 42F00102 		orr	r2, r2, #1
 100 000c 5A61     		str	r2, [r3, #20]
 101 000e 5B69     		ldr	r3, [r3, #20]
 102 0010 03F00103 		and	r3, r3, #1
 103 0014 0193     		str	r3, [sp, #4]
 104 0016 019B     		ldr	r3, [sp, #4]
 105 0018 0022     		movs	r2, #0
 106 001a 1146     		mov	r1, r2
 107 001c 0B20     		movs	r0, #11
 108 001e FFF7FEFF 		bl	HAL_NVIC_SetPriority
 109 0022 0B20     		movs	r0, #11
 110 0024 FFF7FEFF 		bl	HAL_NVIC_EnableIRQ
 111 0028 03B0     		add	sp, sp, #12
 112              		@ sp needed
 113 002a 5DF804FB 		ldr	pc, [sp], #4
 114              	.L8:
 115 002e 00BF     		.align	2
 116              	.L7:
 117 0030 00100240 		.word	1073876992
ARM GAS  /var/folders/t4/6192qx0n3zgdnvcwt906k_mw0000gn/T//ccu4mbxT.s 			page 3


 119              		.global	__aeabi_ui2d
 120              		.global	__aeabi_dmul
 121              		.global	__aeabi_ddiv
 122              		.global	__aeabi_d2f
 123              		.global	__aeabi_f2d
 124              		.global	__aeabi_dcmplt
 125              		.section	.text.HAL_ADC_ConvCpltCallback,"ax",%progbits
 126              		.align	1
 127              		.global	HAL_ADC_ConvCpltCallback
 128              		.syntax unified
 129              		.thumb
 130              		.thumb_func
 132              	HAL_ADC_ConvCpltCallback:
 133              		@ args = 0, pretend = 0, frame = 0
 134              		@ frame_needed = 0, uses_anonymous_args = 0
 135 0000 08B5     		push	{r3, lr}
 136 0002 0268     		ldr	r2, [r0]
 137 0004 1C4B     		ldr	r3, .L17+24
 138 0006 9A42     		cmp	r2, r3
 139 0008 00D0     		beq	.L16
 140              	.L9:
 141 000a 08BD     		pop	{r3, pc}
 142              	.L16:
 143 000c 1B4B     		ldr	r3, .L17+28
 144 000e 0122     		movs	r2, #1
 145 0010 1A70     		strb	r2, [r3]
 146 0012 1B4B     		ldr	r3, .L17+32
 147 0014 1868     		ldr	r0, [r3]
 148 0016 FFF7FEFF 		bl	__aeabi_ui2d
 149 001a 11A3     		adr	r3, .L17
 150 001c D3E90023 		ldrd	r2, [r3]
 151 0020 FFF7FEFF 		bl	__aeabi_dmul
 152 0024 10A3     		adr	r3, .L17+8
 153 0026 D3E90023 		ldrd	r2, [r3]
 154 002a FFF7FEFF 		bl	__aeabi_ddiv
 155 002e FFF7FEFF 		bl	__aeabi_d2f
 156 0032 FFF7FEFF 		bl	__aeabi_f2d
 157 0036 0EA3     		adr	r3, .L17+16
 158 0038 D3E90023 		ldrd	r2, [r3]
 159 003c FFF7FEFF 		bl	__aeabi_dcmplt
 160 0040 30B1     		cbz	r0, .L14
 161 0042 0122     		movs	r2, #1
 162 0044 4FF40071 		mov	r1, #512
 163 0048 0E48     		ldr	r0, .L17+36
 164 004a FFF7FEFF 		bl	HAL_GPIO_WritePin
 165 004e DCE7     		b	.L9
 166              	.L14:
 167 0050 0022     		movs	r2, #0
 168 0052 4FF40071 		mov	r1, #512
 169 0056 0B48     		ldr	r0, .L17+36
 170 0058 FFF7FEFF 		bl	HAL_GPIO_WritePin
 171 005c D5E7     		b	.L9
 172              	.L18:
 173 005e 00BF     		.align	3
 174              	.L17:
 175 0060 66666666 		.word	1717986918
 176 0064 66660A40 		.word	1074423398
ARM GAS  /var/folders/t4/6192qx0n3zgdnvcwt906k_mw0000gn/T//ccu4mbxT.s 			page 4


 177 0068 00000000 		.word	0
 178 006c 00FEAF40 		.word	1085275648
 179 0070 9A999999 		.word	-1717986918
 180 0074 9999F53F 		.word	1073060249
 181 0078 00240140 		.word	1073816576
 182 007c 00000000 		.word	adc_done_flag
 183 0080 00000000 		.word	adc_buffer
 184 0084 000C0140 		.word	1073810432
 186              		.section	.text.Enter_Sleep,"ax",%progbits
 187              		.align	1
 188              		.global	Enter_Sleep
 189              		.syntax unified
 190              		.thumb
 191              		.thumb_func
 193              	Enter_Sleep:
 194              		@ args = 0, pretend = 0, frame = 0
 195              		@ frame_needed = 0, uses_anonymous_args = 0
 196 0000 10B5     		push	{r4, lr}
 197 0002 0D4C     		ldr	r4, .L21
 198 0004 0022     		movs	r2, #0
 199 0006 2021     		movs	r1, #32
 200 0008 2046     		mov	r0, r4
 201 000a FFF7FEFF 		bl	HAL_GPIO_WritePin
 202 000e FFF7FEFF 		bl	M_Disable
 203 0012 0022     		movs	r2, #0
 204 0014 4FF48071 		mov	r1, #256
 205 0018 2046     		mov	r0, r4
 206 001a FFF7FEFF 		bl	HAL_GPIO_WritePin
 207 001e 0022     		movs	r2, #0
 208 0020 4FF48061 		mov	r1, #1024
 209 0024 2046     		mov	r0, r4
 210 0026 FFF7FEFF 		bl	HAL_GPIO_WritePin
 211 002a 0022     		movs	r2, #0
 212 002c 4FF40071 		mov	r1, #512
 213 0030 2046     		mov	r0, r4
 214 0032 FFF7FEFF 		bl	HAL_GPIO_WritePin
 215 0036 10BD     		pop	{r4, pc}
 216              	.L22:
 217              		.align	2
 218              	.L21:
 219 0038 000C0140 		.word	1073810432
 221              		.global	__aeabi_i2d
 222              		.global	__aeabi_dsub
 223              		.global	__aeabi_dcmpgt
 224              		.section	.text.Get_Line,"ax",%progbits
 225              		.align	1
 226              		.global	Get_Line
 227              		.syntax unified
 228              		.thumb
 229              		.thumb_func
 231              	Get_Line:
 232              		@ args = 0, pretend = 0, frame = 0
 233              		@ frame_needed = 0, uses_anonymous_args = 0
 234 0000 2DE9F047 		push	{r4, r5, r6, r7, r8, r9, r10, lr}
 235 0004 0024     		movs	r4, #0
 236 0006 2546     		mov	r5, r4
 237 0008 01E0     		b	.L24
ARM GAS  /var/folders/t4/6192qx0n3zgdnvcwt906k_mw0000gn/T//ccu4mbxT.s 			page 5


 238              	.L25:
 239 000a 0134     		adds	r4, r4, #1
 240 000c E4B2     		uxtb	r4, r4
 241              	.L24:
 242 000e 072C     		cmp	r4, #7
 243 0010 2BD8     		bhi	.L30
 244 0012 631C     		adds	r3, r4, #1
 245 0014 164A     		ldr	r2, .L31
 246 0016 52F82300 		ldr	r0, [r2, r3, lsl #2]
 247 001a FFF7FEFF 		bl	__aeabi_ui2d
 248 001e 0646     		mov	r6, r0
 249 0020 0F46     		mov	r7, r1
 250 0022 144B     		ldr	r3, .L31+4
 251 0024 33F814A0 		ldrh	r10, [r3, r4, lsl #1]
 252 0028 134B     		ldr	r3, .L31+8
 253 002a 33F81400 		ldrh	r0, [r3, r4, lsl #1]
 254 002e AAEB0000 		sub	r0, r10, r0
 255 0032 FFF7FEFF 		bl	__aeabi_i2d
 256 0036 0022     		movs	r2, #0
 257 0038 104B     		ldr	r3, .L31+12
 258 003a FFF7FEFF 		bl	__aeabi_dmul
 259 003e 8046     		mov	r8, r0
 260 0040 8946     		mov	r9, r1
 261 0042 5046     		mov	r0, r10
 262 0044 FFF7FEFF 		bl	__aeabi_i2d
 263 0048 4246     		mov	r2, r8
 264 004a 4B46     		mov	r3, r9
 265 004c FFF7FEFF 		bl	__aeabi_dsub
 266 0050 0246     		mov	r2, r0
 267 0052 0B46     		mov	r3, r1
 268 0054 3046     		mov	r0, r6
 269 0056 3946     		mov	r1, r7
 270 0058 FFF7FEFF 		bl	__aeabi_dcmpgt
 271 005c 0028     		cmp	r0, #0
 272 005e D4D0     		beq	.L25
 273 0060 0120     		movs	r0, #1
 274 0062 A040     		lsls	r0, r0, r4
 275 0064 2843     		orrs	r0, r0, r5
 276 0066 C5B2     		uxtb	r5, r0
 277 0068 CFE7     		b	.L25
 278              	.L30:
 279 006a 2846     		mov	r0, r5
 280 006c BDE8F087 		pop	{r4, r5, r6, r7, r8, r9, r10, pc}
 281              	.L32:
 282              		.align	2
 283              	.L31:
 284 0070 00000000 		.word	adc_buffer
 285 0074 00000000 		.word	BLACK
 286 0078 00000000 		.word	WHITE
 287 007c 0000E03F 		.word	1071644672
 289              		.global	__aeabi_fadd
 290              		.global	__aeabi_i2f
 291              		.global	__aeabi_fsub
 292              		.global	__aeabi_f2iz
 293              		.section	.text.PID_Linefollow,"ax",%progbits
 294              		.align	1
 295              		.global	PID_Linefollow
ARM GAS  /var/folders/t4/6192qx0n3zgdnvcwt906k_mw0000gn/T//ccu4mbxT.s 			page 6


 296              		.syntax unified
 297              		.thumb
 298              		.thumb_func
 300              	PID_Linefollow:
 301              		@ args = 0, pretend = 0, frame = 0
 302              		@ frame_needed = 0, uses_anonymous_args = 0
 303 0000 2DE9F84F 		push	{r3, r4, r5, r6, r7, r8, r9, r10, fp, lr}
 304 0004 0446     		mov	r4, r0
 305 0006 714D     		ldr	r5, .L39
 306 0008 2860     		str	r0, [r5]
 307 000a FFF7FEFF 		bl	HAL_GetTick
 308 000e DFF8C081 		ldr	r8, .L39+4
 309 0012 D8F80030 		ldr	r3, [r8]
 310 0016 C01A     		subs	r0, r0, r3
 311 0018 6E4B     		ldr	r3, .L39+8
 312 001a A3FB0030 		umull	r3, r0, r3, r0
 313 001e 8009     		lsrs	r0, r0, #6
 314 0020 6D4E     		ldr	r6, .L39+12
 315 0022 3368     		ldr	r3, [r6]
 316 0024 00FB0433 		mla	r3, r0, r4, r3
 317 0028 3360     		str	r3, [r6]
 318 002a 6C4F     		ldr	r7, .L39+16
 319 002c 3B68     		ldr	r3, [r7]
 320 002e E31A     		subs	r3, r4, r3
 321 0030 6B4A     		ldr	r2, .L39+20
 322 0032 1360     		str	r3, [r2]
 323 0034 FFF7FEFF 		bl	HAL_GetTick
 324 0038 C8F80000 		str	r0, [r8]
 325 003c 694B     		ldr	r3, .L39+24
 326 003e 1868     		ldr	r0, [r3]	@ float
 327 0040 FFF7FEFF 		bl	__aeabi_f2d
 328 0044 8046     		mov	r8, r0
 329 0046 8946     		mov	r9, r1
 330 0048 674B     		ldr	r3, .L39+28
 331 004a 1878     		ldrb	r0, [r3]	@ zero_extendqisi2
 332 004c FFF7FEFF 		bl	__aeabi_ui2d
 333 0050 0246     		mov	r2, r0
 334 0052 0B46     		mov	r3, r1
 335 0054 4FF0000A 		mov	r10, #0
 336 0058 DFF890B1 		ldr	fp, .L39+32
 337 005c 5046     		mov	r0, r10
 338 005e 5946     		mov	r1, fp
 339 0060 FFF7FEFF 		bl	pow
 340 0064 0246     		mov	r2, r0
 341 0066 0B46     		mov	r3, r1
 342 0068 4046     		mov	r0, r8
 343 006a 4946     		mov	r1, r9
 344 006c FFF7FEFF 		bl	__aeabi_ddiv
 345 0070 8046     		mov	r8, r0
 346 0072 8946     		mov	r9, r1
 347 0074 2868     		ldr	r0, [r5]
 348 0076 FFF7FEFF 		bl	__aeabi_i2d
 349 007a 4246     		mov	r2, r8
 350 007c 4B46     		mov	r3, r9
 351 007e FFF7FEFF 		bl	__aeabi_dmul
 352 0082 FFF7FEFF 		bl	__aeabi_d2f
 353 0086 0546     		mov	r5, r0
ARM GAS  /var/folders/t4/6192qx0n3zgdnvcwt906k_mw0000gn/T//ccu4mbxT.s 			page 7


 354 0088 594B     		ldr	r3, .L39+36
 355 008a 1860     		str	r0, [r3]	@ float
 356 008c 594B     		ldr	r3, .L39+40
 357 008e 1868     		ldr	r0, [r3]	@ float
 358 0090 FFF7FEFF 		bl	__aeabi_f2d
 359 0094 8046     		mov	r8, r0
 360 0096 8946     		mov	r9, r1
 361 0098 574B     		ldr	r3, .L39+44
 362 009a 1878     		ldrb	r0, [r3]	@ zero_extendqisi2
 363 009c FFF7FEFF 		bl	__aeabi_ui2d
 364 00a0 0246     		mov	r2, r0
 365 00a2 0B46     		mov	r3, r1
 366 00a4 5046     		mov	r0, r10
 367 00a6 5946     		mov	r1, fp
 368 00a8 FFF7FEFF 		bl	pow
 369 00ac 0246     		mov	r2, r0
 370 00ae 0B46     		mov	r3, r1
 371 00b0 4046     		mov	r0, r8
 372 00b2 4946     		mov	r1, r9
 373 00b4 FFF7FEFF 		bl	__aeabi_ddiv
 374 00b8 8046     		mov	r8, r0
 375 00ba 8946     		mov	r9, r1
 376 00bc 3068     		ldr	r0, [r6]
 377 00be FFF7FEFF 		bl	__aeabi_i2d
 378 00c2 4246     		mov	r2, r8
 379 00c4 4B46     		mov	r3, r9
 380 00c6 FFF7FEFF 		bl	__aeabi_dmul
 381 00ca FFF7FEFF 		bl	__aeabi_d2f
 382 00ce 0646     		mov	r6, r0
 383 00d0 4A4B     		ldr	r3, .L39+48
 384 00d2 1860     		str	r0, [r3]	@ float
 385 00d4 4A4B     		ldr	r3, .L39+52
 386 00d6 1868     		ldr	r0, [r3]	@ float
 387 00d8 FFF7FEFF 		bl	__aeabi_f2d
 388 00dc 8046     		mov	r8, r0
 389 00de 8946     		mov	r9, r1
 390 00e0 484B     		ldr	r3, .L39+56
 391 00e2 1878     		ldrb	r0, [r3]	@ zero_extendqisi2
 392 00e4 FFF7FEFF 		bl	__aeabi_ui2d
 393 00e8 0246     		mov	r2, r0
 394 00ea 0B46     		mov	r3, r1
 395 00ec 5046     		mov	r0, r10
 396 00ee 5946     		mov	r1, fp
 397 00f0 FFF7FEFF 		bl	pow
 398 00f4 0246     		mov	r2, r0
 399 00f6 0B46     		mov	r3, r1
 400 00f8 4046     		mov	r0, r8
 401 00fa 4946     		mov	r1, r9
 402 00fc FFF7FEFF 		bl	__aeabi_ddiv
 403 0100 8046     		mov	r8, r0
 404 0102 8946     		mov	r9, r1
 405 0104 364A     		ldr	r2, .L39+20
 406 0106 1068     		ldr	r0, [r2]
 407 0108 FFF7FEFF 		bl	__aeabi_i2d
 408 010c 4246     		mov	r2, r8
 409 010e 4B46     		mov	r3, r9
 410 0110 FFF7FEFF 		bl	__aeabi_dmul
ARM GAS  /var/folders/t4/6192qx0n3zgdnvcwt906k_mw0000gn/T//ccu4mbxT.s 			page 8


 411 0114 FFF7FEFF 		bl	__aeabi_d2f
 412 0118 8046     		mov	r8, r0
 413 011a 3B4B     		ldr	r3, .L39+60
 414 011c 1860     		str	r0, [r3]	@ float
 415 011e 3146     		mov	r1, r6
 416 0120 2846     		mov	r0, r5
 417 0122 FFF7FEFF 		bl	__aeabi_fadd
 418 0126 0146     		mov	r1, r0
 419 0128 4046     		mov	r0, r8
 420 012a FFF7FEFF 		bl	__aeabi_fadd
 421 012e 0546     		mov	r5, r0
 422 0130 3C60     		str	r4, [r7]
 423 0132 364B     		ldr	r3, .L39+64
 424 0134 1868     		ldr	r0, [r3]
 425 0136 FFF7FEFF 		bl	__aeabi_i2f
 426 013a 0646     		mov	r6, r0
 427 013c 2946     		mov	r1, r5
 428 013e FFF7FEFF 		bl	__aeabi_fsub
 429 0142 FFF7FEFF 		bl	__aeabi_f2iz
 430 0146 0446     		mov	r4, r0
 431 0148 314B     		ldr	r3, .L39+68
 432 014a 1860     		str	r0, [r3]
 433 014c 2946     		mov	r1, r5
 434 014e 3046     		mov	r0, r6
 435 0150 FFF7FEFF 		bl	__aeabi_fadd
 436 0154 FFF7FEFF 		bl	__aeabi_f2iz
 437 0158 2E4B     		ldr	r3, .L39+72
 438 015a 1860     		str	r0, [r3]
 439 015c B4F52F7F 		cmp	r4, #700
 440 0160 03DD     		ble	.L34
 441 0162 2B4B     		ldr	r3, .L39+68
 442 0164 4FF42F72 		mov	r2, #700
 443 0168 1A60     		str	r2, [r3]
 444              	.L34:
 445 016a 294B     		ldr	r3, .L39+68
 446 016c 1B68     		ldr	r3, [r3]
 447 016e 13F52F7F 		cmn	r3, #700
 448 0172 02DA     		bge	.L35
 449 0174 264B     		ldr	r3, .L39+68
 450 0176 284A     		ldr	r2, .L39+76
 451 0178 1A60     		str	r2, [r3]
 452              	.L35:
 453 017a B0F52F7F 		cmp	r0, #700
 454 017e 03DD     		ble	.L36
 455 0180 244B     		ldr	r3, .L39+72
 456 0182 4FF42F72 		mov	r2, #700
 457 0186 1A60     		str	r2, [r3]
 458              	.L36:
 459 0188 224B     		ldr	r3, .L39+72
 460 018a 1B68     		ldr	r3, [r3]
 461 018c 13F52F7F 		cmn	r3, #700
 462 0190 02DA     		bge	.L37
 463 0192 204B     		ldr	r3, .L39+72
 464 0194 204A     		ldr	r2, .L39+76
 465 0196 1A60     		str	r2, [r3]
 466              	.L37:
 467 0198 1E4B     		ldr	r3, .L39+72
ARM GAS  /var/folders/t4/6192qx0n3zgdnvcwt906k_mw0000gn/T//ccu4mbxT.s 			page 9


 468 019a 1A68     		ldr	r2, [r3]
 469 019c 1C4B     		ldr	r3, .L39+68
 470 019e 1B68     		ldr	r3, [r3]
 471 01a0 82EAE270 		eor	r0, r2, r2, asr #31
 472 01a4 A0EBE270 		sub	r0, r0, r2, asr #31
 473 01a8 83EAE371 		eor	r1, r3, r3, asr #31
 474 01ac A1EBE371 		sub	r1, r1, r3, asr #31
 475 01b0 002B     		cmp	r3, #0
 476 01b2 D4BF     		ite	le
 477 01b4 0023     		movle	r3, #0
 478 01b6 0123     		movgt	r3, #1
 479 01b8 002A     		cmp	r2, #0
 480 01ba D4BF     		ite	le
 481 01bc 0022     		movle	r2, #0
 482 01be 0122     		movgt	r2, #1
 483 01c0 89B2     		uxth	r1, r1
 484 01c2 80B2     		uxth	r0, r0
 485 01c4 FFF7FEFF 		bl	M_SetSpeed
 486 01c8 BDE8F88F 		pop	{r3, r4, r5, r6, r7, r8, r9, r10, fp, pc}
 487              	.L40:
 488              		.align	2
 489              	.L39:
 490 01cc 00000000 		.word	P
 491 01d0 00000000 		.word	t0
 492 01d4 D34D6210 		.word	274877907
 493 01d8 00000000 		.word	I
 494 01dc 00000000 		.word	previousError
 495 01e0 00000000 		.word	D
 496 01e4 00000000 		.word	Kp
 497 01e8 00000000 		.word	multiP
 498 01ec 00002440 		.word	1076101120
 499 01f0 00000000 		.word	Pvalue
 500 01f4 00000000 		.word	Ki
 501 01f8 00000000 		.word	multiI
 502 01fc 00000000 		.word	Ivalue
 503 0200 00000000 		.word	Kd
 504 0204 00000000 		.word	multiD
 505 0208 00000000 		.word	Dvalue
 506 020c 00000000 		.word	lfspeed
 507 0210 00000000 		.word	lsp
 508 0214 00000000 		.word	rsp
 509 0218 44FDFFFF 		.word	-700
 511              		.section	.text.Normalize_Sensors,"ax",%progbits
 512              		.align	1
 513              		.global	Normalize_Sensors
 514              		.syntax unified
 515              		.thumb
 516              		.thumb_func
 518              	Normalize_Sensors:
 519              		@ args = 0, pretend = 0, frame = 0
 520              		@ frame_needed = 0, uses_anonymous_args = 0
 521 0000 2DE9D043 		push	{r4, r6, r7, r8, r9, lr}
 522 0004 184B     		ldr	r3, .L50
 523 0006 33F81140 		ldrh	r4, [r3, r1, lsl #1]
 524 000a 184B     		ldr	r3, .L50+4
 525 000c 33F81100 		ldrh	r0, [r3, r1, lsl #1]
 526 0010 8442     		cmp	r4, r0
ARM GAS  /var/folders/t4/6192qx0n3zgdnvcwt906k_mw0000gn/T//ccu4mbxT.s 			page 10


 527 0012 27D0     		beq	.L45
 528 0014 A4EB0008 		sub	r8, r4, r0
 529 0018 0131     		adds	r1, r1, #1
 530 001a 154B     		ldr	r3, .L50+8
 531 001c 53F82100 		ldr	r0, [r3, r1, lsl #2]
 532 0020 FFF7FEFF 		bl	__aeabi_ui2d
 533 0024 0646     		mov	r6, r0
 534 0026 0F46     		mov	r7, r1
 535 0028 4046     		mov	r0, r8
 536 002a FFF7FEFF 		bl	__aeabi_i2d
 537 002e 0022     		movs	r2, #0
 538 0030 104B     		ldr	r3, .L50+12
 539 0032 FFF7FEFF 		bl	__aeabi_dmul
 540 0036 8046     		mov	r8, r0
 541 0038 8946     		mov	r9, r1
 542 003a 2046     		mov	r0, r4
 543 003c FFF7FEFF 		bl	__aeabi_i2d
 544 0040 4246     		mov	r2, r8
 545 0042 4B46     		mov	r3, r9
 546 0044 FFF7FEFF 		bl	__aeabi_dsub
 547 0048 0246     		mov	r2, r0
 548 004a 0B46     		mov	r3, r1
 549 004c 3046     		mov	r0, r6
 550 004e 3946     		mov	r1, r7
 551 0050 FFF7FEFF 		bl	__aeabi_dcmpgt
 552 0054 20B1     		cbz	r0, .L48
 553 0056 4FF47A70 		mov	r0, #1000
 554              	.L43:
 555 005a 80B2     		uxth	r0, r0
 556              	.L42:
 557 005c BDE8D083 		pop	{r4, r6, r7, r8, r9, pc}
 558              	.L48:
 559 0060 0020     		movs	r0, #0
 560 0062 FAE7     		b	.L43
 561              	.L45:
 562 0064 0020     		movs	r0, #0
 563 0066 F9E7     		b	.L42
 564              	.L51:
 565              		.align	2
 566              	.L50:
 567 0068 00000000 		.word	BLACK
 568 006c 00000000 		.word	WHITE
 569 0070 00000000 		.word	adc_buffer
 570 0074 0000E03F 		.word	1071644672
 572              		.section	.text.Read_Line,"ax",%progbits
 573              		.align	1
 574              		.global	Read_Line
 575              		.syntax unified
 576              		.thumb
 577              		.thumb_func
 579              	Read_Line:
 580              		@ args = 0, pretend = 0, frame = 0
 581              		@ frame_needed = 0, uses_anonymous_args = 0
 582 0000 F8B5     		push	{r3, r4, r5, r6, r7, lr}
 583 0002 0024     		movs	r4, #0
 584 0004 2646     		mov	r6, r4
 585 0006 2746     		mov	r7, r4
ARM GAS  /var/folders/t4/6192qx0n3zgdnvcwt906k_mw0000gn/T//ccu4mbxT.s 			page 11


 586 0008 0EE0     		b	.L53
 587              	.L54:
 588 000a 651C     		adds	r5, r4, #1
 589 000c 2146     		mov	r1, r4
 590 000e 0A4B     		ldr	r3, .L57
 591 0010 33F82500 		ldrh	r0, [r3, r5, lsl #2]
 592 0014 FFF7FEFF 		bl	Normalize_Sensors
 593 0018 00FB04F4 		mul	r4, r0, r4
 594 001c 4FF47A73 		mov	r3, #1000
 595 0020 03FB0477 		mla	r7, r3, r4, r7
 596 0024 0644     		add	r6, r6, r0
 597 0026 ECB2     		uxtb	r4, r5
 598              	.L53:
 599 0028 072C     		cmp	r4, #7
 600 002a EED9     		bls	.L54
 601 002c 0EB1     		cbz	r6, .L52
 602 002e B7FBF6F6 		udiv	r6, r7, r6
 603              	.L52:
 604 0032 3046     		mov	r0, r6
 605 0034 F8BD     		pop	{r3, r4, r5, r6, r7, pc}
 606              	.L58:
 607 0036 00BF     		.align	2
 608              	.L57:
 609 0038 00000000 		.word	adc_buffer
 611              		.section	.text.Robot_Control,"ax",%progbits
 612              		.align	1
 613              		.global	Robot_Control
 614              		.syntax unified
 615              		.thumb
 616              		.thumb_func
 618              	Robot_Control:
 619              		@ args = 0, pretend = 0, frame = 0
 620              		@ frame_needed = 0, uses_anonymous_args = 0
 621 0000 08B5     		push	{r3, lr}
 622 0002 FFF7FEFF 		bl	Read_Line
 623 0006 1B4B     		ldr	r3, .L68
 624 0008 1880     		strh	r0, [r3]	@ movhi
 625 000a 83B2     		uxth	r3, r0
 626 000c C3F55A63 		rsb	r3, r3, #3488
 627 0010 0C33     		adds	r3, r3, #12
 628 0012 194A     		ldr	r2, .L68+4
 629 0014 1360     		str	r3, [r2]
 630 0016 17E0     		b	.L60
 631              	.L67:
 632 0018 0123     		movs	r3, #1
 633 001a 0022     		movs	r2, #0
 634 001c 40F2E911 		movw	r1, #489
 635 0020 4FF48C70 		mov	r0, #280
 636 0024 FFF7FEFF 		bl	M_SetSpeed
 637              	.L62:
 638 0028 144B     		ldr	r3, .L68+8
 639 002a 0022     		movs	r2, #0
 640 002c 1A70     		strb	r2, [r3]
 641 002e 0922     		movs	r2, #9
 642 0030 1349     		ldr	r1, .L68+12
 643 0032 1448     		ldr	r0, .L68+16
 644 0034 FFF7FEFF 		bl	HAL_ADC_Start_DMA
ARM GAS  /var/folders/t4/6192qx0n3zgdnvcwt906k_mw0000gn/T//ccu4mbxT.s 			page 12


 645              	.L63:
 646 0038 104B     		ldr	r3, .L68+8
 647 003a 1B78     		ldrb	r3, [r3]	@ zero_extendqisi2
 648 003c 002B     		cmp	r3, #0
 649 003e FBD0     		beq	.L63
 650 0040 FFF7FEFF 		bl	Read_Line
 651 0044 0B4B     		ldr	r3, .L68
 652 0046 1880     		strh	r0, [r3]	@ movhi
 653              	.L60:
 654 0048 FFF7FEFF 		bl	Get_Line
 655 004c 60B9     		cbnz	r0, .L66
 656 004e 0E4B     		ldr	r3, .L68+20
 657 0050 1B68     		ldr	r3, [r3]
 658 0052 002B     		cmp	r3, #0
 659 0054 E0DB     		blt	.L67
 660 0056 0023     		movs	r3, #0
 661 0058 0122     		movs	r2, #1
 662 005a 4FF48C71 		mov	r1, #280
 663 005e 40F2E910 		movw	r0, #489
 664 0062 FFF7FEFF 		bl	M_SetSpeed
 665 0066 DFE7     		b	.L62
 666              	.L66:
 667 0068 034B     		ldr	r3, .L68+4
 668 006a 1868     		ldr	r0, [r3]
 669 006c FFF7FEFF 		bl	PID_Linefollow
 670 0070 08BD     		pop	{r3, pc}
 671              	.L69:
 672 0072 00BF     		.align	2
 673              	.L68:
 674 0074 00000000 		.word	position
 675 0078 00000000 		.word	error
 676 007c 00000000 		.word	adc_done_flag
 677 0080 00000000 		.word	adc_buffer
 678 0084 00000000 		.word	hadc1
 679 0088 00000000 		.word	previousError
 681              		.section	.text.Error_Handler,"ax",%progbits
 682              		.align	1
 683              		.global	Error_Handler
 684              		.syntax unified
 685              		.thumb
 686              		.thumb_func
 688              	Error_Handler:
 689              		@ Volatile: function does not return.
 690              		@ args = 0, pretend = 0, frame = 0
 691              		@ frame_needed = 0, uses_anonymous_args = 0
 692              		@ link register save eliminated.
 693              		.syntax unified
 694              	@ 142 "Drivers/CMSIS/Include/cmsis_gcc.h" 1
 695 0000 72B6     		cpsid i
 696              	@ 0 "" 2
 697              		.thumb
 698              		.syntax unified
 699              	.L71:
 700 0002 FEE7     		b	.L71
 702              		.section	.text.MX_ADC1_Init,"ax",%progbits
 703              		.align	1
 704              		.syntax unified
ARM GAS  /var/folders/t4/6192qx0n3zgdnvcwt906k_mw0000gn/T//ccu4mbxT.s 			page 13


 705              		.thumb
 706              		.thumb_func
 708              	MX_ADC1_Init:
 709              		@ args = 0, pretend = 0, frame = 16
 710              		@ frame_needed = 0, uses_anonymous_args = 0
 711 0000 00B5     		push	{lr}
 712 0002 85B0     		sub	sp, sp, #20
 713 0004 0023     		movs	r3, #0
 714 0006 0193     		str	r3, [sp, #4]
 715 0008 0293     		str	r3, [sp, #8]
 716 000a 0393     		str	r3, [sp, #12]
 717 000c 3B48     		ldr	r0, .L94
 718 000e 3C4A     		ldr	r2, .L94+4
 719 0010 0260     		str	r2, [r0]
 720 0012 4FF48072 		mov	r2, #256
 721 0016 8260     		str	r2, [r0, #8]
 722 0018 0373     		strb	r3, [r0, #12]
 723 001a 0375     		strb	r3, [r0, #20]
 724 001c 4FF46022 		mov	r2, #917504
 725 0020 C261     		str	r2, [r0, #28]
 726 0022 4360     		str	r3, [r0, #4]
 727 0024 0923     		movs	r3, #9
 728 0026 0361     		str	r3, [r0, #16]
 729 0028 FFF7FEFF 		bl	HAL_ADC_Init
 730 002c 0028     		cmp	r0, #0
 731 002e 50D1     		bne	.L84
 732 0030 0123     		movs	r3, #1
 733 0032 0193     		str	r3, [sp, #4]
 734 0034 0293     		str	r3, [sp, #8]
 735 0036 0393     		str	r3, [sp, #12]
 736 0038 01A9     		add	r1, sp, #4
 737 003a 3048     		ldr	r0, .L94
 738 003c FFF7FEFF 		bl	HAL_ADC_ConfigChannel
 739 0040 0028     		cmp	r0, #0
 740 0042 48D1     		bne	.L85
 741 0044 0223     		movs	r3, #2
 742 0046 0193     		str	r3, [sp, #4]
 743 0048 0293     		str	r3, [sp, #8]
 744 004a 01A9     		add	r1, sp, #4
 745 004c 2B48     		ldr	r0, .L94
 746 004e FFF7FEFF 		bl	HAL_ADC_ConfigChannel
 747 0052 0028     		cmp	r0, #0
 748 0054 41D1     		bne	.L86
 749 0056 0323     		movs	r3, #3
 750 0058 0193     		str	r3, [sp, #4]
 751 005a 0293     		str	r3, [sp, #8]
 752 005c 01A9     		add	r1, sp, #4
 753 005e 2748     		ldr	r0, .L94
 754 0060 FFF7FEFF 		bl	HAL_ADC_ConfigChannel
 755 0064 0028     		cmp	r0, #0
 756 0066 3AD1     		bne	.L87
 757 0068 0423     		movs	r3, #4
 758 006a 0193     		str	r3, [sp, #4]
 759 006c 0293     		str	r3, [sp, #8]
 760 006e 0DEB0301 		add	r1, sp, r3
 761 0072 2248     		ldr	r0, .L94
 762 0074 FFF7FEFF 		bl	HAL_ADC_ConfigChannel
ARM GAS  /var/folders/t4/6192qx0n3zgdnvcwt906k_mw0000gn/T//ccu4mbxT.s 			page 14


 763 0078 0028     		cmp	r0, #0
 764 007a 32D1     		bne	.L88
 765 007c 0523     		movs	r3, #5
 766 007e 0193     		str	r3, [sp, #4]
 767 0080 0293     		str	r3, [sp, #8]
 768 0082 01A9     		add	r1, sp, #4
 769 0084 1D48     		ldr	r0, .L94
 770 0086 FFF7FEFF 		bl	HAL_ADC_ConfigChannel
 771 008a 60BB     		cbnz	r0, .L89
 772 008c 0623     		movs	r3, #6
 773 008e 0193     		str	r3, [sp, #4]
 774 0090 0293     		str	r3, [sp, #8]
 775 0092 01A9     		add	r1, sp, #4
 776 0094 1948     		ldr	r0, .L94
 777 0096 FFF7FEFF 		bl	HAL_ADC_ConfigChannel
 778 009a 30BB     		cbnz	r0, .L90
 779 009c 0723     		movs	r3, #7
 780 009e 0193     		str	r3, [sp, #4]
 781 00a0 0293     		str	r3, [sp, #8]
 782 00a2 01A9     		add	r1, sp, #4
 783 00a4 1548     		ldr	r0, .L94
 784 00a6 FFF7FEFF 		bl	HAL_ADC_ConfigChannel
 785 00aa 00BB     		cbnz	r0, .L91
 786 00ac 0823     		movs	r3, #8
 787 00ae 0193     		str	r3, [sp, #4]
 788 00b0 0293     		str	r3, [sp, #8]
 789 00b2 01A9     		add	r1, sp, #4
 790 00b4 1148     		ldr	r0, .L94
 791 00b6 FFF7FEFF 		bl	HAL_ADC_ConfigChannel
 792 00ba D0B9     		cbnz	r0, .L92
 793 00bc 0923     		movs	r3, #9
 794 00be 0193     		str	r3, [sp, #4]
 795 00c0 0293     		str	r3, [sp, #8]
 796 00c2 01A9     		add	r1, sp, #4
 797 00c4 0D48     		ldr	r0, .L94
 798 00c6 FFF7FEFF 		bl	HAL_ADC_ConfigChannel
 799 00ca A0B9     		cbnz	r0, .L93
 800 00cc 05B0     		add	sp, sp, #20
 801              		@ sp needed
 802 00ce 5DF804FB 		ldr	pc, [sp], #4
 803              	.L84:
 804 00d2 FFF7FEFF 		bl	Error_Handler
 805              	.L85:
 806 00d6 FFF7FEFF 		bl	Error_Handler
 807              	.L86:
 808 00da FFF7FEFF 		bl	Error_Handler
 809              	.L87:
 810 00de FFF7FEFF 		bl	Error_Handler
 811              	.L88:
 812 00e2 FFF7FEFF 		bl	Error_Handler
 813              	.L89:
 814 00e6 FFF7FEFF 		bl	Error_Handler
 815              	.L90:
 816 00ea FFF7FEFF 		bl	Error_Handler
 817              	.L91:
 818 00ee FFF7FEFF 		bl	Error_Handler
 819              	.L92:
ARM GAS  /var/folders/t4/6192qx0n3zgdnvcwt906k_mw0000gn/T//ccu4mbxT.s 			page 15


 820 00f2 FFF7FEFF 		bl	Error_Handler
 821              	.L93:
 822 00f6 FFF7FEFF 		bl	Error_Handler
 823              	.L95:
 824 00fa 00BF     		.align	2
 825              	.L94:
 826 00fc 00000000 		.word	hadc1
 827 0100 00240140 		.word	1073816576
 829              		.section	.text.MX_TIM1_Init,"ax",%progbits
 830              		.align	1
 831              		.syntax unified
 832              		.thumb
 833              		.thumb_func
 835              	MX_TIM1_Init:
 836              		@ args = 0, pretend = 0, frame = 88
 837              		@ frame_needed = 0, uses_anonymous_args = 0
 838 0000 10B5     		push	{r4, lr}
 839 0002 96B0     		sub	sp, sp, #88
 840 0004 0024     		movs	r4, #0
 841 0006 1294     		str	r4, [sp, #72]
 842 0008 1394     		str	r4, [sp, #76]
 843 000a 1494     		str	r4, [sp, #80]
 844 000c 1594     		str	r4, [sp, #84]
 845 000e 1094     		str	r4, [sp, #64]
 846 0010 1194     		str	r4, [sp, #68]
 847 0012 0994     		str	r4, [sp, #36]
 848 0014 0A94     		str	r4, [sp, #40]
 849 0016 0B94     		str	r4, [sp, #44]
 850 0018 0C94     		str	r4, [sp, #48]
 851 001a 0D94     		str	r4, [sp, #52]
 852 001c 0E94     		str	r4, [sp, #56]
 853 001e 0F94     		str	r4, [sp, #60]
 854 0020 2022     		movs	r2, #32
 855 0022 2146     		mov	r1, r4
 856 0024 01A8     		add	r0, sp, #4
 857 0026 FFF7FEFF 		bl	memset
 858 002a 2E48     		ldr	r0, .L112
 859 002c 2E4B     		ldr	r3, .L112+4
 860 002e 0360     		str	r3, [r0]
 861 0030 4460     		str	r4, [r0, #4]
 862 0032 8460     		str	r4, [r0, #8]
 863 0034 40F21F33 		movw	r3, #799
 864 0038 C360     		str	r3, [r0, #12]
 865 003a 0461     		str	r4, [r0, #16]
 866 003c 4461     		str	r4, [r0, #20]
 867 003e 8461     		str	r4, [r0, #24]
 868 0040 FFF7FEFF 		bl	HAL_TIM_Base_Init
 869 0044 0028     		cmp	r0, #0
 870 0046 3ED1     		bne	.L105
 871 0048 4FF48053 		mov	r3, #4096
 872 004c 1293     		str	r3, [sp, #72]
 873 004e 12A9     		add	r1, sp, #72
 874 0050 2448     		ldr	r0, .L112
 875 0052 FFF7FEFF 		bl	HAL_TIM_ConfigClockSource
 876 0056 0028     		cmp	r0, #0
 877 0058 37D1     		bne	.L106
 878 005a 2248     		ldr	r0, .L112
ARM GAS  /var/folders/t4/6192qx0n3zgdnvcwt906k_mw0000gn/T//ccu4mbxT.s 			page 16


 879 005c FFF7FEFF 		bl	HAL_TIM_PWM_Init
 880 0060 0028     		cmp	r0, #0
 881 0062 34D1     		bne	.L107
 882 0064 0023     		movs	r3, #0
 883 0066 1093     		str	r3, [sp, #64]
 884 0068 1193     		str	r3, [sp, #68]
 885 006a 10A9     		add	r1, sp, #64
 886 006c 1D48     		ldr	r0, .L112
 887 006e FFF7FEFF 		bl	HAL_TIMEx_MasterConfigSynchronization
 888 0072 0028     		cmp	r0, #0
 889 0074 2DD1     		bne	.L108
 890 0076 6023     		movs	r3, #96
 891 0078 0993     		str	r3, [sp, #36]
 892 007a 0022     		movs	r2, #0
 893 007c 0A92     		str	r2, [sp, #40]
 894 007e 0B92     		str	r2, [sp, #44]
 895 0080 0C92     		str	r2, [sp, #48]
 896 0082 0D92     		str	r2, [sp, #52]
 897 0084 0E92     		str	r2, [sp, #56]
 898 0086 0F92     		str	r2, [sp, #60]
 899 0088 09A9     		add	r1, sp, #36
 900 008a 1648     		ldr	r0, .L112
 901 008c FFF7FEFF 		bl	HAL_TIM_PWM_ConfigChannel
 902 0090 08BB     		cbnz	r0, .L109
 903 0092 0422     		movs	r2, #4
 904 0094 09A9     		add	r1, sp, #36
 905 0096 1348     		ldr	r0, .L112
 906 0098 FFF7FEFF 		bl	HAL_TIM_PWM_ConfigChannel
 907 009c E8B9     		cbnz	r0, .L110
 908 009e 0023     		movs	r3, #0
 909 00a0 0193     		str	r3, [sp, #4]
 910 00a2 0293     		str	r3, [sp, #8]
 911 00a4 0393     		str	r3, [sp, #12]
 912 00a6 0493     		str	r3, [sp, #16]
 913 00a8 0593     		str	r3, [sp, #20]
 914 00aa 4FF40052 		mov	r2, #8192
 915 00ae 0692     		str	r2, [sp, #24]
 916 00b0 0893     		str	r3, [sp, #32]
 917 00b2 01A9     		add	r1, sp, #4
 918 00b4 0B48     		ldr	r0, .L112
 919 00b6 FFF7FEFF 		bl	HAL_TIMEx_ConfigBreakDeadTime
 920 00ba 80B9     		cbnz	r0, .L111
 921 00bc 0948     		ldr	r0, .L112
 922 00be FFF7FEFF 		bl	HAL_TIM_MspPostInit
 923 00c2 16B0     		add	sp, sp, #88
 924              		@ sp needed
 925 00c4 10BD     		pop	{r4, pc}
 926              	.L105:
 927 00c6 FFF7FEFF 		bl	Error_Handler
 928              	.L106:
 929 00ca FFF7FEFF 		bl	Error_Handler
 930              	.L107:
 931 00ce FFF7FEFF 		bl	Error_Handler
 932              	.L108:
 933 00d2 FFF7FEFF 		bl	Error_Handler
 934              	.L109:
 935 00d6 FFF7FEFF 		bl	Error_Handler
ARM GAS  /var/folders/t4/6192qx0n3zgdnvcwt906k_mw0000gn/T//ccu4mbxT.s 			page 17


 936              	.L110:
 937 00da FFF7FEFF 		bl	Error_Handler
 938              	.L111:
 939 00de FFF7FEFF 		bl	Error_Handler
 940              	.L113:
 941 00e2 00BF     		.align	2
 942              	.L112:
 943 00e4 00000000 		.word	htim1
 944 00e8 002C0140 		.word	1073818624
 946              		.section	.text.MX_TIM2_Init,"ax",%progbits
 947              		.align	1
 948              		.syntax unified
 949              		.thumb
 950              		.thumb_func
 952              	MX_TIM2_Init:
 953              		@ args = 0, pretend = 0, frame = 56
 954              		@ frame_needed = 0, uses_anonymous_args = 0
 955 0000 00B5     		push	{lr}
 956 0002 8FB0     		sub	sp, sp, #60
 957 0004 0023     		movs	r3, #0
 958 0006 0A93     		str	r3, [sp, #40]
 959 0008 0B93     		str	r3, [sp, #44]
 960 000a 0C93     		str	r3, [sp, #48]
 961 000c 0D93     		str	r3, [sp, #52]
 962 000e 0893     		str	r3, [sp, #32]
 963 0010 0993     		str	r3, [sp, #36]
 964 0012 0193     		str	r3, [sp, #4]
 965 0014 0293     		str	r3, [sp, #8]
 966 0016 0393     		str	r3, [sp, #12]
 967 0018 0493     		str	r3, [sp, #16]
 968 001a 0593     		str	r3, [sp, #20]
 969 001c 0693     		str	r3, [sp, #24]
 970 001e 0793     		str	r3, [sp, #28]
 971 0020 2248     		ldr	r0, .L128
 972 0022 4FF08042 		mov	r2, #1073741824
 973 0026 0260     		str	r2, [r0]
 974 0028 4360     		str	r3, [r0, #4]
 975 002a 8360     		str	r3, [r0, #8]
 976 002c 40F21F32 		movw	r2, #799
 977 0030 C260     		str	r2, [r0, #12]
 978 0032 0361     		str	r3, [r0, #16]
 979 0034 8361     		str	r3, [r0, #24]
 980 0036 FFF7FEFF 		bl	HAL_TIM_Base_Init
 981 003a 58BB     		cbnz	r0, .L122
 982 003c 4FF48053 		mov	r3, #4096
 983 0040 0A93     		str	r3, [sp, #40]
 984 0042 0AA9     		add	r1, sp, #40
 985 0044 1948     		ldr	r0, .L128
 986 0046 FFF7FEFF 		bl	HAL_TIM_ConfigClockSource
 987 004a 28BB     		cbnz	r0, .L123
 988 004c 1748     		ldr	r0, .L128
 989 004e FFF7FEFF 		bl	HAL_TIM_PWM_Init
 990 0052 18BB     		cbnz	r0, .L124
 991 0054 0023     		movs	r3, #0
 992 0056 0893     		str	r3, [sp, #32]
 993 0058 0993     		str	r3, [sp, #36]
 994 005a 08A9     		add	r1, sp, #32
ARM GAS  /var/folders/t4/6192qx0n3zgdnvcwt906k_mw0000gn/T//ccu4mbxT.s 			page 18


 995 005c 1348     		ldr	r0, .L128
 996 005e FFF7FEFF 		bl	HAL_TIMEx_MasterConfigSynchronization
 997 0062 E8B9     		cbnz	r0, .L125
 998 0064 6023     		movs	r3, #96
 999 0066 0193     		str	r3, [sp, #4]
 1000 0068 0022     		movs	r2, #0
 1001 006a 0292     		str	r2, [sp, #8]
 1002 006c 0392     		str	r2, [sp, #12]
 1003 006e 0592     		str	r2, [sp, #20]
 1004 0070 01A9     		add	r1, sp, #4
 1005 0072 0E48     		ldr	r0, .L128
 1006 0074 FFF7FEFF 		bl	HAL_TIM_PWM_ConfigChannel
 1007 0078 A0B9     		cbnz	r0, .L126
 1008 007a 0422     		movs	r2, #4
 1009 007c 0DEB0201 		add	r1, sp, r2
 1010 0080 0A48     		ldr	r0, .L128
 1011 0082 FFF7FEFF 		bl	HAL_TIM_PWM_ConfigChannel
 1012 0086 78B9     		cbnz	r0, .L127
 1013 0088 0848     		ldr	r0, .L128
 1014 008a FFF7FEFF 		bl	HAL_TIM_MspPostInit
 1015 008e 0FB0     		add	sp, sp, #60
 1016              		@ sp needed
 1017 0090 5DF804FB 		ldr	pc, [sp], #4
 1018              	.L122:
 1019 0094 FFF7FEFF 		bl	Error_Handler
 1020              	.L123:
 1021 0098 FFF7FEFF 		bl	Error_Handler
 1022              	.L124:
 1023 009c FFF7FEFF 		bl	Error_Handler
 1024              	.L125:
 1025 00a0 FFF7FEFF 		bl	Error_Handler
 1026              	.L126:
 1027 00a4 FFF7FEFF 		bl	Error_Handler
 1028              	.L127:
 1029 00a8 FFF7FEFF 		bl	Error_Handler
 1030              	.L129:
 1031              		.align	2
 1032              	.L128:
 1033 00ac 00000000 		.word	htim2
 1035              		.section	.text.SystemClock_Config,"ax",%progbits
 1036              		.align	1
 1037              		.global	SystemClock_Config
 1038              		.syntax unified
 1039              		.thumb
 1040              		.thumb_func
 1042              	SystemClock_Config:
 1043              		@ args = 0, pretend = 0, frame = 72
 1044              		@ frame_needed = 0, uses_anonymous_args = 0
 1045 0000 00B5     		push	{lr}
 1046 0002 93B0     		sub	sp, sp, #76
 1047 0004 2822     		movs	r2, #40
 1048 0006 0021     		movs	r1, #0
 1049 0008 08A8     		add	r0, sp, #32
 1050 000a FFF7FEFF 		bl	memset
 1051 000e 0023     		movs	r3, #0
 1052 0010 0393     		str	r3, [sp, #12]
 1053 0012 0493     		str	r3, [sp, #16]
ARM GAS  /var/folders/t4/6192qx0n3zgdnvcwt906k_mw0000gn/T//ccu4mbxT.s 			page 19


 1054 0014 0593     		str	r3, [sp, #20]
 1055 0016 0693     		str	r3, [sp, #24]
 1056 0018 0793     		str	r3, [sp, #28]
 1057 001a 0093     		str	r3, [sp]
 1058 001c 0193     		str	r3, [sp, #4]
 1059 001e 0293     		str	r3, [sp, #8]
 1060 0020 0223     		movs	r3, #2
 1061 0022 0893     		str	r3, [sp, #32]
 1062 0024 0122     		movs	r2, #1
 1063 0026 0C92     		str	r2, [sp, #48]
 1064 0028 1022     		movs	r2, #16
 1065 002a 0D92     		str	r2, [sp, #52]
 1066 002c 0F93     		str	r3, [sp, #60]
 1067 002e 4FF48013 		mov	r3, #1048576
 1068 0032 1193     		str	r3, [sp, #68]
 1069 0034 08A8     		add	r0, sp, #32
 1070 0036 FFF7FEFF 		bl	HAL_RCC_OscConfig
 1071 003a B0B9     		cbnz	r0, .L135
 1072 003c 0F23     		movs	r3, #15
 1073 003e 0393     		str	r3, [sp, #12]
 1074 0040 0223     		movs	r3, #2
 1075 0042 0493     		str	r3, [sp, #16]
 1076 0044 0021     		movs	r1, #0
 1077 0046 0591     		str	r1, [sp, #20]
 1078 0048 0691     		str	r1, [sp, #24]
 1079 004a 0791     		str	r1, [sp, #28]
 1080 004c 03A8     		add	r0, sp, #12
 1081 004e FFF7FEFF 		bl	HAL_RCC_ClockConfig
 1082 0052 60B9     		cbnz	r0, .L136
 1083 0054 0223     		movs	r3, #2
 1084 0056 0093     		str	r3, [sp]
 1085 0058 0023     		movs	r3, #0
 1086 005a 0293     		str	r3, [sp, #8]
 1087 005c 6846     		mov	r0, sp
 1088 005e FFF7FEFF 		bl	HAL_RCCEx_PeriphCLKConfig
 1089 0062 30B9     		cbnz	r0, .L137
 1090 0064 13B0     		add	sp, sp, #76
 1091              		@ sp needed
 1092 0066 5DF804FB 		ldr	pc, [sp], #4
 1093              	.L135:
 1094 006a FFF7FEFF 		bl	Error_Handler
 1095              	.L136:
 1096 006e FFF7FEFF 		bl	Error_Handler
 1097              	.L137:
 1098 0072 FFF7FEFF 		bl	Error_Handler
 1100              		.section	.text.main,"ax",%progbits
 1101              		.align	1
 1102              		.global	main
 1103              		.syntax unified
 1104              		.thumb
 1105              		.thumb_func
 1107              	main:
 1108              		@ args = 0, pretend = 0, frame = 0
 1109              		@ frame_needed = 0, uses_anonymous_args = 0
 1110 0000 10B5     		push	{r4, lr}
 1111 0002 FFF7FEFF 		bl	HAL_Init
 1112 0006 FFF7FEFF 		bl	SystemClock_Config
ARM GAS  /var/folders/t4/6192qx0n3zgdnvcwt906k_mw0000gn/T//ccu4mbxT.s 			page 20


 1113 000a FFF7FEFF 		bl	MX_GPIO_Init
 1114 000e FFF7FEFF 		bl	MX_DMA_Init
 1115 0012 FFF7FEFF 		bl	MX_ADC1_Init
 1116 0016 FFF7FEFF 		bl	MX_TIM1_Init
 1117 001a FFF7FEFF 		bl	MX_TIM2_Init
 1118 001e 324C     		ldr	r4, .L146
 1119 0020 0122     		movs	r2, #1
 1120 0022 4FF40061 		mov	r1, #2048
 1121 0026 2046     		mov	r0, r4
 1122 0028 FFF7FEFF 		bl	HAL_GPIO_WritePin
 1123 002c 4FF49670 		mov	r0, #300
 1124 0030 FFF7FEFF 		bl	HAL_Delay
 1125 0034 0022     		movs	r2, #0
 1126 0036 4FF40061 		mov	r1, #2048
 1127 003a 2046     		mov	r0, r4
 1128 003c FFF7FEFF 		bl	HAL_GPIO_WritePin
 1129 0040 0122     		movs	r2, #1
 1130 0042 4FF48061 		mov	r1, #1024
 1131 0046 2046     		mov	r0, r4
 1132 0048 FFF7FEFF 		bl	HAL_GPIO_WritePin
 1133 004c 0122     		movs	r2, #1
 1134 004e 2021     		movs	r1, #32
 1135 0050 2046     		mov	r0, r4
 1136 0052 FFF7FEFF 		bl	HAL_GPIO_WritePin
 1137 0056 0922     		movs	r2, #9
 1138 0058 2449     		ldr	r1, .L146+4
 1139 005a 2548     		ldr	r0, .L146+8
 1140 005c FFF7FEFF 		bl	HAL_ADC_Start_DMA
 1141 0060 FFF7FEFF 		bl	M_Init
 1142              	.L139:
 1143 0064 0121     		movs	r1, #1
 1144 0066 2348     		ldr	r0, .L146+12
 1145 0068 FFF7FEFF 		bl	HAL_GPIO_ReadPin
 1146 006c 0028     		cmp	r0, #0
 1147 006e F9D0     		beq	.L139
 1148 0070 4FF47A70 		mov	r0, #1000
 1149 0074 FFF7FEFF 		bl	HAL_Delay
 1150 0078 0AE0     		b	.L143
 1151              	.L141:
 1152 007a 0122     		movs	r2, #1
 1153 007c 4FF48071 		mov	r1, #256
 1154 0080 1948     		ldr	r0, .L146
 1155 0082 FFF7FEFF 		bl	HAL_GPIO_WritePin
 1156              	.L140:
 1157 0086 0121     		movs	r1, #1
 1158 0088 1A48     		ldr	r0, .L146+12
 1159 008a FFF7FEFF 		bl	HAL_GPIO_ReadPin
 1160 008e D0B9     		cbnz	r0, .L145
 1161              	.L143:
 1162 0090 194B     		ldr	r3, .L146+16
 1163 0092 1B78     		ldrb	r3, [r3]	@ zero_extendqisi2
 1164 0094 002B     		cmp	r3, #0
 1165 0096 F6D0     		beq	.L140
 1166 0098 174B     		ldr	r3, .L146+16
 1167 009a 0022     		movs	r2, #0
 1168 009c 1A70     		strb	r2, [r3]
 1169 009e FFF7FEFF 		bl	Robot_Control
ARM GAS  /var/folders/t4/6192qx0n3zgdnvcwt906k_mw0000gn/T//ccu4mbxT.s 			page 21


 1170 00a2 0922     		movs	r2, #9
 1171 00a4 1149     		ldr	r1, .L146+4
 1172 00a6 1248     		ldr	r0, .L146+8
 1173 00a8 FFF7FEFF 		bl	HAL_ADC_Start_DMA
 1174 00ac FFF7FEFF 		bl	Get_Line
 1175 00b0 0028     		cmp	r0, #0
 1176 00b2 E2D0     		beq	.L141
 1177 00b4 FF28     		cmp	r0, #255
 1178 00b6 E0D0     		beq	.L141
 1179 00b8 0022     		movs	r2, #0
 1180 00ba 4FF48071 		mov	r1, #256
 1181 00be 0A48     		ldr	r0, .L146
 1182 00c0 FFF7FEFF 		bl	HAL_GPIO_WritePin
 1183 00c4 DFE7     		b	.L140
 1184              	.L145:
 1185 00c6 FFF7FEFF 		bl	M_Disable
 1186 00ca 074C     		ldr	r4, .L146
 1187 00cc 0022     		movs	r2, #0
 1188 00ce 4FF48061 		mov	r1, #1024
 1189 00d2 2046     		mov	r0, r4
 1190 00d4 FFF7FEFF 		bl	HAL_GPIO_WritePin
 1191 00d8 0022     		movs	r2, #0
 1192 00da 2021     		movs	r1, #32
 1193 00dc 2046     		mov	r0, r4
 1194 00de FFF7FEFF 		bl	HAL_GPIO_WritePin
 1195 00e2 0020     		movs	r0, #0
 1196 00e4 10BD     		pop	{r4, pc}
 1197              	.L147:
 1198 00e6 00BF     		.align	2
 1199              	.L146:
 1200 00e8 000C0140 		.word	1073810432
 1201 00ec 00000000 		.word	adc_buffer
 1202 00f0 00000000 		.word	hadc1
 1203 00f4 00080140 		.word	1073809408
 1204 00f8 00000000 		.word	adc_done_flag
 1206              		.global	adc_done_flag
 1207              		.section	.bss.adc_done_flag,"aw",%nobits
 1210              	adc_done_flag:
 1211 0000 00       		.space	1
 1212              		.global	lfspeed
 1213              		.section	.data.lfspeed,"aw"
 1214              		.align	2
 1217              	lfspeed:
 1218 0000 E9010000 		.word	489
 1219              		.global	rsp
 1220              		.section	.bss.rsp,"aw",%nobits
 1221              		.align	2
 1224              	rsp:
 1225 0000 00000000 		.space	4
 1226              		.global	lsp
 1227              		.section	.bss.lsp,"aw",%nobits
 1228              		.align	2
 1231              	lsp:
 1232 0000 00000000 		.space	4
 1233              		.global	error
 1234              		.section	.bss.error,"aw",%nobits
 1235              		.align	2
ARM GAS  /var/folders/t4/6192qx0n3zgdnvcwt906k_mw0000gn/T//ccu4mbxT.s 			page 22


 1238              	error:
 1239 0000 00000000 		.space	4
 1240              		.global	PIDvalue
 1241              		.section	.bss.PIDvalue,"aw",%nobits
 1242              		.align	2
 1245              	PIDvalue:
 1246 0000 00000000 		.space	4
 1247              		.global	previousError
 1248              		.section	.bss.previousError,"aw",%nobits
 1249              		.align	2
 1252              	previousError:
 1253 0000 00000000 		.space	4
 1254              		.global	I
 1255              		.section	.bss.I,"aw",%nobits
 1256              		.align	2
 1259              	I:
 1260 0000 00000000 		.space	4
 1261              		.global	D
 1262              		.section	.bss.D,"aw",%nobits
 1263              		.align	2
 1266              	D:
 1267 0000 00000000 		.space	4
 1268              		.global	P
 1269              		.section	.bss.P,"aw",%nobits
 1270              		.align	2
 1273              	P:
 1274 0000 00000000 		.space	4
 1275              		.global	position
 1276              		.section	.bss.position,"aw",%nobits
 1277              		.align	1
 1280              	position:
 1281 0000 0000     		.space	2
 1282              		.global	t0
 1283              		.section	.bss.t0,"aw",%nobits
 1284              		.align	2
 1287              	t0:
 1288 0000 00000000 		.space	4
 1289              		.global	dt
 1290              		.section	.bss.dt,"aw",%nobits
 1291              		.align	2
 1294              	dt:
 1295 0000 00000000 		.space	4
 1296              		.global	Dvalue
 1297              		.section	.bss.Dvalue,"aw",%nobits
 1298              		.align	2
 1301              	Dvalue:
 1302 0000 00000000 		.space	4
 1303              		.global	Ivalue
 1304              		.section	.bss.Ivalue,"aw",%nobits
 1305              		.align	2
 1308              	Ivalue:
 1309 0000 00000000 		.space	4
 1310              		.global	Pvalue
 1311              		.section	.bss.Pvalue,"aw",%nobits
 1312              		.align	2
 1315              	Pvalue:
 1316 0000 00000000 		.space	4
ARM GAS  /var/folders/t4/6192qx0n3zgdnvcwt906k_mw0000gn/T//ccu4mbxT.s 			page 23


 1317              		.global	Kdfinal
 1318              		.section	.bss.Kdfinal,"aw",%nobits
 1321              	Kdfinal:
 1322 0000 00       		.space	1
 1323              		.global	Kifinal
 1324              		.section	.bss.Kifinal,"aw",%nobits
 1327              	Kifinal:
 1328 0000 00       		.space	1
 1329              		.global	Kpfinal
 1330              		.section	.bss.Kpfinal,"aw",%nobits
 1333              	Kpfinal:
 1334 0000 00       		.space	1
 1335              		.global	multiD
 1336              		.section	.data.multiD,"aw"
 1339              	multiD:
 1340 0000 01       		.byte	1
 1341              		.global	multiI
 1342              		.section	.data.multiI,"aw"
 1345              	multiI:
 1346 0000 01       		.byte	1
 1347              		.global	multiP
 1348              		.section	.data.multiP,"aw"
 1351              	multiP:
 1352 0000 01       		.byte	1
 1353              		.global	Kd
 1354              		.section	.bss.Kd,"aw",%nobits
 1355              		.align	2
 1358              	Kd:
 1359 0000 00000000 		.space	4
 1360              		.global	Ki
 1361              		.section	.data.Ki,"aw"
 1362              		.align	2
 1365              	Ki:
 1366 0000 CDCCCC3D 		.word	1036831949
 1367              		.global	Kp
 1368              		.section	.data.Kp,"aw"
 1369              		.align	2
 1372              	Kp:
 1373 0000 0000003F 		.word	1056964608
 1374              		.global	adc_buffer
 1375              		.section	.bss.adc_buffer,"aw",%nobits
 1376              		.align	2
 1379              	adc_buffer:
 1380 0000 00000000 		.space	36
 1380      00000000 
 1380      00000000 
 1380      00000000 
 1380      00000000 
 1381              		.global	htim2
 1382              		.section	.bss.htim2,"aw",%nobits
 1383              		.align	2
 1386              	htim2:
 1387 0000 00000000 		.space	72
 1387      00000000 
 1387      00000000 
 1387      00000000 
 1387      00000000 
ARM GAS  /var/folders/t4/6192qx0n3zgdnvcwt906k_mw0000gn/T//ccu4mbxT.s 			page 24


 1388              		.global	htim1
 1389              		.section	.bss.htim1,"aw",%nobits
 1390              		.align	2
 1393              	htim1:
 1394 0000 00000000 		.space	72
 1394      00000000 
 1394      00000000 
 1394      00000000 
 1394      00000000 
 1395              		.global	hdma_adc1
 1396              		.section	.bss.hdma_adc1,"aw",%nobits
 1397              		.align	2
 1400              	hdma_adc1:
 1401 0000 00000000 		.space	68
 1401      00000000 
 1401      00000000 
 1401      00000000 
 1401      00000000 
 1402              		.global	hadc1
 1403              		.section	.bss.hadc1,"aw",%nobits
 1404              		.align	2
 1407              	hadc1:
 1408 0000 00000000 		.space	48
 1408      00000000 
 1408      00000000 
 1408      00000000 
 1408      00000000 
 1409              		.global	BLACK
 1410              		.section	.rodata.BLACK,"a"
 1411              		.align	2
 1414              	BLACK:
 1415 0000 300F     		.short	3888
 1416 0002 490F     		.short	3913
 1417 0004 340F     		.short	3892
 1418 0006 400F     		.short	3904
 1419 0008 430F     		.short	3907
 1420 000a 490F     		.short	3913
 1421 000c 4C0F     		.short	3916
 1422 000e 500F     		.short	3920
 1423              		.global	WHITE
 1424              		.section	.rodata.WHITE,"a"
 1425              		.align	2
 1428              	WHITE:
 1429 0000 F10B     		.short	3057
 1430 0002 D10A     		.short	2769
 1431 0004 CC0A     		.short	2764
 1432 0006 FD0B     		.short	3069
 1433 0008 470B     		.short	2887
 1434 000a B80B     		.short	3000
 1435 000c 860B     		.short	2950
 1436 000e CC0B     		.short	3020
 1437              		.ident	"GCC: (xPack GNU Arm Embedded GCC x86_64) 13.3.1 20240614"
ARM GAS  /var/folders/t4/6192qx0n3zgdnvcwt906k_mw0000gn/T//ccu4mbxT.s 			page 25


DEFINED SYMBOLS
                            *ABS*:00000000 main.c
/var/folders/t4/6192qx0n3zgdnvcwt906k_mw0000gn/T//ccu4mbxT.s:16     .text.MX_GPIO_Init:00000000 $t
/var/folders/t4/6192qx0n3zgdnvcwt906k_mw0000gn/T//ccu4mbxT.s:21     .text.MX_GPIO_Init:00000000 MX_GPIO_Init
/var/folders/t4/6192qx0n3zgdnvcwt906k_mw0000gn/T//ccu4mbxT.s:81     .text.MX_GPIO_Init:00000080 $d
/var/folders/t4/6192qx0n3zgdnvcwt906k_mw0000gn/T//ccu4mbxT.s:87     .text.MX_DMA_Init:00000000 $t
/var/folders/t4/6192qx0n3zgdnvcwt906k_mw0000gn/T//ccu4mbxT.s:92     .text.MX_DMA_Init:00000000 MX_DMA_Init
/var/folders/t4/6192qx0n3zgdnvcwt906k_mw0000gn/T//ccu4mbxT.s:117    .text.MX_DMA_Init:00000030 $d
/var/folders/t4/6192qx0n3zgdnvcwt906k_mw0000gn/T//ccu4mbxT.s:126    .text.HAL_ADC_ConvCpltCallback:00000000 $t
/var/folders/t4/6192qx0n3zgdnvcwt906k_mw0000gn/T//ccu4mbxT.s:132    .text.HAL_ADC_ConvCpltCallback:00000000 HAL_ADC_ConvCpltCallback
/var/folders/t4/6192qx0n3zgdnvcwt906k_mw0000gn/T//ccu4mbxT.s:175    .text.HAL_ADC_ConvCpltCallback:00000060 $d
/var/folders/t4/6192qx0n3zgdnvcwt906k_mw0000gn/T//ccu4mbxT.s:1210   .bss.adc_done_flag:00000000 adc_done_flag
/var/folders/t4/6192qx0n3zgdnvcwt906k_mw0000gn/T//ccu4mbxT.s:1379   .bss.adc_buffer:00000000 adc_buffer
/var/folders/t4/6192qx0n3zgdnvcwt906k_mw0000gn/T//ccu4mbxT.s:187    .text.Enter_Sleep:00000000 $t
/var/folders/t4/6192qx0n3zgdnvcwt906k_mw0000gn/T//ccu4mbxT.s:193    .text.Enter_Sleep:00000000 Enter_Sleep
/var/folders/t4/6192qx0n3zgdnvcwt906k_mw0000gn/T//ccu4mbxT.s:219    .text.Enter_Sleep:00000038 $d
/var/folders/t4/6192qx0n3zgdnvcwt906k_mw0000gn/T//ccu4mbxT.s:225    .text.Get_Line:00000000 $t
/var/folders/t4/6192qx0n3zgdnvcwt906k_mw0000gn/T//ccu4mbxT.s:231    .text.Get_Line:00000000 Get_Line
/var/folders/t4/6192qx0n3zgdnvcwt906k_mw0000gn/T//ccu4mbxT.s:284    .text.Get_Line:00000070 $d
/var/folders/t4/6192qx0n3zgdnvcwt906k_mw0000gn/T//ccu4mbxT.s:1414   .rodata.BLACK:00000000 BLACK
/var/folders/t4/6192qx0n3zgdnvcwt906k_mw0000gn/T//ccu4mbxT.s:1428   .rodata.WHITE:00000000 WHITE
/var/folders/t4/6192qx0n3zgdnvcwt906k_mw0000gn/T//ccu4mbxT.s:294    .text.PID_Linefollow:00000000 $t
/var/folders/t4/6192qx0n3zgdnvcwt906k_mw0000gn/T//ccu4mbxT.s:300    .text.PID_Linefollow:00000000 PID_Linefollow
/var/folders/t4/6192qx0n3zgdnvcwt906k_mw0000gn/T//ccu4mbxT.s:490    .text.PID_Linefollow:000001cc $d
/var/folders/t4/6192qx0n3zgdnvcwt906k_mw0000gn/T//ccu4mbxT.s:1273   .bss.P:00000000 P
/var/folders/t4/6192qx0n3zgdnvcwt906k_mw0000gn/T//ccu4mbxT.s:1287   .bss.t0:00000000 t0
/var/folders/t4/6192qx0n3zgdnvcwt906k_mw0000gn/T//ccu4mbxT.s:1259   .bss.I:00000000 I
/var/folders/t4/6192qx0n3zgdnvcwt906k_mw0000gn/T//ccu4mbxT.s:1252   .bss.previousError:00000000 previousError
/var/folders/t4/6192qx0n3zgdnvcwt906k_mw0000gn/T//ccu4mbxT.s:1266   .bss.D:00000000 D
/var/folders/t4/6192qx0n3zgdnvcwt906k_mw0000gn/T//ccu4mbxT.s:1372   .data.Kp:00000000 Kp
/var/folders/t4/6192qx0n3zgdnvcwt906k_mw0000gn/T//ccu4mbxT.s:1351   .data.multiP:00000000 multiP
/var/folders/t4/6192qx0n3zgdnvcwt906k_mw0000gn/T//ccu4mbxT.s:1315   .bss.Pvalue:00000000 Pvalue
/var/folders/t4/6192qx0n3zgdnvcwt906k_mw0000gn/T//ccu4mbxT.s:1365   .data.Ki:00000000 Ki
/var/folders/t4/6192qx0n3zgdnvcwt906k_mw0000gn/T//ccu4mbxT.s:1345   .data.multiI:00000000 multiI
/var/folders/t4/6192qx0n3zgdnvcwt906k_mw0000gn/T//ccu4mbxT.s:1308   .bss.Ivalue:00000000 Ivalue
/var/folders/t4/6192qx0n3zgdnvcwt906k_mw0000gn/T//ccu4mbxT.s:1358   .bss.Kd:00000000 Kd
/var/folders/t4/6192qx0n3zgdnvcwt906k_mw0000gn/T//ccu4mbxT.s:1339   .data.multiD:00000000 multiD
/var/folders/t4/6192qx0n3zgdnvcwt906k_mw0000gn/T//ccu4mbxT.s:1301   .bss.Dvalue:00000000 Dvalue
/var/folders/t4/6192qx0n3zgdnvcwt906k_mw0000gn/T//ccu4mbxT.s:1217   .data.lfspeed:00000000 lfspeed
/var/folders/t4/6192qx0n3zgdnvcwt906k_mw0000gn/T//ccu4mbxT.s:1231   .bss.lsp:00000000 lsp
/var/folders/t4/6192qx0n3zgdnvcwt906k_mw0000gn/T//ccu4mbxT.s:1224   .bss.rsp:00000000 rsp
/var/folders/t4/6192qx0n3zgdnvcwt906k_mw0000gn/T//ccu4mbxT.s:512    .text.Normalize_Sensors:00000000 $t
/var/folders/t4/6192qx0n3zgdnvcwt906k_mw0000gn/T//ccu4mbxT.s:518    .text.Normalize_Sensors:00000000 Normalize_Sensors
/var/folders/t4/6192qx0n3zgdnvcwt906k_mw0000gn/T//ccu4mbxT.s:567    .text.Normalize_Sensors:00000068 $d
/var/folders/t4/6192qx0n3zgdnvcwt906k_mw0000gn/T//ccu4mbxT.s:573    .text.Read_Line:00000000 $t
/var/folders/t4/6192qx0n3zgdnvcwt906k_mw0000gn/T//ccu4mbxT.s:579    .text.Read_Line:00000000 Read_Line
/var/folders/t4/6192qx0n3zgdnvcwt906k_mw0000gn/T//ccu4mbxT.s:609    .text.Read_Line:00000038 $d
/var/folders/t4/6192qx0n3zgdnvcwt906k_mw0000gn/T//ccu4mbxT.s:612    .text.Robot_Control:00000000 $t
/var/folders/t4/6192qx0n3zgdnvcwt906k_mw0000gn/T//ccu4mbxT.s:618    .text.Robot_Control:00000000 Robot_Control
/var/folders/t4/6192qx0n3zgdnvcwt906k_mw0000gn/T//ccu4mbxT.s:674    .text.Robot_Control:00000074 $d
/var/folders/t4/6192qx0n3zgdnvcwt906k_mw0000gn/T//ccu4mbxT.s:1280   .bss.position:00000000 position
/var/folders/t4/6192qx0n3zgdnvcwt906k_mw0000gn/T//ccu4mbxT.s:1238   .bss.error:00000000 error
/var/folders/t4/6192qx0n3zgdnvcwt906k_mw0000gn/T//ccu4mbxT.s:1407   .bss.hadc1:00000000 hadc1
/var/folders/t4/6192qx0n3zgdnvcwt906k_mw0000gn/T//ccu4mbxT.s:682    .text.Error_Handler:00000000 $t
/var/folders/t4/6192qx0n3zgdnvcwt906k_mw0000gn/T//ccu4mbxT.s:688    .text.Error_Handler:00000000 Error_Handler
/var/folders/t4/6192qx0n3zgdnvcwt906k_mw0000gn/T//ccu4mbxT.s:703    .text.MX_ADC1_Init:00000000 $t
/var/folders/t4/6192qx0n3zgdnvcwt906k_mw0000gn/T//ccu4mbxT.s:708    .text.MX_ADC1_Init:00000000 MX_ADC1_Init
ARM GAS  /var/folders/t4/6192qx0n3zgdnvcwt906k_mw0000gn/T//ccu4mbxT.s 			page 26


/var/folders/t4/6192qx0n3zgdnvcwt906k_mw0000gn/T//ccu4mbxT.s:826    .text.MX_ADC1_Init:000000fc $d
/var/folders/t4/6192qx0n3zgdnvcwt906k_mw0000gn/T//ccu4mbxT.s:830    .text.MX_TIM1_Init:00000000 $t
/var/folders/t4/6192qx0n3zgdnvcwt906k_mw0000gn/T//ccu4mbxT.s:835    .text.MX_TIM1_Init:00000000 MX_TIM1_Init
/var/folders/t4/6192qx0n3zgdnvcwt906k_mw0000gn/T//ccu4mbxT.s:943    .text.MX_TIM1_Init:000000e4 $d
/var/folders/t4/6192qx0n3zgdnvcwt906k_mw0000gn/T//ccu4mbxT.s:1393   .bss.htim1:00000000 htim1
/var/folders/t4/6192qx0n3zgdnvcwt906k_mw0000gn/T//ccu4mbxT.s:947    .text.MX_TIM2_Init:00000000 $t
/var/folders/t4/6192qx0n3zgdnvcwt906k_mw0000gn/T//ccu4mbxT.s:952    .text.MX_TIM2_Init:00000000 MX_TIM2_Init
/var/folders/t4/6192qx0n3zgdnvcwt906k_mw0000gn/T//ccu4mbxT.s:1033   .text.MX_TIM2_Init:000000ac $d
/var/folders/t4/6192qx0n3zgdnvcwt906k_mw0000gn/T//ccu4mbxT.s:1386   .bss.htim2:00000000 htim2
/var/folders/t4/6192qx0n3zgdnvcwt906k_mw0000gn/T//ccu4mbxT.s:1036   .text.SystemClock_Config:00000000 $t
/var/folders/t4/6192qx0n3zgdnvcwt906k_mw0000gn/T//ccu4mbxT.s:1042   .text.SystemClock_Config:00000000 SystemClock_Config
/var/folders/t4/6192qx0n3zgdnvcwt906k_mw0000gn/T//ccu4mbxT.s:1101   .text.main:00000000 $t
/var/folders/t4/6192qx0n3zgdnvcwt906k_mw0000gn/T//ccu4mbxT.s:1107   .text.main:00000000 main
/var/folders/t4/6192qx0n3zgdnvcwt906k_mw0000gn/T//ccu4mbxT.s:1200   .text.main:000000e8 $d
/var/folders/t4/6192qx0n3zgdnvcwt906k_mw0000gn/T//ccu4mbxT.s:1211   .bss.adc_done_flag:00000000 $d
/var/folders/t4/6192qx0n3zgdnvcwt906k_mw0000gn/T//ccu4mbxT.s:1214   .data.lfspeed:00000000 $d
/var/folders/t4/6192qx0n3zgdnvcwt906k_mw0000gn/T//ccu4mbxT.s:1221   .bss.rsp:00000000 $d
/var/folders/t4/6192qx0n3zgdnvcwt906k_mw0000gn/T//ccu4mbxT.s:1228   .bss.lsp:00000000 $d
/var/folders/t4/6192qx0n3zgdnvcwt906k_mw0000gn/T//ccu4mbxT.s:1235   .bss.error:00000000 $d
/var/folders/t4/6192qx0n3zgdnvcwt906k_mw0000gn/T//ccu4mbxT.s:1245   .bss.PIDvalue:00000000 PIDvalue
/var/folders/t4/6192qx0n3zgdnvcwt906k_mw0000gn/T//ccu4mbxT.s:1242   .bss.PIDvalue:00000000 $d
/var/folders/t4/6192qx0n3zgdnvcwt906k_mw0000gn/T//ccu4mbxT.s:1249   .bss.previousError:00000000 $d
/var/folders/t4/6192qx0n3zgdnvcwt906k_mw0000gn/T//ccu4mbxT.s:1256   .bss.I:00000000 $d
/var/folders/t4/6192qx0n3zgdnvcwt906k_mw0000gn/T//ccu4mbxT.s:1263   .bss.D:00000000 $d
/var/folders/t4/6192qx0n3zgdnvcwt906k_mw0000gn/T//ccu4mbxT.s:1270   .bss.P:00000000 $d
/var/folders/t4/6192qx0n3zgdnvcwt906k_mw0000gn/T//ccu4mbxT.s:1277   .bss.position:00000000 $d
/var/folders/t4/6192qx0n3zgdnvcwt906k_mw0000gn/T//ccu4mbxT.s:1284   .bss.t0:00000000 $d
/var/folders/t4/6192qx0n3zgdnvcwt906k_mw0000gn/T//ccu4mbxT.s:1294   .bss.dt:00000000 dt
/var/folders/t4/6192qx0n3zgdnvcwt906k_mw0000gn/T//ccu4mbxT.s:1291   .bss.dt:00000000 $d
/var/folders/t4/6192qx0n3zgdnvcwt906k_mw0000gn/T//ccu4mbxT.s:1298   .bss.Dvalue:00000000 $d
/var/folders/t4/6192qx0n3zgdnvcwt906k_mw0000gn/T//ccu4mbxT.s:1305   .bss.Ivalue:00000000 $d
/var/folders/t4/6192qx0n3zgdnvcwt906k_mw0000gn/T//ccu4mbxT.s:1312   .bss.Pvalue:00000000 $d
/var/folders/t4/6192qx0n3zgdnvcwt906k_mw0000gn/T//ccu4mbxT.s:1321   .bss.Kdfinal:00000000 Kdfinal
/var/folders/t4/6192qx0n3zgdnvcwt906k_mw0000gn/T//ccu4mbxT.s:1322   .bss.Kdfinal:00000000 $d
/var/folders/t4/6192qx0n3zgdnvcwt906k_mw0000gn/T//ccu4mbxT.s:1327   .bss.Kifinal:00000000 Kifinal
/var/folders/t4/6192qx0n3zgdnvcwt906k_mw0000gn/T//ccu4mbxT.s:1328   .bss.Kifinal:00000000 $d
/var/folders/t4/6192qx0n3zgdnvcwt906k_mw0000gn/T//ccu4mbxT.s:1333   .bss.Kpfinal:00000000 Kpfinal
/var/folders/t4/6192qx0n3zgdnvcwt906k_mw0000gn/T//ccu4mbxT.s:1334   .bss.Kpfinal:00000000 $d
/var/folders/t4/6192qx0n3zgdnvcwt906k_mw0000gn/T//ccu4mbxT.s:1355   .bss.Kd:00000000 $d
/var/folders/t4/6192qx0n3zgdnvcwt906k_mw0000gn/T//ccu4mbxT.s:1362   .data.Ki:00000000 $d
/var/folders/t4/6192qx0n3zgdnvcwt906k_mw0000gn/T//ccu4mbxT.s:1369   .data.Kp:00000000 $d
/var/folders/t4/6192qx0n3zgdnvcwt906k_mw0000gn/T//ccu4mbxT.s:1376   .bss.adc_buffer:00000000 $d
/var/folders/t4/6192qx0n3zgdnvcwt906k_mw0000gn/T//ccu4mbxT.s:1383   .bss.htim2:00000000 $d
/var/folders/t4/6192qx0n3zgdnvcwt906k_mw0000gn/T//ccu4mbxT.s:1390   .bss.htim1:00000000 $d
/var/folders/t4/6192qx0n3zgdnvcwt906k_mw0000gn/T//ccu4mbxT.s:1400   .bss.hdma_adc1:00000000 hdma_adc1
/var/folders/t4/6192qx0n3zgdnvcwt906k_mw0000gn/T//ccu4mbxT.s:1397   .bss.hdma_adc1:00000000 $d
/var/folders/t4/6192qx0n3zgdnvcwt906k_mw0000gn/T//ccu4mbxT.s:1404   .bss.hadc1:00000000 $d
/var/folders/t4/6192qx0n3zgdnvcwt906k_mw0000gn/T//ccu4mbxT.s:1411   .rodata.BLACK:00000000 $d
/var/folders/t4/6192qx0n3zgdnvcwt906k_mw0000gn/T//ccu4mbxT.s:1425   .rodata.WHITE:00000000 $d

UNDEFINED SYMBOLS
HAL_GPIO_WritePin
HAL_GPIO_Init
HAL_NVIC_SetPriority
HAL_NVIC_EnableIRQ
__aeabi_ui2d
__aeabi_dmul
ARM GAS  /var/folders/t4/6192qx0n3zgdnvcwt906k_mw0000gn/T//ccu4mbxT.s 			page 27


__aeabi_ddiv
__aeabi_d2f
__aeabi_f2d
__aeabi_dcmplt
M_Disable
__aeabi_i2d
__aeabi_dsub
__aeabi_dcmpgt
__aeabi_fadd
__aeabi_i2f
__aeabi_fsub
__aeabi_f2iz
HAL_GetTick
pow
M_SetSpeed
HAL_ADC_Start_DMA
HAL_ADC_Init
HAL_ADC_ConfigChannel
memset
HAL_TIM_Base_Init
HAL_TIM_ConfigClockSource
HAL_TIM_PWM_Init
HAL_TIMEx_MasterConfigSynchronization
HAL_TIM_PWM_ConfigChannel
HAL_TIMEx_ConfigBreakDeadTime
HAL_TIM_MspPostInit
HAL_RCC_OscConfig
HAL_RCC_ClockConfig
HAL_RCCEx_PeriphCLKConfig
HAL_Init
HAL_Delay
M_Init
HAL_GPIO_ReadPin
