ARM GAS  /var/folders/t4/6192qx0n3zgdnvcwt906k_mw0000gn/T//cco3ZpWe.s 			page 1


   1              		.cpu cortex-m3
   2              		.arch armv7-m
   3              		.fpu softvfp
   4              		.eabi_attribute 20, 1
   5              		.eabi_attribute 21, 1
   6              		.eabi_attribute 23, 3
   7              		.eabi_attribute 24, 1
   8              		.eabi_attribute 25, 1
   9              		.eabi_attribute 26, 1
  10              		.eabi_attribute 30, 1
  11              		.eabi_attribute 34, 1
  12              		.eabi_attribute 18, 4
  13              		.file	"stm32f1xx_hal.c"
  14              		.text
  15              		.section	.text.HAL_MspInit,"ax",%progbits
  16              		.align	1
  17              		.weak	HAL_MspInit
  18              		.syntax unified
  19              		.thumb
  20              		.thumb_func
  22              	HAL_MspInit:
  23              		@ args = 0, pretend = 0, frame = 0
  24              		@ frame_needed = 0, uses_anonymous_args = 0
  25              		@ link register save eliminated.
  26 0000 7047     		bx	lr
  28              		.section	.text.HAL_MspDeInit,"ax",%progbits
  29              		.align	1
  30              		.weak	HAL_MspDeInit
  31              		.syntax unified
  32              		.thumb
  33              		.thumb_func
  35              	HAL_MspDeInit:
  36              		@ args = 0, pretend = 0, frame = 0
  37              		@ frame_needed = 0, uses_anonymous_args = 0
  38              		@ link register save eliminated.
  39 0000 7047     		bx	lr
  41              		.section	.text.HAL_DeInit,"ax",%progbits
  42              		.align	1
  43              		.global	HAL_DeInit
  44              		.syntax unified
  45              		.thumb
  46              		.thumb_func
  48              	HAL_DeInit:
  49              		@ args = 0, pretend = 0, frame = 0
  50              		@ frame_needed = 0, uses_anonymous_args = 0
  51 0000 10B5     		push	{r4, lr}
  52 0002 064B     		ldr	r3, .L5
  53 0004 4FF0FF32 		mov	r2, #-1
  54 0008 1A61     		str	r2, [r3, #16]
  55 000a 0024     		movs	r4, #0
  56 000c 1C61     		str	r4, [r3, #16]
  57 000e DA60     		str	r2, [r3, #12]
  58 0010 DC60     		str	r4, [r3, #12]
  59 0012 FFF7FEFF 		bl	HAL_MspDeInit
  60 0016 2046     		mov	r0, r4
  61 0018 10BD     		pop	{r4, pc}
  62              	.L6:
ARM GAS  /var/folders/t4/6192qx0n3zgdnvcwt906k_mw0000gn/T//cco3ZpWe.s 			page 2


  63 001a 00BF     		.align	2
  64              	.L5:
  65 001c 00100240 		.word	1073876992
  67              		.section	.text.HAL_InitTick,"ax",%progbits
  68              		.align	1
  69              		.weak	HAL_InitTick
  70              		.syntax unified
  71              		.thumb
  72              		.thumb_func
  74              	HAL_InitTick:
  75              		@ args = 0, pretend = 0, frame = 0
  76              		@ frame_needed = 0, uses_anonymous_args = 0
  77 0000 10B5     		push	{r4, lr}
  78 0002 0446     		mov	r4, r0
  79 0004 0E4B     		ldr	r3, .L13
  80 0006 1A78     		ldrb	r2, [r3]	@ zero_extendqisi2
  81 0008 4FF47A73 		mov	r3, #1000
  82 000c B3FBF2F3 		udiv	r3, r3, r2
  83 0010 0C4A     		ldr	r2, .L13+4
  84 0012 1068     		ldr	r0, [r2]
  85 0014 B0FBF3F0 		udiv	r0, r0, r3
  86 0018 FFF7FEFF 		bl	HAL_SYSTICK_Config
  87 001c 68B9     		cbnz	r0, .L9
  88 001e 0F2C     		cmp	r4, #15
  89 0020 01D9     		bls	.L12
  90 0022 0120     		movs	r0, #1
  91 0024 0AE0     		b	.L8
  92              	.L12:
  93 0026 0022     		movs	r2, #0
  94 0028 2146     		mov	r1, r4
  95 002a 4FF0FF30 		mov	r0, #-1
  96 002e FFF7FEFF 		bl	HAL_NVIC_SetPriority
  97 0032 054B     		ldr	r3, .L13+8
  98 0034 1C60     		str	r4, [r3]
  99 0036 0020     		movs	r0, #0
 100 0038 00E0     		b	.L8
 101              	.L9:
 102 003a 0120     		movs	r0, #1
 103              	.L8:
 104 003c 10BD     		pop	{r4, pc}
 105              	.L14:
 106 003e 00BF     		.align	2
 107              	.L13:
 108 0040 00000000 		.word	uwTickFreq
 109 0044 00000000 		.word	SystemCoreClock
 110 0048 00000000 		.word	uwTickPrio
 112              		.section	.text.HAL_Init,"ax",%progbits
 113              		.align	1
 114              		.global	HAL_Init
 115              		.syntax unified
 116              		.thumb
 117              		.thumb_func
 119              	HAL_Init:
 120              		@ args = 0, pretend = 0, frame = 0
 121              		@ frame_needed = 0, uses_anonymous_args = 0
 122 0000 08B5     		push	{r3, lr}
 123 0002 0320     		movs	r0, #3
ARM GAS  /var/folders/t4/6192qx0n3zgdnvcwt906k_mw0000gn/T//cco3ZpWe.s 			page 3


 124 0004 FFF7FEFF 		bl	HAL_NVIC_SetPriorityGrouping
 125 0008 0F20     		movs	r0, #15
 126 000a FFF7FEFF 		bl	HAL_InitTick
 127 000e FFF7FEFF 		bl	HAL_MspInit
 128 0012 0020     		movs	r0, #0
 129 0014 08BD     		pop	{r3, pc}
 131              		.section	.text.HAL_IncTick,"ax",%progbits
 132              		.align	1
 133              		.weak	HAL_IncTick
 134              		.syntax unified
 135              		.thumb
 136              		.thumb_func
 138              	HAL_IncTick:
 139              		@ args = 0, pretend = 0, frame = 0
 140              		@ frame_needed = 0, uses_anonymous_args = 0
 141              		@ link register save eliminated.
 142 0000 034A     		ldr	r2, .L18
 143 0002 1168     		ldr	r1, [r2]
 144 0004 034B     		ldr	r3, .L18+4
 145 0006 1B78     		ldrb	r3, [r3]	@ zero_extendqisi2
 146 0008 0B44     		add	r3, r3, r1
 147 000a 1360     		str	r3, [r2]
 148 000c 7047     		bx	lr
 149              	.L19:
 150 000e 00BF     		.align	2
 151              	.L18:
 152 0010 00000000 		.word	uwTick
 153 0014 00000000 		.word	uwTickFreq
 155              		.section	.text.HAL_GetTick,"ax",%progbits
 156              		.align	1
 157              		.weak	HAL_GetTick
 158              		.syntax unified
 159              		.thumb
 160              		.thumb_func
 162              	HAL_GetTick:
 163              		@ args = 0, pretend = 0, frame = 0
 164              		@ frame_needed = 0, uses_anonymous_args = 0
 165              		@ link register save eliminated.
 166 0000 014B     		ldr	r3, .L21
 167 0002 1868     		ldr	r0, [r3]
 168 0004 7047     		bx	lr
 169              	.L22:
 170 0006 00BF     		.align	2
 171              	.L21:
 172 0008 00000000 		.word	uwTick
 174              		.section	.text.HAL_GetTickPrio,"ax",%progbits
 175              		.align	1
 176              		.global	HAL_GetTickPrio
 177              		.syntax unified
 178              		.thumb
 179              		.thumb_func
 181              	HAL_GetTickPrio:
 182              		@ args = 0, pretend = 0, frame = 0
 183              		@ frame_needed = 0, uses_anonymous_args = 0
 184              		@ link register save eliminated.
 185 0000 014B     		ldr	r3, .L24
 186 0002 1868     		ldr	r0, [r3]
ARM GAS  /var/folders/t4/6192qx0n3zgdnvcwt906k_mw0000gn/T//cco3ZpWe.s 			page 4


 187 0004 7047     		bx	lr
 188              	.L25:
 189 0006 00BF     		.align	2
 190              	.L24:
 191 0008 00000000 		.word	uwTickPrio
 193              		.section	.text.HAL_SetTickFreq,"ax",%progbits
 194              		.align	1
 195              		.global	HAL_SetTickFreq
 196              		.syntax unified
 197              		.thumb
 198              		.thumb_func
 200              	HAL_SetTickFreq:
 201              		@ args = 0, pretend = 0, frame = 0
 202              		@ frame_needed = 0, uses_anonymous_args = 0
 203 0000 10B5     		push	{r4, lr}
 204 0002 084B     		ldr	r3, .L31
 205 0004 1C78     		ldrb	r4, [r3]	@ zero_extendqisi2
 206 0006 8442     		cmp	r4, r0
 207 0008 01D1     		bne	.L30
 208 000a 0020     		movs	r0, #0
 209              	.L27:
 210 000c 10BD     		pop	{r4, pc}
 211              	.L30:
 212 000e 1870     		strb	r0, [r3]
 213 0010 054B     		ldr	r3, .L31+4
 214 0012 1868     		ldr	r0, [r3]
 215 0014 FFF7FEFF 		bl	HAL_InitTick
 216 0018 0028     		cmp	r0, #0
 217 001a F7D0     		beq	.L27
 218 001c 014B     		ldr	r3, .L31
 219 001e 1C70     		strb	r4, [r3]
 220 0020 F4E7     		b	.L27
 221              	.L32:
 222 0022 00BF     		.align	2
 223              	.L31:
 224 0024 00000000 		.word	uwTickFreq
 225 0028 00000000 		.word	uwTickPrio
 227              		.section	.text.HAL_GetTickFreq,"ax",%progbits
 228              		.align	1
 229              		.global	HAL_GetTickFreq
 230              		.syntax unified
 231              		.thumb
 232              		.thumb_func
 234              	HAL_GetTickFreq:
 235              		@ args = 0, pretend = 0, frame = 0
 236              		@ frame_needed = 0, uses_anonymous_args = 0
 237              		@ link register save eliminated.
 238 0000 014B     		ldr	r3, .L34
 239 0002 1878     		ldrb	r0, [r3]	@ zero_extendqisi2
 240 0004 7047     		bx	lr
 241              	.L35:
 242 0006 00BF     		.align	2
 243              	.L34:
 244 0008 00000000 		.word	uwTickFreq
 246              		.section	.text.HAL_Delay,"ax",%progbits
 247              		.align	1
 248              		.weak	HAL_Delay
ARM GAS  /var/folders/t4/6192qx0n3zgdnvcwt906k_mw0000gn/T//cco3ZpWe.s 			page 5


 249              		.syntax unified
 250              		.thumb
 251              		.thumb_func
 253              	HAL_Delay:
 254              		@ args = 0, pretend = 0, frame = 0
 255              		@ frame_needed = 0, uses_anonymous_args = 0
 256 0000 38B5     		push	{r3, r4, r5, lr}
 257 0002 0446     		mov	r4, r0
 258 0004 FFF7FEFF 		bl	HAL_GetTick
 259 0008 0546     		mov	r5, r0
 260 000a B4F1FF3F 		cmp	r4, #-1
 261 000e 02D0     		beq	.L38
 262 0010 044B     		ldr	r3, .L40
 263 0012 1B78     		ldrb	r3, [r3]	@ zero_extendqisi2
 264 0014 1C44     		add	r4, r4, r3
 265              	.L38:
 266 0016 FFF7FEFF 		bl	HAL_GetTick
 267 001a 401B     		subs	r0, r0, r5
 268 001c A042     		cmp	r0, r4
 269 001e FAD3     		bcc	.L38
 270 0020 38BD     		pop	{r3, r4, r5, pc}
 271              	.L41:
 272 0022 00BF     		.align	2
 273              	.L40:
 274 0024 00000000 		.word	uwTickFreq
 276              		.section	.text.HAL_SuspendTick,"ax",%progbits
 277              		.align	1
 278              		.weak	HAL_SuspendTick
 279              		.syntax unified
 280              		.thumb
 281              		.thumb_func
 283              	HAL_SuspendTick:
 284              		@ args = 0, pretend = 0, frame = 0
 285              		@ frame_needed = 0, uses_anonymous_args = 0
 286              		@ link register save eliminated.
 287 0000 4FF0E022 		mov	r2, #-536813568
 288 0004 1369     		ldr	r3, [r2, #16]
 289 0006 23F00203 		bic	r3, r3, #2
 290 000a 1361     		str	r3, [r2, #16]
 291 000c 7047     		bx	lr
 293              		.section	.text.HAL_ResumeTick,"ax",%progbits
 294              		.align	1
 295              		.weak	HAL_ResumeTick
 296              		.syntax unified
 297              		.thumb
 298              		.thumb_func
 300              	HAL_ResumeTick:
 301              		@ args = 0, pretend = 0, frame = 0
 302              		@ frame_needed = 0, uses_anonymous_args = 0
 303              		@ link register save eliminated.
 304 0000 4FF0E022 		mov	r2, #-536813568
 305 0004 1369     		ldr	r3, [r2, #16]
 306 0006 43F00203 		orr	r3, r3, #2
 307 000a 1361     		str	r3, [r2, #16]
 308 000c 7047     		bx	lr
 310              		.section	.text.HAL_GetHalVersion,"ax",%progbits
 311              		.align	1
ARM GAS  /var/folders/t4/6192qx0n3zgdnvcwt906k_mw0000gn/T//cco3ZpWe.s 			page 6


 312              		.global	HAL_GetHalVersion
 313              		.syntax unified
 314              		.thumb
 315              		.thumb_func
 317              	HAL_GetHalVersion:
 318              		@ args = 0, pretend = 0, frame = 0
 319              		@ frame_needed = 0, uses_anonymous_args = 0
 320              		@ link register save eliminated.
 321 0000 0048     		ldr	r0, .L45
 322 0002 7047     		bx	lr
 323              	.L46:
 324              		.align	2
 325              	.L45:
 326 0004 000A0101 		.word	16845312
 328              		.section	.text.HAL_GetREVID,"ax",%progbits
 329              		.align	1
 330              		.global	HAL_GetREVID
 331              		.syntax unified
 332              		.thumb
 333              		.thumb_func
 335              	HAL_GetREVID:
 336              		@ args = 0, pretend = 0, frame = 0
 337              		@ frame_needed = 0, uses_anonymous_args = 0
 338              		@ link register save eliminated.
 339 0000 014B     		ldr	r3, .L48
 340 0002 1868     		ldr	r0, [r3]
 341 0004 000C     		lsrs	r0, r0, #16
 342 0006 7047     		bx	lr
 343              	.L49:
 344              		.align	2
 345              	.L48:
 346 0008 002004E0 		.word	-536600576
 348              		.section	.text.HAL_GetDEVID,"ax",%progbits
 349              		.align	1
 350              		.global	HAL_GetDEVID
 351              		.syntax unified
 352              		.thumb
 353              		.thumb_func
 355              	HAL_GetDEVID:
 356              		@ args = 0, pretend = 0, frame = 0
 357              		@ frame_needed = 0, uses_anonymous_args = 0
 358              		@ link register save eliminated.
 359 0000 024B     		ldr	r3, .L51
 360 0002 1868     		ldr	r0, [r3]
 361 0004 C0F30B00 		ubfx	r0, r0, #0, #12
 362 0008 7047     		bx	lr
 363              	.L52:
 364 000a 00BF     		.align	2
 365              	.L51:
 366 000c 002004E0 		.word	-536600576
 368              		.section	.text.HAL_GetUIDw0,"ax",%progbits
 369              		.align	1
 370              		.global	HAL_GetUIDw0
 371              		.syntax unified
 372              		.thumb
 373              		.thumb_func
 375              	HAL_GetUIDw0:
ARM GAS  /var/folders/t4/6192qx0n3zgdnvcwt906k_mw0000gn/T//cco3ZpWe.s 			page 7


 376              		@ args = 0, pretend = 0, frame = 0
 377              		@ frame_needed = 0, uses_anonymous_args = 0
 378              		@ link register save eliminated.
 379 0000 014B     		ldr	r3, .L54
 380 0002 D3F8E807 		ldr	r0, [r3, #2024]
 381 0006 7047     		bx	lr
 382              	.L55:
 383              		.align	2
 384              	.L54:
 385 0008 00F0FF1F 		.word	536866816
 387              		.section	.text.HAL_GetUIDw1,"ax",%progbits
 388              		.align	1
 389              		.global	HAL_GetUIDw1
 390              		.syntax unified
 391              		.thumb
 392              		.thumb_func
 394              	HAL_GetUIDw1:
 395              		@ args = 0, pretend = 0, frame = 0
 396              		@ frame_needed = 0, uses_anonymous_args = 0
 397              		@ link register save eliminated.
 398 0000 014B     		ldr	r3, .L57
 399 0002 D3F8EC07 		ldr	r0, [r3, #2028]
 400 0006 7047     		bx	lr
 401              	.L58:
 402              		.align	2
 403              	.L57:
 404 0008 00F0FF1F 		.word	536866816
 406              		.section	.text.HAL_GetUIDw2,"ax",%progbits
 407              		.align	1
 408              		.global	HAL_GetUIDw2
 409              		.syntax unified
 410              		.thumb
 411              		.thumb_func
 413              	HAL_GetUIDw2:
 414              		@ args = 0, pretend = 0, frame = 0
 415              		@ frame_needed = 0, uses_anonymous_args = 0
 416              		@ link register save eliminated.
 417 0000 014B     		ldr	r3, .L60
 418 0002 D3F8F007 		ldr	r0, [r3, #2032]
 419 0006 7047     		bx	lr
 420              	.L61:
 421              		.align	2
 422              	.L60:
 423 0008 00F0FF1F 		.word	536866816
 425              		.section	.text.HAL_DBGMCU_EnableDBGSleepMode,"ax",%progbits
 426              		.align	1
 427              		.global	HAL_DBGMCU_EnableDBGSleepMode
 428              		.syntax unified
 429              		.thumb
 430              		.thumb_func
 432              	HAL_DBGMCU_EnableDBGSleepMode:
 433              		@ args = 0, pretend = 0, frame = 0
 434              		@ frame_needed = 0, uses_anonymous_args = 0
 435              		@ link register save eliminated.
 436 0000 024A     		ldr	r2, .L63
 437 0002 5368     		ldr	r3, [r2, #4]
 438 0004 43F00103 		orr	r3, r3, #1
ARM GAS  /var/folders/t4/6192qx0n3zgdnvcwt906k_mw0000gn/T//cco3ZpWe.s 			page 8


 439 0008 5360     		str	r3, [r2, #4]
 440 000a 7047     		bx	lr
 441              	.L64:
 442              		.align	2
 443              	.L63:
 444 000c 002004E0 		.word	-536600576
 446              		.section	.text.HAL_DBGMCU_DisableDBGSleepMode,"ax",%progbits
 447              		.align	1
 448              		.global	HAL_DBGMCU_DisableDBGSleepMode
 449              		.syntax unified
 450              		.thumb
 451              		.thumb_func
 453              	HAL_DBGMCU_DisableDBGSleepMode:
 454              		@ args = 0, pretend = 0, frame = 0
 455              		@ frame_needed = 0, uses_anonymous_args = 0
 456              		@ link register save eliminated.
 457 0000 024A     		ldr	r2, .L66
 458 0002 5368     		ldr	r3, [r2, #4]
 459 0004 23F00103 		bic	r3, r3, #1
 460 0008 5360     		str	r3, [r2, #4]
 461 000a 7047     		bx	lr
 462              	.L67:
 463              		.align	2
 464              	.L66:
 465 000c 002004E0 		.word	-536600576
 467              		.section	.text.HAL_DBGMCU_EnableDBGStopMode,"ax",%progbits
 468              		.align	1
 469              		.global	HAL_DBGMCU_EnableDBGStopMode
 470              		.syntax unified
 471              		.thumb
 472              		.thumb_func
 474              	HAL_DBGMCU_EnableDBGStopMode:
 475              		@ args = 0, pretend = 0, frame = 0
 476              		@ frame_needed = 0, uses_anonymous_args = 0
 477              		@ link register save eliminated.
 478 0000 024A     		ldr	r2, .L69
 479 0002 5368     		ldr	r3, [r2, #4]
 480 0004 43F00203 		orr	r3, r3, #2
 481 0008 5360     		str	r3, [r2, #4]
 482 000a 7047     		bx	lr
 483              	.L70:
 484              		.align	2
 485              	.L69:
 486 000c 002004E0 		.word	-536600576
 488              		.section	.text.HAL_DBGMCU_DisableDBGStopMode,"ax",%progbits
 489              		.align	1
 490              		.global	HAL_DBGMCU_DisableDBGStopMode
 491              		.syntax unified
 492              		.thumb
 493              		.thumb_func
 495              	HAL_DBGMCU_DisableDBGStopMode:
 496              		@ args = 0, pretend = 0, frame = 0
 497              		@ frame_needed = 0, uses_anonymous_args = 0
 498              		@ link register save eliminated.
 499 0000 024A     		ldr	r2, .L72
 500 0002 5368     		ldr	r3, [r2, #4]
 501 0004 23F00203 		bic	r3, r3, #2
ARM GAS  /var/folders/t4/6192qx0n3zgdnvcwt906k_mw0000gn/T//cco3ZpWe.s 			page 9


 502 0008 5360     		str	r3, [r2, #4]
 503 000a 7047     		bx	lr
 504              	.L73:
 505              		.align	2
 506              	.L72:
 507 000c 002004E0 		.word	-536600576
 509              		.section	.text.HAL_DBGMCU_EnableDBGStandbyMode,"ax",%progbits
 510              		.align	1
 511              		.global	HAL_DBGMCU_EnableDBGStandbyMode
 512              		.syntax unified
 513              		.thumb
 514              		.thumb_func
 516              	HAL_DBGMCU_EnableDBGStandbyMode:
 517              		@ args = 0, pretend = 0, frame = 0
 518              		@ frame_needed = 0, uses_anonymous_args = 0
 519              		@ link register save eliminated.
 520 0000 024A     		ldr	r2, .L75
 521 0002 5368     		ldr	r3, [r2, #4]
 522 0004 43F00403 		orr	r3, r3, #4
 523 0008 5360     		str	r3, [r2, #4]
 524 000a 7047     		bx	lr
 525              	.L76:
 526              		.align	2
 527              	.L75:
 528 000c 002004E0 		.word	-536600576
 530              		.section	.text.HAL_DBGMCU_DisableDBGStandbyMode,"ax",%progbits
 531              		.align	1
 532              		.global	HAL_DBGMCU_DisableDBGStandbyMode
 533              		.syntax unified
 534              		.thumb
 535              		.thumb_func
 537              	HAL_DBGMCU_DisableDBGStandbyMode:
 538              		@ args = 0, pretend = 0, frame = 0
 539              		@ frame_needed = 0, uses_anonymous_args = 0
 540              		@ link register save eliminated.
 541 0000 024A     		ldr	r2, .L78
 542 0002 5368     		ldr	r3, [r2, #4]
 543 0004 23F00403 		bic	r3, r3, #4
 544 0008 5360     		str	r3, [r2, #4]
 545 000a 7047     		bx	lr
 546              	.L79:
 547              		.align	2
 548              	.L78:
 549 000c 002004E0 		.word	-536600576
 551              		.global	uwTickFreq
 552              		.section	.data.uwTickFreq,"aw"
 555              	uwTickFreq:
 556 0000 01       		.byte	1
 557              		.global	uwTickPrio
 558              		.section	.data.uwTickPrio,"aw"
 559              		.align	2
 562              	uwTickPrio:
 563 0000 10000000 		.word	16
 564              		.global	uwTick
 565              		.section	.bss.uwTick,"aw",%nobits
 566              		.align	2
 569              	uwTick:
ARM GAS  /var/folders/t4/6192qx0n3zgdnvcwt906k_mw0000gn/T//cco3ZpWe.s 			page 10


 570 0000 00000000 		.space	4
 571              		.ident	"GCC: (xPack GNU Arm Embedded GCC x86_64) 13.3.1 20240614"
ARM GAS  /var/folders/t4/6192qx0n3zgdnvcwt906k_mw0000gn/T//cco3ZpWe.s 			page 11


DEFINED SYMBOLS
                            *ABS*:00000000 stm32f1xx_hal.c
/var/folders/t4/6192qx0n3zgdnvcwt906k_mw0000gn/T//cco3ZpWe.s:16     .text.HAL_MspInit:00000000 $t
/var/folders/t4/6192qx0n3zgdnvcwt906k_mw0000gn/T//cco3ZpWe.s:22     .text.HAL_MspInit:00000000 HAL_MspInit
/var/folders/t4/6192qx0n3zgdnvcwt906k_mw0000gn/T//cco3ZpWe.s:29     .text.HAL_MspDeInit:00000000 $t
/var/folders/t4/6192qx0n3zgdnvcwt906k_mw0000gn/T//cco3ZpWe.s:35     .text.HAL_MspDeInit:00000000 HAL_MspDeInit
/var/folders/t4/6192qx0n3zgdnvcwt906k_mw0000gn/T//cco3ZpWe.s:42     .text.HAL_DeInit:00000000 $t
/var/folders/t4/6192qx0n3zgdnvcwt906k_mw0000gn/T//cco3ZpWe.s:48     .text.HAL_DeInit:00000000 HAL_DeInit
/var/folders/t4/6192qx0n3zgdnvcwt906k_mw0000gn/T//cco3ZpWe.s:65     .text.HAL_DeInit:0000001c $d
/var/folders/t4/6192qx0n3zgdnvcwt906k_mw0000gn/T//cco3ZpWe.s:68     .text.HAL_InitTick:00000000 $t
/var/folders/t4/6192qx0n3zgdnvcwt906k_mw0000gn/T//cco3ZpWe.s:74     .text.HAL_InitTick:00000000 HAL_InitTick
/var/folders/t4/6192qx0n3zgdnvcwt906k_mw0000gn/T//cco3ZpWe.s:108    .text.HAL_InitTick:00000040 $d
/var/folders/t4/6192qx0n3zgdnvcwt906k_mw0000gn/T//cco3ZpWe.s:555    .data.uwTickFreq:00000000 uwTickFreq
/var/folders/t4/6192qx0n3zgdnvcwt906k_mw0000gn/T//cco3ZpWe.s:562    .data.uwTickPrio:00000000 uwTickPrio
/var/folders/t4/6192qx0n3zgdnvcwt906k_mw0000gn/T//cco3ZpWe.s:113    .text.HAL_Init:00000000 $t
/var/folders/t4/6192qx0n3zgdnvcwt906k_mw0000gn/T//cco3ZpWe.s:119    .text.HAL_Init:00000000 HAL_Init
/var/folders/t4/6192qx0n3zgdnvcwt906k_mw0000gn/T//cco3ZpWe.s:132    .text.HAL_IncTick:00000000 $t
/var/folders/t4/6192qx0n3zgdnvcwt906k_mw0000gn/T//cco3ZpWe.s:138    .text.HAL_IncTick:00000000 HAL_IncTick
/var/folders/t4/6192qx0n3zgdnvcwt906k_mw0000gn/T//cco3ZpWe.s:152    .text.HAL_IncTick:00000010 $d
/var/folders/t4/6192qx0n3zgdnvcwt906k_mw0000gn/T//cco3ZpWe.s:569    .bss.uwTick:00000000 uwTick
/var/folders/t4/6192qx0n3zgdnvcwt906k_mw0000gn/T//cco3ZpWe.s:156    .text.HAL_GetTick:00000000 $t
/var/folders/t4/6192qx0n3zgdnvcwt906k_mw0000gn/T//cco3ZpWe.s:162    .text.HAL_GetTick:00000000 HAL_GetTick
/var/folders/t4/6192qx0n3zgdnvcwt906k_mw0000gn/T//cco3ZpWe.s:172    .text.HAL_GetTick:00000008 $d
/var/folders/t4/6192qx0n3zgdnvcwt906k_mw0000gn/T//cco3ZpWe.s:175    .text.HAL_GetTickPrio:00000000 $t
/var/folders/t4/6192qx0n3zgdnvcwt906k_mw0000gn/T//cco3ZpWe.s:181    .text.HAL_GetTickPrio:00000000 HAL_GetTickPrio
/var/folders/t4/6192qx0n3zgdnvcwt906k_mw0000gn/T//cco3ZpWe.s:191    .text.HAL_GetTickPrio:00000008 $d
/var/folders/t4/6192qx0n3zgdnvcwt906k_mw0000gn/T//cco3ZpWe.s:194    .text.HAL_SetTickFreq:00000000 $t
/var/folders/t4/6192qx0n3zgdnvcwt906k_mw0000gn/T//cco3ZpWe.s:200    .text.HAL_SetTickFreq:00000000 HAL_SetTickFreq
/var/folders/t4/6192qx0n3zgdnvcwt906k_mw0000gn/T//cco3ZpWe.s:224    .text.HAL_SetTickFreq:00000024 $d
/var/folders/t4/6192qx0n3zgdnvcwt906k_mw0000gn/T//cco3ZpWe.s:228    .text.HAL_GetTickFreq:00000000 $t
/var/folders/t4/6192qx0n3zgdnvcwt906k_mw0000gn/T//cco3ZpWe.s:234    .text.HAL_GetTickFreq:00000000 HAL_GetTickFreq
/var/folders/t4/6192qx0n3zgdnvcwt906k_mw0000gn/T//cco3ZpWe.s:244    .text.HAL_GetTickFreq:00000008 $d
/var/folders/t4/6192qx0n3zgdnvcwt906k_mw0000gn/T//cco3ZpWe.s:247    .text.HAL_Delay:00000000 $t
/var/folders/t4/6192qx0n3zgdnvcwt906k_mw0000gn/T//cco3ZpWe.s:253    .text.HAL_Delay:00000000 HAL_Delay
/var/folders/t4/6192qx0n3zgdnvcwt906k_mw0000gn/T//cco3ZpWe.s:274    .text.HAL_Delay:00000024 $d
/var/folders/t4/6192qx0n3zgdnvcwt906k_mw0000gn/T//cco3ZpWe.s:277    .text.HAL_SuspendTick:00000000 $t
/var/folders/t4/6192qx0n3zgdnvcwt906k_mw0000gn/T//cco3ZpWe.s:283    .text.HAL_SuspendTick:00000000 HAL_SuspendTick
/var/folders/t4/6192qx0n3zgdnvcwt906k_mw0000gn/T//cco3ZpWe.s:294    .text.HAL_ResumeTick:00000000 $t
/var/folders/t4/6192qx0n3zgdnvcwt906k_mw0000gn/T//cco3ZpWe.s:300    .text.HAL_ResumeTick:00000000 HAL_ResumeTick
/var/folders/t4/6192qx0n3zgdnvcwt906k_mw0000gn/T//cco3ZpWe.s:311    .text.HAL_GetHalVersion:00000000 $t
/var/folders/t4/6192qx0n3zgdnvcwt906k_mw0000gn/T//cco3ZpWe.s:317    .text.HAL_GetHalVersion:00000000 HAL_GetHalVersion
/var/folders/t4/6192qx0n3zgdnvcwt906k_mw0000gn/T//cco3ZpWe.s:326    .text.HAL_GetHalVersion:00000004 $d
/var/folders/t4/6192qx0n3zgdnvcwt906k_mw0000gn/T//cco3ZpWe.s:329    .text.HAL_GetREVID:00000000 $t
/var/folders/t4/6192qx0n3zgdnvcwt906k_mw0000gn/T//cco3ZpWe.s:335    .text.HAL_GetREVID:00000000 HAL_GetREVID
/var/folders/t4/6192qx0n3zgdnvcwt906k_mw0000gn/T//cco3ZpWe.s:346    .text.HAL_GetREVID:00000008 $d
/var/folders/t4/6192qx0n3zgdnvcwt906k_mw0000gn/T//cco3ZpWe.s:349    .text.HAL_GetDEVID:00000000 $t
/var/folders/t4/6192qx0n3zgdnvcwt906k_mw0000gn/T//cco3ZpWe.s:355    .text.HAL_GetDEVID:00000000 HAL_GetDEVID
/var/folders/t4/6192qx0n3zgdnvcwt906k_mw0000gn/T//cco3ZpWe.s:366    .text.HAL_GetDEVID:0000000c $d
/var/folders/t4/6192qx0n3zgdnvcwt906k_mw0000gn/T//cco3ZpWe.s:369    .text.HAL_GetUIDw0:00000000 $t
/var/folders/t4/6192qx0n3zgdnvcwt906k_mw0000gn/T//cco3ZpWe.s:375    .text.HAL_GetUIDw0:00000000 HAL_GetUIDw0
/var/folders/t4/6192qx0n3zgdnvcwt906k_mw0000gn/T//cco3ZpWe.s:385    .text.HAL_GetUIDw0:00000008 $d
/var/folders/t4/6192qx0n3zgdnvcwt906k_mw0000gn/T//cco3ZpWe.s:388    .text.HAL_GetUIDw1:00000000 $t
/var/folders/t4/6192qx0n3zgdnvcwt906k_mw0000gn/T//cco3ZpWe.s:394    .text.HAL_GetUIDw1:00000000 HAL_GetUIDw1
/var/folders/t4/6192qx0n3zgdnvcwt906k_mw0000gn/T//cco3ZpWe.s:404    .text.HAL_GetUIDw1:00000008 $d
/var/folders/t4/6192qx0n3zgdnvcwt906k_mw0000gn/T//cco3ZpWe.s:407    .text.HAL_GetUIDw2:00000000 $t
/var/folders/t4/6192qx0n3zgdnvcwt906k_mw0000gn/T//cco3ZpWe.s:413    .text.HAL_GetUIDw2:00000000 HAL_GetUIDw2
/var/folders/t4/6192qx0n3zgdnvcwt906k_mw0000gn/T//cco3ZpWe.s:423    .text.HAL_GetUIDw2:00000008 $d
ARM GAS  /var/folders/t4/6192qx0n3zgdnvcwt906k_mw0000gn/T//cco3ZpWe.s 			page 12


/var/folders/t4/6192qx0n3zgdnvcwt906k_mw0000gn/T//cco3ZpWe.s:426    .text.HAL_DBGMCU_EnableDBGSleepMode:00000000 $t
/var/folders/t4/6192qx0n3zgdnvcwt906k_mw0000gn/T//cco3ZpWe.s:432    .text.HAL_DBGMCU_EnableDBGSleepMode:00000000 HAL_DBGMCU_EnableDBGSleepMode
/var/folders/t4/6192qx0n3zgdnvcwt906k_mw0000gn/T//cco3ZpWe.s:444    .text.HAL_DBGMCU_EnableDBGSleepMode:0000000c $d
/var/folders/t4/6192qx0n3zgdnvcwt906k_mw0000gn/T//cco3ZpWe.s:447    .text.HAL_DBGMCU_DisableDBGSleepMode:00000000 $t
/var/folders/t4/6192qx0n3zgdnvcwt906k_mw0000gn/T//cco3ZpWe.s:453    .text.HAL_DBGMCU_DisableDBGSleepMode:00000000 HAL_DBGMCU_DisableDBGSleepMode
/var/folders/t4/6192qx0n3zgdnvcwt906k_mw0000gn/T//cco3ZpWe.s:465    .text.HAL_DBGMCU_DisableDBGSleepMode:0000000c $d
/var/folders/t4/6192qx0n3zgdnvcwt906k_mw0000gn/T//cco3ZpWe.s:468    .text.HAL_DBGMCU_EnableDBGStopMode:00000000 $t
/var/folders/t4/6192qx0n3zgdnvcwt906k_mw0000gn/T//cco3ZpWe.s:474    .text.HAL_DBGMCU_EnableDBGStopMode:00000000 HAL_DBGMCU_EnableDBGStopMode
/var/folders/t4/6192qx0n3zgdnvcwt906k_mw0000gn/T//cco3ZpWe.s:486    .text.HAL_DBGMCU_EnableDBGStopMode:0000000c $d
/var/folders/t4/6192qx0n3zgdnvcwt906k_mw0000gn/T//cco3ZpWe.s:489    .text.HAL_DBGMCU_DisableDBGStopMode:00000000 $t
/var/folders/t4/6192qx0n3zgdnvcwt906k_mw0000gn/T//cco3ZpWe.s:495    .text.HAL_DBGMCU_DisableDBGStopMode:00000000 HAL_DBGMCU_DisableDBGStopMode
/var/folders/t4/6192qx0n3zgdnvcwt906k_mw0000gn/T//cco3ZpWe.s:507    .text.HAL_DBGMCU_DisableDBGStopMode:0000000c $d
/var/folders/t4/6192qx0n3zgdnvcwt906k_mw0000gn/T//cco3ZpWe.s:510    .text.HAL_DBGMCU_EnableDBGStandbyMode:00000000 $t
/var/folders/t4/6192qx0n3zgdnvcwt906k_mw0000gn/T//cco3ZpWe.s:516    .text.HAL_DBGMCU_EnableDBGStandbyMode:00000000 HAL_DBGMCU_EnableDBGStandbyMode
/var/folders/t4/6192qx0n3zgdnvcwt906k_mw0000gn/T//cco3ZpWe.s:528    .text.HAL_DBGMCU_EnableDBGStandbyMode:0000000c $d
/var/folders/t4/6192qx0n3zgdnvcwt906k_mw0000gn/T//cco3ZpWe.s:531    .text.HAL_DBGMCU_DisableDBGStandbyMode:00000000 $t
/var/folders/t4/6192qx0n3zgdnvcwt906k_mw0000gn/T//cco3ZpWe.s:537    .text.HAL_DBGMCU_DisableDBGStandbyMode:00000000 HAL_DBGMCU_DisableDBGStandbyMode
/var/folders/t4/6192qx0n3zgdnvcwt906k_mw0000gn/T//cco3ZpWe.s:549    .text.HAL_DBGMCU_DisableDBGStandbyMode:0000000c $d
/var/folders/t4/6192qx0n3zgdnvcwt906k_mw0000gn/T//cco3ZpWe.s:559    .data.uwTickPrio:00000000 $d
/var/folders/t4/6192qx0n3zgdnvcwt906k_mw0000gn/T//cco3ZpWe.s:566    .bss.uwTick:00000000 $d

UNDEFINED SYMBOLS
HAL_SYSTICK_Config
HAL_NVIC_SetPriority
SystemCoreClock
HAL_NVIC_SetPriorityGrouping
