ARM GAS  /var/folders/t4/6192qx0n3zgdnvcwt906k_mw0000gn/T//ccIaXMf1.s 			page 1


   1              		.cpu cortex-m3
   2              		.arch armv7-m
   3              		.fpu softvfp
   4              		.eabi_attribute 20, 1
   5              		.eabi_attribute 21, 1
   6              		.eabi_attribute 23, 3
   7              		.eabi_attribute 24, 1
   8              		.eabi_attribute 25, 1
   9              		.eabi_attribute 26, 1
  10              		.eabi_attribute 30, 1
  11              		.eabi_attribute 34, 1
  12              		.eabi_attribute 18, 4
  13              		.file	"stm32f1xx_hal_adc_ex.c"
  14              		.text
  15              		.section	.text.HAL_ADCEx_Calibration_Start,"ax",%progbits
  16              		.align	1
  17              		.global	HAL_ADCEx_Calibration_Start
  18              		.syntax unified
  19              		.thumb
  20              		.thumb_func
  22              	HAL_ADCEx_Calibration_Start:
  23              		@ args = 0, pretend = 0, frame = 8
  24              		@ frame_needed = 0, uses_anonymous_args = 0
  25 0000 70B5     		push	{r4, r5, r6, lr}
  26 0002 82B0     		sub	sp, sp, #8
  27 0004 0023     		movs	r3, #0
  28 0006 0193     		str	r3, [sp, #4]
  29 0008 90F82430 		ldrb	r3, [r0, #36]	@ zero_extendqisi2
  30 000c 012B     		cmp	r3, #1
  31 000e 72D0     		beq	.L10
  32 0010 0446     		mov	r4, r0
  33 0012 0123     		movs	r3, #1
  34 0014 80F82430 		strb	r3, [r0, #36]
  35 0018 FFF7FEFF 		bl	ADC_ConversionStop_Disable
  36 001c 2046     		mov	r0, r4
  37 001e FFF7FEFF 		bl	ADC_Enable
  38 0022 0546     		mov	r5, r0
  39 0024 28B1     		cbz	r0, .L12
  40              	.L3:
  41 0026 0023     		movs	r3, #0
  42 0028 84F82430 		strb	r3, [r4, #36]
  43              	.L2:
  44 002c 2846     		mov	r0, r5
  45 002e 02B0     		add	sp, sp, #8
  46              		@ sp needed
  47 0030 70BD     		pop	{r4, r5, r6, pc}
  48              	.L12:
  49 0032 A36A     		ldr	r3, [r4, #40]
  50 0034 23F48853 		bic	r3, r3, #4352
  51 0038 23F00203 		bic	r3, r3, #2
  52 003c 43F00203 		orr	r3, r3, #2
  53 0040 A362     		str	r3, [r4, #40]
  54 0042 2E4B     		ldr	r3, .L15
  55 0044 1E68     		ldr	r6, [r3]
  56 0046 0220     		movs	r0, #2
  57 0048 FFF7FEFF 		bl	HAL_RCCEx_GetPeriphCLKFreq
  58 004c B6FBF0F6 		udiv	r6, r6, r0
ARM GAS  /var/folders/t4/6192qx0n3zgdnvcwt906k_mw0000gn/T//ccIaXMf1.s 			page 2


  59 0050 7600     		lsls	r6, r6, #1
  60 0052 0196     		str	r6, [sp, #4]
  61 0054 02E0     		b	.L4
  62              	.L5:
  63 0056 019B     		ldr	r3, [sp, #4]
  64 0058 013B     		subs	r3, r3, #1
  65 005a 0193     		str	r3, [sp, #4]
  66              	.L4:
  67 005c 019B     		ldr	r3, [sp, #4]
  68 005e 002B     		cmp	r3, #0
  69 0060 F9D1     		bne	.L5
  70 0062 2268     		ldr	r2, [r4]
  71 0064 9368     		ldr	r3, [r2, #8]
  72 0066 43F00803 		orr	r3, r3, #8
  73 006a 9360     		str	r3, [r2, #8]
  74 006c FFF7FEFF 		bl	HAL_GetTick
  75 0070 0646     		mov	r6, r0
  76              	.L6:
  77 0072 2368     		ldr	r3, [r4]
  78 0074 9A68     		ldr	r2, [r3, #8]
  79 0076 12F0080F 		tst	r2, #8
  80 007a 14D0     		beq	.L13
  81 007c FFF7FEFF 		bl	HAL_GetTick
  82 0080 801B     		subs	r0, r0, r6
  83 0082 0A28     		cmp	r0, #10
  84 0084 F5D9     		bls	.L6
  85 0086 2368     		ldr	r3, [r4]
  86 0088 9B68     		ldr	r3, [r3, #8]
  87 008a 13F0080F 		tst	r3, #8
  88 008e F0D0     		beq	.L6
  89 0090 A36A     		ldr	r3, [r4, #40]
  90 0092 23F01203 		bic	r3, r3, #18
  91 0096 43F01003 		orr	r3, r3, #16
  92 009a A362     		str	r3, [r4, #40]
  93 009c 0023     		movs	r3, #0
  94 009e 84F82430 		strb	r3, [r4, #36]
  95 00a2 0125     		movs	r5, #1
  96 00a4 C2E7     		b	.L2
  97              	.L13:
  98 00a6 9A68     		ldr	r2, [r3, #8]
  99 00a8 42F00402 		orr	r2, r2, #4
 100 00ac 9A60     		str	r2, [r3, #8]
 101 00ae FFF7FEFF 		bl	HAL_GetTick
 102 00b2 0646     		mov	r6, r0
 103              	.L8:
 104 00b4 2368     		ldr	r3, [r4]
 105 00b6 9B68     		ldr	r3, [r3, #8]
 106 00b8 13F0040F 		tst	r3, #4
 107 00bc 14D0     		beq	.L14
 108 00be FFF7FEFF 		bl	HAL_GetTick
 109 00c2 801B     		subs	r0, r0, r6
 110 00c4 0A28     		cmp	r0, #10
 111 00c6 F5D9     		bls	.L8
 112 00c8 2368     		ldr	r3, [r4]
 113 00ca 9B68     		ldr	r3, [r3, #8]
 114 00cc 13F0040F 		tst	r3, #4
 115 00d0 F0D0     		beq	.L8
ARM GAS  /var/folders/t4/6192qx0n3zgdnvcwt906k_mw0000gn/T//ccIaXMf1.s 			page 3


 116 00d2 A36A     		ldr	r3, [r4, #40]
 117 00d4 23F01203 		bic	r3, r3, #18
 118 00d8 43F01003 		orr	r3, r3, #16
 119 00dc A362     		str	r3, [r4, #40]
 120 00de 0023     		movs	r3, #0
 121 00e0 84F82430 		strb	r3, [r4, #36]
 122 00e4 0125     		movs	r5, #1
 123 00e6 A1E7     		b	.L2
 124              	.L14:
 125 00e8 A36A     		ldr	r3, [r4, #40]
 126 00ea 23F00303 		bic	r3, r3, #3
 127 00ee 43F00103 		orr	r3, r3, #1
 128 00f2 A362     		str	r3, [r4, #40]
 129 00f4 97E7     		b	.L3
 130              	.L10:
 131 00f6 0225     		movs	r5, #2
 132 00f8 98E7     		b	.L2
 133              	.L16:
 134 00fa 00BF     		.align	2
 135              	.L15:
 136 00fc 00000000 		.word	SystemCoreClock
 138              		.section	.text.HAL_ADCEx_InjectedStart,"ax",%progbits
 139              		.align	1
 140              		.global	HAL_ADCEx_InjectedStart
 141              		.syntax unified
 142              		.thumb
 143              		.thumb_func
 145              	HAL_ADCEx_InjectedStart:
 146              		@ args = 0, pretend = 0, frame = 0
 147              		@ frame_needed = 0, uses_anonymous_args = 0
 148 0000 90F82430 		ldrb	r3, [r0, #36]	@ zero_extendqisi2
 149 0004 012B     		cmp	r3, #1
 150 0006 39D0     		beq	.L22
 151 0008 10B5     		push	{r4, lr}
 152 000a 0446     		mov	r4, r0
 153 000c 0123     		movs	r3, #1
 154 000e 80F82430 		strb	r3, [r0, #36]
 155 0012 FFF7FEFF 		bl	ADC_Enable
 156 0016 68BB     		cbnz	r0, .L19
 157 0018 A36A     		ldr	r3, [r4, #40]
 158 001a 23F44053 		bic	r3, r3, #12288
 159 001e 23F00103 		bic	r3, r3, #1
 160 0022 43F48053 		orr	r3, r3, #4096
 161 0026 A362     		str	r3, [r4, #40]
 162 0028 A36A     		ldr	r3, [r4, #40]
 163 002a 23F48013 		bic	r3, r3, #1048576
 164 002e A362     		str	r3, [r4, #40]
 165 0030 A36A     		ldr	r3, [r4, #40]
 166 0032 13F4807F 		tst	r3, #256
 167 0036 01D1     		bne	.L20
 168 0038 0023     		movs	r3, #0
 169 003a E362     		str	r3, [r4, #44]
 170              	.L20:
 171 003c 0023     		movs	r3, #0
 172 003e 84F82430 		strb	r3, [r4, #36]
 173 0042 2368     		ldr	r3, [r4]
 174 0044 6FF00402 		mvn	r2, #4
ARM GAS  /var/folders/t4/6192qx0n3zgdnvcwt906k_mw0000gn/T//ccIaXMf1.s 			page 4


 175 0048 1A60     		str	r2, [r3]
 176 004a 2368     		ldr	r3, [r4]
 177 004c 5A68     		ldr	r2, [r3, #4]
 178 004e 12F4806F 		tst	r2, #1024
 179 0052 12D1     		bne	.L18
 180 0054 9A68     		ldr	r2, [r3, #8]
 181 0056 02F4E042 		and	r2, r2, #28672
 182 005a B2F5E04F 		cmp	r2, #28672
 183 005e 04D0     		beq	.L27
 184 0060 9A68     		ldr	r2, [r3, #8]
 185 0062 42F40042 		orr	r2, r2, #32768
 186 0066 9A60     		str	r2, [r3, #8]
 187 0068 07E0     		b	.L18
 188              	.L27:
 189 006a 9A68     		ldr	r2, [r3, #8]
 190 006c 42F40212 		orr	r2, r2, #2129920
 191 0070 9A60     		str	r2, [r3, #8]
 192 0072 02E0     		b	.L18
 193              	.L19:
 194 0074 0023     		movs	r3, #0
 195 0076 84F82430 		strb	r3, [r4, #36]
 196              	.L18:
 197 007a 10BD     		pop	{r4, pc}
 198              	.L22:
 199 007c 0220     		movs	r0, #2
 200 007e 7047     		bx	lr
 202              		.section	.text.HAL_ADCEx_InjectedStop,"ax",%progbits
 203              		.align	1
 204              		.global	HAL_ADCEx_InjectedStop
 205              		.syntax unified
 206              		.thumb
 207              		.thumb_func
 209              	HAL_ADCEx_InjectedStop:
 210              		@ args = 0, pretend = 0, frame = 0
 211              		@ frame_needed = 0, uses_anonymous_args = 0
 212 0000 90F82430 		ldrb	r3, [r0, #36]	@ zero_extendqisi2
 213 0004 012B     		cmp	r3, #1
 214 0006 23D0     		beq	.L32
 215 0008 10B5     		push	{r4, lr}
 216 000a 0446     		mov	r4, r0
 217 000c 0123     		movs	r3, #1
 218 000e 80F82430 		strb	r3, [r0, #36]
 219 0012 836A     		ldr	r3, [r0, #40]
 220 0014 13F4807F 		tst	r3, #256
 221 0018 04D1     		bne	.L30
 222 001a 0368     		ldr	r3, [r0]
 223 001c 5B68     		ldr	r3, [r3, #4]
 224 001e 13F4806F 		tst	r3, #1024
 225 0022 08D0     		beq	.L37
 226              	.L30:
 227 0024 A36A     		ldr	r3, [r4, #40]
 228 0026 43F02003 		orr	r3, r3, #32
 229 002a A362     		str	r3, [r4, #40]
 230 002c 0120     		movs	r0, #1
 231              	.L31:
 232 002e 0023     		movs	r3, #0
 233 0030 84F82430 		strb	r3, [r4, #36]
ARM GAS  /var/folders/t4/6192qx0n3zgdnvcwt906k_mw0000gn/T//ccIaXMf1.s 			page 5


 234 0034 10BD     		pop	{r4, pc}
 235              	.L37:
 236 0036 FFF7FEFF 		bl	ADC_ConversionStop_Disable
 237 003a 0028     		cmp	r0, #0
 238 003c F7D1     		bne	.L31
 239 003e A36A     		ldr	r3, [r4, #40]
 240 0040 23F48853 		bic	r3, r3, #4352
 241 0044 23F00103 		bic	r3, r3, #1
 242 0048 43F00103 		orr	r3, r3, #1
 243 004c A362     		str	r3, [r4, #40]
 244 004e EEE7     		b	.L31
 245              	.L32:
 246 0050 0220     		movs	r0, #2
 247 0052 7047     		bx	lr
 249              		.section	.text.HAL_ADCEx_InjectedPollForConversion,"ax",%progbits
 250              		.align	1
 251              		.global	HAL_ADCEx_InjectedPollForConversion
 252              		.syntax unified
 253              		.thumb
 254              		.thumb_func
 256              	HAL_ADCEx_InjectedPollForConversion:
 257              		@ args = 0, pretend = 0, frame = 8
 258              		@ frame_needed = 0, uses_anonymous_args = 0
 259 0000 F0B5     		push	{r4, r5, r6, r7, lr}
 260 0002 83B0     		sub	sp, sp, #12
 261 0004 0546     		mov	r5, r0
 262 0006 0C46     		mov	r4, r1
 263 0008 0023     		movs	r3, #0
 264 000a 0193     		str	r3, [sp, #4]
 265 000c FFF7FEFF 		bl	HAL_GetTick
 266 0010 0646     		mov	r6, r0
 267 0012 2B68     		ldr	r3, [r5]
 268 0014 9B6B     		ldr	r3, [r3, #56]
 269 0016 13F4401F 		tst	r3, #3145728
 270 001a 1CD1     		bne	.L66
 271              	.L41:
 272 001c 2B68     		ldr	r3, [r5]
 273 001e 1B68     		ldr	r3, [r3]
 274 0020 13F0040F 		tst	r3, #4
 275 0024 6ED1     		bne	.L46
 276 0026 B4F1FF3F 		cmp	r4, #-1
 277 002a F7D0     		beq	.L41
 278 002c 6CB9     		cbnz	r4, .L67
 279              	.L42:
 280 002e 2B68     		ldr	r3, [r5]
 281 0030 1B68     		ldr	r3, [r3]
 282 0032 13F0040F 		tst	r3, #4
 283 0036 F1D1     		bne	.L41
 284 0038 AB6A     		ldr	r3, [r5, #40]
 285 003a 43F00403 		orr	r3, r3, #4
 286 003e AB62     		str	r3, [r5, #40]
 287 0040 0023     		movs	r3, #0
 288 0042 85F82430 		strb	r3, [r5, #36]
 289 0046 0320     		movs	r0, #3
 290 0048 88E0     		b	.L44
 291              	.L67:
 292 004a FFF7FEFF 		bl	HAL_GetTick
ARM GAS  /var/folders/t4/6192qx0n3zgdnvcwt906k_mw0000gn/T//ccIaXMf1.s 			page 6


 293 004e 801B     		subs	r0, r0, r6
 294 0050 A042     		cmp	r0, r4
 295 0052 E3D9     		bls	.L41
 296 0054 EBE7     		b	.L42
 297              	.L66:
 298 0056 444B     		ldr	r3, .L70
 299 0058 1F68     		ldr	r7, [r3]
 300 005a 0220     		movs	r0, #2
 301 005c FFF7FEFF 		bl	HAL_RCCEx_GetPeriphCLKFreq
 302 0060 B7FBF0F7 		udiv	r7, r7, r0
 303 0064 2B68     		ldr	r3, [r5]
 304 0066 1969     		ldr	r1, [r3, #16]
 305 0068 404A     		ldr	r2, .L70+4
 306 006a 1142     		tst	r1, r2
 307 006c 0ED1     		bne	.L47
 308 006e D968     		ldr	r1, [r3, #12]
 309 0070 02F15C42 		add	r2, r2, #-603979776
 310 0074 1142     		tst	r1, r2
 311 0076 09D1     		bne	.L47
 312 0078 1969     		ldr	r1, [r3, #16]
 313 007a 3D4A     		ldr	r2, .L70+8
 314 007c 1142     		tst	r1, r2
 315 007e 18D1     		bne	.L55
 316 0080 DA68     		ldr	r2, [r3, #12]
 317 0082 3C4B     		ldr	r3, .L70+12
 318 0084 1A42     		tst	r2, r3
 319 0086 16D0     		beq	.L56
 320 0088 2923     		movs	r3, #41
 321 008a 19E0     		b	.L48
 322              	.L47:
 323 008c 1969     		ldr	r1, [r3, #16]
 324 008e 384A     		ldr	r2, .L70+8
 325 0090 1142     		tst	r1, r2
 326 0092 04D1     		bne	.L49
 327 0094 D968     		ldr	r1, [r3, #12]
 328 0096 02F16E42 		add	r2, r2, #-301989888
 329 009a 1142     		tst	r1, r2
 330 009c 0DD0     		beq	.L57
 331              	.L49:
 332 009e 1969     		ldr	r1, [r3, #16]
 333 00a0 354A     		ldr	r2, .L70+16
 334 00a2 0A40     		ands	r2, r2, r1
 335 00a4 5AB9     		cbnz	r2, .L58
 336 00a6 DA68     		ldr	r2, [r3, #12]
 337 00a8 334B     		ldr	r3, .L70+16
 338 00aa 1340     		ands	r3, r3, r2
 339 00ac 5BB1     		cbz	r3, .L59
 340 00ae FC23     		movs	r3, #252
 341 00b0 06E0     		b	.L48
 342              	.L55:
 343 00b2 2923     		movs	r3, #41
 344 00b4 04E0     		b	.L48
 345              	.L56:
 346 00b6 1423     		movs	r3, #20
 347 00b8 02E0     		b	.L48
 348              	.L57:
 349 00ba 5423     		movs	r3, #84
ARM GAS  /var/folders/t4/6192qx0n3zgdnvcwt906k_mw0000gn/T//ccIaXMf1.s 			page 7


 350 00bc 00E0     		b	.L48
 351              	.L58:
 352 00be FC23     		movs	r3, #252
 353              	.L48:
 354 00c0 03FB07F7 		mul	r7, r3, r7
 355 00c4 07E0     		b	.L50
 356              	.L59:
 357 00c6 5423     		movs	r3, #84
 358 00c8 FAE7     		b	.L48
 359              	.L52:
 360 00ca 019B     		ldr	r3, [sp, #4]
 361 00cc BB42     		cmp	r3, r7
 362 00ce 10D3     		bcc	.L68
 363              	.L51:
 364 00d0 019B     		ldr	r3, [sp, #4]
 365 00d2 0133     		adds	r3, r3, #1
 366 00d4 0193     		str	r3, [sp, #4]
 367              	.L50:
 368 00d6 019B     		ldr	r3, [sp, #4]
 369 00d8 BB42     		cmp	r3, r7
 370 00da 13D2     		bcs	.L46
 371 00dc B4F1FF3F 		cmp	r4, #-1
 372 00e0 F6D0     		beq	.L51
 373 00e2 002C     		cmp	r4, #0
 374 00e4 F1D0     		beq	.L52
 375 00e6 FFF7FEFF 		bl	HAL_GetTick
 376 00ea 801B     		subs	r0, r0, r6
 377 00ec A042     		cmp	r0, r4
 378 00ee EFD9     		bls	.L51
 379 00f0 EBE7     		b	.L52
 380              	.L68:
 381 00f2 AB6A     		ldr	r3, [r5, #40]
 382 00f4 43F00403 		orr	r3, r3, #4
 383 00f8 AB62     		str	r3, [r5, #40]
 384 00fa 0023     		movs	r3, #0
 385 00fc 85F82430 		strb	r3, [r5, #36]
 386 0100 0320     		movs	r0, #3
 387 0102 2BE0     		b	.L44
 388              	.L46:
 389 0104 2B68     		ldr	r3, [r5]
 390 0106 6FF00E02 		mvn	r2, #14
 391 010a 1A60     		str	r2, [r3]
 392 010c AB6A     		ldr	r3, [r5, #40]
 393 010e 43F40053 		orr	r3, r3, #8192
 394 0112 AB62     		str	r3, [r5, #40]
 395 0114 2A68     		ldr	r2, [r5]
 396 0116 9368     		ldr	r3, [r2, #8]
 397 0118 03F4E043 		and	r3, r3, #28672
 398 011c B3F5E04F 		cmp	r3, #28672
 399 0120 0DD0     		beq	.L54
 400 0122 5368     		ldr	r3, [r2, #4]
 401 0124 13F4806F 		tst	r3, #1024
 402 0128 17D1     		bne	.L60
 403 012a 9368     		ldr	r3, [r2, #8]
 404 012c 03F46023 		and	r3, r3, #917504
 405 0130 B3F5602F 		cmp	r3, #917504
 406 0134 01D0     		beq	.L69
ARM GAS  /var/folders/t4/6192qx0n3zgdnvcwt906k_mw0000gn/T//ccIaXMf1.s 			page 8


 407 0136 0020     		movs	r0, #0
 408 0138 10E0     		b	.L44
 409              	.L69:
 410 013a 2B7B     		ldrb	r3, [r5, #12]	@ zero_extendqisi2
 411 013c 83B9     		cbnz	r3, .L62
 412              	.L54:
 413 013e AB6A     		ldr	r3, [r5, #40]
 414 0140 23F48053 		bic	r3, r3, #4096
 415 0144 AB62     		str	r3, [r5, #40]
 416 0146 AB6A     		ldr	r3, [r5, #40]
 417 0148 13F4807F 		tst	r3, #256
 418 014c 0AD1     		bne	.L63
 419 014e AB6A     		ldr	r3, [r5, #40]
 420 0150 43F00103 		orr	r3, r3, #1
 421 0154 AB62     		str	r3, [r5, #40]
 422 0156 0020     		movs	r0, #0
 423 0158 00E0     		b	.L44
 424              	.L60:
 425 015a 0020     		movs	r0, #0
 426              	.L44:
 427 015c 03B0     		add	sp, sp, #12
 428              		@ sp needed
 429 015e F0BD     		pop	{r4, r5, r6, r7, pc}
 430              	.L62:
 431 0160 0020     		movs	r0, #0
 432 0162 FBE7     		b	.L44
 433              	.L63:
 434 0164 0020     		movs	r0, #0
 435 0166 F9E7     		b	.L44
 436              	.L71:
 437              		.align	2
 438              	.L70:
 439 0168 00000000 		.word	SystemCoreClock
 440 016c 24499224 		.word	613566756
 441 0170 92244912 		.word	306783378
 442 0174 92244900 		.word	4793490
 443 0178 49922400 		.word	2396745
 445              		.section	.text.HAL_ADCEx_InjectedStart_IT,"ax",%progbits
 446              		.align	1
 447              		.global	HAL_ADCEx_InjectedStart_IT
 448              		.syntax unified
 449              		.thumb
 450              		.thumb_func
 452              	HAL_ADCEx_InjectedStart_IT:
 453              		@ args = 0, pretend = 0, frame = 0
 454              		@ frame_needed = 0, uses_anonymous_args = 0
 455 0000 90F82430 		ldrb	r3, [r0, #36]	@ zero_extendqisi2
 456 0004 012B     		cmp	r3, #1
 457 0006 3FD0     		beq	.L77
 458 0008 10B5     		push	{r4, lr}
 459 000a 0446     		mov	r4, r0
 460 000c 0123     		movs	r3, #1
 461 000e 80F82430 		strb	r3, [r0, #36]
 462 0012 FFF7FEFF 		bl	ADC_Enable
 463 0016 0028     		cmp	r0, #0
 464 0018 32D1     		bne	.L74
 465 001a A36A     		ldr	r3, [r4, #40]
ARM GAS  /var/folders/t4/6192qx0n3zgdnvcwt906k_mw0000gn/T//ccIaXMf1.s 			page 9


 466 001c 23F44053 		bic	r3, r3, #12288
 467 0020 23F00103 		bic	r3, r3, #1
 468 0024 43F48053 		orr	r3, r3, #4096
 469 0028 A362     		str	r3, [r4, #40]
 470 002a A36A     		ldr	r3, [r4, #40]
 471 002c 23F48013 		bic	r3, r3, #1048576
 472 0030 A362     		str	r3, [r4, #40]
 473 0032 A36A     		ldr	r3, [r4, #40]
 474 0034 13F4807F 		tst	r3, #256
 475 0038 01D1     		bne	.L75
 476 003a 0023     		movs	r3, #0
 477 003c E362     		str	r3, [r4, #44]
 478              	.L75:
 479 003e 0023     		movs	r3, #0
 480 0040 84F82430 		strb	r3, [r4, #36]
 481 0044 2368     		ldr	r3, [r4]
 482 0046 6FF00402 		mvn	r2, #4
 483 004a 1A60     		str	r2, [r3]
 484 004c 2268     		ldr	r2, [r4]
 485 004e 5368     		ldr	r3, [r2, #4]
 486 0050 43F08003 		orr	r3, r3, #128
 487 0054 5360     		str	r3, [r2, #4]
 488 0056 2368     		ldr	r3, [r4]
 489 0058 5A68     		ldr	r2, [r3, #4]
 490 005a 12F4806F 		tst	r2, #1024
 491 005e 12D1     		bne	.L73
 492 0060 9A68     		ldr	r2, [r3, #8]
 493 0062 02F4E042 		and	r2, r2, #28672
 494 0066 B2F5E04F 		cmp	r2, #28672
 495 006a 04D0     		beq	.L82
 496 006c 9A68     		ldr	r2, [r3, #8]
 497 006e 42F40042 		orr	r2, r2, #32768
 498 0072 9A60     		str	r2, [r3, #8]
 499 0074 07E0     		b	.L73
 500              	.L82:
 501 0076 9A68     		ldr	r2, [r3, #8]
 502 0078 42F40212 		orr	r2, r2, #2129920
 503 007c 9A60     		str	r2, [r3, #8]
 504 007e 02E0     		b	.L73
 505              	.L74:
 506 0080 0023     		movs	r3, #0
 507 0082 84F82430 		strb	r3, [r4, #36]
 508              	.L73:
 509 0086 10BD     		pop	{r4, pc}
 510              	.L77:
 511 0088 0220     		movs	r0, #2
 512 008a 7047     		bx	lr
 514              		.section	.text.HAL_ADCEx_InjectedStop_IT,"ax",%progbits
 515              		.align	1
 516              		.global	HAL_ADCEx_InjectedStop_IT
 517              		.syntax unified
 518              		.thumb
 519              		.thumb_func
 521              	HAL_ADCEx_InjectedStop_IT:
 522              		@ args = 0, pretend = 0, frame = 0
 523              		@ frame_needed = 0, uses_anonymous_args = 0
 524 0000 90F82430 		ldrb	r3, [r0, #36]	@ zero_extendqisi2
ARM GAS  /var/folders/t4/6192qx0n3zgdnvcwt906k_mw0000gn/T//ccIaXMf1.s 			page 10


 525 0004 012B     		cmp	r3, #1
 526 0006 28D0     		beq	.L87
 527 0008 10B5     		push	{r4, lr}
 528 000a 0446     		mov	r4, r0
 529 000c 0123     		movs	r3, #1
 530 000e 80F82430 		strb	r3, [r0, #36]
 531 0012 836A     		ldr	r3, [r0, #40]
 532 0014 13F4807F 		tst	r3, #256
 533 0018 04D1     		bne	.L85
 534 001a 0368     		ldr	r3, [r0]
 535 001c 5B68     		ldr	r3, [r3, #4]
 536 001e 13F4806F 		tst	r3, #1024
 537 0022 08D0     		beq	.L92
 538              	.L85:
 539 0024 A36A     		ldr	r3, [r4, #40]
 540 0026 43F02003 		orr	r3, r3, #32
 541 002a A362     		str	r3, [r4, #40]
 542 002c 0120     		movs	r0, #1
 543              	.L86:
 544 002e 0023     		movs	r3, #0
 545 0030 84F82430 		strb	r3, [r4, #36]
 546 0034 10BD     		pop	{r4, pc}
 547              	.L92:
 548 0036 FFF7FEFF 		bl	ADC_ConversionStop_Disable
 549 003a 0028     		cmp	r0, #0
 550 003c F7D1     		bne	.L86
 551 003e 2268     		ldr	r2, [r4]
 552 0040 5368     		ldr	r3, [r2, #4]
 553 0042 23F08003 		bic	r3, r3, #128
 554 0046 5360     		str	r3, [r2, #4]
 555 0048 A36A     		ldr	r3, [r4, #40]
 556 004a 23F48853 		bic	r3, r3, #4352
 557 004e 23F00103 		bic	r3, r3, #1
 558 0052 43F00103 		orr	r3, r3, #1
 559 0056 A362     		str	r3, [r4, #40]
 560 0058 E9E7     		b	.L86
 561              	.L87:
 562 005a 0220     		movs	r0, #2
 563 005c 7047     		bx	lr
 565              		.section	.text.HAL_ADCEx_InjectedGetValue,"ax",%progbits
 566              		.align	1
 567              		.global	HAL_ADCEx_InjectedGetValue
 568              		.syntax unified
 569              		.thumb
 570              		.thumb_func
 572              	HAL_ADCEx_InjectedGetValue:
 573              		@ args = 0, pretend = 0, frame = 0
 574              		@ frame_needed = 0, uses_anonymous_args = 0
 575              		@ link register save eliminated.
 576 0000 0329     		cmp	r1, #3
 577 0002 09D0     		beq	.L94
 578 0004 0429     		cmp	r1, #4
 579 0006 04D0     		beq	.L95
 580 0008 0229     		cmp	r1, #2
 581 000a 08D0     		beq	.L96
 582 000c 0368     		ldr	r3, [r0]
 583 000e D86B     		ldr	r0, [r3, #60]
ARM GAS  /var/folders/t4/6192qx0n3zgdnvcwt906k_mw0000gn/T//ccIaXMf1.s 			page 11


 584 0010 7047     		bx	lr
 585              	.L95:
 586 0012 0368     		ldr	r3, [r0]
 587 0014 986C     		ldr	r0, [r3, #72]
 588 0016 7047     		bx	lr
 589              	.L94:
 590 0018 0368     		ldr	r3, [r0]
 591 001a 586C     		ldr	r0, [r3, #68]
 592 001c 7047     		bx	lr
 593              	.L96:
 594 001e 0368     		ldr	r3, [r0]
 595 0020 186C     		ldr	r0, [r3, #64]
 596 0022 7047     		bx	lr
 598              		.section	.text.HAL_ADCEx_InjectedConvCpltCallback,"ax",%progbits
 599              		.align	1
 600              		.weak	HAL_ADCEx_InjectedConvCpltCallback
 601              		.syntax unified
 602              		.thumb
 603              		.thumb_func
 605              	HAL_ADCEx_InjectedConvCpltCallback:
 606              		@ args = 0, pretend = 0, frame = 0
 607              		@ frame_needed = 0, uses_anonymous_args = 0
 608              		@ link register save eliminated.
 609 0000 7047     		bx	lr
 611              		.section	.text.HAL_ADCEx_InjectedConfigChannel,"ax",%progbits
 612              		.align	1
 613              		.global	HAL_ADCEx_InjectedConfigChannel
 614              		.syntax unified
 615              		.thumb
 616              		.thumb_func
 618              	HAL_ADCEx_InjectedConfigChannel:
 619              		@ args = 0, pretend = 0, frame = 8
 620              		@ frame_needed = 0, uses_anonymous_args = 0
 621              		@ link register save eliminated.
 622 0000 70B4     		push	{r4, r5, r6}
 623 0002 83B0     		sub	sp, sp, #12
 624 0004 0022     		movs	r2, #0
 625 0006 0192     		str	r2, [sp, #4]
 626 0008 90F82420 		ldrb	r2, [r0, #36]	@ zero_extendqisi2
 627 000c 012A     		cmp	r2, #1
 628 000e 00F0FC80 		beq	.L123
 629 0012 0346     		mov	r3, r0
 630 0014 0122     		movs	r2, #1
 631 0016 80F82420 		strb	r2, [r0, #36]
 632 001a 8268     		ldr	r2, [r0, #8]
 633 001c 002A     		cmp	r2, #0
 634 001e 56D1     		bne	.L103
 635 0020 4A68     		ldr	r2, [r1, #4]
 636 0022 012A     		cmp	r2, #1
 637 0024 49D0     		beq	.L125
 638 0026 826A     		ldr	r2, [r0, #40]
 639 0028 42F02002 		orr	r2, r2, #32
 640 002c 8262     		str	r2, [r0, #40]
 641 002e 0120     		movs	r0, #1
 642              	.L105:
 643 0030 1C68     		ldr	r4, [r3]
 644 0032 A268     		ldr	r2, [r4, #8]
ARM GAS  /var/folders/t4/6192qx0n3zgdnvcwt906k_mw0000gn/T//ccIaXMf1.s 			page 12


 645 0034 12F0010F 		tst	r2, #1
 646 0038 07D1     		bne	.L107
 647 003a A268     		ldr	r2, [r4, #8]
 648 003c 22F4E042 		bic	r2, r2, #28672
 649 0040 22F00102 		bic	r2, r2, #1
 650 0044 8D69     		ldr	r5, [r1, #24]
 651 0046 2A43     		orrs	r2, r2, r5
 652 0048 A260     		str	r2, [r4, #8]
 653              	.L107:
 654 004a 4A7D     		ldrb	r2, [r1, #21]	@ zero_extendqisi2
 655 004c 012A     		cmp	r2, #1
 656 004e 67D0     		beq	.L126
 657              	.L108:
 658 0050 0A7D     		ldrb	r2, [r1, #20]	@ zero_extendqisi2
 659 0052 012A     		cmp	r2, #1
 660 0054 74D0     		beq	.L127
 661              	.L110:
 662 0056 0A68     		ldr	r2, [r1]
 663 0058 092A     		cmp	r2, #9
 664 005a 7FD9     		bls	.L112
 665 005c 1D68     		ldr	r5, [r3]
 666 005e EC68     		ldr	r4, [r5, #12]
 667 0060 02EB4202 		add	r2, r2, r2, lsl #1
 668 0064 1E3A     		subs	r2, r2, #30
 669 0066 4FF0070C 		mov	ip, #7
 670 006a 0CFA02FC 		lsl	ip, ip, r2
 671 006e 24EA0C04 		bic	r4, r4, ip
 672 0072 8E68     		ldr	r6, [r1, #8]
 673 0074 06FA02F2 		lsl	r2, r6, r2
 674 0078 2243     		orrs	r2, r2, r4
 675 007a EA60     		str	r2, [r5, #12]
 676              	.L113:
 677 007c 0A68     		ldr	r2, [r1]
 678 007e 103A     		subs	r2, r2, #16
 679 0080 012A     		cmp	r2, #1
 680 0082 7BD9     		bls	.L128
 681              	.L114:
 682 0084 4A68     		ldr	r2, [r1, #4]
 683 0086 022A     		cmp	r2, #2
 684 0088 7ED0     		beq	.L115
 685 008a 032A     		cmp	r2, #3
 686 008c 00F08480 		beq	.L116
 687 0090 012A     		cmp	r2, #1
 688 0092 40F08980 		bne	.L117
 689 0096 1C68     		ldr	r4, [r3]
 690 0098 6269     		ldr	r2, [r4, #20]
 691 009a 6FF30B02 		bfc	r2, #0, #12
 692 009e CD68     		ldr	r5, [r1, #12]
 693 00a0 2A43     		orrs	r2, r2, r5
 694 00a2 6261     		str	r2, [r4, #20]
 695              	.L118:
 696 00a4 0A68     		ldr	r2, [r1]
 697 00a6 103A     		subs	r2, r2, #16
 698 00a8 012A     		cmp	r2, #1
 699 00aa 40F28580 		bls	.L129
 700              	.L119:
 701 00ae 0022     		movs	r2, #0
ARM GAS  /var/folders/t4/6192qx0n3zgdnvcwt906k_mw0000gn/T//ccIaXMf1.s 			page 13


 702 00b0 83F82420 		strb	r2, [r3, #36]
 703              	.L102:
 704 00b4 03B0     		add	sp, sp, #12
 705              		@ sp needed
 706 00b6 70BC     		pop	{r4, r5, r6}
 707 00b8 7047     		bx	lr
 708              	.L125:
 709 00ba 0068     		ldr	r0, [r0]
 710 00bc 826B     		ldr	r2, [r0, #56]
 711 00be 6FF31502 		bfc	r2, #0, #22
 712 00c2 0C68     		ldr	r4, [r1]
 713 00c4 42EAC432 		orr	r2, r2, r4, lsl #15
 714 00c8 8263     		str	r2, [r0, #56]
 715 00ca 0020     		movs	r0, #0
 716 00cc B0E7     		b	.L105
 717              	.L103:
 718 00ce 4A68     		ldr	r2, [r1, #4]
 719 00d0 0869     		ldr	r0, [r1, #16]
 720 00d2 8242     		cmp	r2, r0
 721 00d4 14D8     		bhi	.L106
 722 00d6 1E68     		ldr	r6, [r3]
 723 00d8 B46B     		ldr	r4, [r6, #56]
 724 00da 121A     		subs	r2, r2, r0
 725 00dc 02EB8202 		add	r2, r2, r2, lsl #2
 726 00e0 0F32     		adds	r2, r2, #15
 727 00e2 1F25     		movs	r5, #31
 728 00e4 9540     		lsls	r5, r5, r2
 729 00e6 45F44015 		orr	r5, r5, #3145728
 730 00ea 24EA0504 		bic	r4, r4, r5
 731 00ee 0138     		subs	r0, r0, #1
 732 00f0 0D68     		ldr	r5, [r1]
 733 00f2 9540     		lsls	r5, r5, r2
 734 00f4 45EA0055 		orr	r5, r5, r0, lsl #20
 735 00f8 2C43     		orrs	r4, r4, r5
 736 00fa B463     		str	r4, [r6, #56]
 737 00fc 0020     		movs	r0, #0
 738 00fe 97E7     		b	.L105
 739              	.L106:
 740 0100 1D68     		ldr	r5, [r3]
 741 0102 AC6B     		ldr	r4, [r5, #56]
 742 0104 121A     		subs	r2, r2, r0
 743 0106 02EB8202 		add	r2, r2, r2, lsl #2
 744 010a 0F32     		adds	r2, r2, #15
 745 010c 1F20     		movs	r0, #31
 746 010e 00FA02F2 		lsl	r2, r0, r2
 747 0112 42F44012 		orr	r2, r2, #3145728
 748 0116 24EA0202 		bic	r2, r4, r2
 749 011a AA63     		str	r2, [r5, #56]
 750 011c 0020     		movs	r0, #0
 751 011e 87E7     		b	.L105
 752              	.L126:
 753 0120 8C69     		ldr	r4, [r1, #24]
 754 0122 B4F5E04F 		cmp	r4, #28672
 755 0126 05D0     		beq	.L130
 756 0128 986A     		ldr	r0, [r3, #40]
 757 012a 40F02000 		orr	r0, r0, #32
 758 012e 9862     		str	r0, [r3, #40]
ARM GAS  /var/folders/t4/6192qx0n3zgdnvcwt906k_mw0000gn/T//ccIaXMf1.s 			page 14


 759 0130 1046     		mov	r0, r2
 760 0132 8DE7     		b	.L108
 761              	.L130:
 762 0134 1C68     		ldr	r4, [r3]
 763 0136 6268     		ldr	r2, [r4, #4]
 764 0138 42F48062 		orr	r2, r2, #1024
 765 013c 6260     		str	r2, [r4, #4]
 766 013e 87E7     		b	.L108
 767              	.L127:
 768 0140 4C7D     		ldrb	r4, [r1, #21]	@ zero_extendqisi2
 769 0142 2CB9     		cbnz	r4, .L111
 770 0144 1C68     		ldr	r4, [r3]
 771 0146 6268     		ldr	r2, [r4, #4]
 772 0148 42F48052 		orr	r2, r2, #4096
 773 014c 6260     		str	r2, [r4, #4]
 774 014e 82E7     		b	.L110
 775              	.L111:
 776 0150 986A     		ldr	r0, [r3, #40]
 777 0152 40F02000 		orr	r0, r0, #32
 778 0156 9862     		str	r0, [r3, #40]
 779 0158 1046     		mov	r0, r2
 780 015a 7CE7     		b	.L110
 781              	.L112:
 782 015c 1D68     		ldr	r5, [r3]
 783 015e 2C69     		ldr	r4, [r5, #16]
 784 0160 02EB4202 		add	r2, r2, r2, lsl #1
 785 0164 4FF0070C 		mov	ip, #7
 786 0168 0CFA02FC 		lsl	ip, ip, r2
 787 016c 24EA0C04 		bic	r4, r4, ip
 788 0170 8E68     		ldr	r6, [r1, #8]
 789 0172 06FA02F2 		lsl	r2, r6, r2
 790 0176 2243     		orrs	r2, r2, r4
 791 0178 2A61     		str	r2, [r5, #16]
 792 017a 7FE7     		b	.L113
 793              	.L128:
 794 017c 1C68     		ldr	r4, [r3]
 795 017e A268     		ldr	r2, [r4, #8]
 796 0180 42F40002 		orr	r2, r2, #8388608
 797 0184 A260     		str	r2, [r4, #8]
 798 0186 7DE7     		b	.L114
 799              	.L115:
 800 0188 1C68     		ldr	r4, [r3]
 801 018a A269     		ldr	r2, [r4, #24]
 802 018c 6FF30B02 		bfc	r2, #0, #12
 803 0190 CD68     		ldr	r5, [r1, #12]
 804 0192 2A43     		orrs	r2, r2, r5
 805 0194 A261     		str	r2, [r4, #24]
 806 0196 85E7     		b	.L118
 807              	.L116:
 808 0198 1C68     		ldr	r4, [r3]
 809 019a E269     		ldr	r2, [r4, #28]
 810 019c 6FF30B02 		bfc	r2, #0, #12
 811 01a0 CD68     		ldr	r5, [r1, #12]
 812 01a2 2A43     		orrs	r2, r2, r5
 813 01a4 E261     		str	r2, [r4, #28]
 814 01a6 7DE7     		b	.L118
 815              	.L117:
ARM GAS  /var/folders/t4/6192qx0n3zgdnvcwt906k_mw0000gn/T//ccIaXMf1.s 			page 15


 816 01a8 1C68     		ldr	r4, [r3]
 817 01aa 226A     		ldr	r2, [r4, #32]
 818 01ac 6FF30B02 		bfc	r2, #0, #12
 819 01b0 CD68     		ldr	r5, [r1, #12]
 820 01b2 2A43     		orrs	r2, r2, r5
 821 01b4 2262     		str	r2, [r4, #32]
 822 01b6 75E7     		b	.L118
 823              	.L129:
 824 01b8 1A68     		ldr	r2, [r3]
 825 01ba 154C     		ldr	r4, .L132
 826 01bc A242     		cmp	r2, r4
 827 01be 05D0     		beq	.L131
 828 01c0 9A6A     		ldr	r2, [r3, #40]
 829 01c2 42F02002 		orr	r2, r2, #32
 830 01c6 9A62     		str	r2, [r3, #40]
 831 01c8 0120     		movs	r0, #1
 832 01ca 70E7     		b	.L119
 833              	.L131:
 834 01cc 9468     		ldr	r4, [r2, #8]
 835 01ce 14F4000F 		tst	r4, #8388608
 836 01d2 7FF46CAF 		bne	.L119
 837 01d6 9468     		ldr	r4, [r2, #8]
 838 01d8 44F40004 		orr	r4, r4, #8388608
 839 01dc 9460     		str	r4, [r2, #8]
 840 01de 0A68     		ldr	r2, [r1]
 841 01e0 102A     		cmp	r2, #16
 842 01e2 7FF464AF 		bne	.L119
 843 01e6 0B4A     		ldr	r2, .L132+4
 844 01e8 1268     		ldr	r2, [r2]
 845 01ea 0B49     		ldr	r1, .L132+8
 846 01ec A1FB0212 		umull	r1, r2, r1, r2
 847 01f0 920C     		lsrs	r2, r2, #18
 848 01f2 02EB8202 		add	r2, r2, r2, lsl #2
 849 01f6 5200     		lsls	r2, r2, #1
 850 01f8 0192     		str	r2, [sp, #4]
 851 01fa 02E0     		b	.L121
 852              	.L122:
 853 01fc 019A     		ldr	r2, [sp, #4]
 854 01fe 013A     		subs	r2, r2, #1
 855 0200 0192     		str	r2, [sp, #4]
 856              	.L121:
 857 0202 019A     		ldr	r2, [sp, #4]
 858 0204 002A     		cmp	r2, #0
 859 0206 F9D1     		bne	.L122
 860 0208 51E7     		b	.L119
 861              	.L123:
 862 020a 0220     		movs	r0, #2
 863 020c 52E7     		b	.L102
 864              	.L133:
 865 020e 00BF     		.align	2
 866              	.L132:
 867 0210 00240140 		.word	1073816576
 868 0214 00000000 		.word	SystemCoreClock
 869 0218 83DE1B43 		.word	1125899907
 871              		.ident	"GCC: (xPack GNU Arm Embedded GCC x86_64) 13.3.1 20240614"
ARM GAS  /var/folders/t4/6192qx0n3zgdnvcwt906k_mw0000gn/T//ccIaXMf1.s 			page 16


DEFINED SYMBOLS
                            *ABS*:00000000 stm32f1xx_hal_adc_ex.c
/var/folders/t4/6192qx0n3zgdnvcwt906k_mw0000gn/T//ccIaXMf1.s:16     .text.HAL_ADCEx_Calibration_Start:00000000 $t
/var/folders/t4/6192qx0n3zgdnvcwt906k_mw0000gn/T//ccIaXMf1.s:22     .text.HAL_ADCEx_Calibration_Start:00000000 HAL_ADCEx_Calibration_Start
/var/folders/t4/6192qx0n3zgdnvcwt906k_mw0000gn/T//ccIaXMf1.s:136    .text.HAL_ADCEx_Calibration_Start:000000fc $d
/var/folders/t4/6192qx0n3zgdnvcwt906k_mw0000gn/T//ccIaXMf1.s:139    .text.HAL_ADCEx_InjectedStart:00000000 $t
/var/folders/t4/6192qx0n3zgdnvcwt906k_mw0000gn/T//ccIaXMf1.s:145    .text.HAL_ADCEx_InjectedStart:00000000 HAL_ADCEx_InjectedStart
/var/folders/t4/6192qx0n3zgdnvcwt906k_mw0000gn/T//ccIaXMf1.s:203    .text.HAL_ADCEx_InjectedStop:00000000 $t
/var/folders/t4/6192qx0n3zgdnvcwt906k_mw0000gn/T//ccIaXMf1.s:209    .text.HAL_ADCEx_InjectedStop:00000000 HAL_ADCEx_InjectedStop
/var/folders/t4/6192qx0n3zgdnvcwt906k_mw0000gn/T//ccIaXMf1.s:250    .text.HAL_ADCEx_InjectedPollForConversion:00000000 $t
/var/folders/t4/6192qx0n3zgdnvcwt906k_mw0000gn/T//ccIaXMf1.s:256    .text.HAL_ADCEx_InjectedPollForConversion:00000000 HAL_ADCEx_InjectedPollForConversion
/var/folders/t4/6192qx0n3zgdnvcwt906k_mw0000gn/T//ccIaXMf1.s:439    .text.HAL_ADCEx_InjectedPollForConversion:00000168 $d
/var/folders/t4/6192qx0n3zgdnvcwt906k_mw0000gn/T//ccIaXMf1.s:446    .text.HAL_ADCEx_InjectedStart_IT:00000000 $t
/var/folders/t4/6192qx0n3zgdnvcwt906k_mw0000gn/T//ccIaXMf1.s:452    .text.HAL_ADCEx_InjectedStart_IT:00000000 HAL_ADCEx_InjectedStart_IT
/var/folders/t4/6192qx0n3zgdnvcwt906k_mw0000gn/T//ccIaXMf1.s:515    .text.HAL_ADCEx_InjectedStop_IT:00000000 $t
/var/folders/t4/6192qx0n3zgdnvcwt906k_mw0000gn/T//ccIaXMf1.s:521    .text.HAL_ADCEx_InjectedStop_IT:00000000 HAL_ADCEx_InjectedStop_IT
/var/folders/t4/6192qx0n3zgdnvcwt906k_mw0000gn/T//ccIaXMf1.s:566    .text.HAL_ADCEx_InjectedGetValue:00000000 $t
/var/folders/t4/6192qx0n3zgdnvcwt906k_mw0000gn/T//ccIaXMf1.s:572    .text.HAL_ADCEx_InjectedGetValue:00000000 HAL_ADCEx_InjectedGetValue
/var/folders/t4/6192qx0n3zgdnvcwt906k_mw0000gn/T//ccIaXMf1.s:599    .text.HAL_ADCEx_InjectedConvCpltCallback:00000000 $t
/var/folders/t4/6192qx0n3zgdnvcwt906k_mw0000gn/T//ccIaXMf1.s:605    .text.HAL_ADCEx_InjectedConvCpltCallback:00000000 HAL_ADCEx_InjectedConvCpltCallback
/var/folders/t4/6192qx0n3zgdnvcwt906k_mw0000gn/T//ccIaXMf1.s:612    .text.HAL_ADCEx_InjectedConfigChannel:00000000 $t
/var/folders/t4/6192qx0n3zgdnvcwt906k_mw0000gn/T//ccIaXMf1.s:618    .text.HAL_ADCEx_InjectedConfigChannel:00000000 HAL_ADCEx_InjectedConfigChannel
/var/folders/t4/6192qx0n3zgdnvcwt906k_mw0000gn/T//ccIaXMf1.s:867    .text.HAL_ADCEx_InjectedConfigChannel:00000210 $d

UNDEFINED SYMBOLS
ADC_ConversionStop_Disable
ADC_Enable
HAL_RCCEx_GetPeriphCLKFreq
HAL_GetTick
SystemCoreClock
