ARM GAS  /var/folders/t4/6192qx0n3zgdnvcwt906k_mw0000gn/T//cc7Y5r3P.s 			page 1


   1              		.cpu cortex-m3
   2              		.arch armv7-m
   3              		.fpu softvfp
   4              		.eabi_attribute 20, 1
   5              		.eabi_attribute 21, 1
   6              		.eabi_attribute 23, 3
   7              		.eabi_attribute 24, 1
   8              		.eabi_attribute 25, 1
   9              		.eabi_attribute 26, 1
  10              		.eabi_attribute 30, 1
  11              		.eabi_attribute 34, 1
  12              		.eabi_attribute 18, 4
  13              		.file	"system_stm32f1xx.c"
  14              		.text
  15              		.section	.text.SystemInit,"ax",%progbits
  16              		.align	1
  17              		.global	SystemInit
  18              		.syntax unified
  19              		.thumb
  20              		.thumb_func
  22              	SystemInit:
  23              		@ args = 0, pretend = 0, frame = 0
  24              		@ frame_needed = 0, uses_anonymous_args = 0
  25              		@ link register save eliminated.
  26 0000 7047     		bx	lr
  28              		.section	.text.SystemCoreClockUpdate,"ax",%progbits
  29              		.align	1
  30              		.global	SystemCoreClockUpdate
  31              		.syntax unified
  32              		.thumb
  33              		.thumb_func
  35              	SystemCoreClockUpdate:
  36              		@ args = 0, pretend = 0, frame = 0
  37              		@ frame_needed = 0, uses_anonymous_args = 0
  38              		@ link register save eliminated.
  39 0000 1D4B     		ldr	r3, .L8
  40 0002 5B68     		ldr	r3, [r3, #4]
  41 0004 03F00C03 		and	r3, r3, #12
  42 0008 042B     		cmp	r3, #4
  43 000a 11D0     		beq	.L3
  44 000c 082B     		cmp	r3, #8
  45 000e 13D0     		beq	.L4
  46 0010 002B     		cmp	r3, #0
  47 0012 2DD1     		bne	.L5
  48 0014 194B     		ldr	r3, .L8+4
  49 0016 1A4A     		ldr	r2, .L8+8
  50 0018 1A60     		str	r2, [r3]
  51              	.L6:
  52 001a 174B     		ldr	r3, .L8
  53 001c 5B68     		ldr	r3, [r3, #4]
  54 001e C3F30313 		ubfx	r3, r3, #4, #4
  55 0022 184A     		ldr	r2, .L8+12
  56 0024 D15C     		ldrb	r1, [r2, r3]	@ zero_extendqisi2
  57 0026 154A     		ldr	r2, .L8+4
  58 0028 1368     		ldr	r3, [r2]
  59 002a CB40     		lsrs	r3, r3, r1
  60 002c 1360     		str	r3, [r2]
ARM GAS  /var/folders/t4/6192qx0n3zgdnvcwt906k_mw0000gn/T//cc7Y5r3P.s 			page 2


  61 002e 7047     		bx	lr
  62              	.L3:
  63 0030 124B     		ldr	r3, .L8+4
  64 0032 134A     		ldr	r2, .L8+8
  65 0034 1A60     		str	r2, [r3]
  66 0036 F0E7     		b	.L6
  67              	.L4:
  68 0038 0F4A     		ldr	r2, .L8
  69 003a 5368     		ldr	r3, [r2, #4]
  70 003c 5268     		ldr	r2, [r2, #4]
  71 003e C3F38343 		ubfx	r3, r3, #18, #4
  72 0042 0233     		adds	r3, r3, #2
  73 0044 12F4803F 		tst	r2, #65536
  74 0048 05D1     		bne	.L7
  75 004a 0F4A     		ldr	r2, .L8+16
  76 004c 02FB03F3 		mul	r3, r2, r3
  77 0050 0A4A     		ldr	r2, .L8+4
  78 0052 1360     		str	r3, [r2]
  79 0054 E1E7     		b	.L6
  80              	.L7:
  81 0056 084A     		ldr	r2, .L8
  82 0058 D16A     		ldr	r1, [r2, #44]
  83 005a 01F00F01 		and	r1, r1, #15
  84 005e 0131     		adds	r1, r1, #1
  85 0060 074A     		ldr	r2, .L8+8
  86 0062 B2FBF1F2 		udiv	r2, r2, r1
  87 0066 02FB03F3 		mul	r3, r2, r3
  88 006a 044A     		ldr	r2, .L8+4
  89 006c 1360     		str	r3, [r2]
  90 006e D4E7     		b	.L6
  91              	.L5:
  92 0070 024B     		ldr	r3, .L8+4
  93 0072 034A     		ldr	r2, .L8+8
  94 0074 1A60     		str	r2, [r3]
  95 0076 D0E7     		b	.L6
  96              	.L9:
  97              		.align	2
  98              	.L8:
  99 0078 00100240 		.word	1073876992
 100 007c 00000000 		.word	SystemCoreClock
 101 0080 00127A00 		.word	8000000
 102 0084 00000000 		.word	AHBPrescTable
 103 0088 00093D00 		.word	4000000
 105              		.global	APBPrescTable
 106              		.section	.rodata.APBPrescTable,"a"
 107              		.align	2
 110              	APBPrescTable:
 111 0000 00000000 		.ascii	"\000\000\000\000\001\002\003\004"
 111      01020304 
 112              		.global	AHBPrescTable
 113              		.section	.rodata.AHBPrescTable,"a"
 114              		.align	2
 117              	AHBPrescTable:
 118 0000 00000000 		.ascii	"\000\000\000\000\000\000\000\000\001\002\003\004\006"
 118      00000000 
 118      01020304 
 118      06
ARM GAS  /var/folders/t4/6192qx0n3zgdnvcwt906k_mw0000gn/T//cc7Y5r3P.s 			page 3


 119 000d 070809   		.ascii	"\007\010\011"
 120              		.global	SystemCoreClock
 121              		.section	.data.SystemCoreClock,"aw"
 122              		.align	2
 125              	SystemCoreClock:
 126 0000 00127A00 		.word	8000000
 127              		.ident	"GCC: (xPack GNU Arm Embedded GCC x86_64) 13.3.1 20240614"
ARM GAS  /var/folders/t4/6192qx0n3zgdnvcwt906k_mw0000gn/T//cc7Y5r3P.s 			page 4


DEFINED SYMBOLS
                            *ABS*:00000000 system_stm32f1xx.c
/var/folders/t4/6192qx0n3zgdnvcwt906k_mw0000gn/T//cc7Y5r3P.s:16     .text.SystemInit:00000000 $t
/var/folders/t4/6192qx0n3zgdnvcwt906k_mw0000gn/T//cc7Y5r3P.s:22     .text.SystemInit:00000000 SystemInit
/var/folders/t4/6192qx0n3zgdnvcwt906k_mw0000gn/T//cc7Y5r3P.s:29     .text.SystemCoreClockUpdate:00000000 $t
/var/folders/t4/6192qx0n3zgdnvcwt906k_mw0000gn/T//cc7Y5r3P.s:35     .text.SystemCoreClockUpdate:00000000 SystemCoreClockUpdate
/var/folders/t4/6192qx0n3zgdnvcwt906k_mw0000gn/T//cc7Y5r3P.s:99     .text.SystemCoreClockUpdate:00000078 $d
/var/folders/t4/6192qx0n3zgdnvcwt906k_mw0000gn/T//cc7Y5r3P.s:125    .data.SystemCoreClock:00000000 SystemCoreClock
/var/folders/t4/6192qx0n3zgdnvcwt906k_mw0000gn/T//cc7Y5r3P.s:117    .rodata.AHBPrescTable:00000000 AHBPrescTable
/var/folders/t4/6192qx0n3zgdnvcwt906k_mw0000gn/T//cc7Y5r3P.s:110    .rodata.APBPrescTable:00000000 APBPrescTable
/var/folders/t4/6192qx0n3zgdnvcwt906k_mw0000gn/T//cc7Y5r3P.s:107    .rodata.APBPrescTable:00000000 $d
/var/folders/t4/6192qx0n3zgdnvcwt906k_mw0000gn/T//cc7Y5r3P.s:114    .rodata.AHBPrescTable:00000000 $d
/var/folders/t4/6192qx0n3zgdnvcwt906k_mw0000gn/T//cc7Y5r3P.s:122    .data.SystemCoreClock:00000000 $d

NO UNDEFINED SYMBOLS
